<?xml version="1.0" encoding="UTF-8"?>
<testng-results ignored="10" total="80" passed="37" failed="33" skipped="0">
  <reporter-output>
  </reporter-output>
  <suite started-at="2022-06-18T12:24:54 WEST" name="Gradle suite" finished-at="2022-06-18T12:24:56 WEST" duration-ms="2032">
    <groups>
    </groups>
    <test started-at="2022-06-18T12:24:54 WEST" name="Gradle test" finished-at="2022-06-18T12:24:56 WEST" duration-ms="2032">
      <class name="api.vehicle.DeleteVehicleTests">
        <test-method is-config="true" signature="createTestingEntities()[pri:0, instance:api.vehicle.DeleteVehicleTests@15fc442]" started-at="2022-06-18T12:24:55 WEST" name="createTestingEntities" finished-at="2022-06-18T12:24:55 WEST" duration-ms="35" status="PASS">
          <reporter-output>
          </reporter-output>
        </test-method> <!-- createTestingEntities -->
        <test-method signature="deleteVehicleErrorTest()[pri:0, instance:api.vehicle.DeleteVehicleTests@15fc442]" started-at="2022-06-18T12:24:55 WEST" name="deleteVehicleErrorTest" description="check if vehicle delete error is correct" finished-at="2022-06-18T12:24:55 WEST" duration-ms="14" status="FAIL">
          <exception class="java.lang.AssertionError">
            <message>
              <![CDATA[Expected response code to be [404] but was [500]
Expected: is <404>
     but: was <500>]]>
            </message>
            <full-stacktrace>
              <![CDATA[java.lang.AssertionError: Expected response code to be [404] but was [500]
Expected: is <404>
     but: was <500>
at org.hamcrest.MatcherAssert.assertThat(MatcherAssert.java:20)
at api.validators.ResponseHttpCodeValidator.assertNotFound(ResponseHttpCodeValidator.java:59)
at api.vehicle.DeleteVehicleTests.deleteVehicleErrorTest(DeleteVehicleTests.java:38)
at java.base/jdk.internal.reflect.NativeMethodAccessorImpl.invoke0(Native Method)
at java.base/jdk.internal.reflect.NativeMethodAccessorImpl.invoke(NativeMethodAccessorImpl.java:64)
at java.base/jdk.internal.reflect.DelegatingMethodAccessorImpl.invoke(DelegatingMethodAccessorImpl.java:43)
at java.base/java.lang.reflect.Method.invoke(Method.java:564)
at org.testng.internal.MethodInvocationHelper.invokeMethod(MethodInvocationHelper.java:133)
at org.testng.internal.TestInvoker.invokeMethod(TestInvoker.java:598)
at org.testng.internal.TestInvoker.invokeTestMethod(TestInvoker.java:173)
at org.testng.internal.MethodRunner.runInSequence(MethodRunner.java:46)
at org.testng.internal.TestInvoker$MethodInvocationAgent.invoke(TestInvoker.java:824)
at org.testng.internal.TestInvoker.invokeTestMethods(TestInvoker.java:146)
at org.testng.internal.TestMethodWorker.invokeTestMethods(TestMethodWorker.java:146)
at org.testng.internal.TestMethodWorker.run(TestMethodWorker.java:128)
at java.base/java.util.ArrayList.forEach(ArrayList.java:1511)
at org.testng.TestRunner.privateRun(TestRunner.java:794)
at org.testng.TestRunner.run(TestRunner.java:596)
at org.testng.SuiteRunner.runTest(SuiteRunner.java:377)
at org.testng.SuiteRunner.runSequentially(SuiteRunner.java:371)
at org.testng.SuiteRunner.privateRun(SuiteRunner.java:332)
at org.testng.SuiteRunner.run(SuiteRunner.java:276)
at org.testng.SuiteRunnerWorker.runSuite(SuiteRunnerWorker.java:53)
at org.testng.SuiteRunnerWorker.run(SuiteRunnerWorker.java:96)
at org.testng.TestNG.runSuitesSequentially(TestNG.java:1212)
at org.testng.TestNG.runSuitesLocally(TestNG.java:1134)
at org.testng.TestNG.runSuites(TestNG.java:1063)
at org.testng.TestNG.run(TestNG.java:1031)
at org.gradle.api.internal.tasks.testing.testng.TestNGTestClassProcessor.runTests(TestNGTestClassProcessor.java:141)
at org.gradle.api.internal.tasks.testing.testng.TestNGTestClassProcessor.stop(TestNGTestClassProcessor.java:90)
at org.gradle.api.internal.tasks.testing.SuiteTestClassProcessor.stop(SuiteTestClassProcessor.java:61)
at java.base/jdk.internal.reflect.NativeMethodAccessorImpl.invoke0(Native Method)
at java.base/jdk.internal.reflect.NativeMethodAccessorImpl.invoke(NativeMethodAccessorImpl.java:64)
at java.base/jdk.internal.reflect.DelegatingMethodAccessorImpl.invoke(DelegatingMethodAccessorImpl.java:43)
at java.base/java.lang.reflect.Method.invoke(Method.java:564)
at org.gradle.internal.dispatch.ReflectionDispatch.dispatch(ReflectionDispatch.java:36)
at org.gradle.internal.dispatch.ReflectionDispatch.dispatch(ReflectionDispatch.java:24)
at org.gradle.internal.dispatch.ContextClassLoaderDispatch.dispatch(ContextClassLoaderDispatch.java:33)
at org.gradle.internal.dispatch.ProxyDispatchAdapter$DispatchingInvocationHandler.invoke(ProxyDispatchAdapter.java:94)
at com.sun.proxy.$Proxy5.stop(Unknown Source)
at org.gradle.api.internal.tasks.testing.worker.TestWorker$3.run(TestWorker.java:193)
at org.gradle.api.internal.tasks.testing.worker.TestWorker.executeAndMaintainThreadName(TestWorker.java:129)
at org.gradle.api.internal.tasks.testing.worker.TestWorker.execute(TestWorker.java:100)
at org.gradle.api.internal.tasks.testing.worker.TestWorker.execute(TestWorker.java:60)
at org.gradle.process.internal.worker.child.ActionExecutionWorker.execute(ActionExecutionWorker.java:56)
at org.gradle.process.internal.worker.child.SystemApplicationClassLoaderWorker.call(SystemApplicationClassLoaderWorker.java:133)
at org.gradle.process.internal.worker.child.SystemApplicationClassLoaderWorker.call(SystemApplicationClassLoaderWorker.java:71)
at worker.org.gradle.process.internal.worker.GradleWorkerMain.run(GradleWorkerMain.java:69)
at worker.org.gradle.process.internal.worker.GradleWorkerMain.main(GradleWorkerMain.java:74)
]]>
            </full-stacktrace>
          </exception> <!-- java.lang.AssertionError -->
          <reporter-output>
          </reporter-output>
        </test-method> <!-- deleteVehicleErrorTest -->
        <test-method signature="deleteVehicleTest()[pri:0, instance:api.vehicle.DeleteVehicleTests@15fc442]" started-at="2022-06-18T12:24:55 WEST" name="deleteVehicleTest" description="check if vehicle is correctly deleted" finished-at="2022-06-18T12:24:55 WEST" duration-ms="16" status="PASS">
          <reporter-output>
          </reporter-output>
        </test-method> <!-- deleteVehicleTest -->
        <test-method is-config="true" signature="deleteTestingEntities()[pri:0, instance:api.vehicle.DeleteVehicleTests@15fc442]" started-at="2022-06-18T12:24:55 WEST" name="deleteTestingEntities" finished-at="2022-06-18T12:24:55 WEST" duration-ms="10" status="PASS">
          <reporter-output>
          </reporter-output>
        </test-method> <!-- deleteTestingEntities -->
      </class> <!-- api.vehicle.DeleteVehicleTests -->
      <class name="api.vehicle.UpdateVehicleTests">
        <test-method signature="updateVehicleClientNotNullTest()[pri:0, instance:api.vehicle.UpdateVehicleTests@408613cc]" started-at="2022-06-18T12:24:56 WEST" name="updateVehicleClientNotNullTest" description="check if vehicle client is correctly validated" finished-at="2022-06-18T12:24:56 WEST" duration-ms="12" status="FAIL">
          <exception class="java.lang.AssertionError">
            <message>
              <![CDATA[Message should be Client on body should be null on Update when using client is not null
Expected: is "Client on body should be null on Update"
     but: was "JSON parse error: Unresolved forward references for: ; nested exception is com.fasterxml.jackson.databind.deser.UnresolvedForwardReference: Unresolved forward references for: \n at [Source: (PushbackInputStream); line: 1, column: 112]Object id [1] (for `pt.ua.garage.model.Client`) at [Source: (PushbackInputStream); line: 1, column: 22]."]]>
            </message>
            <full-stacktrace>
              <![CDATA[java.lang.AssertionError: Message should be Client on body should be null on Update when using client is not null
Expected: is "Client on body should be null on Update"
     but: was "JSON parse error: Unresolved forward references for: ; nested exception is com.fasterxml.jackson.databind.deser.UnresolvedForwardReference: Unresolved forward references for: \n at [Source: (PushbackInputStream); line: 1, column: 112]Object id [1] (for `pt.ua.garage.model.Client`) at [Source: (PushbackInputStream); line: 1, column: 22]."
at org.hamcrest.MatcherAssert.assertThat(MatcherAssert.java:20)
at api.validators.ErrorResponseValidator.assertErrorResponse(ErrorResponseValidator.java:24)
at api.vehicle.UpdateVehicleTests.validateUpdateVehicleBadRequest(UpdateVehicleTests.java:56)
at api.vehicle.UpdateVehicleTests.updateVehicleClientNotNullTest(UpdateVehicleTests.java:153)
at java.base/jdk.internal.reflect.NativeMethodAccessorImpl.invoke0(Native Method)
at java.base/jdk.internal.reflect.NativeMethodAccessorImpl.invoke(NativeMethodAccessorImpl.java:64)
at java.base/jdk.internal.reflect.DelegatingMethodAccessorImpl.invoke(DelegatingMethodAccessorImpl.java:43)
at java.base/java.lang.reflect.Method.invoke(Method.java:564)
at org.testng.internal.MethodInvocationHelper.invokeMethod(MethodInvocationHelper.java:133)
at org.testng.internal.TestInvoker.invokeMethod(TestInvoker.java:598)
at org.testng.internal.TestInvoker.invokeTestMethod(TestInvoker.java:173)
at org.testng.internal.MethodRunner.runInSequence(MethodRunner.java:46)
at org.testng.internal.TestInvoker$MethodInvocationAgent.invoke(TestInvoker.java:824)
at org.testng.internal.TestInvoker.invokeTestMethods(TestInvoker.java:146)
at org.testng.internal.TestMethodWorker.invokeTestMethods(TestMethodWorker.java:146)
at org.testng.internal.TestMethodWorker.run(TestMethodWorker.java:128)
at java.base/java.util.ArrayList.forEach(ArrayList.java:1511)
at org.testng.TestRunner.privateRun(TestRunner.java:794)
at org.testng.TestRunner.run(TestRunner.java:596)
at org.testng.SuiteRunner.runTest(SuiteRunner.java:377)
at org.testng.SuiteRunner.runSequentially(SuiteRunner.java:371)
at org.testng.SuiteRunner.privateRun(SuiteRunner.java:332)
at org.testng.SuiteRunner.run(SuiteRunner.java:276)
at org.testng.SuiteRunnerWorker.runSuite(SuiteRunnerWorker.java:53)
at org.testng.SuiteRunnerWorker.run(SuiteRunnerWorker.java:96)
at org.testng.TestNG.runSuitesSequentially(TestNG.java:1212)
at org.testng.TestNG.runSuitesLocally(TestNG.java:1134)
at org.testng.TestNG.runSuites(TestNG.java:1063)
at org.testng.TestNG.run(TestNG.java:1031)
at org.gradle.api.internal.tasks.testing.testng.TestNGTestClassProcessor.runTests(TestNGTestClassProcessor.java:141)
at org.gradle.api.internal.tasks.testing.testng.TestNGTestClassProcessor.stop(TestNGTestClassProcessor.java:90)
at org.gradle.api.internal.tasks.testing.SuiteTestClassProcessor.stop(SuiteTestClassProcessor.java:61)
at java.base/jdk.internal.reflect.NativeMethodAccessorImpl.invoke0(Native Method)
at java.base/jdk.internal.reflect.NativeMethodAccessorImpl.invoke(NativeMethodAccessorImpl.java:64)
at java.base/jdk.internal.reflect.DelegatingMethodAccessorImpl.invoke(DelegatingMethodAccessorImpl.java:43)
at java.base/java.lang.reflect.Method.invoke(Method.java:564)
at org.gradle.internal.dispatch.ReflectionDispatch.dispatch(ReflectionDispatch.java:36)
at org.gradle.internal.dispatch.ReflectionDispatch.dispatch(ReflectionDispatch.java:24)
at org.gradle.internal.dispatch.ContextClassLoaderDispatch.dispatch(ContextClassLoaderDispatch.java:33)
at org.gradle.internal.dispatch.ProxyDispatchAdapter$DispatchingInvocationHandler.invoke(ProxyDispatchAdapter.java:94)
at com.sun.proxy.$Proxy5.stop(Unknown Source)
at org.gradle.api.internal.tasks.testing.worker.TestWorker$3.run(TestWorker.java:193)
at org.gradle.api.internal.tasks.testing.worker.TestWorker.executeAndMaintainThreadName(TestWorker.java:129)
at org.gradle.api.internal.tasks.testing.worker.TestWorker.execute(TestWorker.java:100)
at org.gradle.api.internal.tasks.testing.worker.TestWorker.execute(TestWorker.java:60)
at org.gradle.process.internal.worker.child.ActionExecutionWorker.execute(ActionExecutionWorker.java:56)
at org.gradle.process.internal.worker.child.SystemApplicationClassLoaderWorker.call(SystemApplicationClassLoaderWorker.java:133)
at org.gradle.process.internal.worker.child.SystemApplicationClassLoaderWorker.call(SystemApplicationClassLoaderWorker.java:71)
at worker.org.gradle.process.internal.worker.GradleWorkerMain.run(GradleWorkerMain.java:69)
at worker.org.gradle.process.internal.worker.GradleWorkerMain.main(GradleWorkerMain.java:74)
]]>
            </full-stacktrace>
          </exception> <!-- java.lang.AssertionError -->
          <reporter-output>
          </reporter-output>
        </test-method> <!-- updateVehicleClientNotNullTest -->
        <test-method signature="updateVehicleDataTest()[pri:0, instance:api.vehicle.UpdateVehicleTests@408613cc]" started-at="2022-06-18T12:24:56 WEST" name="updateVehicleDataTest" description="check if vehicle update updates all data" finished-at="2022-06-18T12:24:56 WEST" duration-ms="31" status="PASS">
          <reporter-output>
          </reporter-output>
        </test-method> <!-- updateVehicleDataTest -->
        <test-method signature="updateVehicleIdNotNullTest()[pri:0, instance:api.vehicle.UpdateVehicleTests@408613cc]" started-at="2022-06-18T12:24:56 WEST" name="updateVehicleIdNotNullTest" description="check if vehicle id is correctly validated" finished-at="2022-06-18T12:24:56 WEST" duration-ms="7" status="PASS">
          <reporter-output>
          </reporter-output>
        </test-method> <!-- updateVehicleIdNotNullTest -->
        <test-method signature="updateVehicleInvalidPlateTest(java.lang.String)[pri:0, instance:api.vehicle.UpdateVehicleTests@408613cc]" started-at="2022-06-18T12:24:56 WEST" name="updateVehicleInvalidPlateTest" description="check if vehicle plate is correctly validated" data-provider="testInvalidPlates" finished-at="2022-06-18T12:24:56 WEST" duration-ms="7" status="PASS">
          <params>
            <param index="0">
              <value>
                <![CDATA[A2-AA-22]]>
              </value>
            </param>
          </params>
          <reporter-output>
          </reporter-output>
        </test-method> <!-- updateVehicleInvalidPlateTest -->
        <test-method signature="updateVehicleInvalidPlateTest(java.lang.String)[pri:0, instance:api.vehicle.UpdateVehicleTests@408613cc]" started-at="2022-06-18T12:24:56 WEST" name="updateVehicleInvalidPlateTest" description="check if vehicle plate is correctly validated" data-provider="testInvalidPlates" finished-at="2022-06-18T12:24:56 WEST" duration-ms="6" status="PASS">
          <params>
            <param index="0">
              <value>
                <![CDATA[22 AA 22]]>
              </value>
            </param>
          </params>
          <reporter-output>
          </reporter-output>
        </test-method> <!-- updateVehicleInvalidPlateTest -->
        <test-method signature="updateVehicleInvalidPlateTest(java.lang.String)[pri:0, instance:api.vehicle.UpdateVehicleTests@408613cc]" started-at="2022-06-18T12:24:56 WEST" name="updateVehicleInvalidPlateTest" description="check if vehicle plate is correctly validated" data-provider="testInvalidPlates" finished-at="2022-06-18T12:24:56 WEST" duration-ms="8" status="PASS">
          <params>
            <param index="0">
              <value>
                <![CDATA[22.AA.22]]>
              </value>
            </param>
          </params>
          <reporter-output>
          </reporter-output>
        </test-method> <!-- updateVehicleInvalidPlateTest -->
        <test-method signature="updateVehicleInvalidPlateTest(java.lang.String)[pri:0, instance:api.vehicle.UpdateVehicleTests@408613cc]" started-at="2022-06-18T12:24:56 WEST" name="updateVehicleInvalidPlateTest" description="check if vehicle plate is correctly validated" data-provider="testInvalidPlates" finished-at="2022-06-18T12:24:56 WEST" duration-ms="8" status="PASS">
          <params>
            <param index="0">
              <value>
                <![CDATA[22_AA_22]]>
              </value>
            </param>
          </params>
          <reporter-output>
          </reporter-output>
        </test-method> <!-- updateVehicleInvalidPlateTest -->
        <test-method signature="updateVehicleInvalidPlateTest(java.lang.String)[pri:0, instance:api.vehicle.UpdateVehicleTests@408613cc]" started-at="2022-06-18T12:24:56 WEST" name="updateVehicleInvalidPlateTest" description="check if vehicle plate is correctly validated" data-provider="testInvalidPlates" finished-at="2022-06-18T12:24:56 WEST" duration-ms="8" status="PASS">
          <params>
            <param index="0">
              <value>
                <![CDATA[22AA22]]>
              </value>
            </param>
          </params>
          <reporter-output>
          </reporter-output>
        </test-method> <!-- updateVehicleInvalidPlateTest -->
        <test-method signature="updateVehicleInvalidYearTest(java.lang.Integer)[pri:0, instance:api.vehicle.UpdateVehicleTests@408613cc]" started-at="2022-06-18T12:24:56 WEST" name="updateVehicleInvalidYearTest" description="check if vehicle year is correctly validated" data-provider="testYears" finished-at="2022-06-18T12:24:56 WEST" duration-ms="8" status="FAIL">
          <params>
            <param index="0">
              <value>
                <![CDATA[-1]]>
              </value>
            </param>
          </params>
          <exception class="java.lang.AssertionError">
            <message>
              <![CDATA[Expected response code to be [400] but was [200]
Expected: is <400>
     but: was <200>]]>
            </message>
            <full-stacktrace>
              <![CDATA[java.lang.AssertionError: Expected response code to be [400] but was [200]
Expected: is <400>
     but: was <200>
at org.hamcrest.MatcherAssert.assertThat(MatcherAssert.java:20)
at api.validators.ResponseHttpCodeValidator.assertBadRequest(ResponseHttpCodeValidator.java:47)
at api.vehicle.UpdateVehicleTests.validateUpdateVehicleBadRequest(UpdateVehicleTests.java:31)
at api.vehicle.UpdateVehicleTests.updateVehicleInvalidYearTest(UpdateVehicleTests.java:133)
at java.base/jdk.internal.reflect.NativeMethodAccessorImpl.invoke0(Native Method)
at java.base/jdk.internal.reflect.NativeMethodAccessorImpl.invoke(NativeMethodAccessorImpl.java:64)
at java.base/jdk.internal.reflect.DelegatingMethodAccessorImpl.invoke(DelegatingMethodAccessorImpl.java:43)
at java.base/java.lang.reflect.Method.invoke(Method.java:564)
at org.testng.internal.MethodInvocationHelper.invokeMethod(MethodInvocationHelper.java:133)
at org.testng.internal.TestInvoker.invokeMethod(TestInvoker.java:598)
at org.testng.internal.TestInvoker.invokeTestMethod(TestInvoker.java:173)
at org.testng.internal.MethodRunner.runInSequence(MethodRunner.java:46)
at org.testng.internal.TestInvoker$MethodInvocationAgent.invoke(TestInvoker.java:824)
at org.testng.internal.TestInvoker.invokeTestMethods(TestInvoker.java:146)
at org.testng.internal.TestMethodWorker.invokeTestMethods(TestMethodWorker.java:146)
at org.testng.internal.TestMethodWorker.run(TestMethodWorker.java:128)
at java.base/java.util.ArrayList.forEach(ArrayList.java:1511)
at org.testng.TestRunner.privateRun(TestRunner.java:794)
at org.testng.TestRunner.run(TestRunner.java:596)
at org.testng.SuiteRunner.runTest(SuiteRunner.java:377)
at org.testng.SuiteRunner.runSequentially(SuiteRunner.java:371)
at org.testng.SuiteRunner.privateRun(SuiteRunner.java:332)
at org.testng.SuiteRunner.run(SuiteRunner.java:276)
at org.testng.SuiteRunnerWorker.runSuite(SuiteRunnerWorker.java:53)
at org.testng.SuiteRunnerWorker.run(SuiteRunnerWorker.java:96)
at org.testng.TestNG.runSuitesSequentially(TestNG.java:1212)
at org.testng.TestNG.runSuitesLocally(TestNG.java:1134)
at org.testng.TestNG.runSuites(TestNG.java:1063)
at org.testng.TestNG.run(TestNG.java:1031)
at org.gradle.api.internal.tasks.testing.testng.TestNGTestClassProcessor.runTests(TestNGTestClassProcessor.java:141)
at org.gradle.api.internal.tasks.testing.testng.TestNGTestClassProcessor.stop(TestNGTestClassProcessor.java:90)
at org.gradle.api.internal.tasks.testing.SuiteTestClassProcessor.stop(SuiteTestClassProcessor.java:61)
at java.base/jdk.internal.reflect.NativeMethodAccessorImpl.invoke0(Native Method)
at java.base/jdk.internal.reflect.NativeMethodAccessorImpl.invoke(NativeMethodAccessorImpl.java:64)
at java.base/jdk.internal.reflect.DelegatingMethodAccessorImpl.invoke(DelegatingMethodAccessorImpl.java:43)
at java.base/java.lang.reflect.Method.invoke(Method.java:564)
at org.gradle.internal.dispatch.ReflectionDispatch.dispatch(ReflectionDispatch.java:36)
at org.gradle.internal.dispatch.ReflectionDispatch.dispatch(ReflectionDispatch.java:24)
at org.gradle.internal.dispatch.ContextClassLoaderDispatch.dispatch(ContextClassLoaderDispatch.java:33)
at org.gradle.internal.dispatch.ProxyDispatchAdapter$DispatchingInvocationHandler.invoke(ProxyDispatchAdapter.java:94)
at com.sun.proxy.$Proxy5.stop(Unknown Source)
at org.gradle.api.internal.tasks.testing.worker.TestWorker$3.run(TestWorker.java:193)
at org.gradle.api.internal.tasks.testing.worker.TestWorker.executeAndMaintainThreadName(TestWorker.java:129)
at org.gradle.api.internal.tasks.testing.worker.TestWorker.execute(TestWorker.java:100)
at org.gradle.api.internal.tasks.testing.worker.TestWorker.execute(TestWorker.java:60)
at org.gradle.process.internal.worker.child.ActionExecutionWorker.execute(ActionExecutionWorker.java:56)
at org.gradle.process.internal.worker.child.SystemApplicationClassLoaderWorker.call(SystemApplicationClassLoaderWorker.java:133)
at org.gradle.process.internal.worker.child.SystemApplicationClassLoaderWorker.call(SystemApplicationClassLoaderWorker.java:71)
at worker.org.gradle.process.internal.worker.GradleWorkerMain.run(GradleWorkerMain.java:69)
at worker.org.gradle.process.internal.worker.GradleWorkerMain.main(GradleWorkerMain.java:74)
]]>
            </full-stacktrace>
          </exception> <!-- java.lang.AssertionError -->
          <reporter-output>
          </reporter-output>
        </test-method> <!-- updateVehicleInvalidYearTest -->
        <test-method signature="updateVehicleValidPlateTest(java.lang.String)[pri:0, instance:api.vehicle.UpdateVehicleTests@408613cc]" started-at="2022-06-18T12:24:56 WEST" name="updateVehicleValidPlateTest" description="check if vehicle plate is correctly validated" data-provider="testValidPlates" finished-at="2022-06-18T12:24:56 WEST" duration-ms="6" status="FAIL">
          <params>
            <param index="0">
              <value>
                <![CDATA[22-22-22]]>
              </value>
            </param>
          </params>
          <exception class="java.lang.AssertionError">
            <message>
              <![CDATA[Expected response code to be [200] but was [400]
Expected: is <200>
     but: was <400>]]>
            </message>
            <full-stacktrace>
              <![CDATA[java.lang.AssertionError: Expected response code to be [200] but was [400]
Expected: is <200>
     but: was <400>
at org.hamcrest.MatcherAssert.assertThat(MatcherAssert.java:20)
at api.validators.ResponseHttpCodeValidator.assertOk(ResponseHttpCodeValidator.java:27)
at api.vehicle.UpdateVehicleTests.updateVehicleValidPlateTest(UpdateVehicleTests.java:112)
at java.base/jdk.internal.reflect.NativeMethodAccessorImpl.invoke0(Native Method)
at java.base/jdk.internal.reflect.NativeMethodAccessorImpl.invoke(NativeMethodAccessorImpl.java:64)
at java.base/jdk.internal.reflect.DelegatingMethodAccessorImpl.invoke(DelegatingMethodAccessorImpl.java:43)
at java.base/java.lang.reflect.Method.invoke(Method.java:564)
at org.testng.internal.MethodInvocationHelper.invokeMethod(MethodInvocationHelper.java:133)
at org.testng.internal.TestInvoker.invokeMethod(TestInvoker.java:598)
at org.testng.internal.TestInvoker.invokeTestMethod(TestInvoker.java:173)
at org.testng.internal.MethodRunner.runInSequence(MethodRunner.java:46)
at org.testng.internal.TestInvoker$MethodInvocationAgent.invoke(TestInvoker.java:824)
at org.testng.internal.TestInvoker.invokeTestMethods(TestInvoker.java:146)
at org.testng.internal.TestMethodWorker.invokeTestMethods(TestMethodWorker.java:146)
at org.testng.internal.TestMethodWorker.run(TestMethodWorker.java:128)
at java.base/java.util.ArrayList.forEach(ArrayList.java:1511)
at org.testng.TestRunner.privateRun(TestRunner.java:794)
at org.testng.TestRunner.run(TestRunner.java:596)
at org.testng.SuiteRunner.runTest(SuiteRunner.java:377)
at org.testng.SuiteRunner.runSequentially(SuiteRunner.java:371)
at org.testng.SuiteRunner.privateRun(SuiteRunner.java:332)
at org.testng.SuiteRunner.run(SuiteRunner.java:276)
at org.testng.SuiteRunnerWorker.runSuite(SuiteRunnerWorker.java:53)
at org.testng.SuiteRunnerWorker.run(SuiteRunnerWorker.java:96)
at org.testng.TestNG.runSuitesSequentially(TestNG.java:1212)
at org.testng.TestNG.runSuitesLocally(TestNG.java:1134)
at org.testng.TestNG.runSuites(TestNG.java:1063)
at org.testng.TestNG.run(TestNG.java:1031)
at org.gradle.api.internal.tasks.testing.testng.TestNGTestClassProcessor.runTests(TestNGTestClassProcessor.java:141)
at org.gradle.api.internal.tasks.testing.testng.TestNGTestClassProcessor.stop(TestNGTestClassProcessor.java:90)
at org.gradle.api.internal.tasks.testing.SuiteTestClassProcessor.stop(SuiteTestClassProcessor.java:61)
at java.base/jdk.internal.reflect.NativeMethodAccessorImpl.invoke0(Native Method)
at java.base/jdk.internal.reflect.NativeMethodAccessorImpl.invoke(NativeMethodAccessorImpl.java:64)
at java.base/jdk.internal.reflect.DelegatingMethodAccessorImpl.invoke(DelegatingMethodAccessorImpl.java:43)
at java.base/java.lang.reflect.Method.invoke(Method.java:564)
at org.gradle.internal.dispatch.ReflectionDispatch.dispatch(ReflectionDispatch.java:36)
at org.gradle.internal.dispatch.ReflectionDispatch.dispatch(ReflectionDispatch.java:24)
at org.gradle.internal.dispatch.ContextClassLoaderDispatch.dispatch(ContextClassLoaderDispatch.java:33)
at org.gradle.internal.dispatch.ProxyDispatchAdapter$DispatchingInvocationHandler.invoke(ProxyDispatchAdapter.java:94)
at com.sun.proxy.$Proxy5.stop(Unknown Source)
at org.gradle.api.internal.tasks.testing.worker.TestWorker$3.run(TestWorker.java:193)
at org.gradle.api.internal.tasks.testing.worker.TestWorker.executeAndMaintainThreadName(TestWorker.java:129)
at org.gradle.api.internal.tasks.testing.worker.TestWorker.execute(TestWorker.java:100)
at org.gradle.api.internal.tasks.testing.worker.TestWorker.execute(TestWorker.java:60)
at org.gradle.process.internal.worker.child.ActionExecutionWorker.execute(ActionExecutionWorker.java:56)
at org.gradle.process.internal.worker.child.SystemApplicationClassLoaderWorker.call(SystemApplicationClassLoaderWorker.java:133)
at org.gradle.process.internal.worker.child.SystemApplicationClassLoaderWorker.call(SystemApplicationClassLoaderWorker.java:71)
at worker.org.gradle.process.internal.worker.GradleWorkerMain.run(GradleWorkerMain.java:69)
at worker.org.gradle.process.internal.worker.GradleWorkerMain.main(GradleWorkerMain.java:74)
]]>
            </full-stacktrace>
          </exception> <!-- java.lang.AssertionError -->
          <reporter-output>
          </reporter-output>
        </test-method> <!-- updateVehicleValidPlateTest -->
        <test-method signature="updateVehicleValidPlateTest(java.lang.String)[pri:0, instance:api.vehicle.UpdateVehicleTests@408613cc]" started-at="2022-06-18T12:24:56 WEST" name="updateVehicleValidPlateTest" description="check if vehicle plate is correctly validated" data-provider="testValidPlates" finished-at="2022-06-18T12:24:56 WEST" duration-ms="9" status="PASS">
          <params>
            <param index="0">
              <value>
                <![CDATA[AA-22-22]]>
              </value>
            </param>
          </params>
          <reporter-output>
          </reporter-output>
        </test-method> <!-- updateVehicleValidPlateTest -->
        <test-method signature="updateVehicleValidPlateTest(java.lang.String)[pri:0, instance:api.vehicle.UpdateVehicleTests@408613cc]" started-at="2022-06-18T12:24:56 WEST" name="updateVehicleValidPlateTest" description="check if vehicle plate is correctly validated" data-provider="testValidPlates" finished-at="2022-06-18T12:24:56 WEST" duration-ms="12" status="FAIL">
          <params>
            <param index="0">
              <value>
                <![CDATA[AA-AA-22]]>
              </value>
            </param>
          </params>
          <exception class="java.lang.AssertionError">
            <message>
              <![CDATA[Expected response code to be [200] but was [400]
Expected: is <200>
     but: was <400>]]>
            </message>
            <full-stacktrace>
              <![CDATA[java.lang.AssertionError: Expected response code to be [200] but was [400]
Expected: is <200>
     but: was <400>
at org.hamcrest.MatcherAssert.assertThat(MatcherAssert.java:20)
at api.validators.ResponseHttpCodeValidator.assertOk(ResponseHttpCodeValidator.java:27)
at api.vehicle.UpdateVehicleTests.updateVehicleValidPlateTest(UpdateVehicleTests.java:112)
at java.base/jdk.internal.reflect.NativeMethodAccessorImpl.invoke0(Native Method)
at java.base/jdk.internal.reflect.NativeMethodAccessorImpl.invoke(NativeMethodAccessorImpl.java:64)
at java.base/jdk.internal.reflect.DelegatingMethodAccessorImpl.invoke(DelegatingMethodAccessorImpl.java:43)
at java.base/java.lang.reflect.Method.invoke(Method.java:564)
at org.testng.internal.MethodInvocationHelper.invokeMethod(MethodInvocationHelper.java:133)
at org.testng.internal.TestInvoker.invokeMethod(TestInvoker.java:598)
at org.testng.internal.TestInvoker.invokeTestMethod(TestInvoker.java:173)
at org.testng.internal.MethodRunner.runInSequence(MethodRunner.java:46)
at org.testng.internal.TestInvoker$MethodInvocationAgent.invoke(TestInvoker.java:824)
at org.testng.internal.TestInvoker.invokeTestMethods(TestInvoker.java:146)
at org.testng.internal.TestMethodWorker.invokeTestMethods(TestMethodWorker.java:146)
at org.testng.internal.TestMethodWorker.run(TestMethodWorker.java:128)
at java.base/java.util.ArrayList.forEach(ArrayList.java:1511)
at org.testng.TestRunner.privateRun(TestRunner.java:794)
at org.testng.TestRunner.run(TestRunner.java:596)
at org.testng.SuiteRunner.runTest(SuiteRunner.java:377)
at org.testng.SuiteRunner.runSequentially(SuiteRunner.java:371)
at org.testng.SuiteRunner.privateRun(SuiteRunner.java:332)
at org.testng.SuiteRunner.run(SuiteRunner.java:276)
at org.testng.SuiteRunnerWorker.runSuite(SuiteRunnerWorker.java:53)
at org.testng.SuiteRunnerWorker.run(SuiteRunnerWorker.java:96)
at org.testng.TestNG.runSuitesSequentially(TestNG.java:1212)
at org.testng.TestNG.runSuitesLocally(TestNG.java:1134)
at org.testng.TestNG.runSuites(TestNG.java:1063)
at org.testng.TestNG.run(TestNG.java:1031)
at org.gradle.api.internal.tasks.testing.testng.TestNGTestClassProcessor.runTests(TestNGTestClassProcessor.java:141)
at org.gradle.api.internal.tasks.testing.testng.TestNGTestClassProcessor.stop(TestNGTestClassProcessor.java:90)
at org.gradle.api.internal.tasks.testing.SuiteTestClassProcessor.stop(SuiteTestClassProcessor.java:61)
at java.base/jdk.internal.reflect.NativeMethodAccessorImpl.invoke0(Native Method)
at java.base/jdk.internal.reflect.NativeMethodAccessorImpl.invoke(NativeMethodAccessorImpl.java:64)
at java.base/jdk.internal.reflect.DelegatingMethodAccessorImpl.invoke(DelegatingMethodAccessorImpl.java:43)
at java.base/java.lang.reflect.Method.invoke(Method.java:564)
at org.gradle.internal.dispatch.ReflectionDispatch.dispatch(ReflectionDispatch.java:36)
at org.gradle.internal.dispatch.ReflectionDispatch.dispatch(ReflectionDispatch.java:24)
at org.gradle.internal.dispatch.ContextClassLoaderDispatch.dispatch(ContextClassLoaderDispatch.java:33)
at org.gradle.internal.dispatch.ProxyDispatchAdapter$DispatchingInvocationHandler.invoke(ProxyDispatchAdapter.java:94)
at com.sun.proxy.$Proxy5.stop(Unknown Source)
at org.gradle.api.internal.tasks.testing.worker.TestWorker$3.run(TestWorker.java:193)
at org.gradle.api.internal.tasks.testing.worker.TestWorker.executeAndMaintainThreadName(TestWorker.java:129)
at org.gradle.api.internal.tasks.testing.worker.TestWorker.execute(TestWorker.java:100)
at org.gradle.api.internal.tasks.testing.worker.TestWorker.execute(TestWorker.java:60)
at org.gradle.process.internal.worker.child.ActionExecutionWorker.execute(ActionExecutionWorker.java:56)
at org.gradle.process.internal.worker.child.SystemApplicationClassLoaderWorker.call(SystemApplicationClassLoaderWorker.java:133)
at org.gradle.process.internal.worker.child.SystemApplicationClassLoaderWorker.call(SystemApplicationClassLoaderWorker.java:71)
at worker.org.gradle.process.internal.worker.GradleWorkerMain.run(GradleWorkerMain.java:69)
at worker.org.gradle.process.internal.worker.GradleWorkerMain.main(GradleWorkerMain.java:74)
]]>
            </full-stacktrace>
          </exception> <!-- java.lang.AssertionError -->
          <reporter-output>
          </reporter-output>
        </test-method> <!-- updateVehicleValidPlateTest -->
        <test-method signature="updateVehicleValidPlateTest(java.lang.String)[pri:0, instance:api.vehicle.UpdateVehicleTests@408613cc]" started-at="2022-06-18T12:24:56 WEST" name="updateVehicleValidPlateTest" description="check if vehicle plate is correctly validated" data-provider="testValidPlates" finished-at="2022-06-18T12:24:56 WEST" duration-ms="11" status="FAIL">
          <params>
            <param index="0">
              <value>
                <![CDATA[AA-AA-AA]]>
              </value>
            </param>
          </params>
          <exception class="java.lang.AssertionError">
            <message>
              <![CDATA[Expected response code to be [200] but was [400]
Expected: is <200>
     but: was <400>]]>
            </message>
            <full-stacktrace>
              <![CDATA[java.lang.AssertionError: Expected response code to be [200] but was [400]
Expected: is <200>
     but: was <400>
at org.hamcrest.MatcherAssert.assertThat(MatcherAssert.java:20)
at api.validators.ResponseHttpCodeValidator.assertOk(ResponseHttpCodeValidator.java:27)
at api.vehicle.UpdateVehicleTests.updateVehicleValidPlateTest(UpdateVehicleTests.java:112)
at java.base/jdk.internal.reflect.NativeMethodAccessorImpl.invoke0(Native Method)
at java.base/jdk.internal.reflect.NativeMethodAccessorImpl.invoke(NativeMethodAccessorImpl.java:64)
at java.base/jdk.internal.reflect.DelegatingMethodAccessorImpl.invoke(DelegatingMethodAccessorImpl.java:43)
at java.base/java.lang.reflect.Method.invoke(Method.java:564)
at org.testng.internal.MethodInvocationHelper.invokeMethod(MethodInvocationHelper.java:133)
at org.testng.internal.TestInvoker.invokeMethod(TestInvoker.java:598)
at org.testng.internal.TestInvoker.invokeTestMethod(TestInvoker.java:173)
at org.testng.internal.MethodRunner.runInSequence(MethodRunner.java:46)
at org.testng.internal.TestInvoker$MethodInvocationAgent.invoke(TestInvoker.java:824)
at org.testng.internal.TestInvoker.invokeTestMethods(TestInvoker.java:146)
at org.testng.internal.TestMethodWorker.invokeTestMethods(TestMethodWorker.java:146)
at org.testng.internal.TestMethodWorker.run(TestMethodWorker.java:128)
at java.base/java.util.ArrayList.forEach(ArrayList.java:1511)
at org.testng.TestRunner.privateRun(TestRunner.java:794)
at org.testng.TestRunner.run(TestRunner.java:596)
at org.testng.SuiteRunner.runTest(SuiteRunner.java:377)
at org.testng.SuiteRunner.runSequentially(SuiteRunner.java:371)
at org.testng.SuiteRunner.privateRun(SuiteRunner.java:332)
at org.testng.SuiteRunner.run(SuiteRunner.java:276)
at org.testng.SuiteRunnerWorker.runSuite(SuiteRunnerWorker.java:53)
at org.testng.SuiteRunnerWorker.run(SuiteRunnerWorker.java:96)
at org.testng.TestNG.runSuitesSequentially(TestNG.java:1212)
at org.testng.TestNG.runSuitesLocally(TestNG.java:1134)
at org.testng.TestNG.runSuites(TestNG.java:1063)
at org.testng.TestNG.run(TestNG.java:1031)
at org.gradle.api.internal.tasks.testing.testng.TestNGTestClassProcessor.runTests(TestNGTestClassProcessor.java:141)
at org.gradle.api.internal.tasks.testing.testng.TestNGTestClassProcessor.stop(TestNGTestClassProcessor.java:90)
at org.gradle.api.internal.tasks.testing.SuiteTestClassProcessor.stop(SuiteTestClassProcessor.java:61)
at java.base/jdk.internal.reflect.NativeMethodAccessorImpl.invoke0(Native Method)
at java.base/jdk.internal.reflect.NativeMethodAccessorImpl.invoke(NativeMethodAccessorImpl.java:64)
at java.base/jdk.internal.reflect.DelegatingMethodAccessorImpl.invoke(DelegatingMethodAccessorImpl.java:43)
at java.base/java.lang.reflect.Method.invoke(Method.java:564)
at org.gradle.internal.dispatch.ReflectionDispatch.dispatch(ReflectionDispatch.java:36)
at org.gradle.internal.dispatch.ReflectionDispatch.dispatch(ReflectionDispatch.java:24)
at org.gradle.internal.dispatch.ContextClassLoaderDispatch.dispatch(ContextClassLoaderDispatch.java:33)
at org.gradle.internal.dispatch.ProxyDispatchAdapter$DispatchingInvocationHandler.invoke(ProxyDispatchAdapter.java:94)
at com.sun.proxy.$Proxy5.stop(Unknown Source)
at org.gradle.api.internal.tasks.testing.worker.TestWorker$3.run(TestWorker.java:193)
at org.gradle.api.internal.tasks.testing.worker.TestWorker.executeAndMaintainThreadName(TestWorker.java:129)
at org.gradle.api.internal.tasks.testing.worker.TestWorker.execute(TestWorker.java:100)
at org.gradle.api.internal.tasks.testing.worker.TestWorker.execute(TestWorker.java:60)
at org.gradle.process.internal.worker.child.ActionExecutionWorker.execute(ActionExecutionWorker.java:56)
at org.gradle.process.internal.worker.child.SystemApplicationClassLoaderWorker.call(SystemApplicationClassLoaderWorker.java:133)
at org.gradle.process.internal.worker.child.SystemApplicationClassLoaderWorker.call(SystemApplicationClassLoaderWorker.java:71)
at worker.org.gradle.process.internal.worker.GradleWorkerMain.run(GradleWorkerMain.java:69)
at worker.org.gradle.process.internal.worker.GradleWorkerMain.main(GradleWorkerMain.java:74)
]]>
            </full-stacktrace>
          </exception> <!-- java.lang.AssertionError -->
          <reporter-output>
          </reporter-output>
        </test-method> <!-- updateVehicleValidPlateTest -->
        <test-method signature="vehicleNotFoundTest()[pri:0, instance:api.vehicle.UpdateVehicleTests@408613cc]" started-at="2022-06-18T12:24:56 WEST" name="vehicleNotFoundTest" description="check if vehicle update error is correct when vehicle does not exist" finished-at="2022-06-18T12:24:56 WEST" duration-ms="11" status="PASS">
          <reporter-output>
          </reporter-output>
        </test-method> <!-- vehicleNotFoundTest -->
      </class> <!-- api.vehicle.UpdateVehicleTests -->
      <class name="api.client.GetClientTests">
        <test-method signature="clientNotFoundTest()[pri:0, instance:api.client.GetClientTests@5aa6202e]" started-at="2022-06-18T12:24:56 WEST" name="clientNotFoundTest" description="check error if client does not exist" finished-at="2022-06-18T12:24:56 WEST" duration-ms="12" status="PASS">
          <reporter-output>
          </reporter-output>
        </test-method> <!-- clientNotFoundTest -->
        <test-method is-config="true" signature="cleanData()[pri:0, instance:api.client.GetClientTests@5aa6202e]" started-at="2022-06-18T12:24:56 WEST" name="cleanData" finished-at="2022-06-18T12:24:56 WEST" duration-ms="1" status="PASS">
          <reporter-output>
          </reporter-output>
        </test-method> <!-- cleanData -->
        <test-method signature="clientValuesTest()[pri:0, instance:api.client.GetClientTests@5aa6202e]" started-at="2022-06-18T12:24:56 WEST" name="clientValuesTest" description="return client values correctly" finished-at="2022-06-18T12:24:56 WEST" duration-ms="11" status="PASS">
          <reporter-output>
          </reporter-output>
        </test-method> <!-- clientValuesTest -->
        <test-method is-config="true" signature="cleanData()[pri:0, instance:api.client.GetClientTests@5aa6202e]" started-at="2022-06-18T12:24:56 WEST" name="cleanData" finished-at="2022-06-18T12:24:56 WEST" duration-ms="0" status="PASS">
          <reporter-output>
          </reporter-output>
        </test-method> <!-- cleanData -->
        <test-method signature="numberOfClientsTest()[pri:0, instance:api.client.GetClientTests@5aa6202e]" started-at="2022-06-18T12:24:56 WEST" name="numberOfClientsTest" description="validate number of clients" finished-at="2022-06-18T12:24:56 WEST" duration-ms="40" status="PASS">
          <reporter-output>
          </reporter-output>
        </test-method> <!-- numberOfClientsTest -->
        <test-method is-config="true" signature="cleanData()[pri:0, instance:api.client.GetClientTests@5aa6202e]" started-at="2022-06-18T12:24:56 WEST" name="cleanData" finished-at="2022-06-18T12:24:56 WEST" duration-ms="15" status="PASS">
          <reporter-output>
          </reporter-output>
        </test-method> <!-- cleanData -->
      </class> <!-- api.client.GetClientTests -->
      <class name="api.vehicle.JoinVehicleWithClientTests">
        <test-method signature="associateVehicleToClientErrorTest()[pri:0, instance:api.vehicle.JoinVehicleWithClientTests@771158fb]" started-at="2022-06-18T12:24:56 WEST" name="associateVehicleToClientErrorTest" description="check if error is correct when association vehicle to client" finished-at="2022-06-18T12:24:56 WEST" duration-ms="29" status="PASS">
          <reporter-output>
          </reporter-output>
        </test-method> <!-- associateVehicleToClientErrorTest -->
        <test-method is-config="true" signature="deleteTestData()[pri:0, instance:api.vehicle.JoinVehicleWithClientTests@771158fb]" started-at="2022-06-18T12:24:56 WEST" name="deleteTestData" finished-at="2022-06-18T12:24:56 WEST" duration-ms="1" status="PASS">
          <reporter-output>
          </reporter-output>
        </test-method> <!-- deleteTestData -->
        <test-method signature="associateVehicleToClientTest()[pri:0, instance:api.vehicle.JoinVehicleWithClientTests@771158fb]" started-at="2022-06-18T12:24:56 WEST" name="associateVehicleToClientTest" description="check if vehicle is correctly associated to client" finished-at="2022-06-18T12:24:56 WEST" duration-ms="56" status="PASS">
          <reporter-output>
          </reporter-output>
        </test-method> <!-- associateVehicleToClientTest -->
        <test-method is-config="true" signature="deleteTestData()[pri:0, instance:api.vehicle.JoinVehicleWithClientTests@771158fb]" started-at="2022-06-18T12:24:56 WEST" name="deleteTestData" finished-at="2022-06-18T12:24:56 WEST" duration-ms="6" status="PASS">
          <reporter-output>
          </reporter-output>
        </test-method> <!-- deleteTestData -->
        <test-method signature="associateVehicleToOtherClientTest()[pri:0, instance:api.vehicle.JoinVehicleWithClientTests@771158fb]" started-at="2022-06-18T12:24:56 WEST" name="associateVehicleToOtherClientTest" description="check if change of owner is correctly done" finished-at="2022-06-18T12:24:56 WEST" duration-ms="62" status="PASS">
          <reporter-output>
          </reporter-output>
        </test-method> <!-- associateVehicleToOtherClientTest -->
        <test-method is-config="true" signature="deleteTestData()[pri:0, instance:api.vehicle.JoinVehicleWithClientTests@771158fb]" started-at="2022-06-18T12:24:56 WEST" name="deleteTestData" finished-at="2022-06-18T12:24:56 WEST" duration-ms="0" status="PASS">
          <reporter-output>
          </reporter-output>
        </test-method> <!-- deleteTestData -->
        <test-method signature="reassociateVehicleToClientTest()[pri:0, instance:api.vehicle.JoinVehicleWithClientTests@771158fb]" started-at="2022-06-18T12:24:56 WEST" name="reassociateVehicleToClientTest" description="check if vehicle is correctly associated to same client" finished-at="2022-06-18T12:24:56 WEST" duration-ms="50" status="PASS">
          <reporter-output>
          </reporter-output>
        </test-method> <!-- reassociateVehicleToClientTest -->
        <test-method is-config="true" signature="deleteTestData()[pri:0, instance:api.vehicle.JoinVehicleWithClientTests@771158fb]" started-at="2022-06-18T12:24:56 WEST" name="deleteTestData" finished-at="2022-06-18T12:24:56 WEST" duration-ms="7" status="PASS">
          <reporter-output>
          </reporter-output>
        </test-method> <!-- deleteTestData -->
      </class> <!-- api.vehicle.JoinVehicleWithClientTests -->
      <class name="api.client.DeleteClientTests">
        <test-method is-config="true" signature="createTestingEntities()[pri:0, instance:api.client.DeleteClientTests@55b5e331]" started-at="2022-06-18T12:24:55 WEST" name="createTestingEntities" finished-at="2022-06-18T12:24:55 WEST" duration-ms="86" status="PASS">
          <reporter-output>
          </reporter-output>
        </test-method> <!-- createTestingEntities -->
        <test-method signature="deleteClientErrorTest()[pri:0, instance:api.client.DeleteClientTests@55b5e331]" started-at="2022-06-18T12:24:55 WEST" name="deleteClientErrorTest" description="check if client delete error is correct" finished-at="2022-06-18T12:24:55 WEST" duration-ms="8" status="FAIL">
          <exception class="java.lang.AssertionError">
            <message>
              <![CDATA[Expected response code to be [404] but was [204]
Expected: is <404>
     but: was <204>]]>
            </message>
            <full-stacktrace>
              <![CDATA[java.lang.AssertionError: Expected response code to be [404] but was [204]
Expected: is <404>
     but: was <204>
at org.hamcrest.MatcherAssert.assertThat(MatcherAssert.java:20)
at api.validators.ResponseHttpCodeValidator.assertNotFound(ResponseHttpCodeValidator.java:59)
at api.client.DeleteClientTests.deleteClientErrorTest(DeleteClientTests.java:39)
at java.base/jdk.internal.reflect.NativeMethodAccessorImpl.invoke0(Native Method)
at java.base/jdk.internal.reflect.NativeMethodAccessorImpl.invoke(NativeMethodAccessorImpl.java:64)
at java.base/jdk.internal.reflect.DelegatingMethodAccessorImpl.invoke(DelegatingMethodAccessorImpl.java:43)
at java.base/java.lang.reflect.Method.invoke(Method.java:564)
at org.testng.internal.MethodInvocationHelper.invokeMethod(MethodInvocationHelper.java:133)
at org.testng.internal.TestInvoker.invokeMethod(TestInvoker.java:598)
at org.testng.internal.TestInvoker.invokeTestMethod(TestInvoker.java:173)
at org.testng.internal.MethodRunner.runInSequence(MethodRunner.java:46)
at org.testng.internal.TestInvoker$MethodInvocationAgent.invoke(TestInvoker.java:824)
at org.testng.internal.TestInvoker.invokeTestMethods(TestInvoker.java:146)
at org.testng.internal.TestMethodWorker.invokeTestMethods(TestMethodWorker.java:146)
at org.testng.internal.TestMethodWorker.run(TestMethodWorker.java:128)
at java.base/java.util.ArrayList.forEach(ArrayList.java:1511)
at org.testng.TestRunner.privateRun(TestRunner.java:794)
at org.testng.TestRunner.run(TestRunner.java:596)
at org.testng.SuiteRunner.runTest(SuiteRunner.java:377)
at org.testng.SuiteRunner.runSequentially(SuiteRunner.java:371)
at org.testng.SuiteRunner.privateRun(SuiteRunner.java:332)
at org.testng.SuiteRunner.run(SuiteRunner.java:276)
at org.testng.SuiteRunnerWorker.runSuite(SuiteRunnerWorker.java:53)
at org.testng.SuiteRunnerWorker.run(SuiteRunnerWorker.java:96)
at org.testng.TestNG.runSuitesSequentially(TestNG.java:1212)
at org.testng.TestNG.runSuitesLocally(TestNG.java:1134)
at org.testng.TestNG.runSuites(TestNG.java:1063)
at org.testng.TestNG.run(TestNG.java:1031)
at org.gradle.api.internal.tasks.testing.testng.TestNGTestClassProcessor.runTests(TestNGTestClassProcessor.java:141)
at org.gradle.api.internal.tasks.testing.testng.TestNGTestClassProcessor.stop(TestNGTestClassProcessor.java:90)
at org.gradle.api.internal.tasks.testing.SuiteTestClassProcessor.stop(SuiteTestClassProcessor.java:61)
at java.base/jdk.internal.reflect.NativeMethodAccessorImpl.invoke0(Native Method)
at java.base/jdk.internal.reflect.NativeMethodAccessorImpl.invoke(NativeMethodAccessorImpl.java:64)
at java.base/jdk.internal.reflect.DelegatingMethodAccessorImpl.invoke(DelegatingMethodAccessorImpl.java:43)
at java.base/java.lang.reflect.Method.invoke(Method.java:564)
at org.gradle.internal.dispatch.ReflectionDispatch.dispatch(ReflectionDispatch.java:36)
at org.gradle.internal.dispatch.ReflectionDispatch.dispatch(ReflectionDispatch.java:24)
at org.gradle.internal.dispatch.ContextClassLoaderDispatch.dispatch(ContextClassLoaderDispatch.java:33)
at org.gradle.internal.dispatch.ProxyDispatchAdapter$DispatchingInvocationHandler.invoke(ProxyDispatchAdapter.java:94)
at com.sun.proxy.$Proxy5.stop(Unknown Source)
at org.gradle.api.internal.tasks.testing.worker.TestWorker$3.run(TestWorker.java:193)
at org.gradle.api.internal.tasks.testing.worker.TestWorker.executeAndMaintainThreadName(TestWorker.java:129)
at org.gradle.api.internal.tasks.testing.worker.TestWorker.execute(TestWorker.java:100)
at org.gradle.api.internal.tasks.testing.worker.TestWorker.execute(TestWorker.java:60)
at org.gradle.process.internal.worker.child.ActionExecutionWorker.execute(ActionExecutionWorker.java:56)
at org.gradle.process.internal.worker.child.SystemApplicationClassLoaderWorker.call(SystemApplicationClassLoaderWorker.java:133)
at org.gradle.process.internal.worker.child.SystemApplicationClassLoaderWorker.call(SystemApplicationClassLoaderWorker.java:71)
at worker.org.gradle.process.internal.worker.GradleWorkerMain.run(GradleWorkerMain.java:69)
at worker.org.gradle.process.internal.worker.GradleWorkerMain.main(GradleWorkerMain.java:74)
]]>
            </full-stacktrace>
          </exception> <!-- java.lang.AssertionError -->
          <reporter-output>
          </reporter-output>
        </test-method> <!-- deleteClientErrorTest -->
        <test-method signature="deleteClientTest()[pri:0, instance:api.client.DeleteClientTests@55b5e331]" started-at="2022-06-18T12:24:55 WEST" name="deleteClientTest" description="check if client is correctly deleted" finished-at="2022-06-18T12:24:55 WEST" duration-ms="16" status="PASS">
          <reporter-output>
          </reporter-output>
        </test-method> <!-- deleteClientTest -->
        <test-method is-config="true" signature="deleteTestingEntities()[pri:0, instance:api.client.DeleteClientTests@55b5e331]" started-at="2022-06-18T12:24:55 WEST" name="deleteTestingEntities" finished-at="2022-06-18T12:24:55 WEST" duration-ms="23" status="PASS">
          <reporter-output>
          </reporter-output>
        </test-method> <!-- deleteTestingEntities -->
      </class> <!-- api.client.DeleteClientTests -->
      <class name="api.client.CreateClientTests">
        <test-method is-config="true" signature="createTestingEntities()[pri:0, instance:api.client.CreateClientTests@a53bb6f]" started-at="2022-06-18T12:24:54 WEST" name="createTestingEntities" finished-at="2022-06-18T12:24:54 WEST" duration-ms="60" status="PASS">
          <reporter-output>
          </reporter-output>
        </test-method> <!-- createTestingEntities -->
        <test-method signature="createClientIdNotNullTest()[pri:0, instance:api.client.CreateClientTests@a53bb6f]" started-at="2022-06-18T12:24:54 WEST" name="createClientIdNotNullTest" description="check if client id is correctly validated" finished-at="2022-06-18T12:24:54 WEST" duration-ms="104" status="PASS">
          <reporter-output>
          </reporter-output>
        </test-method> <!-- createClientIdNotNullTest -->
        <test-method is-config="true" signature="cleanData()[pri:0, instance:api.client.CreateClientTests@a53bb6f]" started-at="2022-06-18T12:24:54 WEST" name="cleanData" finished-at="2022-06-18T12:24:54 WEST" duration-ms="1" status="PASS">
          <reporter-output>
          </reporter-output>
        </test-method> <!-- cleanData -->
        <test-method signature="createClientInvalidBirthDateTest(java.lang.String)[pri:0, instance:api.client.CreateClientTests@a53bb6f]" started-at="2022-06-18T12:24:54 WEST" name="createClientInvalidBirthDateTest" description="check if client birth Date is correctly validated" data-provider="testDates" finished-at="2022-06-18T12:24:54 WEST" duration-ms="23" status="FAIL">
          <params>
            <param index="0">
              <value>
                <![CDATA[2022-13-06]]>
              </value>
            </param>
          </params>
          <exception class="java.lang.AssertionError">
            <message>
              <![CDATA[Message should be Invalid Birth Date when using 2022-13-06
Expected: is "Invalid Birth Date"
     but: was "JSON parse error: Cannot deserialize value of type `java.time.LocalDate` from String \"2022-13-06\": Failed to deserialize java.time.LocalDate: (java.time.format.DateTimeParseException) Text '2022-13-06' could not be parsed: Invalid value for MonthOfYear (valid values 1 - 12): 13; nested exception is com.fasterxml.jackson.databind.exc.InvalidFormatException: Cannot deserialize value of type `java.time.LocalDate` from String \"2022-13-06\": Failed to deserialize java.time.LocalDate: (java.time.format.DateTimeParseException) Text '2022-13-06' could not be parsed: Invalid value for MonthOfYear (valid values 1 - 12): 13\n at [Source: (PushbackInputStream); line: 1, column: 190] (through reference chain: pt.ua.garage.model.Client[\"birthDate\"])"]]>
            </message>
            <full-stacktrace>
              <![CDATA[java.lang.AssertionError: Message should be Invalid Birth Date when using 2022-13-06
Expected: is "Invalid Birth Date"
     but: was "JSON parse error: Cannot deserialize value of type `java.time.LocalDate` from String \"2022-13-06\": Failed to deserialize java.time.LocalDate: (java.time.format.DateTimeParseException) Text '2022-13-06' could not be parsed: Invalid value for MonthOfYear (valid values 1 - 12): 13; nested exception is com.fasterxml.jackson.databind.exc.InvalidFormatException: Cannot deserialize value of type `java.time.LocalDate` from String \"2022-13-06\": Failed to deserialize java.time.LocalDate: (java.time.format.DateTimeParseException) Text '2022-13-06' could not be parsed: Invalid value for MonthOfYear (valid values 1 - 12): 13\n at [Source: (PushbackInputStream); line: 1, column: 190] (through reference chain: pt.ua.garage.model.Client[\"birthDate\"])"
at org.hamcrest.MatcherAssert.assertThat(MatcherAssert.java:20)
at api.validators.ErrorResponseValidator.assertErrorResponse(ErrorResponseValidator.java:24)
at api.client.CreateClientTests.validateCreateClientBadRequest(CreateClientTests.java:99)
at api.client.CreateClientTests.createClientInvalidBirthDateTest(CreateClientTests.java:110)
at java.base/jdk.internal.reflect.NativeMethodAccessorImpl.invoke0(Native Method)
at java.base/jdk.internal.reflect.NativeMethodAccessorImpl.invoke(NativeMethodAccessorImpl.java:64)
at java.base/jdk.internal.reflect.DelegatingMethodAccessorImpl.invoke(DelegatingMethodAccessorImpl.java:43)
at java.base/java.lang.reflect.Method.invoke(Method.java:564)
at org.testng.internal.MethodInvocationHelper.invokeMethod(MethodInvocationHelper.java:133)
at org.testng.internal.TestInvoker.invokeMethod(TestInvoker.java:598)
at org.testng.internal.TestInvoker.invokeTestMethod(TestInvoker.java:173)
at org.testng.internal.MethodRunner.runInSequence(MethodRunner.java:46)
at org.testng.internal.TestInvoker$MethodInvocationAgent.invoke(TestInvoker.java:824)
at org.testng.internal.TestInvoker.invokeTestMethods(TestInvoker.java:146)
at org.testng.internal.TestMethodWorker.invokeTestMethods(TestMethodWorker.java:146)
at org.testng.internal.TestMethodWorker.run(TestMethodWorker.java:128)
at java.base/java.util.ArrayList.forEach(ArrayList.java:1511)
at org.testng.TestRunner.privateRun(TestRunner.java:794)
at org.testng.TestRunner.run(TestRunner.java:596)
at org.testng.SuiteRunner.runTest(SuiteRunner.java:377)
at org.testng.SuiteRunner.runSequentially(SuiteRunner.java:371)
at org.testng.SuiteRunner.privateRun(SuiteRunner.java:332)
at org.testng.SuiteRunner.run(SuiteRunner.java:276)
at org.testng.SuiteRunnerWorker.runSuite(SuiteRunnerWorker.java:53)
at org.testng.SuiteRunnerWorker.run(SuiteRunnerWorker.java:96)
at org.testng.TestNG.runSuitesSequentially(TestNG.java:1212)
at org.testng.TestNG.runSuitesLocally(TestNG.java:1134)
at org.testng.TestNG.runSuites(TestNG.java:1063)
at org.testng.TestNG.run(TestNG.java:1031)
at org.gradle.api.internal.tasks.testing.testng.TestNGTestClassProcessor.runTests(TestNGTestClassProcessor.java:141)
at org.gradle.api.internal.tasks.testing.testng.TestNGTestClassProcessor.stop(TestNGTestClassProcessor.java:90)
at org.gradle.api.internal.tasks.testing.SuiteTestClassProcessor.stop(SuiteTestClassProcessor.java:61)
at java.base/jdk.internal.reflect.NativeMethodAccessorImpl.invoke0(Native Method)
at java.base/jdk.internal.reflect.NativeMethodAccessorImpl.invoke(NativeMethodAccessorImpl.java:64)
at java.base/jdk.internal.reflect.DelegatingMethodAccessorImpl.invoke(DelegatingMethodAccessorImpl.java:43)
at java.base/java.lang.reflect.Method.invoke(Method.java:564)
at org.gradle.internal.dispatch.ReflectionDispatch.dispatch(ReflectionDispatch.java:36)
at org.gradle.internal.dispatch.ReflectionDispatch.dispatch(ReflectionDispatch.java:24)
at org.gradle.internal.dispatch.ContextClassLoaderDispatch.dispatch(ContextClassLoaderDispatch.java:33)
at org.gradle.internal.dispatch.ProxyDispatchAdapter$DispatchingInvocationHandler.invoke(ProxyDispatchAdapter.java:94)
at com.sun.proxy.$Proxy5.stop(Unknown Source)
at org.gradle.api.internal.tasks.testing.worker.TestWorker$3.run(TestWorker.java:193)
at org.gradle.api.internal.tasks.testing.worker.TestWorker.executeAndMaintainThreadName(TestWorker.java:129)
at org.gradle.api.internal.tasks.testing.worker.TestWorker.execute(TestWorker.java:100)
at org.gradle.api.internal.tasks.testing.worker.TestWorker.execute(TestWorker.java:60)
at org.gradle.process.internal.worker.child.ActionExecutionWorker.execute(ActionExecutionWorker.java:56)
at org.gradle.process.internal.worker.child.SystemApplicationClassLoaderWorker.call(SystemApplicationClassLoaderWorker.java:133)
at org.gradle.process.internal.worker.child.SystemApplicationClassLoaderWorker.call(SystemApplicationClassLoaderWorker.java:71)
at worker.org.gradle.process.internal.worker.GradleWorkerMain.run(GradleWorkerMain.java:69)
at worker.org.gradle.process.internal.worker.GradleWorkerMain.main(GradleWorkerMain.java:74)
]]>
            </full-stacktrace>
          </exception> <!-- java.lang.AssertionError -->
          <reporter-output>
          </reporter-output>
        </test-method> <!-- createClientInvalidBirthDateTest -->
        <test-method is-config="true" signature="cleanData()[pri:0, instance:api.client.CreateClientTests@a53bb6f]" started-at="2022-06-18T12:24:54 WEST" name="cleanData" finished-at="2022-06-18T12:24:54 WEST" duration-ms="1" status="PASS">
          <reporter-output>
          </reporter-output>
        </test-method> <!-- cleanData -->
        <test-method signature="createClientInvalidBirthDateTest(java.lang.String)[pri:0, instance:api.client.CreateClientTests@a53bb6f]" started-at="2022-06-18T12:24:54 WEST" name="createClientInvalidBirthDateTest" description="check if client birth Date is correctly validated" data-provider="testDates" finished-at="2022-06-18T12:24:54 WEST" duration-ms="13" status="FAIL">
          <params>
            <param index="0">
              <value>
                <![CDATA[2022-06-32]]>
              </value>
            </param>
          </params>
          <exception class="java.lang.AssertionError">
            <message>
              <![CDATA[Message should be Invalid Birth Date when using 2022-06-32
Expected: is "Invalid Birth Date"
     but: was "JSON parse error: Cannot deserialize value of type `java.time.LocalDate` from String \"2022-06-32\": Failed to deserialize java.time.LocalDate: (java.time.format.DateTimeParseException) Text '2022-06-32' could not be parsed: Invalid value for DayOfMonth (valid values 1 - 28/31): 32; nested exception is com.fasterxml.jackson.databind.exc.InvalidFormatException: Cannot deserialize value of type `java.time.LocalDate` from String \"2022-06-32\": Failed to deserialize java.time.LocalDate: (java.time.format.DateTimeParseException) Text '2022-06-32' could not be parsed: Invalid value for DayOfMonth (valid values 1 - 28/31): 32\n at [Source: (PushbackInputStream); line: 1, column: 190] (through reference chain: pt.ua.garage.model.Client[\"birthDate\"])"]]>
            </message>
            <full-stacktrace>
              <![CDATA[java.lang.AssertionError: Message should be Invalid Birth Date when using 2022-06-32
Expected: is "Invalid Birth Date"
     but: was "JSON parse error: Cannot deserialize value of type `java.time.LocalDate` from String \"2022-06-32\": Failed to deserialize java.time.LocalDate: (java.time.format.DateTimeParseException) Text '2022-06-32' could not be parsed: Invalid value for DayOfMonth (valid values 1 - 28/31): 32; nested exception is com.fasterxml.jackson.databind.exc.InvalidFormatException: Cannot deserialize value of type `java.time.LocalDate` from String \"2022-06-32\": Failed to deserialize java.time.LocalDate: (java.time.format.DateTimeParseException) Text '2022-06-32' could not be parsed: Invalid value for DayOfMonth (valid values 1 - 28/31): 32\n at [Source: (PushbackInputStream); line: 1, column: 190] (through reference chain: pt.ua.garage.model.Client[\"birthDate\"])"
at org.hamcrest.MatcherAssert.assertThat(MatcherAssert.java:20)
at api.validators.ErrorResponseValidator.assertErrorResponse(ErrorResponseValidator.java:24)
at api.client.CreateClientTests.validateCreateClientBadRequest(CreateClientTests.java:99)
at api.client.CreateClientTests.createClientInvalidBirthDateTest(CreateClientTests.java:110)
at java.base/jdk.internal.reflect.NativeMethodAccessorImpl.invoke0(Native Method)
at java.base/jdk.internal.reflect.NativeMethodAccessorImpl.invoke(NativeMethodAccessorImpl.java:64)
at java.base/jdk.internal.reflect.DelegatingMethodAccessorImpl.invoke(DelegatingMethodAccessorImpl.java:43)
at java.base/java.lang.reflect.Method.invoke(Method.java:564)
at org.testng.internal.MethodInvocationHelper.invokeMethod(MethodInvocationHelper.java:133)
at org.testng.internal.TestInvoker.invokeMethod(TestInvoker.java:598)
at org.testng.internal.TestInvoker.invokeTestMethod(TestInvoker.java:173)
at org.testng.internal.MethodRunner.runInSequence(MethodRunner.java:46)
at org.testng.internal.TestInvoker$MethodInvocationAgent.invoke(TestInvoker.java:824)
at org.testng.internal.TestInvoker.invokeTestMethods(TestInvoker.java:146)
at org.testng.internal.TestMethodWorker.invokeTestMethods(TestMethodWorker.java:146)
at org.testng.internal.TestMethodWorker.run(TestMethodWorker.java:128)
at java.base/java.util.ArrayList.forEach(ArrayList.java:1511)
at org.testng.TestRunner.privateRun(TestRunner.java:794)
at org.testng.TestRunner.run(TestRunner.java:596)
at org.testng.SuiteRunner.runTest(SuiteRunner.java:377)
at org.testng.SuiteRunner.runSequentially(SuiteRunner.java:371)
at org.testng.SuiteRunner.privateRun(SuiteRunner.java:332)
at org.testng.SuiteRunner.run(SuiteRunner.java:276)
at org.testng.SuiteRunnerWorker.runSuite(SuiteRunnerWorker.java:53)
at org.testng.SuiteRunnerWorker.run(SuiteRunnerWorker.java:96)
at org.testng.TestNG.runSuitesSequentially(TestNG.java:1212)
at org.testng.TestNG.runSuitesLocally(TestNG.java:1134)
at org.testng.TestNG.runSuites(TestNG.java:1063)
at org.testng.TestNG.run(TestNG.java:1031)
at org.gradle.api.internal.tasks.testing.testng.TestNGTestClassProcessor.runTests(TestNGTestClassProcessor.java:141)
at org.gradle.api.internal.tasks.testing.testng.TestNGTestClassProcessor.stop(TestNGTestClassProcessor.java:90)
at org.gradle.api.internal.tasks.testing.SuiteTestClassProcessor.stop(SuiteTestClassProcessor.java:61)
at java.base/jdk.internal.reflect.NativeMethodAccessorImpl.invoke0(Native Method)
at java.base/jdk.internal.reflect.NativeMethodAccessorImpl.invoke(NativeMethodAccessorImpl.java:64)
at java.base/jdk.internal.reflect.DelegatingMethodAccessorImpl.invoke(DelegatingMethodAccessorImpl.java:43)
at java.base/java.lang.reflect.Method.invoke(Method.java:564)
at org.gradle.internal.dispatch.ReflectionDispatch.dispatch(ReflectionDispatch.java:36)
at org.gradle.internal.dispatch.ReflectionDispatch.dispatch(ReflectionDispatch.java:24)
at org.gradle.internal.dispatch.ContextClassLoaderDispatch.dispatch(ContextClassLoaderDispatch.java:33)
at org.gradle.internal.dispatch.ProxyDispatchAdapter$DispatchingInvocationHandler.invoke(ProxyDispatchAdapter.java:94)
at com.sun.proxy.$Proxy5.stop(Unknown Source)
at org.gradle.api.internal.tasks.testing.worker.TestWorker$3.run(TestWorker.java:193)
at org.gradle.api.internal.tasks.testing.worker.TestWorker.executeAndMaintainThreadName(TestWorker.java:129)
at org.gradle.api.internal.tasks.testing.worker.TestWorker.execute(TestWorker.java:100)
at org.gradle.api.internal.tasks.testing.worker.TestWorker.execute(TestWorker.java:60)
at org.gradle.process.internal.worker.child.ActionExecutionWorker.execute(ActionExecutionWorker.java:56)
at org.gradle.process.internal.worker.child.SystemApplicationClassLoaderWorker.call(SystemApplicationClassLoaderWorker.java:133)
at org.gradle.process.internal.worker.child.SystemApplicationClassLoaderWorker.call(SystemApplicationClassLoaderWorker.java:71)
at worker.org.gradle.process.internal.worker.GradleWorkerMain.run(GradleWorkerMain.java:69)
at worker.org.gradle.process.internal.worker.GradleWorkerMain.main(GradleWorkerMain.java:74)
]]>
            </full-stacktrace>
          </exception> <!-- java.lang.AssertionError -->
          <reporter-output>
          </reporter-output>
        </test-method> <!-- createClientInvalidBirthDateTest -->
        <test-method is-config="true" signature="cleanData()[pri:0, instance:api.client.CreateClientTests@a53bb6f]" started-at="2022-06-18T12:24:54 WEST" name="cleanData" finished-at="2022-06-18T12:24:54 WEST" duration-ms="0" status="PASS">
          <reporter-output>
          </reporter-output>
        </test-method> <!-- cleanData -->
        <test-method signature="createClientInvalidBirthDateTest(java.lang.String)[pri:0, instance:api.client.CreateClientTests@a53bb6f]" started-at="2022-06-18T12:24:54 WEST" name="createClientInvalidBirthDateTest" description="check if client birth Date is correctly validated" data-provider="testDates" finished-at="2022-06-18T12:24:54 WEST" duration-ms="15" status="FAIL">
          <params>
            <param index="0">
              <value>
                <![CDATA[2022/06/06]]>
              </value>
            </param>
          </params>
          <exception class="java.lang.AssertionError">
            <message>
              <![CDATA[Message should be Invalid Birth Date when using 2022/06/06
Expected: is "Invalid Birth Date"
     but: was "JSON parse error: Cannot deserialize value of type `java.time.LocalDate` from String \"2022/06/06\": Failed to deserialize java.time.LocalDate: (java.time.format.DateTimeParseException) Text '2022/06/06' could not be parsed at index 4; nested exception is com.fasterxml.jackson.databind.exc.InvalidFormatException: Cannot deserialize value of type `java.time.LocalDate` from String \"2022/06/06\": Failed to deserialize java.time.LocalDate: (java.time.format.DateTimeParseException) Text '2022/06/06' could not be parsed at index 4\n at [Source: (PushbackInputStream); line: 1, column: 190] (through reference chain: pt.ua.garage.model.Client[\"birthDate\"])"]]>
            </message>
            <full-stacktrace>
              <![CDATA[java.lang.AssertionError: Message should be Invalid Birth Date when using 2022/06/06
Expected: is "Invalid Birth Date"
     but: was "JSON parse error: Cannot deserialize value of type `java.time.LocalDate` from String \"2022/06/06\": Failed to deserialize java.time.LocalDate: (java.time.format.DateTimeParseException) Text '2022/06/06' could not be parsed at index 4; nested exception is com.fasterxml.jackson.databind.exc.InvalidFormatException: Cannot deserialize value of type `java.time.LocalDate` from String \"2022/06/06\": Failed to deserialize java.time.LocalDate: (java.time.format.DateTimeParseException) Text '2022/06/06' could not be parsed at index 4\n at [Source: (PushbackInputStream); line: 1, column: 190] (through reference chain: pt.ua.garage.model.Client[\"birthDate\"])"
at org.hamcrest.MatcherAssert.assertThat(MatcherAssert.java:20)
at api.validators.ErrorResponseValidator.assertErrorResponse(ErrorResponseValidator.java:24)
at api.client.CreateClientTests.validateCreateClientBadRequest(CreateClientTests.java:99)
at api.client.CreateClientTests.createClientInvalidBirthDateTest(CreateClientTests.java:110)
at java.base/jdk.internal.reflect.NativeMethodAccessorImpl.invoke0(Native Method)
at java.base/jdk.internal.reflect.NativeMethodAccessorImpl.invoke(NativeMethodAccessorImpl.java:64)
at java.base/jdk.internal.reflect.DelegatingMethodAccessorImpl.invoke(DelegatingMethodAccessorImpl.java:43)
at java.base/java.lang.reflect.Method.invoke(Method.java:564)
at org.testng.internal.MethodInvocationHelper.invokeMethod(MethodInvocationHelper.java:133)
at org.testng.internal.TestInvoker.invokeMethod(TestInvoker.java:598)
at org.testng.internal.TestInvoker.invokeTestMethod(TestInvoker.java:173)
at org.testng.internal.MethodRunner.runInSequence(MethodRunner.java:46)
at org.testng.internal.TestInvoker$MethodInvocationAgent.invoke(TestInvoker.java:824)
at org.testng.internal.TestInvoker.invokeTestMethods(TestInvoker.java:146)
at org.testng.internal.TestMethodWorker.invokeTestMethods(TestMethodWorker.java:146)
at org.testng.internal.TestMethodWorker.run(TestMethodWorker.java:128)
at java.base/java.util.ArrayList.forEach(ArrayList.java:1511)
at org.testng.TestRunner.privateRun(TestRunner.java:794)
at org.testng.TestRunner.run(TestRunner.java:596)
at org.testng.SuiteRunner.runTest(SuiteRunner.java:377)
at org.testng.SuiteRunner.runSequentially(SuiteRunner.java:371)
at org.testng.SuiteRunner.privateRun(SuiteRunner.java:332)
at org.testng.SuiteRunner.run(SuiteRunner.java:276)
at org.testng.SuiteRunnerWorker.runSuite(SuiteRunnerWorker.java:53)
at org.testng.SuiteRunnerWorker.run(SuiteRunnerWorker.java:96)
at org.testng.TestNG.runSuitesSequentially(TestNG.java:1212)
at org.testng.TestNG.runSuitesLocally(TestNG.java:1134)
at org.testng.TestNG.runSuites(TestNG.java:1063)
at org.testng.TestNG.run(TestNG.java:1031)
at org.gradle.api.internal.tasks.testing.testng.TestNGTestClassProcessor.runTests(TestNGTestClassProcessor.java:141)
at org.gradle.api.internal.tasks.testing.testng.TestNGTestClassProcessor.stop(TestNGTestClassProcessor.java:90)
at org.gradle.api.internal.tasks.testing.SuiteTestClassProcessor.stop(SuiteTestClassProcessor.java:61)
at java.base/jdk.internal.reflect.NativeMethodAccessorImpl.invoke0(Native Method)
at java.base/jdk.internal.reflect.NativeMethodAccessorImpl.invoke(NativeMethodAccessorImpl.java:64)
at java.base/jdk.internal.reflect.DelegatingMethodAccessorImpl.invoke(DelegatingMethodAccessorImpl.java:43)
at java.base/java.lang.reflect.Method.invoke(Method.java:564)
at org.gradle.internal.dispatch.ReflectionDispatch.dispatch(ReflectionDispatch.java:36)
at org.gradle.internal.dispatch.ReflectionDispatch.dispatch(ReflectionDispatch.java:24)
at org.gradle.internal.dispatch.ContextClassLoaderDispatch.dispatch(ContextClassLoaderDispatch.java:33)
at org.gradle.internal.dispatch.ProxyDispatchAdapter$DispatchingInvocationHandler.invoke(ProxyDispatchAdapter.java:94)
at com.sun.proxy.$Proxy5.stop(Unknown Source)
at org.gradle.api.internal.tasks.testing.worker.TestWorker$3.run(TestWorker.java:193)
at org.gradle.api.internal.tasks.testing.worker.TestWorker.executeAndMaintainThreadName(TestWorker.java:129)
at org.gradle.api.internal.tasks.testing.worker.TestWorker.execute(TestWorker.java:100)
at org.gradle.api.internal.tasks.testing.worker.TestWorker.execute(TestWorker.java:60)
at org.gradle.process.internal.worker.child.ActionExecutionWorker.execute(ActionExecutionWorker.java:56)
at org.gradle.process.internal.worker.child.SystemApplicationClassLoaderWorker.call(SystemApplicationClassLoaderWorker.java:133)
at org.gradle.process.internal.worker.child.SystemApplicationClassLoaderWorker.call(SystemApplicationClassLoaderWorker.java:71)
at worker.org.gradle.process.internal.worker.GradleWorkerMain.run(GradleWorkerMain.java:69)
at worker.org.gradle.process.internal.worker.GradleWorkerMain.main(GradleWorkerMain.java:74)
]]>
            </full-stacktrace>
          </exception> <!-- java.lang.AssertionError -->
          <reporter-output>
          </reporter-output>
        </test-method> <!-- createClientInvalidBirthDateTest -->
        <test-method is-config="true" signature="cleanData()[pri:0, instance:api.client.CreateClientTests@a53bb6f]" started-at="2022-06-18T12:24:54 WEST" name="cleanData" finished-at="2022-06-18T12:24:54 WEST" duration-ms="0" status="PASS">
          <reporter-output>
          </reporter-output>
        </test-method> <!-- cleanData -->
        <test-method signature="createClientInvalidBirthDateTest(java.lang.String)[pri:0, instance:api.client.CreateClientTests@a53bb6f]" started-at="2022-06-18T12:24:54 WEST" name="createClientInvalidBirthDateTest" description="check if client birth Date is correctly validated" data-provider="testDates" finished-at="2022-06-18T12:24:54 WEST" duration-ms="12" status="FAIL">
          <params>
            <param index="0">
              <value>
                <![CDATA[2022 06 06]]>
              </value>
            </param>
          </params>
          <exception class="java.lang.AssertionError">
            <message>
              <![CDATA[Message should be Invalid Birth Date when using 2022 06 06
Expected: is "Invalid Birth Date"
     but: was "JSON parse error: Cannot deserialize value of type `java.time.LocalDate` from String \"2022 06 06\": Failed to deserialize java.time.LocalDate: (java.time.format.DateTimeParseException) Text '2022 06 06' could not be parsed at index 4; nested exception is com.fasterxml.jackson.databind.exc.InvalidFormatException: Cannot deserialize value of type `java.time.LocalDate` from String \"2022 06 06\": Failed to deserialize java.time.LocalDate: (java.time.format.DateTimeParseException) Text '2022 06 06' could not be parsed at index 4\n at [Source: (PushbackInputStream); line: 1, column: 190] (through reference chain: pt.ua.garage.model.Client[\"birthDate\"])"]]>
            </message>
            <full-stacktrace>
              <![CDATA[java.lang.AssertionError: Message should be Invalid Birth Date when using 2022 06 06
Expected: is "Invalid Birth Date"
     but: was "JSON parse error: Cannot deserialize value of type `java.time.LocalDate` from String \"2022 06 06\": Failed to deserialize java.time.LocalDate: (java.time.format.DateTimeParseException) Text '2022 06 06' could not be parsed at index 4; nested exception is com.fasterxml.jackson.databind.exc.InvalidFormatException: Cannot deserialize value of type `java.time.LocalDate` from String \"2022 06 06\": Failed to deserialize java.time.LocalDate: (java.time.format.DateTimeParseException) Text '2022 06 06' could not be parsed at index 4\n at [Source: (PushbackInputStream); line: 1, column: 190] (through reference chain: pt.ua.garage.model.Client[\"birthDate\"])"
at org.hamcrest.MatcherAssert.assertThat(MatcherAssert.java:20)
at api.validators.ErrorResponseValidator.assertErrorResponse(ErrorResponseValidator.java:24)
at api.client.CreateClientTests.validateCreateClientBadRequest(CreateClientTests.java:99)
at api.client.CreateClientTests.createClientInvalidBirthDateTest(CreateClientTests.java:110)
at java.base/jdk.internal.reflect.NativeMethodAccessorImpl.invoke0(Native Method)
at java.base/jdk.internal.reflect.NativeMethodAccessorImpl.invoke(NativeMethodAccessorImpl.java:64)
at java.base/jdk.internal.reflect.DelegatingMethodAccessorImpl.invoke(DelegatingMethodAccessorImpl.java:43)
at java.base/java.lang.reflect.Method.invoke(Method.java:564)
at org.testng.internal.MethodInvocationHelper.invokeMethod(MethodInvocationHelper.java:133)
at org.testng.internal.TestInvoker.invokeMethod(TestInvoker.java:598)
at org.testng.internal.TestInvoker.invokeTestMethod(TestInvoker.java:173)
at org.testng.internal.MethodRunner.runInSequence(MethodRunner.java:46)
at org.testng.internal.TestInvoker$MethodInvocationAgent.invoke(TestInvoker.java:824)
at org.testng.internal.TestInvoker.invokeTestMethods(TestInvoker.java:146)
at org.testng.internal.TestMethodWorker.invokeTestMethods(TestMethodWorker.java:146)
at org.testng.internal.TestMethodWorker.run(TestMethodWorker.java:128)
at java.base/java.util.ArrayList.forEach(ArrayList.java:1511)
at org.testng.TestRunner.privateRun(TestRunner.java:794)
at org.testng.TestRunner.run(TestRunner.java:596)
at org.testng.SuiteRunner.runTest(SuiteRunner.java:377)
at org.testng.SuiteRunner.runSequentially(SuiteRunner.java:371)
at org.testng.SuiteRunner.privateRun(SuiteRunner.java:332)
at org.testng.SuiteRunner.run(SuiteRunner.java:276)
at org.testng.SuiteRunnerWorker.runSuite(SuiteRunnerWorker.java:53)
at org.testng.SuiteRunnerWorker.run(SuiteRunnerWorker.java:96)
at org.testng.TestNG.runSuitesSequentially(TestNG.java:1212)
at org.testng.TestNG.runSuitesLocally(TestNG.java:1134)
at org.testng.TestNG.runSuites(TestNG.java:1063)
at org.testng.TestNG.run(TestNG.java:1031)
at org.gradle.api.internal.tasks.testing.testng.TestNGTestClassProcessor.runTests(TestNGTestClassProcessor.java:141)
at org.gradle.api.internal.tasks.testing.testng.TestNGTestClassProcessor.stop(TestNGTestClassProcessor.java:90)
at org.gradle.api.internal.tasks.testing.SuiteTestClassProcessor.stop(SuiteTestClassProcessor.java:61)
at java.base/jdk.internal.reflect.NativeMethodAccessorImpl.invoke0(Native Method)
at java.base/jdk.internal.reflect.NativeMethodAccessorImpl.invoke(NativeMethodAccessorImpl.java:64)
at java.base/jdk.internal.reflect.DelegatingMethodAccessorImpl.invoke(DelegatingMethodAccessorImpl.java:43)
at java.base/java.lang.reflect.Method.invoke(Method.java:564)
at org.gradle.internal.dispatch.ReflectionDispatch.dispatch(ReflectionDispatch.java:36)
at org.gradle.internal.dispatch.ReflectionDispatch.dispatch(ReflectionDispatch.java:24)
at org.gradle.internal.dispatch.ContextClassLoaderDispatch.dispatch(ContextClassLoaderDispatch.java:33)
at org.gradle.internal.dispatch.ProxyDispatchAdapter$DispatchingInvocationHandler.invoke(ProxyDispatchAdapter.java:94)
at com.sun.proxy.$Proxy5.stop(Unknown Source)
at org.gradle.api.internal.tasks.testing.worker.TestWorker$3.run(TestWorker.java:193)
at org.gradle.api.internal.tasks.testing.worker.TestWorker.executeAndMaintainThreadName(TestWorker.java:129)
at org.gradle.api.internal.tasks.testing.worker.TestWorker.execute(TestWorker.java:100)
at org.gradle.api.internal.tasks.testing.worker.TestWorker.execute(TestWorker.java:60)
at org.gradle.process.internal.worker.child.ActionExecutionWorker.execute(ActionExecutionWorker.java:56)
at org.gradle.process.internal.worker.child.SystemApplicationClassLoaderWorker.call(SystemApplicationClassLoaderWorker.java:133)
at org.gradle.process.internal.worker.child.SystemApplicationClassLoaderWorker.call(SystemApplicationClassLoaderWorker.java:71)
at worker.org.gradle.process.internal.worker.GradleWorkerMain.run(GradleWorkerMain.java:69)
at worker.org.gradle.process.internal.worker.GradleWorkerMain.main(GradleWorkerMain.java:74)
]]>
            </full-stacktrace>
          </exception> <!-- java.lang.AssertionError -->
          <reporter-output>
          </reporter-output>
        </test-method> <!-- createClientInvalidBirthDateTest -->
        <test-method is-config="true" signature="cleanData()[pri:0, instance:api.client.CreateClientTests@a53bb6f]" started-at="2022-06-18T12:24:54 WEST" name="cleanData" finished-at="2022-06-18T12:24:54 WEST" duration-ms="0" status="PASS">
          <reporter-output>
          </reporter-output>
        </test-method> <!-- cleanData -->
        <test-method signature="createClientInvalidBirthDateTest(java.lang.String)[pri:0, instance:api.client.CreateClientTests@a53bb6f]" started-at="2022-06-18T12:24:54 WEST" name="createClientInvalidBirthDateTest" description="check if client birth Date is correctly validated" data-provider="testDates" finished-at="2022-06-18T12:24:54 WEST" duration-ms="13" status="FAIL">
          <params>
            <param index="0">
              <value>
                <![CDATA[2022]]>
              </value>
            </param>
          </params>
          <exception class="java.lang.AssertionError">
            <message>
              <![CDATA[Message should be Invalid Birth Date when using 2022
Expected: is "Invalid Birth Date"
     but: was "JSON parse error: Cannot deserialize value of type `java.time.LocalDate` from String \"2022\": Failed to deserialize java.time.LocalDate: (java.time.format.DateTimeParseException) Text '2022' could not be parsed at index 4; nested exception is com.fasterxml.jackson.databind.exc.InvalidFormatException: Cannot deserialize value of type `java.time.LocalDate` from String \"2022\": Failed to deserialize java.time.LocalDate: (java.time.format.DateTimeParseException) Text '2022' could not be parsed at index 4\n at [Source: (PushbackInputStream); line: 1, column: 190] (through reference chain: pt.ua.garage.model.Client[\"birthDate\"])"]]>
            </message>
            <full-stacktrace>
              <![CDATA[java.lang.AssertionError: Message should be Invalid Birth Date when using 2022
Expected: is "Invalid Birth Date"
     but: was "JSON parse error: Cannot deserialize value of type `java.time.LocalDate` from String \"2022\": Failed to deserialize java.time.LocalDate: (java.time.format.DateTimeParseException) Text '2022' could not be parsed at index 4; nested exception is com.fasterxml.jackson.databind.exc.InvalidFormatException: Cannot deserialize value of type `java.time.LocalDate` from String \"2022\": Failed to deserialize java.time.LocalDate: (java.time.format.DateTimeParseException) Text '2022' could not be parsed at index 4\n at [Source: (PushbackInputStream); line: 1, column: 190] (through reference chain: pt.ua.garage.model.Client[\"birthDate\"])"
at org.hamcrest.MatcherAssert.assertThat(MatcherAssert.java:20)
at api.validators.ErrorResponseValidator.assertErrorResponse(ErrorResponseValidator.java:24)
at api.client.CreateClientTests.validateCreateClientBadRequest(CreateClientTests.java:99)
at api.client.CreateClientTests.createClientInvalidBirthDateTest(CreateClientTests.java:110)
at java.base/jdk.internal.reflect.NativeMethodAccessorImpl.invoke0(Native Method)
at java.base/jdk.internal.reflect.NativeMethodAccessorImpl.invoke(NativeMethodAccessorImpl.java:64)
at java.base/jdk.internal.reflect.DelegatingMethodAccessorImpl.invoke(DelegatingMethodAccessorImpl.java:43)
at java.base/java.lang.reflect.Method.invoke(Method.java:564)
at org.testng.internal.MethodInvocationHelper.invokeMethod(MethodInvocationHelper.java:133)
at org.testng.internal.TestInvoker.invokeMethod(TestInvoker.java:598)
at org.testng.internal.TestInvoker.invokeTestMethod(TestInvoker.java:173)
at org.testng.internal.MethodRunner.runInSequence(MethodRunner.java:46)
at org.testng.internal.TestInvoker$MethodInvocationAgent.invoke(TestInvoker.java:824)
at org.testng.internal.TestInvoker.invokeTestMethods(TestInvoker.java:146)
at org.testng.internal.TestMethodWorker.invokeTestMethods(TestMethodWorker.java:146)
at org.testng.internal.TestMethodWorker.run(TestMethodWorker.java:128)
at java.base/java.util.ArrayList.forEach(ArrayList.java:1511)
at org.testng.TestRunner.privateRun(TestRunner.java:794)
at org.testng.TestRunner.run(TestRunner.java:596)
at org.testng.SuiteRunner.runTest(SuiteRunner.java:377)
at org.testng.SuiteRunner.runSequentially(SuiteRunner.java:371)
at org.testng.SuiteRunner.privateRun(SuiteRunner.java:332)
at org.testng.SuiteRunner.run(SuiteRunner.java:276)
at org.testng.SuiteRunnerWorker.runSuite(SuiteRunnerWorker.java:53)
at org.testng.SuiteRunnerWorker.run(SuiteRunnerWorker.java:96)
at org.testng.TestNG.runSuitesSequentially(TestNG.java:1212)
at org.testng.TestNG.runSuitesLocally(TestNG.java:1134)
at org.testng.TestNG.runSuites(TestNG.java:1063)
at org.testng.TestNG.run(TestNG.java:1031)
at org.gradle.api.internal.tasks.testing.testng.TestNGTestClassProcessor.runTests(TestNGTestClassProcessor.java:141)
at org.gradle.api.internal.tasks.testing.testng.TestNGTestClassProcessor.stop(TestNGTestClassProcessor.java:90)
at org.gradle.api.internal.tasks.testing.SuiteTestClassProcessor.stop(SuiteTestClassProcessor.java:61)
at java.base/jdk.internal.reflect.NativeMethodAccessorImpl.invoke0(Native Method)
at java.base/jdk.internal.reflect.NativeMethodAccessorImpl.invoke(NativeMethodAccessorImpl.java:64)
at java.base/jdk.internal.reflect.DelegatingMethodAccessorImpl.invoke(DelegatingMethodAccessorImpl.java:43)
at java.base/java.lang.reflect.Method.invoke(Method.java:564)
at org.gradle.internal.dispatch.ReflectionDispatch.dispatch(ReflectionDispatch.java:36)
at org.gradle.internal.dispatch.ReflectionDispatch.dispatch(ReflectionDispatch.java:24)
at org.gradle.internal.dispatch.ContextClassLoaderDispatch.dispatch(ContextClassLoaderDispatch.java:33)
at org.gradle.internal.dispatch.ProxyDispatchAdapter$DispatchingInvocationHandler.invoke(ProxyDispatchAdapter.java:94)
at com.sun.proxy.$Proxy5.stop(Unknown Source)
at org.gradle.api.internal.tasks.testing.worker.TestWorker$3.run(TestWorker.java:193)
at org.gradle.api.internal.tasks.testing.worker.TestWorker.executeAndMaintainThreadName(TestWorker.java:129)
at org.gradle.api.internal.tasks.testing.worker.TestWorker.execute(TestWorker.java:100)
at org.gradle.api.internal.tasks.testing.worker.TestWorker.execute(TestWorker.java:60)
at org.gradle.process.internal.worker.child.ActionExecutionWorker.execute(ActionExecutionWorker.java:56)
at org.gradle.process.internal.worker.child.SystemApplicationClassLoaderWorker.call(SystemApplicationClassLoaderWorker.java:133)
at org.gradle.process.internal.worker.child.SystemApplicationClassLoaderWorker.call(SystemApplicationClassLoaderWorker.java:71)
at worker.org.gradle.process.internal.worker.GradleWorkerMain.run(GradleWorkerMain.java:69)
at worker.org.gradle.process.internal.worker.GradleWorkerMain.main(GradleWorkerMain.java:74)
]]>
            </full-stacktrace>
          </exception> <!-- java.lang.AssertionError -->
          <reporter-output>
          </reporter-output>
        </test-method> <!-- createClientInvalidBirthDateTest -->
        <test-method is-config="true" signature="cleanData()[pri:0, instance:api.client.CreateClientTests@a53bb6f]" started-at="2022-06-18T12:24:54 WEST" name="cleanData" finished-at="2022-06-18T12:24:54 WEST" duration-ms="0" status="PASS">
          <reporter-output>
          </reporter-output>
        </test-method> <!-- cleanData -->
        <test-method signature="createClientInvalidBirthDateTest(java.lang.String)[pri:0, instance:api.client.CreateClientTests@a53bb6f]" started-at="2022-06-18T12:24:54 WEST" name="createClientInvalidBirthDateTest" description="check if client birth Date is correctly validated" data-provider="testDates" finished-at="2022-06-18T12:24:54 WEST" duration-ms="16" status="FAIL">
          <params>
            <param index="0">
              <value>
                <![CDATA[06-06-2022]]>
              </value>
            </param>
          </params>
          <exception class="java.lang.AssertionError">
            <message>
              <![CDATA[Message should be Invalid Birth Date when using 06-06-2022
Expected: is "Invalid Birth Date"
     but: was "JSON parse error: Cannot deserialize value of type `java.time.LocalDate` from String \"06-06-2022\": Failed to deserialize java.time.LocalDate: (java.time.format.DateTimeParseException) Text '06-06-2022' could not be parsed at index 0; nested exception is com.fasterxml.jackson.databind.exc.InvalidFormatException: Cannot deserialize value of type `java.time.LocalDate` from String \"06-06-2022\": Failed to deserialize java.time.LocalDate: (java.time.format.DateTimeParseException) Text '06-06-2022' could not be parsed at index 0\n at [Source: (PushbackInputStream); line: 1, column: 190] (through reference chain: pt.ua.garage.model.Client[\"birthDate\"])"]]>
            </message>
            <full-stacktrace>
              <![CDATA[java.lang.AssertionError: Message should be Invalid Birth Date when using 06-06-2022
Expected: is "Invalid Birth Date"
     but: was "JSON parse error: Cannot deserialize value of type `java.time.LocalDate` from String \"06-06-2022\": Failed to deserialize java.time.LocalDate: (java.time.format.DateTimeParseException) Text '06-06-2022' could not be parsed at index 0; nested exception is com.fasterxml.jackson.databind.exc.InvalidFormatException: Cannot deserialize value of type `java.time.LocalDate` from String \"06-06-2022\": Failed to deserialize java.time.LocalDate: (java.time.format.DateTimeParseException) Text '06-06-2022' could not be parsed at index 0\n at [Source: (PushbackInputStream); line: 1, column: 190] (through reference chain: pt.ua.garage.model.Client[\"birthDate\"])"
at org.hamcrest.MatcherAssert.assertThat(MatcherAssert.java:20)
at api.validators.ErrorResponseValidator.assertErrorResponse(ErrorResponseValidator.java:24)
at api.client.CreateClientTests.validateCreateClientBadRequest(CreateClientTests.java:99)
at api.client.CreateClientTests.createClientInvalidBirthDateTest(CreateClientTests.java:110)
at java.base/jdk.internal.reflect.NativeMethodAccessorImpl.invoke0(Native Method)
at java.base/jdk.internal.reflect.NativeMethodAccessorImpl.invoke(NativeMethodAccessorImpl.java:64)
at java.base/jdk.internal.reflect.DelegatingMethodAccessorImpl.invoke(DelegatingMethodAccessorImpl.java:43)
at java.base/java.lang.reflect.Method.invoke(Method.java:564)
at org.testng.internal.MethodInvocationHelper.invokeMethod(MethodInvocationHelper.java:133)
at org.testng.internal.TestInvoker.invokeMethod(TestInvoker.java:598)
at org.testng.internal.TestInvoker.invokeTestMethod(TestInvoker.java:173)
at org.testng.internal.MethodRunner.runInSequence(MethodRunner.java:46)
at org.testng.internal.TestInvoker$MethodInvocationAgent.invoke(TestInvoker.java:824)
at org.testng.internal.TestInvoker.invokeTestMethods(TestInvoker.java:146)
at org.testng.internal.TestMethodWorker.invokeTestMethods(TestMethodWorker.java:146)
at org.testng.internal.TestMethodWorker.run(TestMethodWorker.java:128)
at java.base/java.util.ArrayList.forEach(ArrayList.java:1511)
at org.testng.TestRunner.privateRun(TestRunner.java:794)
at org.testng.TestRunner.run(TestRunner.java:596)
at org.testng.SuiteRunner.runTest(SuiteRunner.java:377)
at org.testng.SuiteRunner.runSequentially(SuiteRunner.java:371)
at org.testng.SuiteRunner.privateRun(SuiteRunner.java:332)
at org.testng.SuiteRunner.run(SuiteRunner.java:276)
at org.testng.SuiteRunnerWorker.runSuite(SuiteRunnerWorker.java:53)
at org.testng.SuiteRunnerWorker.run(SuiteRunnerWorker.java:96)
at org.testng.TestNG.runSuitesSequentially(TestNG.java:1212)
at org.testng.TestNG.runSuitesLocally(TestNG.java:1134)
at org.testng.TestNG.runSuites(TestNG.java:1063)
at org.testng.TestNG.run(TestNG.java:1031)
at org.gradle.api.internal.tasks.testing.testng.TestNGTestClassProcessor.runTests(TestNGTestClassProcessor.java:141)
at org.gradle.api.internal.tasks.testing.testng.TestNGTestClassProcessor.stop(TestNGTestClassProcessor.java:90)
at org.gradle.api.internal.tasks.testing.SuiteTestClassProcessor.stop(SuiteTestClassProcessor.java:61)
at java.base/jdk.internal.reflect.NativeMethodAccessorImpl.invoke0(Native Method)
at java.base/jdk.internal.reflect.NativeMethodAccessorImpl.invoke(NativeMethodAccessorImpl.java:64)
at java.base/jdk.internal.reflect.DelegatingMethodAccessorImpl.invoke(DelegatingMethodAccessorImpl.java:43)
at java.base/java.lang.reflect.Method.invoke(Method.java:564)
at org.gradle.internal.dispatch.ReflectionDispatch.dispatch(ReflectionDispatch.java:36)
at org.gradle.internal.dispatch.ReflectionDispatch.dispatch(ReflectionDispatch.java:24)
at org.gradle.internal.dispatch.ContextClassLoaderDispatch.dispatch(ContextClassLoaderDispatch.java:33)
at org.gradle.internal.dispatch.ProxyDispatchAdapter$DispatchingInvocationHandler.invoke(ProxyDispatchAdapter.java:94)
at com.sun.proxy.$Proxy5.stop(Unknown Source)
at org.gradle.api.internal.tasks.testing.worker.TestWorker$3.run(TestWorker.java:193)
at org.gradle.api.internal.tasks.testing.worker.TestWorker.executeAndMaintainThreadName(TestWorker.java:129)
at org.gradle.api.internal.tasks.testing.worker.TestWorker.execute(TestWorker.java:100)
at org.gradle.api.internal.tasks.testing.worker.TestWorker.execute(TestWorker.java:60)
at org.gradle.process.internal.worker.child.ActionExecutionWorker.execute(ActionExecutionWorker.java:56)
at org.gradle.process.internal.worker.child.SystemApplicationClassLoaderWorker.call(SystemApplicationClassLoaderWorker.java:133)
at org.gradle.process.internal.worker.child.SystemApplicationClassLoaderWorker.call(SystemApplicationClassLoaderWorker.java:71)
at worker.org.gradle.process.internal.worker.GradleWorkerMain.run(GradleWorkerMain.java:69)
at worker.org.gradle.process.internal.worker.GradleWorkerMain.main(GradleWorkerMain.java:74)
]]>
            </full-stacktrace>
          </exception> <!-- java.lang.AssertionError -->
          <reporter-output>
          </reporter-output>
        </test-method> <!-- createClientInvalidBirthDateTest -->
        <test-method is-config="true" signature="cleanData()[pri:0, instance:api.client.CreateClientTests@a53bb6f]" started-at="2022-06-18T12:24:54 WEST" name="cleanData" finished-at="2022-06-18T12:24:54 WEST" duration-ms="1" status="PASS">
          <reporter-output>
          </reporter-output>
        </test-method> <!-- cleanData -->
        <test-method signature="createClientInvalidBirthDateTest(java.lang.String)[pri:0, instance:api.client.CreateClientTests@a53bb6f]" started-at="2022-06-18T12:24:54 WEST" name="createClientInvalidBirthDateTest" description="check if client birth Date is correctly validated" data-provider="testDates" finished-at="2022-06-18T12:24:54 WEST" duration-ms="22" status="FAIL">
          <params>
            <param index="0">
              <value>
                <![CDATA[2022-06-06T12:02:56Z]]>
              </value>
            </param>
          </params>
          <exception class="java.lang.AssertionError">
            <message>
              <![CDATA[Message should be Invalid Birth Date when using 2022-06-06T12:02:56Z
Expected: is "Invalid Birth Date"
     but: was "JSON parse error: Cannot deserialize value of type `java.time.LocalDate` from String \"2022-06-06T12:02:56Z\": Failed to deserialize java.time.LocalDate: (java.time.format.DateTimeParseException) Text '2022-06-06T12:02:56Z' could not be parsed, unparsed text found at index 10; nested exception is com.fasterxml.jackson.databind.exc.InvalidFormatException: Cannot deserialize value of type `java.time.LocalDate` from String \"2022-06-06T12:02:56Z\": Failed to deserialize java.time.LocalDate: (java.time.format.DateTimeParseException) Text '2022-06-06T12:02:56Z' could not be parsed, unparsed text found at index 10\n at [Source: (PushbackInputStream); line: 1, column: 190] (through reference chain: pt.ua.garage.model.Client[\"birthDate\"])"]]>
            </message>
            <full-stacktrace>
              <![CDATA[java.lang.AssertionError: Message should be Invalid Birth Date when using 2022-06-06T12:02:56Z
Expected: is "Invalid Birth Date"
     but: was "JSON parse error: Cannot deserialize value of type `java.time.LocalDate` from String \"2022-06-06T12:02:56Z\": Failed to deserialize java.time.LocalDate: (java.time.format.DateTimeParseException) Text '2022-06-06T12:02:56Z' could not be parsed, unparsed text found at index 10; nested exception is com.fasterxml.jackson.databind.exc.InvalidFormatException: Cannot deserialize value of type `java.time.LocalDate` from String \"2022-06-06T12:02:56Z\": Failed to deserialize java.time.LocalDate: (java.time.format.DateTimeParseException) Text '2022-06-06T12:02:56Z' could not be parsed, unparsed text found at index 10\n at [Source: (PushbackInputStream); line: 1, column: 190] (through reference chain: pt.ua.garage.model.Client[\"birthDate\"])"
at org.hamcrest.MatcherAssert.assertThat(MatcherAssert.java:20)
at api.validators.ErrorResponseValidator.assertErrorResponse(ErrorResponseValidator.java:24)
at api.client.CreateClientTests.validateCreateClientBadRequest(CreateClientTests.java:99)
at api.client.CreateClientTests.createClientInvalidBirthDateTest(CreateClientTests.java:110)
at java.base/jdk.internal.reflect.NativeMethodAccessorImpl.invoke0(Native Method)
at java.base/jdk.internal.reflect.NativeMethodAccessorImpl.invoke(NativeMethodAccessorImpl.java:64)
at java.base/jdk.internal.reflect.DelegatingMethodAccessorImpl.invoke(DelegatingMethodAccessorImpl.java:43)
at java.base/java.lang.reflect.Method.invoke(Method.java:564)
at org.testng.internal.MethodInvocationHelper.invokeMethod(MethodInvocationHelper.java:133)
at org.testng.internal.TestInvoker.invokeMethod(TestInvoker.java:598)
at org.testng.internal.TestInvoker.invokeTestMethod(TestInvoker.java:173)
at org.testng.internal.MethodRunner.runInSequence(MethodRunner.java:46)
at org.testng.internal.TestInvoker$MethodInvocationAgent.invoke(TestInvoker.java:824)
at org.testng.internal.TestInvoker.invokeTestMethods(TestInvoker.java:146)
at org.testng.internal.TestMethodWorker.invokeTestMethods(TestMethodWorker.java:146)
at org.testng.internal.TestMethodWorker.run(TestMethodWorker.java:128)
at java.base/java.util.ArrayList.forEach(ArrayList.java:1511)
at org.testng.TestRunner.privateRun(TestRunner.java:794)
at org.testng.TestRunner.run(TestRunner.java:596)
at org.testng.SuiteRunner.runTest(SuiteRunner.java:377)
at org.testng.SuiteRunner.runSequentially(SuiteRunner.java:371)
at org.testng.SuiteRunner.privateRun(SuiteRunner.java:332)
at org.testng.SuiteRunner.run(SuiteRunner.java:276)
at org.testng.SuiteRunnerWorker.runSuite(SuiteRunnerWorker.java:53)
at org.testng.SuiteRunnerWorker.run(SuiteRunnerWorker.java:96)
at org.testng.TestNG.runSuitesSequentially(TestNG.java:1212)
at org.testng.TestNG.runSuitesLocally(TestNG.java:1134)
at org.testng.TestNG.runSuites(TestNG.java:1063)
at org.testng.TestNG.run(TestNG.java:1031)
at org.gradle.api.internal.tasks.testing.testng.TestNGTestClassProcessor.runTests(TestNGTestClassProcessor.java:141)
at org.gradle.api.internal.tasks.testing.testng.TestNGTestClassProcessor.stop(TestNGTestClassProcessor.java:90)
at org.gradle.api.internal.tasks.testing.SuiteTestClassProcessor.stop(SuiteTestClassProcessor.java:61)
at java.base/jdk.internal.reflect.NativeMethodAccessorImpl.invoke0(Native Method)
at java.base/jdk.internal.reflect.NativeMethodAccessorImpl.invoke(NativeMethodAccessorImpl.java:64)
at java.base/jdk.internal.reflect.DelegatingMethodAccessorImpl.invoke(DelegatingMethodAccessorImpl.java:43)
at java.base/java.lang.reflect.Method.invoke(Method.java:564)
at org.gradle.internal.dispatch.ReflectionDispatch.dispatch(ReflectionDispatch.java:36)
at org.gradle.internal.dispatch.ReflectionDispatch.dispatch(ReflectionDispatch.java:24)
at org.gradle.internal.dispatch.ContextClassLoaderDispatch.dispatch(ContextClassLoaderDispatch.java:33)
at org.gradle.internal.dispatch.ProxyDispatchAdapter$DispatchingInvocationHandler.invoke(ProxyDispatchAdapter.java:94)
at com.sun.proxy.$Proxy5.stop(Unknown Source)
at org.gradle.api.internal.tasks.testing.worker.TestWorker$3.run(TestWorker.java:193)
at org.gradle.api.internal.tasks.testing.worker.TestWorker.executeAndMaintainThreadName(TestWorker.java:129)
at org.gradle.api.internal.tasks.testing.worker.TestWorker.execute(TestWorker.java:100)
at org.gradle.api.internal.tasks.testing.worker.TestWorker.execute(TestWorker.java:60)
at org.gradle.process.internal.worker.child.ActionExecutionWorker.execute(ActionExecutionWorker.java:56)
at org.gradle.process.internal.worker.child.SystemApplicationClassLoaderWorker.call(SystemApplicationClassLoaderWorker.java:133)
at org.gradle.process.internal.worker.child.SystemApplicationClassLoaderWorker.call(SystemApplicationClassLoaderWorker.java:71)
at worker.org.gradle.process.internal.worker.GradleWorkerMain.run(GradleWorkerMain.java:69)
at worker.org.gradle.process.internal.worker.GradleWorkerMain.main(GradleWorkerMain.java:74)
]]>
            </full-stacktrace>
          </exception> <!-- java.lang.AssertionError -->
          <reporter-output>
          </reporter-output>
        </test-method> <!-- createClientInvalidBirthDateTest -->
        <test-method is-config="true" signature="cleanData()[pri:0, instance:api.client.CreateClientTests@a53bb6f]" started-at="2022-06-18T12:24:54 WEST" name="cleanData" finished-at="2022-06-18T12:24:54 WEST" duration-ms="0" status="PASS">
          <reporter-output>
          </reporter-output>
        </test-method> <!-- cleanData -->
        <test-method signature="createClientInvalidClientDateTest(java.lang.String)[pri:0, instance:api.client.CreateClientTests@a53bb6f]" started-at="2022-06-18T12:24:54 WEST" name="createClientInvalidClientDateTest" description="check if client Client Date is correctly validated" data-provider="testDates" finished-at="2022-06-18T12:24:54 WEST" duration-ms="20" status="FAIL">
          <params>
            <param index="0">
              <value>
                <![CDATA[2022-13-06]]>
              </value>
            </param>
          </params>
          <exception class="java.lang.AssertionError">
            <message>
              <![CDATA[Message should be Invalid Client Date when using 2022-13-06
Expected: is "Invalid Client Date"
     but: was "JSON parse error: Cannot deserialize value of type `java.time.LocalDate` from String \"2022-13-06\": Failed to deserialize java.time.LocalDate: (java.time.format.DateTimeParseException) Text '2022-13-06' could not be parsed: Invalid value for MonthOfYear (valid values 1 - 12): 13; nested exception is com.fasterxml.jackson.databind.exc.InvalidFormatException: Cannot deserialize value of type `java.time.LocalDate` from String \"2022-13-06\": Failed to deserialize java.time.LocalDate: (java.time.format.DateTimeParseException) Text '2022-13-06' could not be parsed: Invalid value for MonthOfYear (valid values 1 - 12): 13\n at [Source: (PushbackInputStream); line: 1, column: 216] (through reference chain: pt.ua.garage.model.Client[\"clientDate\"])"]]>
            </message>
            <full-stacktrace>
              <![CDATA[java.lang.AssertionError: Message should be Invalid Client Date when using 2022-13-06
Expected: is "Invalid Client Date"
     but: was "JSON parse error: Cannot deserialize value of type `java.time.LocalDate` from String \"2022-13-06\": Failed to deserialize java.time.LocalDate: (java.time.format.DateTimeParseException) Text '2022-13-06' could not be parsed: Invalid value for MonthOfYear (valid values 1 - 12): 13; nested exception is com.fasterxml.jackson.databind.exc.InvalidFormatException: Cannot deserialize value of type `java.time.LocalDate` from String \"2022-13-06\": Failed to deserialize java.time.LocalDate: (java.time.format.DateTimeParseException) Text '2022-13-06' could not be parsed: Invalid value for MonthOfYear (valid values 1 - 12): 13\n at [Source: (PushbackInputStream); line: 1, column: 216] (through reference chain: pt.ua.garage.model.Client[\"clientDate\"])"
at org.hamcrest.MatcherAssert.assertThat(MatcherAssert.java:20)
at api.validators.ErrorResponseValidator.assertErrorResponse(ErrorResponseValidator.java:24)
at api.client.CreateClientTests.validateCreateClientBadRequest(CreateClientTests.java:99)
at api.client.CreateClientTests.createClientInvalidClientDateTest(CreateClientTests.java:121)
at java.base/jdk.internal.reflect.NativeMethodAccessorImpl.invoke0(Native Method)
at java.base/jdk.internal.reflect.NativeMethodAccessorImpl.invoke(NativeMethodAccessorImpl.java:64)
at java.base/jdk.internal.reflect.DelegatingMethodAccessorImpl.invoke(DelegatingMethodAccessorImpl.java:43)
at java.base/java.lang.reflect.Method.invoke(Method.java:564)
at org.testng.internal.MethodInvocationHelper.invokeMethod(MethodInvocationHelper.java:133)
at org.testng.internal.TestInvoker.invokeMethod(TestInvoker.java:598)
at org.testng.internal.TestInvoker.invokeTestMethod(TestInvoker.java:173)
at org.testng.internal.MethodRunner.runInSequence(MethodRunner.java:46)
at org.testng.internal.TestInvoker$MethodInvocationAgent.invoke(TestInvoker.java:824)
at org.testng.internal.TestInvoker.invokeTestMethods(TestInvoker.java:146)
at org.testng.internal.TestMethodWorker.invokeTestMethods(TestMethodWorker.java:146)
at org.testng.internal.TestMethodWorker.run(TestMethodWorker.java:128)
at java.base/java.util.ArrayList.forEach(ArrayList.java:1511)
at org.testng.TestRunner.privateRun(TestRunner.java:794)
at org.testng.TestRunner.run(TestRunner.java:596)
at org.testng.SuiteRunner.runTest(SuiteRunner.java:377)
at org.testng.SuiteRunner.runSequentially(SuiteRunner.java:371)
at org.testng.SuiteRunner.privateRun(SuiteRunner.java:332)
at org.testng.SuiteRunner.run(SuiteRunner.java:276)
at org.testng.SuiteRunnerWorker.runSuite(SuiteRunnerWorker.java:53)
at org.testng.SuiteRunnerWorker.run(SuiteRunnerWorker.java:96)
at org.testng.TestNG.runSuitesSequentially(TestNG.java:1212)
at org.testng.TestNG.runSuitesLocally(TestNG.java:1134)
at org.testng.TestNG.runSuites(TestNG.java:1063)
at org.testng.TestNG.run(TestNG.java:1031)
at org.gradle.api.internal.tasks.testing.testng.TestNGTestClassProcessor.runTests(TestNGTestClassProcessor.java:141)
at org.gradle.api.internal.tasks.testing.testng.TestNGTestClassProcessor.stop(TestNGTestClassProcessor.java:90)
at org.gradle.api.internal.tasks.testing.SuiteTestClassProcessor.stop(SuiteTestClassProcessor.java:61)
at java.base/jdk.internal.reflect.NativeMethodAccessorImpl.invoke0(Native Method)
at java.base/jdk.internal.reflect.NativeMethodAccessorImpl.invoke(NativeMethodAccessorImpl.java:64)
at java.base/jdk.internal.reflect.DelegatingMethodAccessorImpl.invoke(DelegatingMethodAccessorImpl.java:43)
at java.base/java.lang.reflect.Method.invoke(Method.java:564)
at org.gradle.internal.dispatch.ReflectionDispatch.dispatch(ReflectionDispatch.java:36)
at org.gradle.internal.dispatch.ReflectionDispatch.dispatch(ReflectionDispatch.java:24)
at org.gradle.internal.dispatch.ContextClassLoaderDispatch.dispatch(ContextClassLoaderDispatch.java:33)
at org.gradle.internal.dispatch.ProxyDispatchAdapter$DispatchingInvocationHandler.invoke(ProxyDispatchAdapter.java:94)
at com.sun.proxy.$Proxy5.stop(Unknown Source)
at org.gradle.api.internal.tasks.testing.worker.TestWorker$3.run(TestWorker.java:193)
at org.gradle.api.internal.tasks.testing.worker.TestWorker.executeAndMaintainThreadName(TestWorker.java:129)
at org.gradle.api.internal.tasks.testing.worker.TestWorker.execute(TestWorker.java:100)
at org.gradle.api.internal.tasks.testing.worker.TestWorker.execute(TestWorker.java:60)
at org.gradle.process.internal.worker.child.ActionExecutionWorker.execute(ActionExecutionWorker.java:56)
at org.gradle.process.internal.worker.child.SystemApplicationClassLoaderWorker.call(SystemApplicationClassLoaderWorker.java:133)
at org.gradle.process.internal.worker.child.SystemApplicationClassLoaderWorker.call(SystemApplicationClassLoaderWorker.java:71)
at worker.org.gradle.process.internal.worker.GradleWorkerMain.run(GradleWorkerMain.java:69)
at worker.org.gradle.process.internal.worker.GradleWorkerMain.main(GradleWorkerMain.java:74)
]]>
            </full-stacktrace>
          </exception> <!-- java.lang.AssertionError -->
          <reporter-output>
          </reporter-output>
        </test-method> <!-- createClientInvalidClientDateTest -->
        <test-method is-config="true" signature="cleanData()[pri:0, instance:api.client.CreateClientTests@a53bb6f]" started-at="2022-06-18T12:24:54 WEST" name="cleanData" finished-at="2022-06-18T12:24:54 WEST" duration-ms="0" status="PASS">
          <reporter-output>
          </reporter-output>
        </test-method> <!-- cleanData -->
        <test-method signature="createClientInvalidClientDateTest(java.lang.String)[pri:0, instance:api.client.CreateClientTests@a53bb6f]" started-at="2022-06-18T12:24:54 WEST" name="createClientInvalidClientDateTest" description="check if client Client Date is correctly validated" data-provider="testDates" finished-at="2022-06-18T12:24:54 WEST" duration-ms="16" status="FAIL">
          <params>
            <param index="0">
              <value>
                <![CDATA[2022-06-32]]>
              </value>
            </param>
          </params>
          <exception class="java.lang.AssertionError">
            <message>
              <![CDATA[Message should be Invalid Client Date when using 2022-06-32
Expected: is "Invalid Client Date"
     but: was "JSON parse error: Cannot deserialize value of type `java.time.LocalDate` from String \"2022-06-32\": Failed to deserialize java.time.LocalDate: (java.time.format.DateTimeParseException) Text '2022-06-32' could not be parsed: Invalid value for DayOfMonth (valid values 1 - 28/31): 32; nested exception is com.fasterxml.jackson.databind.exc.InvalidFormatException: Cannot deserialize value of type `java.time.LocalDate` from String \"2022-06-32\": Failed to deserialize java.time.LocalDate: (java.time.format.DateTimeParseException) Text '2022-06-32' could not be parsed: Invalid value for DayOfMonth (valid values 1 - 28/31): 32\n at [Source: (PushbackInputStream); line: 1, column: 216] (through reference chain: pt.ua.garage.model.Client[\"clientDate\"])"]]>
            </message>
            <full-stacktrace>
              <![CDATA[java.lang.AssertionError: Message should be Invalid Client Date when using 2022-06-32
Expected: is "Invalid Client Date"
     but: was "JSON parse error: Cannot deserialize value of type `java.time.LocalDate` from String \"2022-06-32\": Failed to deserialize java.time.LocalDate: (java.time.format.DateTimeParseException) Text '2022-06-32' could not be parsed: Invalid value for DayOfMonth (valid values 1 - 28/31): 32; nested exception is com.fasterxml.jackson.databind.exc.InvalidFormatException: Cannot deserialize value of type `java.time.LocalDate` from String \"2022-06-32\": Failed to deserialize java.time.LocalDate: (java.time.format.DateTimeParseException) Text '2022-06-32' could not be parsed: Invalid value for DayOfMonth (valid values 1 - 28/31): 32\n at [Source: (PushbackInputStream); line: 1, column: 216] (through reference chain: pt.ua.garage.model.Client[\"clientDate\"])"
at org.hamcrest.MatcherAssert.assertThat(MatcherAssert.java:20)
at api.validators.ErrorResponseValidator.assertErrorResponse(ErrorResponseValidator.java:24)
at api.client.CreateClientTests.validateCreateClientBadRequest(CreateClientTests.java:99)
at api.client.CreateClientTests.createClientInvalidClientDateTest(CreateClientTests.java:121)
at java.base/jdk.internal.reflect.NativeMethodAccessorImpl.invoke0(Native Method)
at java.base/jdk.internal.reflect.NativeMethodAccessorImpl.invoke(NativeMethodAccessorImpl.java:64)
at java.base/jdk.internal.reflect.DelegatingMethodAccessorImpl.invoke(DelegatingMethodAccessorImpl.java:43)
at java.base/java.lang.reflect.Method.invoke(Method.java:564)
at org.testng.internal.MethodInvocationHelper.invokeMethod(MethodInvocationHelper.java:133)
at org.testng.internal.TestInvoker.invokeMethod(TestInvoker.java:598)
at org.testng.internal.TestInvoker.invokeTestMethod(TestInvoker.java:173)
at org.testng.internal.MethodRunner.runInSequence(MethodRunner.java:46)
at org.testng.internal.TestInvoker$MethodInvocationAgent.invoke(TestInvoker.java:824)
at org.testng.internal.TestInvoker.invokeTestMethods(TestInvoker.java:146)
at org.testng.internal.TestMethodWorker.invokeTestMethods(TestMethodWorker.java:146)
at org.testng.internal.TestMethodWorker.run(TestMethodWorker.java:128)
at java.base/java.util.ArrayList.forEach(ArrayList.java:1511)
at org.testng.TestRunner.privateRun(TestRunner.java:794)
at org.testng.TestRunner.run(TestRunner.java:596)
at org.testng.SuiteRunner.runTest(SuiteRunner.java:377)
at org.testng.SuiteRunner.runSequentially(SuiteRunner.java:371)
at org.testng.SuiteRunner.privateRun(SuiteRunner.java:332)
at org.testng.SuiteRunner.run(SuiteRunner.java:276)
at org.testng.SuiteRunnerWorker.runSuite(SuiteRunnerWorker.java:53)
at org.testng.SuiteRunnerWorker.run(SuiteRunnerWorker.java:96)
at org.testng.TestNG.runSuitesSequentially(TestNG.java:1212)
at org.testng.TestNG.runSuitesLocally(TestNG.java:1134)
at org.testng.TestNG.runSuites(TestNG.java:1063)
at org.testng.TestNG.run(TestNG.java:1031)
at org.gradle.api.internal.tasks.testing.testng.TestNGTestClassProcessor.runTests(TestNGTestClassProcessor.java:141)
at org.gradle.api.internal.tasks.testing.testng.TestNGTestClassProcessor.stop(TestNGTestClassProcessor.java:90)
at org.gradle.api.internal.tasks.testing.SuiteTestClassProcessor.stop(SuiteTestClassProcessor.java:61)
at java.base/jdk.internal.reflect.NativeMethodAccessorImpl.invoke0(Native Method)
at java.base/jdk.internal.reflect.NativeMethodAccessorImpl.invoke(NativeMethodAccessorImpl.java:64)
at java.base/jdk.internal.reflect.DelegatingMethodAccessorImpl.invoke(DelegatingMethodAccessorImpl.java:43)
at java.base/java.lang.reflect.Method.invoke(Method.java:564)
at org.gradle.internal.dispatch.ReflectionDispatch.dispatch(ReflectionDispatch.java:36)
at org.gradle.internal.dispatch.ReflectionDispatch.dispatch(ReflectionDispatch.java:24)
at org.gradle.internal.dispatch.ContextClassLoaderDispatch.dispatch(ContextClassLoaderDispatch.java:33)
at org.gradle.internal.dispatch.ProxyDispatchAdapter$DispatchingInvocationHandler.invoke(ProxyDispatchAdapter.java:94)
at com.sun.proxy.$Proxy5.stop(Unknown Source)
at org.gradle.api.internal.tasks.testing.worker.TestWorker$3.run(TestWorker.java:193)
at org.gradle.api.internal.tasks.testing.worker.TestWorker.executeAndMaintainThreadName(TestWorker.java:129)
at org.gradle.api.internal.tasks.testing.worker.TestWorker.execute(TestWorker.java:100)
at org.gradle.api.internal.tasks.testing.worker.TestWorker.execute(TestWorker.java:60)
at org.gradle.process.internal.worker.child.ActionExecutionWorker.execute(ActionExecutionWorker.java:56)
at org.gradle.process.internal.worker.child.SystemApplicationClassLoaderWorker.call(SystemApplicationClassLoaderWorker.java:133)
at org.gradle.process.internal.worker.child.SystemApplicationClassLoaderWorker.call(SystemApplicationClassLoaderWorker.java:71)
at worker.org.gradle.process.internal.worker.GradleWorkerMain.run(GradleWorkerMain.java:69)
at worker.org.gradle.process.internal.worker.GradleWorkerMain.main(GradleWorkerMain.java:74)
]]>
            </full-stacktrace>
          </exception> <!-- java.lang.AssertionError -->
          <reporter-output>
          </reporter-output>
        </test-method> <!-- createClientInvalidClientDateTest -->
        <test-method is-config="true" signature="cleanData()[pri:0, instance:api.client.CreateClientTests@a53bb6f]" started-at="2022-06-18T12:24:54 WEST" name="cleanData" finished-at="2022-06-18T12:24:54 WEST" duration-ms="0" status="PASS">
          <reporter-output>
          </reporter-output>
        </test-method> <!-- cleanData -->
        <test-method signature="createClientInvalidClientDateTest(java.lang.String)[pri:0, instance:api.client.CreateClientTests@a53bb6f]" started-at="2022-06-18T12:24:54 WEST" name="createClientInvalidClientDateTest" description="check if client Client Date is correctly validated" data-provider="testDates" finished-at="2022-06-18T12:24:54 WEST" duration-ms="15" status="FAIL">
          <params>
            <param index="0">
              <value>
                <![CDATA[2022/06/06]]>
              </value>
            </param>
          </params>
          <exception class="java.lang.AssertionError">
            <message>
              <![CDATA[Message should be Invalid Client Date when using 2022/06/06
Expected: is "Invalid Client Date"
     but: was "JSON parse error: Cannot deserialize value of type `java.time.LocalDate` from String \"2022/06/06\": Failed to deserialize java.time.LocalDate: (java.time.format.DateTimeParseException) Text '2022/06/06' could not be parsed at index 4; nested exception is com.fasterxml.jackson.databind.exc.InvalidFormatException: Cannot deserialize value of type `java.time.LocalDate` from String \"2022/06/06\": Failed to deserialize java.time.LocalDate: (java.time.format.DateTimeParseException) Text '2022/06/06' could not be parsed at index 4\n at [Source: (PushbackInputStream); line: 1, column: 216] (through reference chain: pt.ua.garage.model.Client[\"clientDate\"])"]]>
            </message>
            <full-stacktrace>
              <![CDATA[java.lang.AssertionError: Message should be Invalid Client Date when using 2022/06/06
Expected: is "Invalid Client Date"
     but: was "JSON parse error: Cannot deserialize value of type `java.time.LocalDate` from String \"2022/06/06\": Failed to deserialize java.time.LocalDate: (java.time.format.DateTimeParseException) Text '2022/06/06' could not be parsed at index 4; nested exception is com.fasterxml.jackson.databind.exc.InvalidFormatException: Cannot deserialize value of type `java.time.LocalDate` from String \"2022/06/06\": Failed to deserialize java.time.LocalDate: (java.time.format.DateTimeParseException) Text '2022/06/06' could not be parsed at index 4\n at [Source: (PushbackInputStream); line: 1, column: 216] (through reference chain: pt.ua.garage.model.Client[\"clientDate\"])"
at org.hamcrest.MatcherAssert.assertThat(MatcherAssert.java:20)
at api.validators.ErrorResponseValidator.assertErrorResponse(ErrorResponseValidator.java:24)
at api.client.CreateClientTests.validateCreateClientBadRequest(CreateClientTests.java:99)
at api.client.CreateClientTests.createClientInvalidClientDateTest(CreateClientTests.java:121)
at java.base/jdk.internal.reflect.NativeMethodAccessorImpl.invoke0(Native Method)
at java.base/jdk.internal.reflect.NativeMethodAccessorImpl.invoke(NativeMethodAccessorImpl.java:64)
at java.base/jdk.internal.reflect.DelegatingMethodAccessorImpl.invoke(DelegatingMethodAccessorImpl.java:43)
at java.base/java.lang.reflect.Method.invoke(Method.java:564)
at org.testng.internal.MethodInvocationHelper.invokeMethod(MethodInvocationHelper.java:133)
at org.testng.internal.TestInvoker.invokeMethod(TestInvoker.java:598)
at org.testng.internal.TestInvoker.invokeTestMethod(TestInvoker.java:173)
at org.testng.internal.MethodRunner.runInSequence(MethodRunner.java:46)
at org.testng.internal.TestInvoker$MethodInvocationAgent.invoke(TestInvoker.java:824)
at org.testng.internal.TestInvoker.invokeTestMethods(TestInvoker.java:146)
at org.testng.internal.TestMethodWorker.invokeTestMethods(TestMethodWorker.java:146)
at org.testng.internal.TestMethodWorker.run(TestMethodWorker.java:128)
at java.base/java.util.ArrayList.forEach(ArrayList.java:1511)
at org.testng.TestRunner.privateRun(TestRunner.java:794)
at org.testng.TestRunner.run(TestRunner.java:596)
at org.testng.SuiteRunner.runTest(SuiteRunner.java:377)
at org.testng.SuiteRunner.runSequentially(SuiteRunner.java:371)
at org.testng.SuiteRunner.privateRun(SuiteRunner.java:332)
at org.testng.SuiteRunner.run(SuiteRunner.java:276)
at org.testng.SuiteRunnerWorker.runSuite(SuiteRunnerWorker.java:53)
at org.testng.SuiteRunnerWorker.run(SuiteRunnerWorker.java:96)
at org.testng.TestNG.runSuitesSequentially(TestNG.java:1212)
at org.testng.TestNG.runSuitesLocally(TestNG.java:1134)
at org.testng.TestNG.runSuites(TestNG.java:1063)
at org.testng.TestNG.run(TestNG.java:1031)
at org.gradle.api.internal.tasks.testing.testng.TestNGTestClassProcessor.runTests(TestNGTestClassProcessor.java:141)
at org.gradle.api.internal.tasks.testing.testng.TestNGTestClassProcessor.stop(TestNGTestClassProcessor.java:90)
at org.gradle.api.internal.tasks.testing.SuiteTestClassProcessor.stop(SuiteTestClassProcessor.java:61)
at java.base/jdk.internal.reflect.NativeMethodAccessorImpl.invoke0(Native Method)
at java.base/jdk.internal.reflect.NativeMethodAccessorImpl.invoke(NativeMethodAccessorImpl.java:64)
at java.base/jdk.internal.reflect.DelegatingMethodAccessorImpl.invoke(DelegatingMethodAccessorImpl.java:43)
at java.base/java.lang.reflect.Method.invoke(Method.java:564)
at org.gradle.internal.dispatch.ReflectionDispatch.dispatch(ReflectionDispatch.java:36)
at org.gradle.internal.dispatch.ReflectionDispatch.dispatch(ReflectionDispatch.java:24)
at org.gradle.internal.dispatch.ContextClassLoaderDispatch.dispatch(ContextClassLoaderDispatch.java:33)
at org.gradle.internal.dispatch.ProxyDispatchAdapter$DispatchingInvocationHandler.invoke(ProxyDispatchAdapter.java:94)
at com.sun.proxy.$Proxy5.stop(Unknown Source)
at org.gradle.api.internal.tasks.testing.worker.TestWorker$3.run(TestWorker.java:193)
at org.gradle.api.internal.tasks.testing.worker.TestWorker.executeAndMaintainThreadName(TestWorker.java:129)
at org.gradle.api.internal.tasks.testing.worker.TestWorker.execute(TestWorker.java:100)
at org.gradle.api.internal.tasks.testing.worker.TestWorker.execute(TestWorker.java:60)
at org.gradle.process.internal.worker.child.ActionExecutionWorker.execute(ActionExecutionWorker.java:56)
at org.gradle.process.internal.worker.child.SystemApplicationClassLoaderWorker.call(SystemApplicationClassLoaderWorker.java:133)
at org.gradle.process.internal.worker.child.SystemApplicationClassLoaderWorker.call(SystemApplicationClassLoaderWorker.java:71)
at worker.org.gradle.process.internal.worker.GradleWorkerMain.run(GradleWorkerMain.java:69)
at worker.org.gradle.process.internal.worker.GradleWorkerMain.main(GradleWorkerMain.java:74)
]]>
            </full-stacktrace>
          </exception> <!-- java.lang.AssertionError -->
          <reporter-output>
          </reporter-output>
        </test-method> <!-- createClientInvalidClientDateTest -->
        <test-method is-config="true" signature="cleanData()[pri:0, instance:api.client.CreateClientTests@a53bb6f]" started-at="2022-06-18T12:24:54 WEST" name="cleanData" finished-at="2022-06-18T12:24:54 WEST" duration-ms="0" status="PASS">
          <reporter-output>
          </reporter-output>
        </test-method> <!-- cleanData -->
        <test-method signature="createClientInvalidClientDateTest(java.lang.String)[pri:0, instance:api.client.CreateClientTests@a53bb6f]" started-at="2022-06-18T12:24:54 WEST" name="createClientInvalidClientDateTest" description="check if client Client Date is correctly validated" data-provider="testDates" finished-at="2022-06-18T12:24:54 WEST" duration-ms="21" status="FAIL">
          <params>
            <param index="0">
              <value>
                <![CDATA[2022 06 06]]>
              </value>
            </param>
          </params>
          <exception class="java.lang.AssertionError">
            <message>
              <![CDATA[Message should be Invalid Client Date when using 2022 06 06
Expected: is "Invalid Client Date"
     but: was "JSON parse error: Cannot deserialize value of type `java.time.LocalDate` from String \"2022 06 06\": Failed to deserialize java.time.LocalDate: (java.time.format.DateTimeParseException) Text '2022 06 06' could not be parsed at index 4; nested exception is com.fasterxml.jackson.databind.exc.InvalidFormatException: Cannot deserialize value of type `java.time.LocalDate` from String \"2022 06 06\": Failed to deserialize java.time.LocalDate: (java.time.format.DateTimeParseException) Text '2022 06 06' could not be parsed at index 4\n at [Source: (PushbackInputStream); line: 1, column: 216] (through reference chain: pt.ua.garage.model.Client[\"clientDate\"])"]]>
            </message>
            <full-stacktrace>
              <![CDATA[java.lang.AssertionError: Message should be Invalid Client Date when using 2022 06 06
Expected: is "Invalid Client Date"
     but: was "JSON parse error: Cannot deserialize value of type `java.time.LocalDate` from String \"2022 06 06\": Failed to deserialize java.time.LocalDate: (java.time.format.DateTimeParseException) Text '2022 06 06' could not be parsed at index 4; nested exception is com.fasterxml.jackson.databind.exc.InvalidFormatException: Cannot deserialize value of type `java.time.LocalDate` from String \"2022 06 06\": Failed to deserialize java.time.LocalDate: (java.time.format.DateTimeParseException) Text '2022 06 06' could not be parsed at index 4\n at [Source: (PushbackInputStream); line: 1, column: 216] (through reference chain: pt.ua.garage.model.Client[\"clientDate\"])"
at org.hamcrest.MatcherAssert.assertThat(MatcherAssert.java:20)
at api.validators.ErrorResponseValidator.assertErrorResponse(ErrorResponseValidator.java:24)
at api.client.CreateClientTests.validateCreateClientBadRequest(CreateClientTests.java:99)
at api.client.CreateClientTests.createClientInvalidClientDateTest(CreateClientTests.java:121)
at java.base/jdk.internal.reflect.NativeMethodAccessorImpl.invoke0(Native Method)
at java.base/jdk.internal.reflect.NativeMethodAccessorImpl.invoke(NativeMethodAccessorImpl.java:64)
at java.base/jdk.internal.reflect.DelegatingMethodAccessorImpl.invoke(DelegatingMethodAccessorImpl.java:43)
at java.base/java.lang.reflect.Method.invoke(Method.java:564)
at org.testng.internal.MethodInvocationHelper.invokeMethod(MethodInvocationHelper.java:133)
at org.testng.internal.TestInvoker.invokeMethod(TestInvoker.java:598)
at org.testng.internal.TestInvoker.invokeTestMethod(TestInvoker.java:173)
at org.testng.internal.MethodRunner.runInSequence(MethodRunner.java:46)
at org.testng.internal.TestInvoker$MethodInvocationAgent.invoke(TestInvoker.java:824)
at org.testng.internal.TestInvoker.invokeTestMethods(TestInvoker.java:146)
at org.testng.internal.TestMethodWorker.invokeTestMethods(TestMethodWorker.java:146)
at org.testng.internal.TestMethodWorker.run(TestMethodWorker.java:128)
at java.base/java.util.ArrayList.forEach(ArrayList.java:1511)
at org.testng.TestRunner.privateRun(TestRunner.java:794)
at org.testng.TestRunner.run(TestRunner.java:596)
at org.testng.SuiteRunner.runTest(SuiteRunner.java:377)
at org.testng.SuiteRunner.runSequentially(SuiteRunner.java:371)
at org.testng.SuiteRunner.privateRun(SuiteRunner.java:332)
at org.testng.SuiteRunner.run(SuiteRunner.java:276)
at org.testng.SuiteRunnerWorker.runSuite(SuiteRunnerWorker.java:53)
at org.testng.SuiteRunnerWorker.run(SuiteRunnerWorker.java:96)
at org.testng.TestNG.runSuitesSequentially(TestNG.java:1212)
at org.testng.TestNG.runSuitesLocally(TestNG.java:1134)
at org.testng.TestNG.runSuites(TestNG.java:1063)
at org.testng.TestNG.run(TestNG.java:1031)
at org.gradle.api.internal.tasks.testing.testng.TestNGTestClassProcessor.runTests(TestNGTestClassProcessor.java:141)
at org.gradle.api.internal.tasks.testing.testng.TestNGTestClassProcessor.stop(TestNGTestClassProcessor.java:90)
at org.gradle.api.internal.tasks.testing.SuiteTestClassProcessor.stop(SuiteTestClassProcessor.java:61)
at java.base/jdk.internal.reflect.NativeMethodAccessorImpl.invoke0(Native Method)
at java.base/jdk.internal.reflect.NativeMethodAccessorImpl.invoke(NativeMethodAccessorImpl.java:64)
at java.base/jdk.internal.reflect.DelegatingMethodAccessorImpl.invoke(DelegatingMethodAccessorImpl.java:43)
at java.base/java.lang.reflect.Method.invoke(Method.java:564)
at org.gradle.internal.dispatch.ReflectionDispatch.dispatch(ReflectionDispatch.java:36)
at org.gradle.internal.dispatch.ReflectionDispatch.dispatch(ReflectionDispatch.java:24)
at org.gradle.internal.dispatch.ContextClassLoaderDispatch.dispatch(ContextClassLoaderDispatch.java:33)
at org.gradle.internal.dispatch.ProxyDispatchAdapter$DispatchingInvocationHandler.invoke(ProxyDispatchAdapter.java:94)
at com.sun.proxy.$Proxy5.stop(Unknown Source)
at org.gradle.api.internal.tasks.testing.worker.TestWorker$3.run(TestWorker.java:193)
at org.gradle.api.internal.tasks.testing.worker.TestWorker.executeAndMaintainThreadName(TestWorker.java:129)
at org.gradle.api.internal.tasks.testing.worker.TestWorker.execute(TestWorker.java:100)
at org.gradle.api.internal.tasks.testing.worker.TestWorker.execute(TestWorker.java:60)
at org.gradle.process.internal.worker.child.ActionExecutionWorker.execute(ActionExecutionWorker.java:56)
at org.gradle.process.internal.worker.child.SystemApplicationClassLoaderWorker.call(SystemApplicationClassLoaderWorker.java:133)
at org.gradle.process.internal.worker.child.SystemApplicationClassLoaderWorker.call(SystemApplicationClassLoaderWorker.java:71)
at worker.org.gradle.process.internal.worker.GradleWorkerMain.run(GradleWorkerMain.java:69)
at worker.org.gradle.process.internal.worker.GradleWorkerMain.main(GradleWorkerMain.java:74)
]]>
            </full-stacktrace>
          </exception> <!-- java.lang.AssertionError -->
          <reporter-output>
          </reporter-output>
        </test-method> <!-- createClientInvalidClientDateTest -->
        <test-method is-config="true" signature="cleanData()[pri:0, instance:api.client.CreateClientTests@a53bb6f]" started-at="2022-06-18T12:24:54 WEST" name="cleanData" finished-at="2022-06-18T12:24:54 WEST" duration-ms="1" status="PASS">
          <reporter-output>
          </reporter-output>
        </test-method> <!-- cleanData -->
        <test-method signature="createClientInvalidClientDateTest(java.lang.String)[pri:0, instance:api.client.CreateClientTests@a53bb6f]" started-at="2022-06-18T12:24:54 WEST" name="createClientInvalidClientDateTest" description="check if client Client Date is correctly validated" data-provider="testDates" finished-at="2022-06-18T12:24:54 WEST" duration-ms="18" status="FAIL">
          <params>
            <param index="0">
              <value>
                <![CDATA[2022]]>
              </value>
            </param>
          </params>
          <exception class="java.lang.AssertionError">
            <message>
              <![CDATA[Message should be Invalid Client Date when using 2022
Expected: is "Invalid Client Date"
     but: was "JSON parse error: Cannot deserialize value of type `java.time.LocalDate` from String \"2022\": Failed to deserialize java.time.LocalDate: (java.time.format.DateTimeParseException) Text '2022' could not be parsed at index 4; nested exception is com.fasterxml.jackson.databind.exc.InvalidFormatException: Cannot deserialize value of type `java.time.LocalDate` from String \"2022\": Failed to deserialize java.time.LocalDate: (java.time.format.DateTimeParseException) Text '2022' could not be parsed at index 4\n at [Source: (PushbackInputStream); line: 1, column: 216] (through reference chain: pt.ua.garage.model.Client[\"clientDate\"])"]]>
            </message>
            <full-stacktrace>
              <![CDATA[java.lang.AssertionError: Message should be Invalid Client Date when using 2022
Expected: is "Invalid Client Date"
     but: was "JSON parse error: Cannot deserialize value of type `java.time.LocalDate` from String \"2022\": Failed to deserialize java.time.LocalDate: (java.time.format.DateTimeParseException) Text '2022' could not be parsed at index 4; nested exception is com.fasterxml.jackson.databind.exc.InvalidFormatException: Cannot deserialize value of type `java.time.LocalDate` from String \"2022\": Failed to deserialize java.time.LocalDate: (java.time.format.DateTimeParseException) Text '2022' could not be parsed at index 4\n at [Source: (PushbackInputStream); line: 1, column: 216] (through reference chain: pt.ua.garage.model.Client[\"clientDate\"])"
at org.hamcrest.MatcherAssert.assertThat(MatcherAssert.java:20)
at api.validators.ErrorResponseValidator.assertErrorResponse(ErrorResponseValidator.java:24)
at api.client.CreateClientTests.validateCreateClientBadRequest(CreateClientTests.java:99)
at api.client.CreateClientTests.createClientInvalidClientDateTest(CreateClientTests.java:121)
at java.base/jdk.internal.reflect.NativeMethodAccessorImpl.invoke0(Native Method)
at java.base/jdk.internal.reflect.NativeMethodAccessorImpl.invoke(NativeMethodAccessorImpl.java:64)
at java.base/jdk.internal.reflect.DelegatingMethodAccessorImpl.invoke(DelegatingMethodAccessorImpl.java:43)
at java.base/java.lang.reflect.Method.invoke(Method.java:564)
at org.testng.internal.MethodInvocationHelper.invokeMethod(MethodInvocationHelper.java:133)
at org.testng.internal.TestInvoker.invokeMethod(TestInvoker.java:598)
at org.testng.internal.TestInvoker.invokeTestMethod(TestInvoker.java:173)
at org.testng.internal.MethodRunner.runInSequence(MethodRunner.java:46)
at org.testng.internal.TestInvoker$MethodInvocationAgent.invoke(TestInvoker.java:824)
at org.testng.internal.TestInvoker.invokeTestMethods(TestInvoker.java:146)
at org.testng.internal.TestMethodWorker.invokeTestMethods(TestMethodWorker.java:146)
at org.testng.internal.TestMethodWorker.run(TestMethodWorker.java:128)
at java.base/java.util.ArrayList.forEach(ArrayList.java:1511)
at org.testng.TestRunner.privateRun(TestRunner.java:794)
at org.testng.TestRunner.run(TestRunner.java:596)
at org.testng.SuiteRunner.runTest(SuiteRunner.java:377)
at org.testng.SuiteRunner.runSequentially(SuiteRunner.java:371)
at org.testng.SuiteRunner.privateRun(SuiteRunner.java:332)
at org.testng.SuiteRunner.run(SuiteRunner.java:276)
at org.testng.SuiteRunnerWorker.runSuite(SuiteRunnerWorker.java:53)
at org.testng.SuiteRunnerWorker.run(SuiteRunnerWorker.java:96)
at org.testng.TestNG.runSuitesSequentially(TestNG.java:1212)
at org.testng.TestNG.runSuitesLocally(TestNG.java:1134)
at org.testng.TestNG.runSuites(TestNG.java:1063)
at org.testng.TestNG.run(TestNG.java:1031)
at org.gradle.api.internal.tasks.testing.testng.TestNGTestClassProcessor.runTests(TestNGTestClassProcessor.java:141)
at org.gradle.api.internal.tasks.testing.testng.TestNGTestClassProcessor.stop(TestNGTestClassProcessor.java:90)
at org.gradle.api.internal.tasks.testing.SuiteTestClassProcessor.stop(SuiteTestClassProcessor.java:61)
at java.base/jdk.internal.reflect.NativeMethodAccessorImpl.invoke0(Native Method)
at java.base/jdk.internal.reflect.NativeMethodAccessorImpl.invoke(NativeMethodAccessorImpl.java:64)
at java.base/jdk.internal.reflect.DelegatingMethodAccessorImpl.invoke(DelegatingMethodAccessorImpl.java:43)
at java.base/java.lang.reflect.Method.invoke(Method.java:564)
at org.gradle.internal.dispatch.ReflectionDispatch.dispatch(ReflectionDispatch.java:36)
at org.gradle.internal.dispatch.ReflectionDispatch.dispatch(ReflectionDispatch.java:24)
at org.gradle.internal.dispatch.ContextClassLoaderDispatch.dispatch(ContextClassLoaderDispatch.java:33)
at org.gradle.internal.dispatch.ProxyDispatchAdapter$DispatchingInvocationHandler.invoke(ProxyDispatchAdapter.java:94)
at com.sun.proxy.$Proxy5.stop(Unknown Source)
at org.gradle.api.internal.tasks.testing.worker.TestWorker$3.run(TestWorker.java:193)
at org.gradle.api.internal.tasks.testing.worker.TestWorker.executeAndMaintainThreadName(TestWorker.java:129)
at org.gradle.api.internal.tasks.testing.worker.TestWorker.execute(TestWorker.java:100)
at org.gradle.api.internal.tasks.testing.worker.TestWorker.execute(TestWorker.java:60)
at org.gradle.process.internal.worker.child.ActionExecutionWorker.execute(ActionExecutionWorker.java:56)
at org.gradle.process.internal.worker.child.SystemApplicationClassLoaderWorker.call(SystemApplicationClassLoaderWorker.java:133)
at org.gradle.process.internal.worker.child.SystemApplicationClassLoaderWorker.call(SystemApplicationClassLoaderWorker.java:71)
at worker.org.gradle.process.internal.worker.GradleWorkerMain.run(GradleWorkerMain.java:69)
at worker.org.gradle.process.internal.worker.GradleWorkerMain.main(GradleWorkerMain.java:74)
]]>
            </full-stacktrace>
          </exception> <!-- java.lang.AssertionError -->
          <reporter-output>
          </reporter-output>
        </test-method> <!-- createClientInvalidClientDateTest -->
        <test-method is-config="true" signature="cleanData()[pri:0, instance:api.client.CreateClientTests@a53bb6f]" started-at="2022-06-18T12:24:54 WEST" name="cleanData" finished-at="2022-06-18T12:24:54 WEST" duration-ms="1" status="PASS">
          <reporter-output>
          </reporter-output>
        </test-method> <!-- cleanData -->
        <test-method signature="createClientInvalidClientDateTest(java.lang.String)[pri:0, instance:api.client.CreateClientTests@a53bb6f]" started-at="2022-06-18T12:24:54 WEST" name="createClientInvalidClientDateTest" description="check if client Client Date is correctly validated" data-provider="testDates" finished-at="2022-06-18T12:24:55 WEST" duration-ms="68" status="FAIL">
          <params>
            <param index="0">
              <value>
                <![CDATA[06-06-2022]]>
              </value>
            </param>
          </params>
          <exception class="java.lang.AssertionError">
            <message>
              <![CDATA[Message should be Invalid Client Date when using 06-06-2022
Expected: is "Invalid Client Date"
     but: was "JSON parse error: Cannot deserialize value of type `java.time.LocalDate` from String \"06-06-2022\": Failed to deserialize java.time.LocalDate: (java.time.format.DateTimeParseException) Text '06-06-2022' could not be parsed at index 0; nested exception is com.fasterxml.jackson.databind.exc.InvalidFormatException: Cannot deserialize value of type `java.time.LocalDate` from String \"06-06-2022\": Failed to deserialize java.time.LocalDate: (java.time.format.DateTimeParseException) Text '06-06-2022' could not be parsed at index 0\n at [Source: (PushbackInputStream); line: 1, column: 216] (through reference chain: pt.ua.garage.model.Client[\"clientDate\"])"]]>
            </message>
            <full-stacktrace>
              <![CDATA[java.lang.AssertionError: Message should be Invalid Client Date when using 06-06-2022
Expected: is "Invalid Client Date"
     but: was "JSON parse error: Cannot deserialize value of type `java.time.LocalDate` from String \"06-06-2022\": Failed to deserialize java.time.LocalDate: (java.time.format.DateTimeParseException) Text '06-06-2022' could not be parsed at index 0; nested exception is com.fasterxml.jackson.databind.exc.InvalidFormatException: Cannot deserialize value of type `java.time.LocalDate` from String \"06-06-2022\": Failed to deserialize java.time.LocalDate: (java.time.format.DateTimeParseException) Text '06-06-2022' could not be parsed at index 0\n at [Source: (PushbackInputStream); line: 1, column: 216] (through reference chain: pt.ua.garage.model.Client[\"clientDate\"])"
at org.hamcrest.MatcherAssert.assertThat(MatcherAssert.java:20)
at api.validators.ErrorResponseValidator.assertErrorResponse(ErrorResponseValidator.java:24)
at api.client.CreateClientTests.validateCreateClientBadRequest(CreateClientTests.java:99)
at api.client.CreateClientTests.createClientInvalidClientDateTest(CreateClientTests.java:121)
at java.base/jdk.internal.reflect.NativeMethodAccessorImpl.invoke0(Native Method)
at java.base/jdk.internal.reflect.NativeMethodAccessorImpl.invoke(NativeMethodAccessorImpl.java:64)
at java.base/jdk.internal.reflect.DelegatingMethodAccessorImpl.invoke(DelegatingMethodAccessorImpl.java:43)
at java.base/java.lang.reflect.Method.invoke(Method.java:564)
at org.testng.internal.MethodInvocationHelper.invokeMethod(MethodInvocationHelper.java:133)
at org.testng.internal.TestInvoker.invokeMethod(TestInvoker.java:598)
at org.testng.internal.TestInvoker.invokeTestMethod(TestInvoker.java:173)
at org.testng.internal.MethodRunner.runInSequence(MethodRunner.java:46)
at org.testng.internal.TestInvoker$MethodInvocationAgent.invoke(TestInvoker.java:824)
at org.testng.internal.TestInvoker.invokeTestMethods(TestInvoker.java:146)
at org.testng.internal.TestMethodWorker.invokeTestMethods(TestMethodWorker.java:146)
at org.testng.internal.TestMethodWorker.run(TestMethodWorker.java:128)
at java.base/java.util.ArrayList.forEach(ArrayList.java:1511)
at org.testng.TestRunner.privateRun(TestRunner.java:794)
at org.testng.TestRunner.run(TestRunner.java:596)
at org.testng.SuiteRunner.runTest(SuiteRunner.java:377)
at org.testng.SuiteRunner.runSequentially(SuiteRunner.java:371)
at org.testng.SuiteRunner.privateRun(SuiteRunner.java:332)
at org.testng.SuiteRunner.run(SuiteRunner.java:276)
at org.testng.SuiteRunnerWorker.runSuite(SuiteRunnerWorker.java:53)
at org.testng.SuiteRunnerWorker.run(SuiteRunnerWorker.java:96)
at org.testng.TestNG.runSuitesSequentially(TestNG.java:1212)
at org.testng.TestNG.runSuitesLocally(TestNG.java:1134)
at org.testng.TestNG.runSuites(TestNG.java:1063)
at org.testng.TestNG.run(TestNG.java:1031)
at org.gradle.api.internal.tasks.testing.testng.TestNGTestClassProcessor.runTests(TestNGTestClassProcessor.java:141)
at org.gradle.api.internal.tasks.testing.testng.TestNGTestClassProcessor.stop(TestNGTestClassProcessor.java:90)
at org.gradle.api.internal.tasks.testing.SuiteTestClassProcessor.stop(SuiteTestClassProcessor.java:61)
at java.base/jdk.internal.reflect.NativeMethodAccessorImpl.invoke0(Native Method)
at java.base/jdk.internal.reflect.NativeMethodAccessorImpl.invoke(NativeMethodAccessorImpl.java:64)
at java.base/jdk.internal.reflect.DelegatingMethodAccessorImpl.invoke(DelegatingMethodAccessorImpl.java:43)
at java.base/java.lang.reflect.Method.invoke(Method.java:564)
at org.gradle.internal.dispatch.ReflectionDispatch.dispatch(ReflectionDispatch.java:36)
at org.gradle.internal.dispatch.ReflectionDispatch.dispatch(ReflectionDispatch.java:24)
at org.gradle.internal.dispatch.ContextClassLoaderDispatch.dispatch(ContextClassLoaderDispatch.java:33)
at org.gradle.internal.dispatch.ProxyDispatchAdapter$DispatchingInvocationHandler.invoke(ProxyDispatchAdapter.java:94)
at com.sun.proxy.$Proxy5.stop(Unknown Source)
at org.gradle.api.internal.tasks.testing.worker.TestWorker$3.run(TestWorker.java:193)
at org.gradle.api.internal.tasks.testing.worker.TestWorker.executeAndMaintainThreadName(TestWorker.java:129)
at org.gradle.api.internal.tasks.testing.worker.TestWorker.execute(TestWorker.java:100)
at org.gradle.api.internal.tasks.testing.worker.TestWorker.execute(TestWorker.java:60)
at org.gradle.process.internal.worker.child.ActionExecutionWorker.execute(ActionExecutionWorker.java:56)
at org.gradle.process.internal.worker.child.SystemApplicationClassLoaderWorker.call(SystemApplicationClassLoaderWorker.java:133)
at org.gradle.process.internal.worker.child.SystemApplicationClassLoaderWorker.call(SystemApplicationClassLoaderWorker.java:71)
at worker.org.gradle.process.internal.worker.GradleWorkerMain.run(GradleWorkerMain.java:69)
at worker.org.gradle.process.internal.worker.GradleWorkerMain.main(GradleWorkerMain.java:74)
]]>
            </full-stacktrace>
          </exception> <!-- java.lang.AssertionError -->
          <reporter-output>
          </reporter-output>
        </test-method> <!-- createClientInvalidClientDateTest -->
        <test-method is-config="true" signature="cleanData()[pri:0, instance:api.client.CreateClientTests@a53bb6f]" started-at="2022-06-18T12:24:55 WEST" name="cleanData" finished-at="2022-06-18T12:24:55 WEST" duration-ms="4" status="PASS">
          <reporter-output>
          </reporter-output>
        </test-method> <!-- cleanData -->
        <test-method signature="createClientInvalidClientDateTest(java.lang.String)[pri:0, instance:api.client.CreateClientTests@a53bb6f]" started-at="2022-06-18T12:24:55 WEST" name="createClientInvalidClientDateTest" description="check if client Client Date is correctly validated" data-provider="testDates" finished-at="2022-06-18T12:24:55 WEST" duration-ms="72" status="FAIL">
          <params>
            <param index="0">
              <value>
                <![CDATA[2022-06-06T12:02:56Z]]>
              </value>
            </param>
          </params>
          <exception class="java.lang.AssertionError">
            <message>
              <![CDATA[Message should be Invalid Client Date when using 2022-06-06T12:02:56Z
Expected: is "Invalid Client Date"
     but: was "JSON parse error: Cannot deserialize value of type `java.time.LocalDate` from String \"2022-06-06T12:02:56Z\": Failed to deserialize java.time.LocalDate: (java.time.format.DateTimeParseException) Text '2022-06-06T12:02:56Z' could not be parsed, unparsed text found at index 10; nested exception is com.fasterxml.jackson.databind.exc.InvalidFormatException: Cannot deserialize value of type `java.time.LocalDate` from String \"2022-06-06T12:02:56Z\": Failed to deserialize java.time.LocalDate: (java.time.format.DateTimeParseException) Text '2022-06-06T12:02:56Z' could not be parsed, unparsed text found at index 10\n at [Source: (PushbackInputStream); line: 1, column: 216] (through reference chain: pt.ua.garage.model.Client[\"clientDate\"])"]]>
            </message>
            <full-stacktrace>
              <![CDATA[java.lang.AssertionError: Message should be Invalid Client Date when using 2022-06-06T12:02:56Z
Expected: is "Invalid Client Date"
     but: was "JSON parse error: Cannot deserialize value of type `java.time.LocalDate` from String \"2022-06-06T12:02:56Z\": Failed to deserialize java.time.LocalDate: (java.time.format.DateTimeParseException) Text '2022-06-06T12:02:56Z' could not be parsed, unparsed text found at index 10; nested exception is com.fasterxml.jackson.databind.exc.InvalidFormatException: Cannot deserialize value of type `java.time.LocalDate` from String \"2022-06-06T12:02:56Z\": Failed to deserialize java.time.LocalDate: (java.time.format.DateTimeParseException) Text '2022-06-06T12:02:56Z' could not be parsed, unparsed text found at index 10\n at [Source: (PushbackInputStream); line: 1, column: 216] (through reference chain: pt.ua.garage.model.Client[\"clientDate\"])"
at org.hamcrest.MatcherAssert.assertThat(MatcherAssert.java:20)
at api.validators.ErrorResponseValidator.assertErrorResponse(ErrorResponseValidator.java:24)
at api.client.CreateClientTests.validateCreateClientBadRequest(CreateClientTests.java:99)
at api.client.CreateClientTests.createClientInvalidClientDateTest(CreateClientTests.java:121)
at java.base/jdk.internal.reflect.NativeMethodAccessorImpl.invoke0(Native Method)
at java.base/jdk.internal.reflect.NativeMethodAccessorImpl.invoke(NativeMethodAccessorImpl.java:64)
at java.base/jdk.internal.reflect.DelegatingMethodAccessorImpl.invoke(DelegatingMethodAccessorImpl.java:43)
at java.base/java.lang.reflect.Method.invoke(Method.java:564)
at org.testng.internal.MethodInvocationHelper.invokeMethod(MethodInvocationHelper.java:133)
at org.testng.internal.TestInvoker.invokeMethod(TestInvoker.java:598)
at org.testng.internal.TestInvoker.invokeTestMethod(TestInvoker.java:173)
at org.testng.internal.MethodRunner.runInSequence(MethodRunner.java:46)
at org.testng.internal.TestInvoker$MethodInvocationAgent.invoke(TestInvoker.java:824)
at org.testng.internal.TestInvoker.invokeTestMethods(TestInvoker.java:146)
at org.testng.internal.TestMethodWorker.invokeTestMethods(TestMethodWorker.java:146)
at org.testng.internal.TestMethodWorker.run(TestMethodWorker.java:128)
at java.base/java.util.ArrayList.forEach(ArrayList.java:1511)
at org.testng.TestRunner.privateRun(TestRunner.java:794)
at org.testng.TestRunner.run(TestRunner.java:596)
at org.testng.SuiteRunner.runTest(SuiteRunner.java:377)
at org.testng.SuiteRunner.runSequentially(SuiteRunner.java:371)
at org.testng.SuiteRunner.privateRun(SuiteRunner.java:332)
at org.testng.SuiteRunner.run(SuiteRunner.java:276)
at org.testng.SuiteRunnerWorker.runSuite(SuiteRunnerWorker.java:53)
at org.testng.SuiteRunnerWorker.run(SuiteRunnerWorker.java:96)
at org.testng.TestNG.runSuitesSequentially(TestNG.java:1212)
at org.testng.TestNG.runSuitesLocally(TestNG.java:1134)
at org.testng.TestNG.runSuites(TestNG.java:1063)
at org.testng.TestNG.run(TestNG.java:1031)
at org.gradle.api.internal.tasks.testing.testng.TestNGTestClassProcessor.runTests(TestNGTestClassProcessor.java:141)
at org.gradle.api.internal.tasks.testing.testng.TestNGTestClassProcessor.stop(TestNGTestClassProcessor.java:90)
at org.gradle.api.internal.tasks.testing.SuiteTestClassProcessor.stop(SuiteTestClassProcessor.java:61)
at java.base/jdk.internal.reflect.NativeMethodAccessorImpl.invoke0(Native Method)
at java.base/jdk.internal.reflect.NativeMethodAccessorImpl.invoke(NativeMethodAccessorImpl.java:64)
at java.base/jdk.internal.reflect.DelegatingMethodAccessorImpl.invoke(DelegatingMethodAccessorImpl.java:43)
at java.base/java.lang.reflect.Method.invoke(Method.java:564)
at org.gradle.internal.dispatch.ReflectionDispatch.dispatch(ReflectionDispatch.java:36)
at org.gradle.internal.dispatch.ReflectionDispatch.dispatch(ReflectionDispatch.java:24)
at org.gradle.internal.dispatch.ContextClassLoaderDispatch.dispatch(ContextClassLoaderDispatch.java:33)
at org.gradle.internal.dispatch.ProxyDispatchAdapter$DispatchingInvocationHandler.invoke(ProxyDispatchAdapter.java:94)
at com.sun.proxy.$Proxy5.stop(Unknown Source)
at org.gradle.api.internal.tasks.testing.worker.TestWorker$3.run(TestWorker.java:193)
at org.gradle.api.internal.tasks.testing.worker.TestWorker.executeAndMaintainThreadName(TestWorker.java:129)
at org.gradle.api.internal.tasks.testing.worker.TestWorker.execute(TestWorker.java:100)
at org.gradle.api.internal.tasks.testing.worker.TestWorker.execute(TestWorker.java:60)
at org.gradle.process.internal.worker.child.ActionExecutionWorker.execute(ActionExecutionWorker.java:56)
at org.gradle.process.internal.worker.child.SystemApplicationClassLoaderWorker.call(SystemApplicationClassLoaderWorker.java:133)
at org.gradle.process.internal.worker.child.SystemApplicationClassLoaderWorker.call(SystemApplicationClassLoaderWorker.java:71)
at worker.org.gradle.process.internal.worker.GradleWorkerMain.run(GradleWorkerMain.java:69)
at worker.org.gradle.process.internal.worker.GradleWorkerMain.main(GradleWorkerMain.java:74)
]]>
            </full-stacktrace>
          </exception> <!-- java.lang.AssertionError -->
          <reporter-output>
          </reporter-output>
        </test-method> <!-- createClientInvalidClientDateTest -->
        <test-method is-config="true" signature="cleanData()[pri:0, instance:api.client.CreateClientTests@a53bb6f]" started-at="2022-06-18T12:24:55 WEST" name="cleanData" finished-at="2022-06-18T12:24:55 WEST" duration-ms="1" status="PASS">
          <reporter-output>
          </reporter-output>
        </test-method> <!-- cleanData -->
        <test-method signature="createClientInvalidNIFTest(java.lang.Integer)[pri:0, instance:api.client.CreateClientTests@a53bb6f]" started-at="2022-06-18T12:24:55 WEST" name="createClientInvalidNIFTest" description="check if client nif is correctly validated" data-provider="testNifs" finished-at="2022-06-18T12:24:55 WEST" duration-ms="18" status="PASS">
          <params>
            <param index="0">
              <value>
                <![CDATA[1234567890]]>
              </value>
            </param>
          </params>
          <reporter-output>
          </reporter-output>
        </test-method> <!-- createClientInvalidNIFTest -->
        <test-method is-config="true" signature="cleanData()[pri:0, instance:api.client.CreateClientTests@a53bb6f]" started-at="2022-06-18T12:24:55 WEST" name="cleanData" finished-at="2022-06-18T12:24:55 WEST" duration-ms="1" status="PASS">
          <reporter-output>
          </reporter-output>
        </test-method> <!-- cleanData -->
        <test-method signature="createClientInvalidNIFTest(java.lang.Integer)[pri:0, instance:api.client.CreateClientTests@a53bb6f]" started-at="2022-06-18T12:24:55 WEST" name="createClientInvalidNIFTest" description="check if client nif is correctly validated" data-provider="testNifs" finished-at="2022-06-18T12:24:55 WEST" duration-ms="16" status="PASS">
          <params>
            <param index="0">
              <value>
                <![CDATA[12345678]]>
              </value>
            </param>
          </params>
          <reporter-output>
          </reporter-output>
        </test-method> <!-- createClientInvalidNIFTest -->
        <test-method is-config="true" signature="cleanData()[pri:0, instance:api.client.CreateClientTests@a53bb6f]" started-at="2022-06-18T12:24:55 WEST" name="cleanData" finished-at="2022-06-18T12:24:55 WEST" duration-ms="1" status="PASS">
          <reporter-output>
          </reporter-output>
        </test-method> <!-- cleanData -->
        <test-method signature="createClientInvalidPhoneNumberTest(java.lang.Integer)[pri:0, instance:api.client.CreateClientTests@a53bb6f]" started-at="2022-06-18T12:24:55 WEST" name="createClientInvalidPhoneNumberTest" description="check if client phone number is correctly validated" data-provider="testPhoneNumbers" finished-at="2022-06-18T12:24:55 WEST" duration-ms="18" status="PASS">
          <params>
            <param index="0">
              <value>
                <![CDATA[1234567890]]>
              </value>
            </param>
          </params>
          <reporter-output>
          </reporter-output>
        </test-method> <!-- createClientInvalidPhoneNumberTest -->
        <test-method is-config="true" signature="cleanData()[pri:0, instance:api.client.CreateClientTests@a53bb6f]" started-at="2022-06-18T12:24:55 WEST" name="cleanData" finished-at="2022-06-18T12:24:55 WEST" duration-ms="0" status="PASS">
          <reporter-output>
          </reporter-output>
        </test-method> <!-- cleanData -->
        <test-method signature="createClientInvalidPhoneNumberTest(java.lang.Integer)[pri:0, instance:api.client.CreateClientTests@a53bb6f]" started-at="2022-06-18T12:24:55 WEST" name="createClientInvalidPhoneNumberTest" description="check if client phone number is correctly validated" data-provider="testPhoneNumbers" finished-at="2022-06-18T12:24:55 WEST" duration-ms="14" status="PASS">
          <params>
            <param index="0">
              <value>
                <![CDATA[12345678]]>
              </value>
            </param>
          </params>
          <reporter-output>
          </reporter-output>
        </test-method> <!-- createClientInvalidPhoneNumberTest -->
        <test-method is-config="true" signature="cleanData()[pri:0, instance:api.client.CreateClientTests@a53bb6f]" started-at="2022-06-18T12:24:55 WEST" name="cleanData" finished-at="2022-06-18T12:24:55 WEST" duration-ms="4" status="PASS">
          <reporter-output>
          </reporter-output>
        </test-method> <!-- cleanData -->
        <test-method signature="createClientInvalidPostalCodeTest(java.lang.String)[pri:0, instance:api.client.CreateClientTests@a53bb6f]" started-at="2022-06-18T12:24:55 WEST" name="createClientInvalidPostalCodeTest" description="check if client postal code is correctly validated" data-provider="testPostalCodes" finished-at="2022-06-18T12:24:55 WEST" duration-ms="15" status="FAIL">
          <params>
            <param index="0">
              <value>
                <![CDATA[3500300]]>
              </value>
            </param>
          </params>
          <exception class="java.lang.AssertionError">
            <message>
              <![CDATA[Expected response code to be [400] but was [201]
Expected: is <400>
     but: was <201>]]>
            </message>
            <full-stacktrace>
              <![CDATA[java.lang.AssertionError: Expected response code to be [400] but was [201]
Expected: is <400>
     but: was <201>
at org.hamcrest.MatcherAssert.assertThat(MatcherAssert.java:20)
at api.validators.ResponseHttpCodeValidator.assertBadRequest(ResponseHttpCodeValidator.java:47)
at api.client.CreateClientTests.validateCreateClientBadRequest(CreateClientTests.java:68)
at api.client.CreateClientTests.createClientInvalidPostalCodeTest(CreateClientTests.java:155)
at java.base/jdk.internal.reflect.NativeMethodAccessorImpl.invoke0(Native Method)
at java.base/jdk.internal.reflect.NativeMethodAccessorImpl.invoke(NativeMethodAccessorImpl.java:64)
at java.base/jdk.internal.reflect.DelegatingMethodAccessorImpl.invoke(DelegatingMethodAccessorImpl.java:43)
at java.base/java.lang.reflect.Method.invoke(Method.java:564)
at org.testng.internal.MethodInvocationHelper.invokeMethod(MethodInvocationHelper.java:133)
at org.testng.internal.TestInvoker.invokeMethod(TestInvoker.java:598)
at org.testng.internal.TestInvoker.invokeTestMethod(TestInvoker.java:173)
at org.testng.internal.MethodRunner.runInSequence(MethodRunner.java:46)
at org.testng.internal.TestInvoker$MethodInvocationAgent.invoke(TestInvoker.java:824)
at org.testng.internal.TestInvoker.invokeTestMethods(TestInvoker.java:146)
at org.testng.internal.TestMethodWorker.invokeTestMethods(TestMethodWorker.java:146)
at org.testng.internal.TestMethodWorker.run(TestMethodWorker.java:128)
at java.base/java.util.ArrayList.forEach(ArrayList.java:1511)
at org.testng.TestRunner.privateRun(TestRunner.java:794)
at org.testng.TestRunner.run(TestRunner.java:596)
at org.testng.SuiteRunner.runTest(SuiteRunner.java:377)
at org.testng.SuiteRunner.runSequentially(SuiteRunner.java:371)
at org.testng.SuiteRunner.privateRun(SuiteRunner.java:332)
at org.testng.SuiteRunner.run(SuiteRunner.java:276)
at org.testng.SuiteRunnerWorker.runSuite(SuiteRunnerWorker.java:53)
at org.testng.SuiteRunnerWorker.run(SuiteRunnerWorker.java:96)
at org.testng.TestNG.runSuitesSequentially(TestNG.java:1212)
at org.testng.TestNG.runSuitesLocally(TestNG.java:1134)
at org.testng.TestNG.runSuites(TestNG.java:1063)
at org.testng.TestNG.run(TestNG.java:1031)
at org.gradle.api.internal.tasks.testing.testng.TestNGTestClassProcessor.runTests(TestNGTestClassProcessor.java:141)
at org.gradle.api.internal.tasks.testing.testng.TestNGTestClassProcessor.stop(TestNGTestClassProcessor.java:90)
at org.gradle.api.internal.tasks.testing.SuiteTestClassProcessor.stop(SuiteTestClassProcessor.java:61)
at java.base/jdk.internal.reflect.NativeMethodAccessorImpl.invoke0(Native Method)
at java.base/jdk.internal.reflect.NativeMethodAccessorImpl.invoke(NativeMethodAccessorImpl.java:64)
at java.base/jdk.internal.reflect.DelegatingMethodAccessorImpl.invoke(DelegatingMethodAccessorImpl.java:43)
at java.base/java.lang.reflect.Method.invoke(Method.java:564)
at org.gradle.internal.dispatch.ReflectionDispatch.dispatch(ReflectionDispatch.java:36)
at org.gradle.internal.dispatch.ReflectionDispatch.dispatch(ReflectionDispatch.java:24)
at org.gradle.internal.dispatch.ContextClassLoaderDispatch.dispatch(ContextClassLoaderDispatch.java:33)
at org.gradle.internal.dispatch.ProxyDispatchAdapter$DispatchingInvocationHandler.invoke(ProxyDispatchAdapter.java:94)
at com.sun.proxy.$Proxy5.stop(Unknown Source)
at org.gradle.api.internal.tasks.testing.worker.TestWorker$3.run(TestWorker.java:193)
at org.gradle.api.internal.tasks.testing.worker.TestWorker.executeAndMaintainThreadName(TestWorker.java:129)
at org.gradle.api.internal.tasks.testing.worker.TestWorker.execute(TestWorker.java:100)
at org.gradle.api.internal.tasks.testing.worker.TestWorker.execute(TestWorker.java:60)
at org.gradle.process.internal.worker.child.ActionExecutionWorker.execute(ActionExecutionWorker.java:56)
at org.gradle.process.internal.worker.child.SystemApplicationClassLoaderWorker.call(SystemApplicationClassLoaderWorker.java:133)
at org.gradle.process.internal.worker.child.SystemApplicationClassLoaderWorker.call(SystemApplicationClassLoaderWorker.java:71)
at worker.org.gradle.process.internal.worker.GradleWorkerMain.run(GradleWorkerMain.java:69)
at worker.org.gradle.process.internal.worker.GradleWorkerMain.main(GradleWorkerMain.java:74)
]]>
            </full-stacktrace>
          </exception> <!-- java.lang.AssertionError -->
          <reporter-output>
          </reporter-output>
        </test-method> <!-- createClientInvalidPostalCodeTest -->
        <test-method is-config="true" signature="cleanData()[pri:0, instance:api.client.CreateClientTests@a53bb6f]" started-at="2022-06-18T12:24:55 WEST" name="cleanData" finished-at="2022-06-18T12:24:55 WEST" duration-ms="12" status="PASS">
          <reporter-output>
          </reporter-output>
        </test-method> <!-- cleanData -->
        <test-method signature="createClientInvalidPostalCodeTest(java.lang.String)[pri:0, instance:api.client.CreateClientTests@a53bb6f]" started-at="2022-06-18T12:24:55 WEST" name="createClientInvalidPostalCodeTest" description="check if client postal code is correctly validated" data-provider="testPostalCodes" finished-at="2022-06-18T12:24:55 WEST" duration-ms="14" status="FAIL">
          <params>
            <param index="0">
              <value>
                <![CDATA[3500 300]]>
              </value>
            </param>
          </params>
          <exception class="java.lang.AssertionError">
            <message>
              <![CDATA[Expected response code to be [400] but was [201]
Expected: is <400>
     but: was <201>]]>
            </message>
            <full-stacktrace>
              <![CDATA[java.lang.AssertionError: Expected response code to be [400] but was [201]
Expected: is <400>
     but: was <201>
at org.hamcrest.MatcherAssert.assertThat(MatcherAssert.java:20)
at api.validators.ResponseHttpCodeValidator.assertBadRequest(ResponseHttpCodeValidator.java:47)
at api.client.CreateClientTests.validateCreateClientBadRequest(CreateClientTests.java:68)
at api.client.CreateClientTests.createClientInvalidPostalCodeTest(CreateClientTests.java:155)
at java.base/jdk.internal.reflect.NativeMethodAccessorImpl.invoke0(Native Method)
at java.base/jdk.internal.reflect.NativeMethodAccessorImpl.invoke(NativeMethodAccessorImpl.java:64)
at java.base/jdk.internal.reflect.DelegatingMethodAccessorImpl.invoke(DelegatingMethodAccessorImpl.java:43)
at java.base/java.lang.reflect.Method.invoke(Method.java:564)
at org.testng.internal.MethodInvocationHelper.invokeMethod(MethodInvocationHelper.java:133)
at org.testng.internal.TestInvoker.invokeMethod(TestInvoker.java:598)
at org.testng.internal.TestInvoker.invokeTestMethod(TestInvoker.java:173)
at org.testng.internal.MethodRunner.runInSequence(MethodRunner.java:46)
at org.testng.internal.TestInvoker$MethodInvocationAgent.invoke(TestInvoker.java:824)
at org.testng.internal.TestInvoker.invokeTestMethods(TestInvoker.java:146)
at org.testng.internal.TestMethodWorker.invokeTestMethods(TestMethodWorker.java:146)
at org.testng.internal.TestMethodWorker.run(TestMethodWorker.java:128)
at java.base/java.util.ArrayList.forEach(ArrayList.java:1511)
at org.testng.TestRunner.privateRun(TestRunner.java:794)
at org.testng.TestRunner.run(TestRunner.java:596)
at org.testng.SuiteRunner.runTest(SuiteRunner.java:377)
at org.testng.SuiteRunner.runSequentially(SuiteRunner.java:371)
at org.testng.SuiteRunner.privateRun(SuiteRunner.java:332)
at org.testng.SuiteRunner.run(SuiteRunner.java:276)
at org.testng.SuiteRunnerWorker.runSuite(SuiteRunnerWorker.java:53)
at org.testng.SuiteRunnerWorker.run(SuiteRunnerWorker.java:96)
at org.testng.TestNG.runSuitesSequentially(TestNG.java:1212)
at org.testng.TestNG.runSuitesLocally(TestNG.java:1134)
at org.testng.TestNG.runSuites(TestNG.java:1063)
at org.testng.TestNG.run(TestNG.java:1031)
at org.gradle.api.internal.tasks.testing.testng.TestNGTestClassProcessor.runTests(TestNGTestClassProcessor.java:141)
at org.gradle.api.internal.tasks.testing.testng.TestNGTestClassProcessor.stop(TestNGTestClassProcessor.java:90)
at org.gradle.api.internal.tasks.testing.SuiteTestClassProcessor.stop(SuiteTestClassProcessor.java:61)
at java.base/jdk.internal.reflect.NativeMethodAccessorImpl.invoke0(Native Method)
at java.base/jdk.internal.reflect.NativeMethodAccessorImpl.invoke(NativeMethodAccessorImpl.java:64)
at java.base/jdk.internal.reflect.DelegatingMethodAccessorImpl.invoke(DelegatingMethodAccessorImpl.java:43)
at java.base/java.lang.reflect.Method.invoke(Method.java:564)
at org.gradle.internal.dispatch.ReflectionDispatch.dispatch(ReflectionDispatch.java:36)
at org.gradle.internal.dispatch.ReflectionDispatch.dispatch(ReflectionDispatch.java:24)
at org.gradle.internal.dispatch.ContextClassLoaderDispatch.dispatch(ContextClassLoaderDispatch.java:33)
at org.gradle.internal.dispatch.ProxyDispatchAdapter$DispatchingInvocationHandler.invoke(ProxyDispatchAdapter.java:94)
at com.sun.proxy.$Proxy5.stop(Unknown Source)
at org.gradle.api.internal.tasks.testing.worker.TestWorker$3.run(TestWorker.java:193)
at org.gradle.api.internal.tasks.testing.worker.TestWorker.executeAndMaintainThreadName(TestWorker.java:129)
at org.gradle.api.internal.tasks.testing.worker.TestWorker.execute(TestWorker.java:100)
at org.gradle.api.internal.tasks.testing.worker.TestWorker.execute(TestWorker.java:60)
at org.gradle.process.internal.worker.child.ActionExecutionWorker.execute(ActionExecutionWorker.java:56)
at org.gradle.process.internal.worker.child.SystemApplicationClassLoaderWorker.call(SystemApplicationClassLoaderWorker.java:133)
at org.gradle.process.internal.worker.child.SystemApplicationClassLoaderWorker.call(SystemApplicationClassLoaderWorker.java:71)
at worker.org.gradle.process.internal.worker.GradleWorkerMain.run(GradleWorkerMain.java:69)
at worker.org.gradle.process.internal.worker.GradleWorkerMain.main(GradleWorkerMain.java:74)
]]>
            </full-stacktrace>
          </exception> <!-- java.lang.AssertionError -->
          <reporter-output>
          </reporter-output>
        </test-method> <!-- createClientInvalidPostalCodeTest -->
        <test-method is-config="true" signature="cleanData()[pri:0, instance:api.client.CreateClientTests@a53bb6f]" started-at="2022-06-18T12:24:55 WEST" name="cleanData" finished-at="2022-06-18T12:24:55 WEST" duration-ms="11" status="PASS">
          <reporter-output>
          </reporter-output>
        </test-method> <!-- cleanData -->
        <test-method signature="createClientInvalidPostalCodeTest(java.lang.String)[pri:0, instance:api.client.CreateClientTests@a53bb6f]" started-at="2022-06-18T12:24:55 WEST" name="createClientInvalidPostalCodeTest" description="check if client postal code is correctly validated" data-provider="testPostalCodes" finished-at="2022-06-18T12:24:55 WEST" duration-ms="14" status="FAIL">
          <params>
            <param index="0">
              <value>
                <![CDATA[300-3500]]>
              </value>
            </param>
          </params>
          <exception class="java.lang.AssertionError">
            <message>
              <![CDATA[Expected response code to be [400] but was [201]
Expected: is <400>
     but: was <201>]]>
            </message>
            <full-stacktrace>
              <![CDATA[java.lang.AssertionError: Expected response code to be [400] but was [201]
Expected: is <400>
     but: was <201>
at org.hamcrest.MatcherAssert.assertThat(MatcherAssert.java:20)
at api.validators.ResponseHttpCodeValidator.assertBadRequest(ResponseHttpCodeValidator.java:47)
at api.client.CreateClientTests.validateCreateClientBadRequest(CreateClientTests.java:68)
at api.client.CreateClientTests.createClientInvalidPostalCodeTest(CreateClientTests.java:155)
at java.base/jdk.internal.reflect.NativeMethodAccessorImpl.invoke0(Native Method)
at java.base/jdk.internal.reflect.NativeMethodAccessorImpl.invoke(NativeMethodAccessorImpl.java:64)
at java.base/jdk.internal.reflect.DelegatingMethodAccessorImpl.invoke(DelegatingMethodAccessorImpl.java:43)
at java.base/java.lang.reflect.Method.invoke(Method.java:564)
at org.testng.internal.MethodInvocationHelper.invokeMethod(MethodInvocationHelper.java:133)
at org.testng.internal.TestInvoker.invokeMethod(TestInvoker.java:598)
at org.testng.internal.TestInvoker.invokeTestMethod(TestInvoker.java:173)
at org.testng.internal.MethodRunner.runInSequence(MethodRunner.java:46)
at org.testng.internal.TestInvoker$MethodInvocationAgent.invoke(TestInvoker.java:824)
at org.testng.internal.TestInvoker.invokeTestMethods(TestInvoker.java:146)
at org.testng.internal.TestMethodWorker.invokeTestMethods(TestMethodWorker.java:146)
at org.testng.internal.TestMethodWorker.run(TestMethodWorker.java:128)
at java.base/java.util.ArrayList.forEach(ArrayList.java:1511)
at org.testng.TestRunner.privateRun(TestRunner.java:794)
at org.testng.TestRunner.run(TestRunner.java:596)
at org.testng.SuiteRunner.runTest(SuiteRunner.java:377)
at org.testng.SuiteRunner.runSequentially(SuiteRunner.java:371)
at org.testng.SuiteRunner.privateRun(SuiteRunner.java:332)
at org.testng.SuiteRunner.run(SuiteRunner.java:276)
at org.testng.SuiteRunnerWorker.runSuite(SuiteRunnerWorker.java:53)
at org.testng.SuiteRunnerWorker.run(SuiteRunnerWorker.java:96)
at org.testng.TestNG.runSuitesSequentially(TestNG.java:1212)
at org.testng.TestNG.runSuitesLocally(TestNG.java:1134)
at org.testng.TestNG.runSuites(TestNG.java:1063)
at org.testng.TestNG.run(TestNG.java:1031)
at org.gradle.api.internal.tasks.testing.testng.TestNGTestClassProcessor.runTests(TestNGTestClassProcessor.java:141)
at org.gradle.api.internal.tasks.testing.testng.TestNGTestClassProcessor.stop(TestNGTestClassProcessor.java:90)
at org.gradle.api.internal.tasks.testing.SuiteTestClassProcessor.stop(SuiteTestClassProcessor.java:61)
at java.base/jdk.internal.reflect.NativeMethodAccessorImpl.invoke0(Native Method)
at java.base/jdk.internal.reflect.NativeMethodAccessorImpl.invoke(NativeMethodAccessorImpl.java:64)
at java.base/jdk.internal.reflect.DelegatingMethodAccessorImpl.invoke(DelegatingMethodAccessorImpl.java:43)
at java.base/java.lang.reflect.Method.invoke(Method.java:564)
at org.gradle.internal.dispatch.ReflectionDispatch.dispatch(ReflectionDispatch.java:36)
at org.gradle.internal.dispatch.ReflectionDispatch.dispatch(ReflectionDispatch.java:24)
at org.gradle.internal.dispatch.ContextClassLoaderDispatch.dispatch(ContextClassLoaderDispatch.java:33)
at org.gradle.internal.dispatch.ProxyDispatchAdapter$DispatchingInvocationHandler.invoke(ProxyDispatchAdapter.java:94)
at com.sun.proxy.$Proxy5.stop(Unknown Source)
at org.gradle.api.internal.tasks.testing.worker.TestWorker$3.run(TestWorker.java:193)
at org.gradle.api.internal.tasks.testing.worker.TestWorker.executeAndMaintainThreadName(TestWorker.java:129)
at org.gradle.api.internal.tasks.testing.worker.TestWorker.execute(TestWorker.java:100)
at org.gradle.api.internal.tasks.testing.worker.TestWorker.execute(TestWorker.java:60)
at org.gradle.process.internal.worker.child.ActionExecutionWorker.execute(ActionExecutionWorker.java:56)
at org.gradle.process.internal.worker.child.SystemApplicationClassLoaderWorker.call(SystemApplicationClassLoaderWorker.java:133)
at org.gradle.process.internal.worker.child.SystemApplicationClassLoaderWorker.call(SystemApplicationClassLoaderWorker.java:71)
at worker.org.gradle.process.internal.worker.GradleWorkerMain.run(GradleWorkerMain.java:69)
at worker.org.gradle.process.internal.worker.GradleWorkerMain.main(GradleWorkerMain.java:74)
]]>
            </full-stacktrace>
          </exception> <!-- java.lang.AssertionError -->
          <reporter-output>
          </reporter-output>
        </test-method> <!-- createClientInvalidPostalCodeTest -->
        <test-method is-config="true" signature="cleanData()[pri:0, instance:api.client.CreateClientTests@a53bb6f]" started-at="2022-06-18T12:24:55 WEST" name="cleanData" finished-at="2022-06-18T12:24:55 WEST" duration-ms="13" status="PASS">
          <reporter-output>
          </reporter-output>
        </test-method> <!-- cleanData -->
        <test-method signature="createClientInvalidPostalCodeTest(java.lang.String)[pri:0, instance:api.client.CreateClientTests@a53bb6f]" started-at="2022-06-18T12:24:55 WEST" name="createClientInvalidPostalCodeTest" description="check if client postal code is correctly validated" data-provider="testPostalCodes" finished-at="2022-06-18T12:24:55 WEST" duration-ms="13" status="FAIL">
          <params>
            <param index="0">
              <value>
                <![CDATA[3500-abc]]>
              </value>
            </param>
          </params>
          <exception class="java.lang.AssertionError">
            <message>
              <![CDATA[Expected response code to be [400] but was [201]
Expected: is <400>
     but: was <201>]]>
            </message>
            <full-stacktrace>
              <![CDATA[java.lang.AssertionError: Expected response code to be [400] but was [201]
Expected: is <400>
     but: was <201>
at org.hamcrest.MatcherAssert.assertThat(MatcherAssert.java:20)
at api.validators.ResponseHttpCodeValidator.assertBadRequest(ResponseHttpCodeValidator.java:47)
at api.client.CreateClientTests.validateCreateClientBadRequest(CreateClientTests.java:68)
at api.client.CreateClientTests.createClientInvalidPostalCodeTest(CreateClientTests.java:155)
at java.base/jdk.internal.reflect.NativeMethodAccessorImpl.invoke0(Native Method)
at java.base/jdk.internal.reflect.NativeMethodAccessorImpl.invoke(NativeMethodAccessorImpl.java:64)
at java.base/jdk.internal.reflect.DelegatingMethodAccessorImpl.invoke(DelegatingMethodAccessorImpl.java:43)
at java.base/java.lang.reflect.Method.invoke(Method.java:564)
at org.testng.internal.MethodInvocationHelper.invokeMethod(MethodInvocationHelper.java:133)
at org.testng.internal.TestInvoker.invokeMethod(TestInvoker.java:598)
at org.testng.internal.TestInvoker.invokeTestMethod(TestInvoker.java:173)
at org.testng.internal.MethodRunner.runInSequence(MethodRunner.java:46)
at org.testng.internal.TestInvoker$MethodInvocationAgent.invoke(TestInvoker.java:824)
at org.testng.internal.TestInvoker.invokeTestMethods(TestInvoker.java:146)
at org.testng.internal.TestMethodWorker.invokeTestMethods(TestMethodWorker.java:146)
at org.testng.internal.TestMethodWorker.run(TestMethodWorker.java:128)
at java.base/java.util.ArrayList.forEach(ArrayList.java:1511)
at org.testng.TestRunner.privateRun(TestRunner.java:794)
at org.testng.TestRunner.run(TestRunner.java:596)
at org.testng.SuiteRunner.runTest(SuiteRunner.java:377)
at org.testng.SuiteRunner.runSequentially(SuiteRunner.java:371)
at org.testng.SuiteRunner.privateRun(SuiteRunner.java:332)
at org.testng.SuiteRunner.run(SuiteRunner.java:276)
at org.testng.SuiteRunnerWorker.runSuite(SuiteRunnerWorker.java:53)
at org.testng.SuiteRunnerWorker.run(SuiteRunnerWorker.java:96)
at org.testng.TestNG.runSuitesSequentially(TestNG.java:1212)
at org.testng.TestNG.runSuitesLocally(TestNG.java:1134)
at org.testng.TestNG.runSuites(TestNG.java:1063)
at org.testng.TestNG.run(TestNG.java:1031)
at org.gradle.api.internal.tasks.testing.testng.TestNGTestClassProcessor.runTests(TestNGTestClassProcessor.java:141)
at org.gradle.api.internal.tasks.testing.testng.TestNGTestClassProcessor.stop(TestNGTestClassProcessor.java:90)
at org.gradle.api.internal.tasks.testing.SuiteTestClassProcessor.stop(SuiteTestClassProcessor.java:61)
at java.base/jdk.internal.reflect.NativeMethodAccessorImpl.invoke0(Native Method)
at java.base/jdk.internal.reflect.NativeMethodAccessorImpl.invoke(NativeMethodAccessorImpl.java:64)
at java.base/jdk.internal.reflect.DelegatingMethodAccessorImpl.invoke(DelegatingMethodAccessorImpl.java:43)
at java.base/java.lang.reflect.Method.invoke(Method.java:564)
at org.gradle.internal.dispatch.ReflectionDispatch.dispatch(ReflectionDispatch.java:36)
at org.gradle.internal.dispatch.ReflectionDispatch.dispatch(ReflectionDispatch.java:24)
at org.gradle.internal.dispatch.ContextClassLoaderDispatch.dispatch(ContextClassLoaderDispatch.java:33)
at org.gradle.internal.dispatch.ProxyDispatchAdapter$DispatchingInvocationHandler.invoke(ProxyDispatchAdapter.java:94)
at com.sun.proxy.$Proxy5.stop(Unknown Source)
at org.gradle.api.internal.tasks.testing.worker.TestWorker$3.run(TestWorker.java:193)
at org.gradle.api.internal.tasks.testing.worker.TestWorker.executeAndMaintainThreadName(TestWorker.java:129)
at org.gradle.api.internal.tasks.testing.worker.TestWorker.execute(TestWorker.java:100)
at org.gradle.api.internal.tasks.testing.worker.TestWorker.execute(TestWorker.java:60)
at org.gradle.process.internal.worker.child.ActionExecutionWorker.execute(ActionExecutionWorker.java:56)
at org.gradle.process.internal.worker.child.SystemApplicationClassLoaderWorker.call(SystemApplicationClassLoaderWorker.java:133)
at org.gradle.process.internal.worker.child.SystemApplicationClassLoaderWorker.call(SystemApplicationClassLoaderWorker.java:71)
at worker.org.gradle.process.internal.worker.GradleWorkerMain.run(GradleWorkerMain.java:69)
at worker.org.gradle.process.internal.worker.GradleWorkerMain.main(GradleWorkerMain.java:74)
]]>
            </full-stacktrace>
          </exception> <!-- java.lang.AssertionError -->
          <reporter-output>
          </reporter-output>
        </test-method> <!-- createClientInvalidPostalCodeTest -->
        <test-method is-config="true" signature="cleanData()[pri:0, instance:api.client.CreateClientTests@a53bb6f]" started-at="2022-06-18T12:24:55 WEST" name="cleanData" finished-at="2022-06-18T12:24:55 WEST" duration-ms="11" status="PASS">
          <reporter-output>
          </reporter-output>
        </test-method> <!-- cleanData -->
        <test-method signature="createClientTest()[pri:0, instance:api.client.CreateClientTests@a53bb6f]" started-at="2022-06-18T12:24:55 WEST" name="createClientTest" description="check if client is correctly created" finished-at="2022-06-18T12:24:55 WEST" duration-ms="41" status="PASS">
          <reporter-output>
          </reporter-output>
        </test-method> <!-- createClientTest -->
        <test-method is-config="true" signature="cleanData()[pri:0, instance:api.client.CreateClientTests@a53bb6f]" started-at="2022-06-18T12:24:55 WEST" name="cleanData" finished-at="2022-06-18T12:24:55 WEST" duration-ms="13" status="PASS">
          <reporter-output>
          </reporter-output>
        </test-method> <!-- cleanData -->
        <test-method signature="createClientVehiclesFromClientsNotNullTest()[pri:0, instance:api.client.CreateClientTests@a53bb6f]" started-at="2022-06-18T12:24:55 WEST" name="createClientVehiclesFromClientsNotNullTest" description="check if client vehicles is correctly validated when vehicle belongs to someone else" finished-at="2022-06-18T12:24:55 WEST" duration-ms="27" status="FAIL">
          <exception class="java.lang.AssertionError">
            <message>
              <![CDATA[Message should be Vehicles should be null on creation when using client at vehicles is not null
Expected: is "Vehicles should be null on creation"
     but: was "JSON parse error: Unresolved forward references for: ; nested exception is com.fasterxml.jackson.databind.deser.UnresolvedForwardReference: Unresolved forward references for: \n at [Source: (PushbackInputStream); line: 1, column: 355]Object id [723] (for `pt.ua.garage.model.Client`) at [Source: (PushbackInputStream); line: 1, column: 263]."]]>
            </message>
            <full-stacktrace>
              <![CDATA[java.lang.AssertionError: Message should be Vehicles should be null on creation when using client at vehicles is not null
Expected: is "Vehicles should be null on creation"
     but: was "JSON parse error: Unresolved forward references for: ; nested exception is com.fasterxml.jackson.databind.deser.UnresolvedForwardReference: Unresolved forward references for: \n at [Source: (PushbackInputStream); line: 1, column: 355]Object id [723] (for `pt.ua.garage.model.Client`) at [Source: (PushbackInputStream); line: 1, column: 263]."
at org.hamcrest.MatcherAssert.assertThat(MatcherAssert.java:20)
at api.validators.ErrorResponseValidator.assertErrorResponse(ErrorResponseValidator.java:24)
at api.client.CreateClientTests.validateCreateClientBadRequest(CreateClientTests.java:99)
at api.client.CreateClientTests.createClientVehiclesFromClientsNotNullTest(CreateClientTests.java:181)
at java.base/jdk.internal.reflect.NativeMethodAccessorImpl.invoke0(Native Method)
at java.base/jdk.internal.reflect.NativeMethodAccessorImpl.invoke(NativeMethodAccessorImpl.java:64)
at java.base/jdk.internal.reflect.DelegatingMethodAccessorImpl.invoke(DelegatingMethodAccessorImpl.java:43)
at java.base/java.lang.reflect.Method.invoke(Method.java:564)
at org.testng.internal.MethodInvocationHelper.invokeMethod(MethodInvocationHelper.java:133)
at org.testng.internal.TestInvoker.invokeMethod(TestInvoker.java:598)
at org.testng.internal.TestInvoker.invokeTestMethod(TestInvoker.java:173)
at org.testng.internal.MethodRunner.runInSequence(MethodRunner.java:46)
at org.testng.internal.TestInvoker$MethodInvocationAgent.invoke(TestInvoker.java:824)
at org.testng.internal.TestInvoker.invokeTestMethods(TestInvoker.java:146)
at org.testng.internal.TestMethodWorker.invokeTestMethods(TestMethodWorker.java:146)
at org.testng.internal.TestMethodWorker.run(TestMethodWorker.java:128)
at java.base/java.util.ArrayList.forEach(ArrayList.java:1511)
at org.testng.TestRunner.privateRun(TestRunner.java:794)
at org.testng.TestRunner.run(TestRunner.java:596)
at org.testng.SuiteRunner.runTest(SuiteRunner.java:377)
at org.testng.SuiteRunner.runSequentially(SuiteRunner.java:371)
at org.testng.SuiteRunner.privateRun(SuiteRunner.java:332)
at org.testng.SuiteRunner.run(SuiteRunner.java:276)
at org.testng.SuiteRunnerWorker.runSuite(SuiteRunnerWorker.java:53)
at org.testng.SuiteRunnerWorker.run(SuiteRunnerWorker.java:96)
at org.testng.TestNG.runSuitesSequentially(TestNG.java:1212)
at org.testng.TestNG.runSuitesLocally(TestNG.java:1134)
at org.testng.TestNG.runSuites(TestNG.java:1063)
at org.testng.TestNG.run(TestNG.java:1031)
at org.gradle.api.internal.tasks.testing.testng.TestNGTestClassProcessor.runTests(TestNGTestClassProcessor.java:141)
at org.gradle.api.internal.tasks.testing.testng.TestNGTestClassProcessor.stop(TestNGTestClassProcessor.java:90)
at org.gradle.api.internal.tasks.testing.SuiteTestClassProcessor.stop(SuiteTestClassProcessor.java:61)
at java.base/jdk.internal.reflect.NativeMethodAccessorImpl.invoke0(Native Method)
at java.base/jdk.internal.reflect.NativeMethodAccessorImpl.invoke(NativeMethodAccessorImpl.java:64)
at java.base/jdk.internal.reflect.DelegatingMethodAccessorImpl.invoke(DelegatingMethodAccessorImpl.java:43)
at java.base/java.lang.reflect.Method.invoke(Method.java:564)
at org.gradle.internal.dispatch.ReflectionDispatch.dispatch(ReflectionDispatch.java:36)
at org.gradle.internal.dispatch.ReflectionDispatch.dispatch(ReflectionDispatch.java:24)
at org.gradle.internal.dispatch.ContextClassLoaderDispatch.dispatch(ContextClassLoaderDispatch.java:33)
at org.gradle.internal.dispatch.ProxyDispatchAdapter$DispatchingInvocationHandler.invoke(ProxyDispatchAdapter.java:94)
at com.sun.proxy.$Proxy5.stop(Unknown Source)
at org.gradle.api.internal.tasks.testing.worker.TestWorker$3.run(TestWorker.java:193)
at org.gradle.api.internal.tasks.testing.worker.TestWorker.executeAndMaintainThreadName(TestWorker.java:129)
at org.gradle.api.internal.tasks.testing.worker.TestWorker.execute(TestWorker.java:100)
at org.gradle.api.internal.tasks.testing.worker.TestWorker.execute(TestWorker.java:60)
at org.gradle.process.internal.worker.child.ActionExecutionWorker.execute(ActionExecutionWorker.java:56)
at org.gradle.process.internal.worker.child.SystemApplicationClassLoaderWorker.call(SystemApplicationClassLoaderWorker.java:133)
at org.gradle.process.internal.worker.child.SystemApplicationClassLoaderWorker.call(SystemApplicationClassLoaderWorker.java:71)
at worker.org.gradle.process.internal.worker.GradleWorkerMain.run(GradleWorkerMain.java:69)
at worker.org.gradle.process.internal.worker.GradleWorkerMain.main(GradleWorkerMain.java:74)
]]>
            </full-stacktrace>
          </exception> <!-- java.lang.AssertionError -->
          <reporter-output>
          </reporter-output>
        </test-method> <!-- createClientVehiclesFromClientsNotNullTest -->
        <test-method is-config="true" signature="cleanData()[pri:0, instance:api.client.CreateClientTests@a53bb6f]" started-at="2022-06-18T12:24:55 WEST" name="cleanData" finished-at="2022-06-18T12:24:55 WEST" duration-ms="0" status="PASS">
          <reporter-output>
          </reporter-output>
        </test-method> <!-- cleanData -->
        <test-method signature="createClientVehiclesFromNoOneNotNullTest()[pri:0, instance:api.client.CreateClientTests@a53bb6f]" started-at="2022-06-18T12:24:55 WEST" name="createClientVehiclesFromNoOneNotNullTest" description="check if client vehicles is correctly validated when vehicles does not belong to anyone" finished-at="2022-06-18T12:24:55 WEST" duration-ms="26" status="FAIL">
          <exception class="java.lang.AssertionError">
            <message>
              <![CDATA[Expected response code to be [400] but was [201]
Expected: is <400>
     but: was <201>]]>
            </message>
            <full-stacktrace>
              <![CDATA[java.lang.AssertionError: Expected response code to be [400] but was [201]
Expected: is <400>
     but: was <201>
at org.hamcrest.MatcherAssert.assertThat(MatcherAssert.java:20)
at api.validators.ResponseHttpCodeValidator.assertBadRequest(ResponseHttpCodeValidator.java:47)
at api.client.CreateClientTests.validateCreateClientBadRequest(CreateClientTests.java:68)
at api.client.CreateClientTests.createClientVehiclesFromNoOneNotNullTest(CreateClientTests.java:197)
at java.base/jdk.internal.reflect.NativeMethodAccessorImpl.invoke0(Native Method)
at java.base/jdk.internal.reflect.NativeMethodAccessorImpl.invoke(NativeMethodAccessorImpl.java:64)
at java.base/jdk.internal.reflect.DelegatingMethodAccessorImpl.invoke(DelegatingMethodAccessorImpl.java:43)
at java.base/java.lang.reflect.Method.invoke(Method.java:564)
at org.testng.internal.MethodInvocationHelper.invokeMethod(MethodInvocationHelper.java:133)
at org.testng.internal.TestInvoker.invokeMethod(TestInvoker.java:598)
at org.testng.internal.TestInvoker.invokeTestMethod(TestInvoker.java:173)
at org.testng.internal.MethodRunner.runInSequence(MethodRunner.java:46)
at org.testng.internal.TestInvoker$MethodInvocationAgent.invoke(TestInvoker.java:824)
at org.testng.internal.TestInvoker.invokeTestMethods(TestInvoker.java:146)
at org.testng.internal.TestMethodWorker.invokeTestMethods(TestMethodWorker.java:146)
at org.testng.internal.TestMethodWorker.run(TestMethodWorker.java:128)
at java.base/java.util.ArrayList.forEach(ArrayList.java:1511)
at org.testng.TestRunner.privateRun(TestRunner.java:794)
at org.testng.TestRunner.run(TestRunner.java:596)
at org.testng.SuiteRunner.runTest(SuiteRunner.java:377)
at org.testng.SuiteRunner.runSequentially(SuiteRunner.java:371)
at org.testng.SuiteRunner.privateRun(SuiteRunner.java:332)
at org.testng.SuiteRunner.run(SuiteRunner.java:276)
at org.testng.SuiteRunnerWorker.runSuite(SuiteRunnerWorker.java:53)
at org.testng.SuiteRunnerWorker.run(SuiteRunnerWorker.java:96)
at org.testng.TestNG.runSuitesSequentially(TestNG.java:1212)
at org.testng.TestNG.runSuitesLocally(TestNG.java:1134)
at org.testng.TestNG.runSuites(TestNG.java:1063)
at org.testng.TestNG.run(TestNG.java:1031)
at org.gradle.api.internal.tasks.testing.testng.TestNGTestClassProcessor.runTests(TestNGTestClassProcessor.java:141)
at org.gradle.api.internal.tasks.testing.testng.TestNGTestClassProcessor.stop(TestNGTestClassProcessor.java:90)
at org.gradle.api.internal.tasks.testing.SuiteTestClassProcessor.stop(SuiteTestClassProcessor.java:61)
at java.base/jdk.internal.reflect.NativeMethodAccessorImpl.invoke0(Native Method)
at java.base/jdk.internal.reflect.NativeMethodAccessorImpl.invoke(NativeMethodAccessorImpl.java:64)
at java.base/jdk.internal.reflect.DelegatingMethodAccessorImpl.invoke(DelegatingMethodAccessorImpl.java:43)
at java.base/java.lang.reflect.Method.invoke(Method.java:564)
at org.gradle.internal.dispatch.ReflectionDispatch.dispatch(ReflectionDispatch.java:36)
at org.gradle.internal.dispatch.ReflectionDispatch.dispatch(ReflectionDispatch.java:24)
at org.gradle.internal.dispatch.ContextClassLoaderDispatch.dispatch(ContextClassLoaderDispatch.java:33)
at org.gradle.internal.dispatch.ProxyDispatchAdapter$DispatchingInvocationHandler.invoke(ProxyDispatchAdapter.java:94)
at com.sun.proxy.$Proxy5.stop(Unknown Source)
at org.gradle.api.internal.tasks.testing.worker.TestWorker$3.run(TestWorker.java:193)
at org.gradle.api.internal.tasks.testing.worker.TestWorker.executeAndMaintainThreadName(TestWorker.java:129)
at org.gradle.api.internal.tasks.testing.worker.TestWorker.execute(TestWorker.java:100)
at org.gradle.api.internal.tasks.testing.worker.TestWorker.execute(TestWorker.java:60)
at org.gradle.process.internal.worker.child.ActionExecutionWorker.execute(ActionExecutionWorker.java:56)
at org.gradle.process.internal.worker.child.SystemApplicationClassLoaderWorker.call(SystemApplicationClassLoaderWorker.java:133)
at org.gradle.process.internal.worker.child.SystemApplicationClassLoaderWorker.call(SystemApplicationClassLoaderWorker.java:71)
at worker.org.gradle.process.internal.worker.GradleWorkerMain.run(GradleWorkerMain.java:69)
at worker.org.gradle.process.internal.worker.GradleWorkerMain.main(GradleWorkerMain.java:74)
]]>
            </full-stacktrace>
          </exception> <!-- java.lang.AssertionError -->
          <reporter-output>
          </reporter-output>
        </test-method> <!-- createClientVehiclesFromNoOneNotNullTest -->
        <test-method is-config="true" signature="cleanData()[pri:0, instance:api.client.CreateClientTests@a53bb6f]" started-at="2022-06-18T12:24:55 WEST" name="cleanData" finished-at="2022-06-18T12:24:55 WEST" duration-ms="7" status="PASS">
          <reporter-output>
          </reporter-output>
        </test-method> <!-- cleanData -->
        <test-method is-config="true" signature="deleteTestingEntities()[pri:0, instance:api.client.CreateClientTests@a53bb6f]" started-at="2022-06-18T12:24:55 WEST" name="deleteTestingEntities" finished-at="2022-06-18T12:24:55 WEST" duration-ms="24" status="PASS">
          <reporter-output>
          </reporter-output>
        </test-method> <!-- deleteTestingEntities -->
      </class> <!-- api.client.CreateClientTests -->
      <class name="api.vehicle.CreateVehicleTests">
        <test-method signature="createVehicleClientNotNullTest()[pri:0, instance:api.vehicle.CreateVehicleTests@6034e75d]" started-at="2022-06-18T12:24:55 WEST" name="createVehicleClientNotNullTest" description="check if vehicle client is correctly validated" finished-at="2022-06-18T12:24:55 WEST" duration-ms="13" status="FAIL">
          <exception class="java.lang.AssertionError">
            <message>
              <![CDATA[Message should be Client should be null on creation when using client is not null
Expected: is "Client should be null on creation"
     but: was "JSON parse error: Unresolved forward references for: ; nested exception is com.fasterxml.jackson.databind.deser.UnresolvedForwardReference: Unresolved forward references for: \n at [Source: (PushbackInputStream); line: 1, column: 112]Object id [1] (for `pt.ua.garage.model.Client`) at [Source: (PushbackInputStream); line: 1, column: 22]."]]>
            </message>
            <full-stacktrace>
              <![CDATA[java.lang.AssertionError: Message should be Client should be null on creation when using client is not null
Expected: is "Client should be null on creation"
     but: was "JSON parse error: Unresolved forward references for: ; nested exception is com.fasterxml.jackson.databind.deser.UnresolvedForwardReference: Unresolved forward references for: \n at [Source: (PushbackInputStream); line: 1, column: 112]Object id [1] (for `pt.ua.garage.model.Client`) at [Source: (PushbackInputStream); line: 1, column: 22]."
at org.hamcrest.MatcherAssert.assertThat(MatcherAssert.java:20)
at api.validators.ErrorResponseValidator.assertErrorResponse(ErrorResponseValidator.java:24)
at api.vehicle.CreateVehicleTests.validateCreateVehicleBadRequest(CreateVehicleTests.java:96)
at api.vehicle.CreateVehicleTests.createVehicleClientNotNullTest(CreateVehicleTests.java:144)
at java.base/jdk.internal.reflect.NativeMethodAccessorImpl.invoke0(Native Method)
at java.base/jdk.internal.reflect.NativeMethodAccessorImpl.invoke(NativeMethodAccessorImpl.java:64)
at java.base/jdk.internal.reflect.DelegatingMethodAccessorImpl.invoke(DelegatingMethodAccessorImpl.java:43)
at java.base/java.lang.reflect.Method.invoke(Method.java:564)
at org.testng.internal.MethodInvocationHelper.invokeMethod(MethodInvocationHelper.java:133)
at org.testng.internal.TestInvoker.invokeMethod(TestInvoker.java:598)
at org.testng.internal.TestInvoker.invokeTestMethod(TestInvoker.java:173)
at org.testng.internal.MethodRunner.runInSequence(MethodRunner.java:46)
at org.testng.internal.TestInvoker$MethodInvocationAgent.invoke(TestInvoker.java:824)
at org.testng.internal.TestInvoker.invokeTestMethods(TestInvoker.java:146)
at org.testng.internal.TestMethodWorker.invokeTestMethods(TestMethodWorker.java:146)
at org.testng.internal.TestMethodWorker.run(TestMethodWorker.java:128)
at java.base/java.util.ArrayList.forEach(ArrayList.java:1511)
at org.testng.TestRunner.privateRun(TestRunner.java:794)
at org.testng.TestRunner.run(TestRunner.java:596)
at org.testng.SuiteRunner.runTest(SuiteRunner.java:377)
at org.testng.SuiteRunner.runSequentially(SuiteRunner.java:371)
at org.testng.SuiteRunner.privateRun(SuiteRunner.java:332)
at org.testng.SuiteRunner.run(SuiteRunner.java:276)
at org.testng.SuiteRunnerWorker.runSuite(SuiteRunnerWorker.java:53)
at org.testng.SuiteRunnerWorker.run(SuiteRunnerWorker.java:96)
at org.testng.TestNG.runSuitesSequentially(TestNG.java:1212)
at org.testng.TestNG.runSuitesLocally(TestNG.java:1134)
at org.testng.TestNG.runSuites(TestNG.java:1063)
at org.testng.TestNG.run(TestNG.java:1031)
at org.gradle.api.internal.tasks.testing.testng.TestNGTestClassProcessor.runTests(TestNGTestClassProcessor.java:141)
at org.gradle.api.internal.tasks.testing.testng.TestNGTestClassProcessor.stop(TestNGTestClassProcessor.java:90)
at org.gradle.api.internal.tasks.testing.SuiteTestClassProcessor.stop(SuiteTestClassProcessor.java:61)
at java.base/jdk.internal.reflect.NativeMethodAccessorImpl.invoke0(Native Method)
at java.base/jdk.internal.reflect.NativeMethodAccessorImpl.invoke(NativeMethodAccessorImpl.java:64)
at java.base/jdk.internal.reflect.DelegatingMethodAccessorImpl.invoke(DelegatingMethodAccessorImpl.java:43)
at java.base/java.lang.reflect.Method.invoke(Method.java:564)
at org.gradle.internal.dispatch.ReflectionDispatch.dispatch(ReflectionDispatch.java:36)
at org.gradle.internal.dispatch.ReflectionDispatch.dispatch(ReflectionDispatch.java:24)
at org.gradle.internal.dispatch.ContextClassLoaderDispatch.dispatch(ContextClassLoaderDispatch.java:33)
at org.gradle.internal.dispatch.ProxyDispatchAdapter$DispatchingInvocationHandler.invoke(ProxyDispatchAdapter.java:94)
at com.sun.proxy.$Proxy5.stop(Unknown Source)
at org.gradle.api.internal.tasks.testing.worker.TestWorker$3.run(TestWorker.java:193)
at org.gradle.api.internal.tasks.testing.worker.TestWorker.executeAndMaintainThreadName(TestWorker.java:129)
at org.gradle.api.internal.tasks.testing.worker.TestWorker.execute(TestWorker.java:100)
at org.gradle.api.internal.tasks.testing.worker.TestWorker.execute(TestWorker.java:60)
at org.gradle.process.internal.worker.child.ActionExecutionWorker.execute(ActionExecutionWorker.java:56)
at org.gradle.process.internal.worker.child.SystemApplicationClassLoaderWorker.call(SystemApplicationClassLoaderWorker.java:133)
at org.gradle.process.internal.worker.child.SystemApplicationClassLoaderWorker.call(SystemApplicationClassLoaderWorker.java:71)
at worker.org.gradle.process.internal.worker.GradleWorkerMain.run(GradleWorkerMain.java:69)
at worker.org.gradle.process.internal.worker.GradleWorkerMain.main(GradleWorkerMain.java:74)
]]>
            </full-stacktrace>
          </exception> <!-- java.lang.AssertionError -->
          <reporter-output>
          </reporter-output>
        </test-method> <!-- createVehicleClientNotNullTest -->
        <test-method is-config="true" signature="resetData()[pri:0, instance:api.vehicle.CreateVehicleTests@6034e75d]" started-at="2022-06-18T12:24:55 WEST" name="resetData" finished-at="2022-06-18T12:24:55 WEST" duration-ms="0" status="PASS">
          <reporter-output>
          </reporter-output>
        </test-method> <!-- resetData -->
        <test-method is-config="true" signature="cleanData()[pri:0, instance:api.vehicle.CreateVehicleTests@6034e75d]" started-at="2022-06-18T12:24:55 WEST" name="cleanData" finished-at="2022-06-18T12:24:55 WEST" duration-ms="0" status="PASS">
          <reporter-output>
          </reporter-output>
        </test-method> <!-- cleanData -->
        <test-method is-config="true" signature="resetData()[pri:0, instance:api.vehicle.CreateVehicleTests@6034e75d]" started-at="2022-06-18T12:24:55 WEST" name="resetData" finished-at="2022-06-18T12:24:55 WEST" duration-ms="1" status="PASS">
          <reporter-output>
          </reporter-output>
        </test-method> <!-- resetData -->
        <test-method signature="createVehicleIdNotNullTest()[pri:0, instance:api.vehicle.CreateVehicleTests@6034e75d]" started-at="2022-06-18T12:24:55 WEST" name="createVehicleIdNotNullTest" description="check if vehicle id is correctly validated" finished-at="2022-06-18T12:24:55 WEST" duration-ms="10" status="PASS">
          <reporter-output>
          </reporter-output>
        </test-method> <!-- createVehicleIdNotNullTest -->
        <test-method is-config="true" signature="cleanData()[pri:0, instance:api.vehicle.CreateVehicleTests@6034e75d]" started-at="2022-06-18T12:24:55 WEST" name="cleanData" finished-at="2022-06-18T12:24:55 WEST" duration-ms="1" status="PASS">
          <reporter-output>
          </reporter-output>
        </test-method> <!-- cleanData -->
        <test-method is-config="true" signature="resetData()[pri:0, instance:api.vehicle.CreateVehicleTests@6034e75d]" started-at="2022-06-18T12:24:55 WEST" name="resetData" finished-at="2022-06-18T12:24:55 WEST" duration-ms="1" status="PASS">
          <reporter-output>
          </reporter-output>
        </test-method> <!-- resetData -->
        <test-method signature="createVehicleInvalidPlateTest(java.lang.String)[pri:0, instance:api.vehicle.CreateVehicleTests@6034e75d]" started-at="2022-06-18T12:24:55 WEST" name="createVehicleInvalidPlateTest" description="check if vehicle plate is correctly validated" data-provider="testInvalidPlates" finished-at="2022-06-18T12:24:55 WEST" duration-ms="9" status="PASS">
          <params>
            <param index="0">
              <value>
                <![CDATA[A2-AA-22]]>
              </value>
            </param>
          </params>
          <reporter-output>
          </reporter-output>
        </test-method> <!-- createVehicleInvalidPlateTest -->
        <test-method is-config="true" signature="cleanData()[pri:0, instance:api.vehicle.CreateVehicleTests@6034e75d]" started-at="2022-06-18T12:24:55 WEST" name="cleanData" finished-at="2022-06-18T12:24:55 WEST" duration-ms="1" status="PASS">
          <reporter-output>
          </reporter-output>
        </test-method> <!-- cleanData -->
        <test-method is-config="true" signature="resetData()[pri:0, instance:api.vehicle.CreateVehicleTests@6034e75d]" started-at="2022-06-18T12:24:55 WEST" name="resetData" finished-at="2022-06-18T12:24:55 WEST" duration-ms="0" status="PASS">
          <reporter-output>
          </reporter-output>
        </test-method> <!-- resetData -->
        <test-method signature="createVehicleInvalidPlateTest(java.lang.String)[pri:0, instance:api.vehicle.CreateVehicleTests@6034e75d]" started-at="2022-06-18T12:24:55 WEST" name="createVehicleInvalidPlateTest" description="check if vehicle plate is correctly validated" data-provider="testInvalidPlates" finished-at="2022-06-18T12:24:55 WEST" duration-ms="8" status="PASS">
          <params>
            <param index="0">
              <value>
                <![CDATA[22 AA 22]]>
              </value>
            </param>
          </params>
          <reporter-output>
          </reporter-output>
        </test-method> <!-- createVehicleInvalidPlateTest -->
        <test-method is-config="true" signature="cleanData()[pri:0, instance:api.vehicle.CreateVehicleTests@6034e75d]" started-at="2022-06-18T12:24:55 WEST" name="cleanData" finished-at="2022-06-18T12:24:55 WEST" duration-ms="1" status="PASS">
          <reporter-output>
          </reporter-output>
        </test-method> <!-- cleanData -->
        <test-method signature="createVehicleInvalidPlateTest(java.lang.String)[pri:0, instance:api.vehicle.CreateVehicleTests@6034e75d]" started-at="2022-06-18T12:24:55 WEST" name="createVehicleInvalidPlateTest" description="check if vehicle plate is correctly validated" data-provider="testInvalidPlates" finished-at="2022-06-18T12:24:55 WEST" duration-ms="10" status="PASS">
          <params>
            <param index="0">
              <value>
                <![CDATA[22.AA.22]]>
              </value>
            </param>
          </params>
          <reporter-output>
          </reporter-output>
        </test-method> <!-- createVehicleInvalidPlateTest -->
        <test-method is-config="true" signature="resetData()[pri:0, instance:api.vehicle.CreateVehicleTests@6034e75d]" started-at="2022-06-18T12:24:55 WEST" name="resetData" finished-at="2022-06-18T12:24:55 WEST" duration-ms="0" status="PASS">
          <reporter-output>
          </reporter-output>
        </test-method> <!-- resetData -->
        <test-method is-config="true" signature="cleanData()[pri:0, instance:api.vehicle.CreateVehicleTests@6034e75d]" started-at="2022-06-18T12:24:55 WEST" name="cleanData" finished-at="2022-06-18T12:24:55 WEST" duration-ms="1" status="PASS">
          <reporter-output>
          </reporter-output>
        </test-method> <!-- cleanData -->
        <test-method is-config="true" signature="resetData()[pri:0, instance:api.vehicle.CreateVehicleTests@6034e75d]" started-at="2022-06-18T12:24:55 WEST" name="resetData" finished-at="2022-06-18T12:24:55 WEST" duration-ms="0" status="PASS">
          <reporter-output>
          </reporter-output>
        </test-method> <!-- resetData -->
        <test-method signature="createVehicleInvalidPlateTest(java.lang.String)[pri:0, instance:api.vehicle.CreateVehicleTests@6034e75d]" started-at="2022-06-18T12:24:55 WEST" name="createVehicleInvalidPlateTest" description="check if vehicle plate is correctly validated" data-provider="testInvalidPlates" finished-at="2022-06-18T12:24:55 WEST" duration-ms="8" status="PASS">
          <params>
            <param index="0">
              <value>
                <![CDATA[22_AA_22]]>
              </value>
            </param>
          </params>
          <reporter-output>
          </reporter-output>
        </test-method> <!-- createVehicleInvalidPlateTest -->
        <test-method is-config="true" signature="cleanData()[pri:0, instance:api.vehicle.CreateVehicleTests@6034e75d]" started-at="2022-06-18T12:24:55 WEST" name="cleanData" finished-at="2022-06-18T12:24:55 WEST" duration-ms="1" status="PASS">
          <reporter-output>
          </reporter-output>
        </test-method> <!-- cleanData -->
        <test-method signature="createVehicleInvalidPlateTest(java.lang.String)[pri:0, instance:api.vehicle.CreateVehicleTests@6034e75d]" started-at="2022-06-18T12:24:55 WEST" name="createVehicleInvalidPlateTest" description="check if vehicle plate is correctly validated" data-provider="testInvalidPlates" finished-at="2022-06-18T12:24:55 WEST" duration-ms="11" status="PASS">
          <params>
            <param index="0">
              <value>
                <![CDATA[22AA22]]>
              </value>
            </param>
          </params>
          <reporter-output>
          </reporter-output>
        </test-method> <!-- createVehicleInvalidPlateTest -->
        <test-method is-config="true" signature="resetData()[pri:0, instance:api.vehicle.CreateVehicleTests@6034e75d]" started-at="2022-06-18T12:24:55 WEST" name="resetData" finished-at="2022-06-18T12:24:55 WEST" duration-ms="0" status="PASS">
          <reporter-output>
          </reporter-output>
        </test-method> <!-- resetData -->
        <test-method is-config="true" signature="cleanData()[pri:0, instance:api.vehicle.CreateVehicleTests@6034e75d]" started-at="2022-06-18T12:24:55 WEST" name="cleanData" finished-at="2022-06-18T12:24:55 WEST" duration-ms="1" status="PASS">
          <reporter-output>
          </reporter-output>
        </test-method> <!-- cleanData -->
        <test-method is-config="true" signature="resetData()[pri:0, instance:api.vehicle.CreateVehicleTests@6034e75d]" started-at="2022-06-18T12:24:55 WEST" name="resetData" finished-at="2022-06-18T12:24:55 WEST" duration-ms="1" status="PASS">
          <reporter-output>
          </reporter-output>
        </test-method> <!-- resetData -->
        <test-method signature="createVehicleInvalidYearTest(java.lang.Integer)[pri:0, instance:api.vehicle.CreateVehicleTests@6034e75d]" started-at="2022-06-18T12:24:55 WEST" name="createVehicleInvalidYearTest" description="check if vehicle year is correctly validated" data-provider="testYears" finished-at="2022-06-18T12:24:55 WEST" duration-ms="12" status="FAIL">
          <params>
            <param index="0">
              <value>
                <![CDATA[-1]]>
              </value>
            </param>
          </params>
          <exception class="java.lang.AssertionError">
            <message>
              <![CDATA[Expected response code to be [400] but was [201]
Expected: is <400>
     but: was <201>]]>
            </message>
            <full-stacktrace>
              <![CDATA[java.lang.AssertionError: Expected response code to be [400] but was [201]
Expected: is <400>
     but: was <201>
at org.hamcrest.MatcherAssert.assertThat(MatcherAssert.java:20)
at api.validators.ResponseHttpCodeValidator.assertBadRequest(ResponseHttpCodeValidator.java:47)
at api.vehicle.CreateVehicleTests.validateCreateVehicleBadRequest(CreateVehicleTests.java:71)
at api.vehicle.CreateVehicleTests.createVehicleInvalidYearTest(CreateVehicleTests.java:126)
at java.base/jdk.internal.reflect.NativeMethodAccessorImpl.invoke0(Native Method)
at java.base/jdk.internal.reflect.NativeMethodAccessorImpl.invoke(NativeMethodAccessorImpl.java:64)
at java.base/jdk.internal.reflect.DelegatingMethodAccessorImpl.invoke(DelegatingMethodAccessorImpl.java:43)
at java.base/java.lang.reflect.Method.invoke(Method.java:564)
at org.testng.internal.MethodInvocationHelper.invokeMethod(MethodInvocationHelper.java:133)
at org.testng.internal.TestInvoker.invokeMethod(TestInvoker.java:598)
at org.testng.internal.TestInvoker.invokeTestMethod(TestInvoker.java:173)
at org.testng.internal.MethodRunner.runInSequence(MethodRunner.java:46)
at org.testng.internal.TestInvoker$MethodInvocationAgent.invoke(TestInvoker.java:824)
at org.testng.internal.TestInvoker.invokeTestMethods(TestInvoker.java:146)
at org.testng.internal.TestMethodWorker.invokeTestMethods(TestMethodWorker.java:146)
at org.testng.internal.TestMethodWorker.run(TestMethodWorker.java:128)
at java.base/java.util.ArrayList.forEach(ArrayList.java:1511)
at org.testng.TestRunner.privateRun(TestRunner.java:794)
at org.testng.TestRunner.run(TestRunner.java:596)
at org.testng.SuiteRunner.runTest(SuiteRunner.java:377)
at org.testng.SuiteRunner.runSequentially(SuiteRunner.java:371)
at org.testng.SuiteRunner.privateRun(SuiteRunner.java:332)
at org.testng.SuiteRunner.run(SuiteRunner.java:276)
at org.testng.SuiteRunnerWorker.runSuite(SuiteRunnerWorker.java:53)
at org.testng.SuiteRunnerWorker.run(SuiteRunnerWorker.java:96)
at org.testng.TestNG.runSuitesSequentially(TestNG.java:1212)
at org.testng.TestNG.runSuitesLocally(TestNG.java:1134)
at org.testng.TestNG.runSuites(TestNG.java:1063)
at org.testng.TestNG.run(TestNG.java:1031)
at org.gradle.api.internal.tasks.testing.testng.TestNGTestClassProcessor.runTests(TestNGTestClassProcessor.java:141)
at org.gradle.api.internal.tasks.testing.testng.TestNGTestClassProcessor.stop(TestNGTestClassProcessor.java:90)
at org.gradle.api.internal.tasks.testing.SuiteTestClassProcessor.stop(SuiteTestClassProcessor.java:61)
at java.base/jdk.internal.reflect.NativeMethodAccessorImpl.invoke0(Native Method)
at java.base/jdk.internal.reflect.NativeMethodAccessorImpl.invoke(NativeMethodAccessorImpl.java:64)
at java.base/jdk.internal.reflect.DelegatingMethodAccessorImpl.invoke(DelegatingMethodAccessorImpl.java:43)
at java.base/java.lang.reflect.Method.invoke(Method.java:564)
at org.gradle.internal.dispatch.ReflectionDispatch.dispatch(ReflectionDispatch.java:36)
at org.gradle.internal.dispatch.ReflectionDispatch.dispatch(ReflectionDispatch.java:24)
at org.gradle.internal.dispatch.ContextClassLoaderDispatch.dispatch(ContextClassLoaderDispatch.java:33)
at org.gradle.internal.dispatch.ProxyDispatchAdapter$DispatchingInvocationHandler.invoke(ProxyDispatchAdapter.java:94)
at com.sun.proxy.$Proxy5.stop(Unknown Source)
at org.gradle.api.internal.tasks.testing.worker.TestWorker$3.run(TestWorker.java:193)
at org.gradle.api.internal.tasks.testing.worker.TestWorker.executeAndMaintainThreadName(TestWorker.java:129)
at org.gradle.api.internal.tasks.testing.worker.TestWorker.execute(TestWorker.java:100)
at org.gradle.api.internal.tasks.testing.worker.TestWorker.execute(TestWorker.java:60)
at org.gradle.process.internal.worker.child.ActionExecutionWorker.execute(ActionExecutionWorker.java:56)
at org.gradle.process.internal.worker.child.SystemApplicationClassLoaderWorker.call(SystemApplicationClassLoaderWorker.java:133)
at org.gradle.process.internal.worker.child.SystemApplicationClassLoaderWorker.call(SystemApplicationClassLoaderWorker.java:71)
at worker.org.gradle.process.internal.worker.GradleWorkerMain.run(GradleWorkerMain.java:69)
at worker.org.gradle.process.internal.worker.GradleWorkerMain.main(GradleWorkerMain.java:74)
]]>
            </full-stacktrace>
          </exception> <!-- java.lang.AssertionError -->
          <reporter-output>
          </reporter-output>
        </test-method> <!-- createVehicleInvalidYearTest -->
        <test-method is-config="true" signature="cleanData()[pri:0, instance:api.vehicle.CreateVehicleTests@6034e75d]" started-at="2022-06-18T12:24:55 WEST" name="cleanData" finished-at="2022-06-18T12:24:55 WEST" duration-ms="10" status="PASS">
          <reporter-output>
          </reporter-output>
        </test-method> <!-- cleanData -->
        <test-method is-config="true" signature="resetData()[pri:0, instance:api.vehicle.CreateVehicleTests@6034e75d]" started-at="2022-06-18T12:24:55 WEST" name="resetData" finished-at="2022-06-18T12:24:55 WEST" duration-ms="1" status="PASS">
          <reporter-output>
          </reporter-output>
        </test-method> <!-- resetData -->
        <test-method signature="createVehicleTest()[pri:0, instance:api.vehicle.CreateVehicleTests@6034e75d]" started-at="2022-06-18T12:24:55 WEST" name="createVehicleTest" description="check if vehicle is correctly created" finished-at="2022-06-18T12:24:55 WEST" duration-ms="22" status="PASS">
          <reporter-output>
          </reporter-output>
        </test-method> <!-- createVehicleTest -->
        <test-method is-config="true" signature="cleanData()[pri:0, instance:api.vehicle.CreateVehicleTests@6034e75d]" started-at="2022-06-18T12:24:55 WEST" name="cleanData" finished-at="2022-06-18T12:24:55 WEST" duration-ms="6" status="PASS">
          <reporter-output>
          </reporter-output>
        </test-method> <!-- cleanData -->
        <test-method is-config="true" signature="resetData()[pri:0, instance:api.vehicle.CreateVehicleTests@6034e75d]" started-at="2022-06-18T12:24:55 WEST" name="resetData" finished-at="2022-06-18T12:24:55 WEST" duration-ms="0" status="PASS">
          <reporter-output>
          </reporter-output>
        </test-method> <!-- resetData -->
        <test-method signature="createVehicleValidPlateTest(java.lang.String)[pri:0, instance:api.vehicle.CreateVehicleTests@6034e75d]" started-at="2022-06-18T12:24:55 WEST" name="createVehicleValidPlateTest" description="check if vehicle plate is correctly validated" data-provider="testValidPlates" finished-at="2022-06-18T12:24:55 WEST" duration-ms="8" status="FAIL">
          <params>
            <param index="0">
              <value>
                <![CDATA[22-22-22]]>
              </value>
            </param>
          </params>
          <exception class="java.lang.AssertionError">
            <message>
              <![CDATA[Expected response code to be [201] but was [400]
Expected: is <201>
     but: was <400>]]>
            </message>
            <full-stacktrace>
              <![CDATA[java.lang.AssertionError: Expected response code to be [201] but was [400]
Expected: is <201>
     but: was <400>
at org.hamcrest.MatcherAssert.assertThat(MatcherAssert.java:20)
at api.validators.ResponseHttpCodeValidator.assertCreated(ResponseHttpCodeValidator.java:31)
at api.vehicle.CreateVehicleTests.createVehicleValidPlateTest(CreateVehicleTests.java:106)
at java.base/jdk.internal.reflect.NativeMethodAccessorImpl.invoke0(Native Method)
at java.base/jdk.internal.reflect.NativeMethodAccessorImpl.invoke(NativeMethodAccessorImpl.java:64)
at java.base/jdk.internal.reflect.DelegatingMethodAccessorImpl.invoke(DelegatingMethodAccessorImpl.java:43)
at java.base/java.lang.reflect.Method.invoke(Method.java:564)
at org.testng.internal.MethodInvocationHelper.invokeMethod(MethodInvocationHelper.java:133)
at org.testng.internal.TestInvoker.invokeMethod(TestInvoker.java:598)
at org.testng.internal.TestInvoker.invokeTestMethod(TestInvoker.java:173)
at org.testng.internal.MethodRunner.runInSequence(MethodRunner.java:46)
at org.testng.internal.TestInvoker$MethodInvocationAgent.invoke(TestInvoker.java:824)
at org.testng.internal.TestInvoker.invokeTestMethods(TestInvoker.java:146)
at org.testng.internal.TestMethodWorker.invokeTestMethods(TestMethodWorker.java:146)
at org.testng.internal.TestMethodWorker.run(TestMethodWorker.java:128)
at java.base/java.util.ArrayList.forEach(ArrayList.java:1511)
at org.testng.TestRunner.privateRun(TestRunner.java:794)
at org.testng.TestRunner.run(TestRunner.java:596)
at org.testng.SuiteRunner.runTest(SuiteRunner.java:377)
at org.testng.SuiteRunner.runSequentially(SuiteRunner.java:371)
at org.testng.SuiteRunner.privateRun(SuiteRunner.java:332)
at org.testng.SuiteRunner.run(SuiteRunner.java:276)
at org.testng.SuiteRunnerWorker.runSuite(SuiteRunnerWorker.java:53)
at org.testng.SuiteRunnerWorker.run(SuiteRunnerWorker.java:96)
at org.testng.TestNG.runSuitesSequentially(TestNG.java:1212)
at org.testng.TestNG.runSuitesLocally(TestNG.java:1134)
at org.testng.TestNG.runSuites(TestNG.java:1063)
at org.testng.TestNG.run(TestNG.java:1031)
at org.gradle.api.internal.tasks.testing.testng.TestNGTestClassProcessor.runTests(TestNGTestClassProcessor.java:141)
at org.gradle.api.internal.tasks.testing.testng.TestNGTestClassProcessor.stop(TestNGTestClassProcessor.java:90)
at org.gradle.api.internal.tasks.testing.SuiteTestClassProcessor.stop(SuiteTestClassProcessor.java:61)
at java.base/jdk.internal.reflect.NativeMethodAccessorImpl.invoke0(Native Method)
at java.base/jdk.internal.reflect.NativeMethodAccessorImpl.invoke(NativeMethodAccessorImpl.java:64)
at java.base/jdk.internal.reflect.DelegatingMethodAccessorImpl.invoke(DelegatingMethodAccessorImpl.java:43)
at java.base/java.lang.reflect.Method.invoke(Method.java:564)
at org.gradle.internal.dispatch.ReflectionDispatch.dispatch(ReflectionDispatch.java:36)
at org.gradle.internal.dispatch.ReflectionDispatch.dispatch(ReflectionDispatch.java:24)
at org.gradle.internal.dispatch.ContextClassLoaderDispatch.dispatch(ContextClassLoaderDispatch.java:33)
at org.gradle.internal.dispatch.ProxyDispatchAdapter$DispatchingInvocationHandler.invoke(ProxyDispatchAdapter.java:94)
at com.sun.proxy.$Proxy5.stop(Unknown Source)
at org.gradle.api.internal.tasks.testing.worker.TestWorker$3.run(TestWorker.java:193)
at org.gradle.api.internal.tasks.testing.worker.TestWorker.executeAndMaintainThreadName(TestWorker.java:129)
at org.gradle.api.internal.tasks.testing.worker.TestWorker.execute(TestWorker.java:100)
at org.gradle.api.internal.tasks.testing.worker.TestWorker.execute(TestWorker.java:60)
at org.gradle.process.internal.worker.child.ActionExecutionWorker.execute(ActionExecutionWorker.java:56)
at org.gradle.process.internal.worker.child.SystemApplicationClassLoaderWorker.call(SystemApplicationClassLoaderWorker.java:133)
at org.gradle.process.internal.worker.child.SystemApplicationClassLoaderWorker.call(SystemApplicationClassLoaderWorker.java:71)
at worker.org.gradle.process.internal.worker.GradleWorkerMain.run(GradleWorkerMain.java:69)
at worker.org.gradle.process.internal.worker.GradleWorkerMain.main(GradleWorkerMain.java:74)
]]>
            </full-stacktrace>
          </exception> <!-- java.lang.AssertionError -->
          <reporter-output>
          </reporter-output>
        </test-method> <!-- createVehicleValidPlateTest -->
        <test-method is-config="true" signature="cleanData()[pri:0, instance:api.vehicle.CreateVehicleTests@6034e75d]" started-at="2022-06-18T12:24:55 WEST" name="cleanData" finished-at="2022-06-18T12:24:55 WEST" duration-ms="0" status="PASS">
          <reporter-output>
          </reporter-output>
        </test-method> <!-- cleanData -->
        <test-method signature="createVehicleValidPlateTest(java.lang.String)[pri:0, instance:api.vehicle.CreateVehicleTests@6034e75d]" started-at="2022-06-18T12:24:55 WEST" name="createVehicleValidPlateTest" description="check if vehicle plate is correctly validated" data-provider="testValidPlates" finished-at="2022-06-18T12:24:55 WEST" duration-ms="9" status="PASS">
          <params>
            <param index="0">
              <value>
                <![CDATA[AA-22-22]]>
              </value>
            </param>
          </params>
          <reporter-output>
          </reporter-output>
        </test-method> <!-- createVehicleValidPlateTest -->
        <test-method is-config="true" signature="resetData()[pri:0, instance:api.vehicle.CreateVehicleTests@6034e75d]" started-at="2022-06-18T12:24:55 WEST" name="resetData" finished-at="2022-06-18T12:24:55 WEST" duration-ms="0" status="PASS">
          <reporter-output>
          </reporter-output>
        </test-method> <!-- resetData -->
        <test-method is-config="true" signature="cleanData()[pri:0, instance:api.vehicle.CreateVehicleTests@6034e75d]" started-at="2022-06-18T12:24:55 WEST" name="cleanData" finished-at="2022-06-18T12:24:55 WEST" duration-ms="6" status="PASS">
          <reporter-output>
          </reporter-output>
        </test-method> <!-- cleanData -->
        <test-method is-config="true" signature="resetData()[pri:0, instance:api.vehicle.CreateVehicleTests@6034e75d]" started-at="2022-06-18T12:24:55 WEST" name="resetData" finished-at="2022-06-18T12:24:55 WEST" duration-ms="0" status="PASS">
          <reporter-output>
          </reporter-output>
        </test-method> <!-- resetData -->
        <test-method signature="createVehicleValidPlateTest(java.lang.String)[pri:0, instance:api.vehicle.CreateVehicleTests@6034e75d]" started-at="2022-06-18T12:24:55 WEST" name="createVehicleValidPlateTest" description="check if vehicle plate is correctly validated" data-provider="testValidPlates" finished-at="2022-06-18T12:24:55 WEST" duration-ms="9" status="FAIL">
          <params>
            <param index="0">
              <value>
                <![CDATA[AA-AA-22]]>
              </value>
            </param>
          </params>
          <exception class="java.lang.AssertionError">
            <message>
              <![CDATA[Expected response code to be [201] but was [400]
Expected: is <201>
     but: was <400>]]>
            </message>
            <full-stacktrace>
              <![CDATA[java.lang.AssertionError: Expected response code to be [201] but was [400]
Expected: is <201>
     but: was <400>
at org.hamcrest.MatcherAssert.assertThat(MatcherAssert.java:20)
at api.validators.ResponseHttpCodeValidator.assertCreated(ResponseHttpCodeValidator.java:31)
at api.vehicle.CreateVehicleTests.createVehicleValidPlateTest(CreateVehicleTests.java:106)
at java.base/jdk.internal.reflect.NativeMethodAccessorImpl.invoke0(Native Method)
at java.base/jdk.internal.reflect.NativeMethodAccessorImpl.invoke(NativeMethodAccessorImpl.java:64)
at java.base/jdk.internal.reflect.DelegatingMethodAccessorImpl.invoke(DelegatingMethodAccessorImpl.java:43)
at java.base/java.lang.reflect.Method.invoke(Method.java:564)
at org.testng.internal.MethodInvocationHelper.invokeMethod(MethodInvocationHelper.java:133)
at org.testng.internal.TestInvoker.invokeMethod(TestInvoker.java:598)
at org.testng.internal.TestInvoker.invokeTestMethod(TestInvoker.java:173)
at org.testng.internal.MethodRunner.runInSequence(MethodRunner.java:46)
at org.testng.internal.TestInvoker$MethodInvocationAgent.invoke(TestInvoker.java:824)
at org.testng.internal.TestInvoker.invokeTestMethods(TestInvoker.java:146)
at org.testng.internal.TestMethodWorker.invokeTestMethods(TestMethodWorker.java:146)
at org.testng.internal.TestMethodWorker.run(TestMethodWorker.java:128)
at java.base/java.util.ArrayList.forEach(ArrayList.java:1511)
at org.testng.TestRunner.privateRun(TestRunner.java:794)
at org.testng.TestRunner.run(TestRunner.java:596)
at org.testng.SuiteRunner.runTest(SuiteRunner.java:377)
at org.testng.SuiteRunner.runSequentially(SuiteRunner.java:371)
at org.testng.SuiteRunner.privateRun(SuiteRunner.java:332)
at org.testng.SuiteRunner.run(SuiteRunner.java:276)
at org.testng.SuiteRunnerWorker.runSuite(SuiteRunnerWorker.java:53)
at org.testng.SuiteRunnerWorker.run(SuiteRunnerWorker.java:96)
at org.testng.TestNG.runSuitesSequentially(TestNG.java:1212)
at org.testng.TestNG.runSuitesLocally(TestNG.java:1134)
at org.testng.TestNG.runSuites(TestNG.java:1063)
at org.testng.TestNG.run(TestNG.java:1031)
at org.gradle.api.internal.tasks.testing.testng.TestNGTestClassProcessor.runTests(TestNGTestClassProcessor.java:141)
at org.gradle.api.internal.tasks.testing.testng.TestNGTestClassProcessor.stop(TestNGTestClassProcessor.java:90)
at org.gradle.api.internal.tasks.testing.SuiteTestClassProcessor.stop(SuiteTestClassProcessor.java:61)
at java.base/jdk.internal.reflect.NativeMethodAccessorImpl.invoke0(Native Method)
at java.base/jdk.internal.reflect.NativeMethodAccessorImpl.invoke(NativeMethodAccessorImpl.java:64)
at java.base/jdk.internal.reflect.DelegatingMethodAccessorImpl.invoke(DelegatingMethodAccessorImpl.java:43)
at java.base/java.lang.reflect.Method.invoke(Method.java:564)
at org.gradle.internal.dispatch.ReflectionDispatch.dispatch(ReflectionDispatch.java:36)
at org.gradle.internal.dispatch.ReflectionDispatch.dispatch(ReflectionDispatch.java:24)
at org.gradle.internal.dispatch.ContextClassLoaderDispatch.dispatch(ContextClassLoaderDispatch.java:33)
at org.gradle.internal.dispatch.ProxyDispatchAdapter$DispatchingInvocationHandler.invoke(ProxyDispatchAdapter.java:94)
at com.sun.proxy.$Proxy5.stop(Unknown Source)
at org.gradle.api.internal.tasks.testing.worker.TestWorker$3.run(TestWorker.java:193)
at org.gradle.api.internal.tasks.testing.worker.TestWorker.executeAndMaintainThreadName(TestWorker.java:129)
at org.gradle.api.internal.tasks.testing.worker.TestWorker.execute(TestWorker.java:100)
at org.gradle.api.internal.tasks.testing.worker.TestWorker.execute(TestWorker.java:60)
at org.gradle.process.internal.worker.child.ActionExecutionWorker.execute(ActionExecutionWorker.java:56)
at org.gradle.process.internal.worker.child.SystemApplicationClassLoaderWorker.call(SystemApplicationClassLoaderWorker.java:133)
at org.gradle.process.internal.worker.child.SystemApplicationClassLoaderWorker.call(SystemApplicationClassLoaderWorker.java:71)
at worker.org.gradle.process.internal.worker.GradleWorkerMain.run(GradleWorkerMain.java:69)
at worker.org.gradle.process.internal.worker.GradleWorkerMain.main(GradleWorkerMain.java:74)
]]>
            </full-stacktrace>
          </exception> <!-- java.lang.AssertionError -->
          <reporter-output>
          </reporter-output>
        </test-method> <!-- createVehicleValidPlateTest -->
        <test-method is-config="true" signature="cleanData()[pri:0, instance:api.vehicle.CreateVehicleTests@6034e75d]" started-at="2022-06-18T12:24:55 WEST" name="cleanData" finished-at="2022-06-18T12:24:55 WEST" duration-ms="1" status="PASS">
          <reporter-output>
          </reporter-output>
        </test-method> <!-- cleanData -->
        <test-method is-config="true" signature="resetData()[pri:0, instance:api.vehicle.CreateVehicleTests@6034e75d]" started-at="2022-06-18T12:24:55 WEST" name="resetData" finished-at="2022-06-18T12:24:55 WEST" duration-ms="1" status="PASS">
          <reporter-output>
          </reporter-output>
        </test-method> <!-- resetData -->
        <test-method signature="createVehicleValidPlateTest(java.lang.String)[pri:0, instance:api.vehicle.CreateVehicleTests@6034e75d]" started-at="2022-06-18T12:24:55 WEST" name="createVehicleValidPlateTest" description="check if vehicle plate is correctly validated" data-provider="testValidPlates" finished-at="2022-06-18T12:24:55 WEST" duration-ms="10" status="FAIL">
          <params>
            <param index="0">
              <value>
                <![CDATA[AA-AA-AA]]>
              </value>
            </param>
          </params>
          <exception class="java.lang.AssertionError">
            <message>
              <![CDATA[Expected response code to be [201] but was [400]
Expected: is <201>
     but: was <400>]]>
            </message>
            <full-stacktrace>
              <![CDATA[java.lang.AssertionError: Expected response code to be [201] but was [400]
Expected: is <201>
     but: was <400>
at org.hamcrest.MatcherAssert.assertThat(MatcherAssert.java:20)
at api.validators.ResponseHttpCodeValidator.assertCreated(ResponseHttpCodeValidator.java:31)
at api.vehicle.CreateVehicleTests.createVehicleValidPlateTest(CreateVehicleTests.java:106)
at java.base/jdk.internal.reflect.NativeMethodAccessorImpl.invoke0(Native Method)
at java.base/jdk.internal.reflect.NativeMethodAccessorImpl.invoke(NativeMethodAccessorImpl.java:64)
at java.base/jdk.internal.reflect.DelegatingMethodAccessorImpl.invoke(DelegatingMethodAccessorImpl.java:43)
at java.base/java.lang.reflect.Method.invoke(Method.java:564)
at org.testng.internal.MethodInvocationHelper.invokeMethod(MethodInvocationHelper.java:133)
at org.testng.internal.TestInvoker.invokeMethod(TestInvoker.java:598)
at org.testng.internal.TestInvoker.invokeTestMethod(TestInvoker.java:173)
at org.testng.internal.MethodRunner.runInSequence(MethodRunner.java:46)
at org.testng.internal.TestInvoker$MethodInvocationAgent.invoke(TestInvoker.java:824)
at org.testng.internal.TestInvoker.invokeTestMethods(TestInvoker.java:146)
at org.testng.internal.TestMethodWorker.invokeTestMethods(TestMethodWorker.java:146)
at org.testng.internal.TestMethodWorker.run(TestMethodWorker.java:128)
at java.base/java.util.ArrayList.forEach(ArrayList.java:1511)
at org.testng.TestRunner.privateRun(TestRunner.java:794)
at org.testng.TestRunner.run(TestRunner.java:596)
at org.testng.SuiteRunner.runTest(SuiteRunner.java:377)
at org.testng.SuiteRunner.runSequentially(SuiteRunner.java:371)
at org.testng.SuiteRunner.privateRun(SuiteRunner.java:332)
at org.testng.SuiteRunner.run(SuiteRunner.java:276)
at org.testng.SuiteRunnerWorker.runSuite(SuiteRunnerWorker.java:53)
at org.testng.SuiteRunnerWorker.run(SuiteRunnerWorker.java:96)
at org.testng.TestNG.runSuitesSequentially(TestNG.java:1212)
at org.testng.TestNG.runSuitesLocally(TestNG.java:1134)
at org.testng.TestNG.runSuites(TestNG.java:1063)
at org.testng.TestNG.run(TestNG.java:1031)
at org.gradle.api.internal.tasks.testing.testng.TestNGTestClassProcessor.runTests(TestNGTestClassProcessor.java:141)
at org.gradle.api.internal.tasks.testing.testng.TestNGTestClassProcessor.stop(TestNGTestClassProcessor.java:90)
at org.gradle.api.internal.tasks.testing.SuiteTestClassProcessor.stop(SuiteTestClassProcessor.java:61)
at java.base/jdk.internal.reflect.NativeMethodAccessorImpl.invoke0(Native Method)
at java.base/jdk.internal.reflect.NativeMethodAccessorImpl.invoke(NativeMethodAccessorImpl.java:64)
at java.base/jdk.internal.reflect.DelegatingMethodAccessorImpl.invoke(DelegatingMethodAccessorImpl.java:43)
at java.base/java.lang.reflect.Method.invoke(Method.java:564)
at org.gradle.internal.dispatch.ReflectionDispatch.dispatch(ReflectionDispatch.java:36)
at org.gradle.internal.dispatch.ReflectionDispatch.dispatch(ReflectionDispatch.java:24)
at org.gradle.internal.dispatch.ContextClassLoaderDispatch.dispatch(ContextClassLoaderDispatch.java:33)
at org.gradle.internal.dispatch.ProxyDispatchAdapter$DispatchingInvocationHandler.invoke(ProxyDispatchAdapter.java:94)
at com.sun.proxy.$Proxy5.stop(Unknown Source)
at org.gradle.api.internal.tasks.testing.worker.TestWorker$3.run(TestWorker.java:193)
at org.gradle.api.internal.tasks.testing.worker.TestWorker.executeAndMaintainThreadName(TestWorker.java:129)
at org.gradle.api.internal.tasks.testing.worker.TestWorker.execute(TestWorker.java:100)
at org.gradle.api.internal.tasks.testing.worker.TestWorker.execute(TestWorker.java:60)
at org.gradle.process.internal.worker.child.ActionExecutionWorker.execute(ActionExecutionWorker.java:56)
at org.gradle.process.internal.worker.child.SystemApplicationClassLoaderWorker.call(SystemApplicationClassLoaderWorker.java:133)
at org.gradle.process.internal.worker.child.SystemApplicationClassLoaderWorker.call(SystemApplicationClassLoaderWorker.java:71)
at worker.org.gradle.process.internal.worker.GradleWorkerMain.run(GradleWorkerMain.java:69)
at worker.org.gradle.process.internal.worker.GradleWorkerMain.main(GradleWorkerMain.java:74)
]]>
            </full-stacktrace>
          </exception> <!-- java.lang.AssertionError -->
          <reporter-output>
          </reporter-output>
        </test-method> <!-- createVehicleValidPlateTest -->
        <test-method is-config="true" signature="cleanData()[pri:0, instance:api.vehicle.CreateVehicleTests@6034e75d]" started-at="2022-06-18T12:24:55 WEST" name="cleanData" finished-at="2022-06-18T12:24:55 WEST" duration-ms="0" status="PASS">
          <reporter-output>
          </reporter-output>
        </test-method> <!-- cleanData -->
      </class> <!-- api.vehicle.CreateVehicleTests -->
      <class name="api.vehicle.GetVehicleTests">
        <test-method signature="numberOfVehiclesTest()[pri:0, instance:api.vehicle.GetVehicleTests@3af9aa66]" started-at="2022-06-18T12:24:56 WEST" name="numberOfVehiclesTest" description="validate number of vehicles" finished-at="2022-06-18T12:24:56 WEST" duration-ms="51" status="PASS">
          <reporter-output>
          </reporter-output>
        </test-method> <!-- numberOfVehiclesTest -->
        <test-method is-config="true" signature="cleanData()[pri:0, instance:api.vehicle.GetVehicleTests@3af9aa66]" started-at="2022-06-18T12:24:56 WEST" name="cleanData" finished-at="2022-06-18T12:24:56 WEST" duration-ms="9" status="PASS">
          <reporter-output>
          </reporter-output>
        </test-method> <!-- cleanData -->
        <test-method signature="vehicleNotFoundTest()[pri:0, instance:api.vehicle.GetVehicleTests@3af9aa66]" started-at="2022-06-18T12:24:56 WEST" name="vehicleNotFoundTest" description="check error if vehicle does not exist" finished-at="2022-06-18T12:24:56 WEST" duration-ms="10" status="PASS">
          <reporter-output>
          </reporter-output>
        </test-method> <!-- vehicleNotFoundTest -->
        <test-method is-config="true" signature="cleanData()[pri:0, instance:api.vehicle.GetVehicleTests@3af9aa66]" started-at="2022-06-18T12:24:56 WEST" name="cleanData" finished-at="2022-06-18T12:24:56 WEST" duration-ms="1" status="PASS">
          <reporter-output>
          </reporter-output>
        </test-method> <!-- cleanData -->
        <test-method signature="vehicleValuesTest()[pri:0, instance:api.vehicle.GetVehicleTests@3af9aa66]" started-at="2022-06-18T12:24:56 WEST" name="vehicleValuesTest" description="return vehicle values correctly" finished-at="2022-06-18T12:24:56 WEST" duration-ms="9" status="PASS">
          <reporter-output>
          </reporter-output>
        </test-method> <!-- vehicleValuesTest -->
        <test-method is-config="true" signature="cleanData()[pri:0, instance:api.vehicle.GetVehicleTests@3af9aa66]" started-at="2022-06-18T12:24:56 WEST" name="cleanData" finished-at="2022-06-18T12:24:56 WEST" duration-ms="0" status="PASS">
          <reporter-output>
          </reporter-output>
        </test-method> <!-- cleanData -->
      </class> <!-- api.vehicle.GetVehicleTests -->
      <class name="api.vehicle.DisjoinVehicleWithClientTests">
        <test-method is-config="true" signature="createTestingEntities()[pri:0, instance:api.vehicle.DisjoinVehicleWithClientTests@46b695ec]" started-at="2022-06-18T12:24:52 WEST" name="createTestingEntities" finished-at="2022-06-18T12:24:54 WEST" duration-ms="2148" status="PASS">
          <reporter-output>
          </reporter-output>
        </test-method> <!-- createTestingEntities -->
        <test-method signature="desassociateVehicleFromClientErrorTest()[pri:0, instance:api.vehicle.DisjoinVehicleWithClientTests@46b695ec]" started-at="2022-06-18T12:24:55 WEST" name="desassociateVehicleFromClientErrorTest" description="check if vehicle desassociation error is correct" finished-at="2022-06-18T12:24:55 WEST" duration-ms="13" status="FAIL">
          <exception class="java.lang.AssertionError">
            <message>
              <![CDATA[Message should be Vehicle not found when using 
Expected: is "Vehicle not found"
     but: was "Not found"]]>
            </message>
            <full-stacktrace>
              <![CDATA[java.lang.AssertionError: Message should be Vehicle not found when using 
Expected: is "Vehicle not found"
     but: was "Not found"
at org.hamcrest.MatcherAssert.assertThat(MatcherAssert.java:20)
at api.validators.ErrorResponseValidator.assertErrorResponse(ErrorResponseValidator.java:24)
at api.validators.ErrorResponseValidator.assertErrorResponse(ErrorResponseValidator.java:31)
at api.vehicle.DisjoinVehicleWithClientTests.desassociateVehicleFromClientErrorTest(DisjoinVehicleWithClientTests.java:103)
at java.base/jdk.internal.reflect.NativeMethodAccessorImpl.invoke0(Native Method)
at java.base/jdk.internal.reflect.NativeMethodAccessorImpl.invoke(NativeMethodAccessorImpl.java:64)
at java.base/jdk.internal.reflect.DelegatingMethodAccessorImpl.invoke(DelegatingMethodAccessorImpl.java:43)
at java.base/java.lang.reflect.Method.invoke(Method.java:564)
at org.testng.internal.MethodInvocationHelper.invokeMethod(MethodInvocationHelper.java:133)
at org.testng.internal.TestInvoker.invokeMethod(TestInvoker.java:598)
at org.testng.internal.TestInvoker.invokeTestMethod(TestInvoker.java:173)
at org.testng.internal.MethodRunner.runInSequence(MethodRunner.java:46)
at org.testng.internal.TestInvoker$MethodInvocationAgent.invoke(TestInvoker.java:824)
at org.testng.internal.TestInvoker.invokeTestMethods(TestInvoker.java:146)
at org.testng.internal.TestMethodWorker.invokeTestMethods(TestMethodWorker.java:146)
at org.testng.internal.TestMethodWorker.run(TestMethodWorker.java:128)
at java.base/java.util.ArrayList.forEach(ArrayList.java:1511)
at org.testng.TestRunner.privateRun(TestRunner.java:794)
at org.testng.TestRunner.run(TestRunner.java:596)
at org.testng.SuiteRunner.runTest(SuiteRunner.java:377)
at org.testng.SuiteRunner.runSequentially(SuiteRunner.java:371)
at org.testng.SuiteRunner.privateRun(SuiteRunner.java:332)
at org.testng.SuiteRunner.run(SuiteRunner.java:276)
at org.testng.SuiteRunnerWorker.runSuite(SuiteRunnerWorker.java:53)
at org.testng.SuiteRunnerWorker.run(SuiteRunnerWorker.java:96)
at org.testng.TestNG.runSuitesSequentially(TestNG.java:1212)
at org.testng.TestNG.runSuitesLocally(TestNG.java:1134)
at org.testng.TestNG.runSuites(TestNG.java:1063)
at org.testng.TestNG.run(TestNG.java:1031)
at org.gradle.api.internal.tasks.testing.testng.TestNGTestClassProcessor.runTests(TestNGTestClassProcessor.java:141)
at org.gradle.api.internal.tasks.testing.testng.TestNGTestClassProcessor.stop(TestNGTestClassProcessor.java:90)
at org.gradle.api.internal.tasks.testing.SuiteTestClassProcessor.stop(SuiteTestClassProcessor.java:61)
at java.base/jdk.internal.reflect.NativeMethodAccessorImpl.invoke0(Native Method)
at java.base/jdk.internal.reflect.NativeMethodAccessorImpl.invoke(NativeMethodAccessorImpl.java:64)
at java.base/jdk.internal.reflect.DelegatingMethodAccessorImpl.invoke(DelegatingMethodAccessorImpl.java:43)
at java.base/java.lang.reflect.Method.invoke(Method.java:564)
at org.gradle.internal.dispatch.ReflectionDispatch.dispatch(ReflectionDispatch.java:36)
at org.gradle.internal.dispatch.ReflectionDispatch.dispatch(ReflectionDispatch.java:24)
at org.gradle.internal.dispatch.ContextClassLoaderDispatch.dispatch(ContextClassLoaderDispatch.java:33)
at org.gradle.internal.dispatch.ProxyDispatchAdapter$DispatchingInvocationHandler.invoke(ProxyDispatchAdapter.java:94)
at com.sun.proxy.$Proxy5.stop(Unknown Source)
at org.gradle.api.internal.tasks.testing.worker.TestWorker$3.run(TestWorker.java:193)
at org.gradle.api.internal.tasks.testing.worker.TestWorker.executeAndMaintainThreadName(TestWorker.java:129)
at org.gradle.api.internal.tasks.testing.worker.TestWorker.execute(TestWorker.java:100)
at org.gradle.api.internal.tasks.testing.worker.TestWorker.execute(TestWorker.java:60)
at org.gradle.process.internal.worker.child.ActionExecutionWorker.execute(ActionExecutionWorker.java:56)
at org.gradle.process.internal.worker.child.SystemApplicationClassLoaderWorker.call(SystemApplicationClassLoaderWorker.java:133)
at org.gradle.process.internal.worker.child.SystemApplicationClassLoaderWorker.call(SystemApplicationClassLoaderWorker.java:71)
at worker.org.gradle.process.internal.worker.GradleWorkerMain.run(GradleWorkerMain.java:69)
at worker.org.gradle.process.internal.worker.GradleWorkerMain.main(GradleWorkerMain.java:74)
]]>
            </full-stacktrace>
          </exception> <!-- java.lang.AssertionError -->
          <reporter-output>
          </reporter-output>
        </test-method> <!-- desassociateVehicleFromClientErrorTest -->
        <test-method is-config="true" signature="reassociateVehiclesToClients()[pri:0, instance:api.vehicle.DisjoinVehicleWithClientTests@46b695ec]" started-at="2022-06-18T12:24:55 WEST" name="reassociateVehiclesToClients" finished-at="2022-06-18T12:24:55 WEST" duration-ms="0" status="PASS">
          <reporter-output>
          </reporter-output>
        </test-method> <!-- reassociateVehiclesToClients -->
        <test-method signature="desassociateVehicleFromClientTest()[pri:0, instance:api.vehicle.DisjoinVehicleWithClientTests@46b695ec]" started-at="2022-06-18T12:24:55 WEST" name="desassociateVehicleFromClientTest" description="check if vehicle is correctly desassociated from client" finished-at="2022-06-18T12:24:55 WEST" duration-ms="93" status="PASS">
          <reporter-output>
          </reporter-output>
        </test-method> <!-- desassociateVehicleFromClientTest -->
        <test-method is-config="true" signature="reassociateVehiclesToClients()[pri:0, instance:api.vehicle.DisjoinVehicleWithClientTests@46b695ec]" started-at="2022-06-18T12:24:55 WEST" name="reassociateVehiclesToClients" finished-at="2022-06-18T12:24:55 WEST" duration-ms="17" status="PASS">
          <reporter-output>
          </reporter-output>
        </test-method> <!-- reassociateVehiclesToClients -->
        <test-method signature="desassociateVehicleFromNoOneTest()[pri:0, instance:api.vehicle.DisjoinVehicleWithClientTests@46b695ec]" started-at="2022-06-18T12:24:55 WEST" name="desassociateVehicleFromNoOneTest" description="check if vehicle is correctly desassociated from no one (is not associated to a client already)" finished-at="2022-06-18T12:24:56 WEST" duration-ms="28" status="PASS">
          <reporter-output>
          </reporter-output>
        </test-method> <!-- desassociateVehicleFromNoOneTest -->
        <test-method is-config="true" signature="reassociateVehiclesToClients()[pri:0, instance:api.vehicle.DisjoinVehicleWithClientTests@46b695ec]" started-at="2022-06-18T12:24:56 WEST" name="reassociateVehiclesToClients" finished-at="2022-06-18T12:24:56 WEST" duration-ms="1" status="PASS">
          <reporter-output>
          </reporter-output>
        </test-method> <!-- reassociateVehiclesToClients -->
        <test-method is-config="true" signature="deleteTestingEntities()[pri:0, instance:api.vehicle.DisjoinVehicleWithClientTests@46b695ec]" started-at="2022-06-18T12:24:56 WEST" name="deleteTestingEntities" finished-at="2022-06-18T12:24:56 WEST" duration-ms="23" status="PASS">
          <reporter-output>
          </reporter-output>
        </test-method> <!-- deleteTestingEntities -->
      </class> <!-- api.vehicle.DisjoinVehicleWithClientTests -->
    </test> <!-- Gradle test -->
  </suite> <!-- Gradle suite -->
</testng-results>
