<html>
<head>
<title>TestNG:  Gradle test</title>
<link href="../testng.css" rel="stylesheet" type="text/css" />
<link href="../my-testng.css" rel="stylesheet" type="text/css" />

<style type="text/css">
.log { display: none;} 
.stack-trace { display: none;} 
</style>
<script type="text/javascript">
<!--
function flip(e) {
  current = e.style.display;
  if (current == 'block') {
    e.style.display = 'none';
    return 0;
  }
  else {
    e.style.display = 'block';
    return 1;
  }
}

function toggleBox(szDivId, elem, msg1, msg2)
{
  var res = -1;  if (document.getElementById) {
    res = flip(document.getElementById(szDivId));
  }
  else if (document.all) {
    // this is the way old msie versions work
    res = flip(document.all[szDivId]);
  }
  if(elem) {
    if(res == 0) elem.innerHTML = msg1; else elem.innerHTML = msg2;
  }

}

function toggleAllBoxes() {
  if (document.getElementsByTagName) {
    d = document.getElementsByTagName('div');
    for (i = 0; i < d.length; i++) {
      if (d[i].className == 'log') {
        flip(d[i]);
      }
    }
  }
}

// -->
</script>

</head>
<body>
<h2 align='center'>Gradle test</h2><table border='1' align="center">
<tr>
<td>Tests passed/Failed/Skipped:</td><td>37/33/0</td>
</tr><tr>
<td>Started on:</td><td>Sat Jun 18 12:24:54 WEST 2022</td>
</tr>
<tr><td>Total time:</td><td>2 seconds (2032 ms)</td>
</tr><tr>
<td>Included groups:</td><td></td>
</tr><tr>
<td>Excluded groups:</td><td></td>
</tr>
</table><p/>
<small><i>(Hover the method name to see the test class name)</i></small><p/>
<table width='100%' border='1' class='invocation-failed'>
<tr><td colspan='4' align='center'><b>FAILED TESTS</b></td></tr>
<tr><td><b>Test method</b></td>
<td width="30%"><b>Exception</b></td>
<td width="10%"><b>Time (seconds)</b></td>
<td><b>Instance</b></td>
</tr>
<tr>
<td title='api.vehicle.CreateVehicleTests.createVehicleValidPlateTest()'><b>createVehicleValidPlateTest</b><br>Test class: api.vehicle.CreateVehicleTests<br>Test method: check if vehicle plate is correctly validated<br>Parameters: AA-AA-AA</td>
<td><div><pre>java.lang.AssertionError: Expected response code to be [201] but was [400]
Expected: is &lt;201&gt;
     but: was &lt;400&gt;
	at org.hamcrest.MatcherAssert.assertThat(MatcherAssert.java:20)
	at api.validators.ResponseHttpCodeValidator.assertCreated(ResponseHttpCodeValidator.java:31)
	at api.vehicle.CreateVehicleTests.createVehicleValidPlateTest(CreateVehicleTests.java:106)
	at java.base/java.util.ArrayList.forEach(ArrayList.java:1511)
	at com.sun.proxy.$Proxy5.stop(Unknown Source)
... Removed 44 stack frames</pre></div><a href='#' onClick='toggleBox("stack-trace355520754", this, "Click to show all stack frames", "Click to hide stack frames")'>Click to show all stack frames</a>
<div class='stack-trace' id='stack-trace355520754'><pre>java.lang.AssertionError: Expected response code to be [201] but was [400]
Expected: is &lt;201&gt;
     but: was &lt;400&gt;
	at org.hamcrest.MatcherAssert.assertThat(MatcherAssert.java:20)
	at api.validators.ResponseHttpCodeValidator.assertCreated(ResponseHttpCodeValidator.java:31)
	at api.vehicle.CreateVehicleTests.createVehicleValidPlateTest(CreateVehicleTests.java:106)
	at java.base/jdk.internal.reflect.NativeMethodAccessorImpl.invoke0(Native Method)
	at java.base/jdk.internal.reflect.NativeMethodAccessorImpl.invoke(NativeMethodAccessorImpl.java:64)
	at java.base/jdk.internal.reflect.DelegatingMethodAccessorImpl.invoke(DelegatingMethodAccessorImpl.java:43)
	at java.base/java.lang.reflect.Method.invoke(Method.java:564)
	at org.testng.internal.MethodInvocationHelper.invokeMethod(MethodInvocationHelper.java:133)
	at org.testng.internal.TestInvoker.invokeMethod(TestInvoker.java:598)
	at org.testng.internal.TestInvoker.invokeTestMethod(TestInvoker.java:173)
	at org.testng.internal.MethodRunner.runInSequence(MethodRunner.java:46)
	at org.testng.internal.TestInvoker$MethodInvocationAgent.invoke(TestInvoker.java:824)
	at org.testng.internal.TestInvoker.invokeTestMethods(TestInvoker.java:146)
	at org.testng.internal.TestMethodWorker.invokeTestMethods(TestMethodWorker.java:146)
	at org.testng.internal.TestMethodWorker.run(TestMethodWorker.java:128)
	at java.base/java.util.ArrayList.forEach(ArrayList.java:1511)
	at org.testng.TestRunner.privateRun(TestRunner.java:794)
	at org.testng.TestRunner.run(TestRunner.java:596)
	at org.testng.SuiteRunner.runTest(SuiteRunner.java:377)
	at org.testng.SuiteRunner.runSequentially(SuiteRunner.java:371)
	at org.testng.SuiteRunner.privateRun(SuiteRunner.java:332)
	at org.testng.SuiteRunner.run(SuiteRunner.java:276)
	at org.testng.SuiteRunnerWorker.runSuite(SuiteRunnerWorker.java:53)
	at org.testng.SuiteRunnerWorker.run(SuiteRunnerWorker.java:96)
	at org.testng.TestNG.runSuitesSequentially(TestNG.java:1212)
	at org.testng.TestNG.runSuitesLocally(TestNG.java:1134)
	at org.testng.TestNG.runSuites(TestNG.java:1063)
	at org.testng.TestNG.run(TestNG.java:1031)
	at org.gradle.api.internal.tasks.testing.testng.TestNGTestClassProcessor.runTests(TestNGTestClassProcessor.java:141)
	at org.gradle.api.internal.tasks.testing.testng.TestNGTestClassProcessor.stop(TestNGTestClassProcessor.java:90)
	at org.gradle.api.internal.tasks.testing.SuiteTestClassProcessor.stop(SuiteTestClassProcessor.java:61)
	at java.base/jdk.internal.reflect.NativeMethodAccessorImpl.invoke0(Native Method)
	at java.base/jdk.internal.reflect.NativeMethodAccessorImpl.invoke(NativeMethodAccessorImpl.java:64)
	at java.base/jdk.internal.reflect.DelegatingMethodAccessorImpl.invoke(DelegatingMethodAccessorImpl.java:43)
	at java.base/java.lang.reflect.Method.invoke(Method.java:564)
	at org.gradle.internal.dispatch.ReflectionDispatch.dispatch(ReflectionDispatch.java:36)
	at org.gradle.internal.dispatch.ReflectionDispatch.dispatch(ReflectionDispatch.java:24)
	at org.gradle.internal.dispatch.ContextClassLoaderDispatch.dispatch(ContextClassLoaderDispatch.java:33)
	at org.gradle.internal.dispatch.ProxyDispatchAdapter$DispatchingInvocationHandler.invoke(ProxyDispatchAdapter.java:94)
	at com.sun.proxy.$Proxy5.stop(Unknown Source)
	at org.gradle.api.internal.tasks.testing.worker.TestWorker$3.run(TestWorker.java:193)
	at org.gradle.api.internal.tasks.testing.worker.TestWorker.executeAndMaintainThreadName(TestWorker.java:129)
	at org.gradle.api.internal.tasks.testing.worker.TestWorker.execute(TestWorker.java:100)
	at org.gradle.api.internal.tasks.testing.worker.TestWorker.execute(TestWorker.java:60)
	at org.gradle.process.internal.worker.child.ActionExecutionWorker.execute(ActionExecutionWorker.java:56)
	at org.gradle.process.internal.worker.child.SystemApplicationClassLoaderWorker.call(SystemApplicationClassLoaderWorker.java:133)
	at org.gradle.process.internal.worker.child.SystemApplicationClassLoaderWorker.call(SystemApplicationClassLoaderWorker.java:71)
	at worker.org.gradle.process.internal.worker.GradleWorkerMain.run(GradleWorkerMain.java:69)
	at worker.org.gradle.process.internal.worker.GradleWorkerMain.main(GradleWorkerMain.java:74)
</pre></div></td>
<td>0</td>
<td>api.vehicle.CreateVehicleTests@6034e75d</td></tr>
<tr>
<td title='api.vehicle.UpdateVehicleTests.updateVehicleValidPlateTest()'><b>updateVehicleValidPlateTest</b><br>Test class: api.vehicle.UpdateVehicleTests<br>Test method: check if vehicle plate is correctly validated<br>Parameters: AA-AA-AA</td>
<td><div><pre>java.lang.AssertionError: Expected response code to be [200] but was [400]
Expected: is &lt;200&gt;
     but: was &lt;400&gt;
	at org.hamcrest.MatcherAssert.assertThat(MatcherAssert.java:20)
	at api.validators.ResponseHttpCodeValidator.assertOk(ResponseHttpCodeValidator.java:27)
	at api.vehicle.UpdateVehicleTests.updateVehicleValidPlateTest(UpdateVehicleTests.java:112)
	at java.base/java.util.ArrayList.forEach(ArrayList.java:1511)
	at com.sun.proxy.$Proxy5.stop(Unknown Source)
... Removed 44 stack frames</pre></div><a href='#' onClick='toggleBox("stack-trace1802837169", this, "Click to show all stack frames", "Click to hide stack frames")'>Click to show all stack frames</a>
<div class='stack-trace' id='stack-trace1802837169'><pre>java.lang.AssertionError: Expected response code to be [200] but was [400]
Expected: is &lt;200&gt;
     but: was &lt;400&gt;
	at org.hamcrest.MatcherAssert.assertThat(MatcherAssert.java:20)
	at api.validators.ResponseHttpCodeValidator.assertOk(ResponseHttpCodeValidator.java:27)
	at api.vehicle.UpdateVehicleTests.updateVehicleValidPlateTest(UpdateVehicleTests.java:112)
	at java.base/jdk.internal.reflect.NativeMethodAccessorImpl.invoke0(Native Method)
	at java.base/jdk.internal.reflect.NativeMethodAccessorImpl.invoke(NativeMethodAccessorImpl.java:64)
	at java.base/jdk.internal.reflect.DelegatingMethodAccessorImpl.invoke(DelegatingMethodAccessorImpl.java:43)
	at java.base/java.lang.reflect.Method.invoke(Method.java:564)
	at org.testng.internal.MethodInvocationHelper.invokeMethod(MethodInvocationHelper.java:133)
	at org.testng.internal.TestInvoker.invokeMethod(TestInvoker.java:598)
	at org.testng.internal.TestInvoker.invokeTestMethod(TestInvoker.java:173)
	at org.testng.internal.MethodRunner.runInSequence(MethodRunner.java:46)
	at org.testng.internal.TestInvoker$MethodInvocationAgent.invoke(TestInvoker.java:824)
	at org.testng.internal.TestInvoker.invokeTestMethods(TestInvoker.java:146)
	at org.testng.internal.TestMethodWorker.invokeTestMethods(TestMethodWorker.java:146)
	at org.testng.internal.TestMethodWorker.run(TestMethodWorker.java:128)
	at java.base/java.util.ArrayList.forEach(ArrayList.java:1511)
	at org.testng.TestRunner.privateRun(TestRunner.java:794)
	at org.testng.TestRunner.run(TestRunner.java:596)
	at org.testng.SuiteRunner.runTest(SuiteRunner.java:377)
	at org.testng.SuiteRunner.runSequentially(SuiteRunner.java:371)
	at org.testng.SuiteRunner.privateRun(SuiteRunner.java:332)
	at org.testng.SuiteRunner.run(SuiteRunner.java:276)
	at org.testng.SuiteRunnerWorker.runSuite(SuiteRunnerWorker.java:53)
	at org.testng.SuiteRunnerWorker.run(SuiteRunnerWorker.java:96)
	at org.testng.TestNG.runSuitesSequentially(TestNG.java:1212)
	at org.testng.TestNG.runSuitesLocally(TestNG.java:1134)
	at org.testng.TestNG.runSuites(TestNG.java:1063)
	at org.testng.TestNG.run(TestNG.java:1031)
	at org.gradle.api.internal.tasks.testing.testng.TestNGTestClassProcessor.runTests(TestNGTestClassProcessor.java:141)
	at org.gradle.api.internal.tasks.testing.testng.TestNGTestClassProcessor.stop(TestNGTestClassProcessor.java:90)
	at org.gradle.api.internal.tasks.testing.SuiteTestClassProcessor.stop(SuiteTestClassProcessor.java:61)
	at java.base/jdk.internal.reflect.NativeMethodAccessorImpl.invoke0(Native Method)
	at java.base/jdk.internal.reflect.NativeMethodAccessorImpl.invoke(NativeMethodAccessorImpl.java:64)
	at java.base/jdk.internal.reflect.DelegatingMethodAccessorImpl.invoke(DelegatingMethodAccessorImpl.java:43)
	at java.base/java.lang.reflect.Method.invoke(Method.java:564)
	at org.gradle.internal.dispatch.ReflectionDispatch.dispatch(ReflectionDispatch.java:36)
	at org.gradle.internal.dispatch.ReflectionDispatch.dispatch(ReflectionDispatch.java:24)
	at org.gradle.internal.dispatch.ContextClassLoaderDispatch.dispatch(ContextClassLoaderDispatch.java:33)
	at org.gradle.internal.dispatch.ProxyDispatchAdapter$DispatchingInvocationHandler.invoke(ProxyDispatchAdapter.java:94)
	at com.sun.proxy.$Proxy5.stop(Unknown Source)
	at org.gradle.api.internal.tasks.testing.worker.TestWorker$3.run(TestWorker.java:193)
	at org.gradle.api.internal.tasks.testing.worker.TestWorker.executeAndMaintainThreadName(TestWorker.java:129)
	at org.gradle.api.internal.tasks.testing.worker.TestWorker.execute(TestWorker.java:100)
	at org.gradle.api.internal.tasks.testing.worker.TestWorker.execute(TestWorker.java:60)
	at org.gradle.process.internal.worker.child.ActionExecutionWorker.execute(ActionExecutionWorker.java:56)
	at org.gradle.process.internal.worker.child.SystemApplicationClassLoaderWorker.call(SystemApplicationClassLoaderWorker.java:133)
	at org.gradle.process.internal.worker.child.SystemApplicationClassLoaderWorker.call(SystemApplicationClassLoaderWorker.java:71)
	at worker.org.gradle.process.internal.worker.GradleWorkerMain.run(GradleWorkerMain.java:69)
	at worker.org.gradle.process.internal.worker.GradleWorkerMain.main(GradleWorkerMain.java:74)
</pre></div></td>
<td>0</td>
<td>api.vehicle.UpdateVehicleTests@408613cc</td></tr>
<tr>
<td title='api.client.CreateClientTests.createClientInvalidBirthDateTest()'><b>createClientInvalidBirthDateTest</b><br>Test class: api.client.CreateClientTests<br>Test method: check if client birth Date is correctly validated<br>Parameters: 2022</td>
<td><div><pre>java.lang.AssertionError: Message should be Invalid Birth Date when using 2022
Expected: is &quot;Invalid Birth Date&quot;
     but: was &quot;JSON parse error: Cannot deserialize value of type `java.time.LocalDate` from String \&quot;2022\&quot;: Failed to deserialize java.time.LocalDate: (java.time.format.DateTimeParseException) Text &apos;2022&apos; could not be parsed at index 4; nested exception is com.fasterxml.jackson.databind.exc.InvalidFormatException: Cannot deserialize value of type `java.time.LocalDate` from String \&quot;2022\&quot;: Failed to deserialize java.time.LocalDate: (java.time.format.DateTimeParseException) Text &apos;2022&apos; could not be parsed at index 4\n at [Source: (PushbackInputStream); line: 1, column: 190] (through reference chain: pt.ua.garage.model.Client[\&quot;birthDate\&quot;])&quot;
	at org.hamcrest.MatcherAssert.assertThat(MatcherAssert.java:20)
	at api.validators.ErrorResponseValidator.assertErrorResponse(ErrorResponseValidator.java:24)
	at api.client.CreateClientTests.validateCreateClientBadRequest(CreateClientTests.java:99)
	at api.client.CreateClientTests.createClientInvalidBirthDateTest(CreateClientTests.java:110)
	at java.base/java.util.ArrayList.forEach(ArrayList.java:1511)
	at com.sun.proxy.$Proxy5.stop(Unknown Source)
... Removed 44 stack frames</pre></div><a href='#' onClick='toggleBox("stack-trace904300960", this, "Click to show all stack frames", "Click to hide stack frames")'>Click to show all stack frames</a>
<div class='stack-trace' id='stack-trace904300960'><pre>java.lang.AssertionError: Message should be Invalid Birth Date when using 2022
Expected: is &quot;Invalid Birth Date&quot;
     but: was &quot;JSON parse error: Cannot deserialize value of type `java.time.LocalDate` from String \&quot;2022\&quot;: Failed to deserialize java.time.LocalDate: (java.time.format.DateTimeParseException) Text &apos;2022&apos; could not be parsed at index 4; nested exception is com.fasterxml.jackson.databind.exc.InvalidFormatException: Cannot deserialize value of type `java.time.LocalDate` from String \&quot;2022\&quot;: Failed to deserialize java.time.LocalDate: (java.time.format.DateTimeParseException) Text &apos;2022&apos; could not be parsed at index 4\n at [Source: (PushbackInputStream); line: 1, column: 190] (through reference chain: pt.ua.garage.model.Client[\&quot;birthDate\&quot;])&quot;
	at org.hamcrest.MatcherAssert.assertThat(MatcherAssert.java:20)
	at api.validators.ErrorResponseValidator.assertErrorResponse(ErrorResponseValidator.java:24)
	at api.client.CreateClientTests.validateCreateClientBadRequest(CreateClientTests.java:99)
	at api.client.CreateClientTests.createClientInvalidBirthDateTest(CreateClientTests.java:110)
	at java.base/jdk.internal.reflect.NativeMethodAccessorImpl.invoke0(Native Method)
	at java.base/jdk.internal.reflect.NativeMethodAccessorImpl.invoke(NativeMethodAccessorImpl.java:64)
	at java.base/jdk.internal.reflect.DelegatingMethodAccessorImpl.invoke(DelegatingMethodAccessorImpl.java:43)
	at java.base/java.lang.reflect.Method.invoke(Method.java:564)
	at org.testng.internal.MethodInvocationHelper.invokeMethod(MethodInvocationHelper.java:133)
	at org.testng.internal.TestInvoker.invokeMethod(TestInvoker.java:598)
	at org.testng.internal.TestInvoker.invokeTestMethod(TestInvoker.java:173)
	at org.testng.internal.MethodRunner.runInSequence(MethodRunner.java:46)
	at org.testng.internal.TestInvoker$MethodInvocationAgent.invoke(TestInvoker.java:824)
	at org.testng.internal.TestInvoker.invokeTestMethods(TestInvoker.java:146)
	at org.testng.internal.TestMethodWorker.invokeTestMethods(TestMethodWorker.java:146)
	at org.testng.internal.TestMethodWorker.run(TestMethodWorker.java:128)
	at java.base/java.util.ArrayList.forEach(ArrayList.java:1511)
	at org.testng.TestRunner.privateRun(TestRunner.java:794)
	at org.testng.TestRunner.run(TestRunner.java:596)
	at org.testng.SuiteRunner.runTest(SuiteRunner.java:377)
	at org.testng.SuiteRunner.runSequentially(SuiteRunner.java:371)
	at org.testng.SuiteRunner.privateRun(SuiteRunner.java:332)
	at org.testng.SuiteRunner.run(SuiteRunner.java:276)
	at org.testng.SuiteRunnerWorker.runSuite(SuiteRunnerWorker.java:53)
	at org.testng.SuiteRunnerWorker.run(SuiteRunnerWorker.java:96)
	at org.testng.TestNG.runSuitesSequentially(TestNG.java:1212)
	at org.testng.TestNG.runSuitesLocally(TestNG.java:1134)
	at org.testng.TestNG.runSuites(TestNG.java:1063)
	at org.testng.TestNG.run(TestNG.java:1031)
	at org.gradle.api.internal.tasks.testing.testng.TestNGTestClassProcessor.runTests(TestNGTestClassProcessor.java:141)
	at org.gradle.api.internal.tasks.testing.testng.TestNGTestClassProcessor.stop(TestNGTestClassProcessor.java:90)
	at org.gradle.api.internal.tasks.testing.SuiteTestClassProcessor.stop(SuiteTestClassProcessor.java:61)
	at java.base/jdk.internal.reflect.NativeMethodAccessorImpl.invoke0(Native Method)
	at java.base/jdk.internal.reflect.NativeMethodAccessorImpl.invoke(NativeMethodAccessorImpl.java:64)
	at java.base/jdk.internal.reflect.DelegatingMethodAccessorImpl.invoke(DelegatingMethodAccessorImpl.java:43)
	at java.base/java.lang.reflect.Method.invoke(Method.java:564)
	at org.gradle.internal.dispatch.ReflectionDispatch.dispatch(ReflectionDispatch.java:36)
	at org.gradle.internal.dispatch.ReflectionDispatch.dispatch(ReflectionDispatch.java:24)
	at org.gradle.internal.dispatch.ContextClassLoaderDispatch.dispatch(ContextClassLoaderDispatch.java:33)
	at org.gradle.internal.dispatch.ProxyDispatchAdapter$DispatchingInvocationHandler.invoke(ProxyDispatchAdapter.java:94)
	at com.sun.proxy.$Proxy5.stop(Unknown Source)
	at org.gradle.api.internal.tasks.testing.worker.TestWorker$3.run(TestWorker.java:193)
	at org.gradle.api.internal.tasks.testing.worker.TestWorker.executeAndMaintainThreadName(TestWorker.java:129)
	at org.gradle.api.internal.tasks.testing.worker.TestWorker.execute(TestWorker.java:100)
	at org.gradle.api.internal.tasks.testing.worker.TestWorker.execute(TestWorker.java:60)
	at org.gradle.process.internal.worker.child.ActionExecutionWorker.execute(ActionExecutionWorker.java:56)
	at org.gradle.process.internal.worker.child.SystemApplicationClassLoaderWorker.call(SystemApplicationClassLoaderWorker.java:133)
	at org.gradle.process.internal.worker.child.SystemApplicationClassLoaderWorker.call(SystemApplicationClassLoaderWorker.java:71)
	at worker.org.gradle.process.internal.worker.GradleWorkerMain.run(GradleWorkerMain.java:69)
	at worker.org.gradle.process.internal.worker.GradleWorkerMain.main(GradleWorkerMain.java:74)
</pre></div></td>
<td>0</td>
<td>api.client.CreateClientTests@a53bb6f</td></tr>
<tr>
<td title='api.client.CreateClientTests.createClientInvalidPostalCodeTest()'><b>createClientInvalidPostalCodeTest</b><br>Test class: api.client.CreateClientTests<br>Test method: check if client postal code is correctly validated<br>Parameters: 3500300</td>
<td><div><pre>java.lang.AssertionError: Expected response code to be [400] but was [201]
Expected: is &lt;400&gt;
     but: was &lt;201&gt;
	at org.hamcrest.MatcherAssert.assertThat(MatcherAssert.java:20)
	at api.validators.ResponseHttpCodeValidator.assertBadRequest(ResponseHttpCodeValidator.java:47)
	at api.client.CreateClientTests.validateCreateClientBadRequest(CreateClientTests.java:68)
	at api.client.CreateClientTests.createClientInvalidPostalCodeTest(CreateClientTests.java:155)
	at java.base/java.util.ArrayList.forEach(ArrayList.java:1511)
	at com.sun.proxy.$Proxy5.stop(Unknown Source)
... Removed 44 stack frames</pre></div><a href='#' onClick='toggleBox("stack-trace1662600404", this, "Click to show all stack frames", "Click to hide stack frames")'>Click to show all stack frames</a>
<div class='stack-trace' id='stack-trace1662600404'><pre>java.lang.AssertionError: Expected response code to be [400] but was [201]
Expected: is &lt;400&gt;
     but: was &lt;201&gt;
	at org.hamcrest.MatcherAssert.assertThat(MatcherAssert.java:20)
	at api.validators.ResponseHttpCodeValidator.assertBadRequest(ResponseHttpCodeValidator.java:47)
	at api.client.CreateClientTests.validateCreateClientBadRequest(CreateClientTests.java:68)
	at api.client.CreateClientTests.createClientInvalidPostalCodeTest(CreateClientTests.java:155)
	at java.base/jdk.internal.reflect.NativeMethodAccessorImpl.invoke0(Native Method)
	at java.base/jdk.internal.reflect.NativeMethodAccessorImpl.invoke(NativeMethodAccessorImpl.java:64)
	at java.base/jdk.internal.reflect.DelegatingMethodAccessorImpl.invoke(DelegatingMethodAccessorImpl.java:43)
	at java.base/java.lang.reflect.Method.invoke(Method.java:564)
	at org.testng.internal.MethodInvocationHelper.invokeMethod(MethodInvocationHelper.java:133)
	at org.testng.internal.TestInvoker.invokeMethod(TestInvoker.java:598)
	at org.testng.internal.TestInvoker.invokeTestMethod(TestInvoker.java:173)
	at org.testng.internal.MethodRunner.runInSequence(MethodRunner.java:46)
	at org.testng.internal.TestInvoker$MethodInvocationAgent.invoke(TestInvoker.java:824)
	at org.testng.internal.TestInvoker.invokeTestMethods(TestInvoker.java:146)
	at org.testng.internal.TestMethodWorker.invokeTestMethods(TestMethodWorker.java:146)
	at org.testng.internal.TestMethodWorker.run(TestMethodWorker.java:128)
	at java.base/java.util.ArrayList.forEach(ArrayList.java:1511)
	at org.testng.TestRunner.privateRun(TestRunner.java:794)
	at org.testng.TestRunner.run(TestRunner.java:596)
	at org.testng.SuiteRunner.runTest(SuiteRunner.java:377)
	at org.testng.SuiteRunner.runSequentially(SuiteRunner.java:371)
	at org.testng.SuiteRunner.privateRun(SuiteRunner.java:332)
	at org.testng.SuiteRunner.run(SuiteRunner.java:276)
	at org.testng.SuiteRunnerWorker.runSuite(SuiteRunnerWorker.java:53)
	at org.testng.SuiteRunnerWorker.run(SuiteRunnerWorker.java:96)
	at org.testng.TestNG.runSuitesSequentially(TestNG.java:1212)
	at org.testng.TestNG.runSuitesLocally(TestNG.java:1134)
	at org.testng.TestNG.runSuites(TestNG.java:1063)
	at org.testng.TestNG.run(TestNG.java:1031)
	at org.gradle.api.internal.tasks.testing.testng.TestNGTestClassProcessor.runTests(TestNGTestClassProcessor.java:141)
	at org.gradle.api.internal.tasks.testing.testng.TestNGTestClassProcessor.stop(TestNGTestClassProcessor.java:90)
	at org.gradle.api.internal.tasks.testing.SuiteTestClassProcessor.stop(SuiteTestClassProcessor.java:61)
	at java.base/jdk.internal.reflect.NativeMethodAccessorImpl.invoke0(Native Method)
	at java.base/jdk.internal.reflect.NativeMethodAccessorImpl.invoke(NativeMethodAccessorImpl.java:64)
	at java.base/jdk.internal.reflect.DelegatingMethodAccessorImpl.invoke(DelegatingMethodAccessorImpl.java:43)
	at java.base/java.lang.reflect.Method.invoke(Method.java:564)
	at org.gradle.internal.dispatch.ReflectionDispatch.dispatch(ReflectionDispatch.java:36)
	at org.gradle.internal.dispatch.ReflectionDispatch.dispatch(ReflectionDispatch.java:24)
	at org.gradle.internal.dispatch.ContextClassLoaderDispatch.dispatch(ContextClassLoaderDispatch.java:33)
	at org.gradle.internal.dispatch.ProxyDispatchAdapter$DispatchingInvocationHandler.invoke(ProxyDispatchAdapter.java:94)
	at com.sun.proxy.$Proxy5.stop(Unknown Source)
	at org.gradle.api.internal.tasks.testing.worker.TestWorker$3.run(TestWorker.java:193)
	at org.gradle.api.internal.tasks.testing.worker.TestWorker.executeAndMaintainThreadName(TestWorker.java:129)
	at org.gradle.api.internal.tasks.testing.worker.TestWorker.execute(TestWorker.java:100)
	at org.gradle.api.internal.tasks.testing.worker.TestWorker.execute(TestWorker.java:60)
	at org.gradle.process.internal.worker.child.ActionExecutionWorker.execute(ActionExecutionWorker.java:56)
	at org.gradle.process.internal.worker.child.SystemApplicationClassLoaderWorker.call(SystemApplicationClassLoaderWorker.java:133)
	at org.gradle.process.internal.worker.child.SystemApplicationClassLoaderWorker.call(SystemApplicationClassLoaderWorker.java:71)
	at worker.org.gradle.process.internal.worker.GradleWorkerMain.run(GradleWorkerMain.java:69)
	at worker.org.gradle.process.internal.worker.GradleWorkerMain.main(GradleWorkerMain.java:74)
</pre></div></td>
<td>0</td>
<td>api.client.CreateClientTests@a53bb6f</td></tr>
<tr>
<td title='api.client.CreateClientTests.createClientInvalidClientDateTest()'><b>createClientInvalidClientDateTest</b><br>Test class: api.client.CreateClientTests<br>Test method: check if client Client Date is correctly validated<br>Parameters: 06-06-2022</td>
<td><div><pre>java.lang.AssertionError: Message should be Invalid Client Date when using 06-06-2022
Expected: is &quot;Invalid Client Date&quot;
     but: was &quot;JSON parse error: Cannot deserialize value of type `java.time.LocalDate` from String \&quot;06-06-2022\&quot;: Failed to deserialize java.time.LocalDate: (java.time.format.DateTimeParseException) Text &apos;06-06-2022&apos; could not be parsed at index 0; nested exception is com.fasterxml.jackson.databind.exc.InvalidFormatException: Cannot deserialize value of type `java.time.LocalDate` from String \&quot;06-06-2022\&quot;: Failed to deserialize java.time.LocalDate: (java.time.format.DateTimeParseException) Text &apos;06-06-2022&apos; could not be parsed at index 0\n at [Source: (PushbackInputStream); line: 1, column: 216] (through reference chain: pt.ua.garage.model.Client[\&quot;clientDate\&quot;])&quot;
	at org.hamcrest.MatcherAssert.assertThat(MatcherAssert.java:20)
	at api.validators.ErrorResponseValidator.assertErrorResponse(ErrorResponseValidator.java:24)
	at api.client.CreateClientTests.validateCreateClientBadRequest(CreateClientTests.java:99)
	at api.client.CreateClientTests.createClientInvalidClientDateTest(CreateClientTests.java:121)
	at java.base/java.util.ArrayList.forEach(ArrayList.java:1511)
	at com.sun.proxy.$Proxy5.stop(Unknown Source)
... Removed 44 stack frames</pre></div><a href='#' onClick='toggleBox("stack-trace798678484", this, "Click to show all stack frames", "Click to hide stack frames")'>Click to show all stack frames</a>
<div class='stack-trace' id='stack-trace798678484'><pre>java.lang.AssertionError: Message should be Invalid Client Date when using 06-06-2022
Expected: is &quot;Invalid Client Date&quot;
     but: was &quot;JSON parse error: Cannot deserialize value of type `java.time.LocalDate` from String \&quot;06-06-2022\&quot;: Failed to deserialize java.time.LocalDate: (java.time.format.DateTimeParseException) Text &apos;06-06-2022&apos; could not be parsed at index 0; nested exception is com.fasterxml.jackson.databind.exc.InvalidFormatException: Cannot deserialize value of type `java.time.LocalDate` from String \&quot;06-06-2022\&quot;: Failed to deserialize java.time.LocalDate: (java.time.format.DateTimeParseException) Text &apos;06-06-2022&apos; could not be parsed at index 0\n at [Source: (PushbackInputStream); line: 1, column: 216] (through reference chain: pt.ua.garage.model.Client[\&quot;clientDate\&quot;])&quot;
	at org.hamcrest.MatcherAssert.assertThat(MatcherAssert.java:20)
	at api.validators.ErrorResponseValidator.assertErrorResponse(ErrorResponseValidator.java:24)
	at api.client.CreateClientTests.validateCreateClientBadRequest(CreateClientTests.java:99)
	at api.client.CreateClientTests.createClientInvalidClientDateTest(CreateClientTests.java:121)
	at java.base/jdk.internal.reflect.NativeMethodAccessorImpl.invoke0(Native Method)
	at java.base/jdk.internal.reflect.NativeMethodAccessorImpl.invoke(NativeMethodAccessorImpl.java:64)
	at java.base/jdk.internal.reflect.DelegatingMethodAccessorImpl.invoke(DelegatingMethodAccessorImpl.java:43)
	at java.base/java.lang.reflect.Method.invoke(Method.java:564)
	at org.testng.internal.MethodInvocationHelper.invokeMethod(MethodInvocationHelper.java:133)
	at org.testng.internal.TestInvoker.invokeMethod(TestInvoker.java:598)
	at org.testng.internal.TestInvoker.invokeTestMethod(TestInvoker.java:173)
	at org.testng.internal.MethodRunner.runInSequence(MethodRunner.java:46)
	at org.testng.internal.TestInvoker$MethodInvocationAgent.invoke(TestInvoker.java:824)
	at org.testng.internal.TestInvoker.invokeTestMethods(TestInvoker.java:146)
	at org.testng.internal.TestMethodWorker.invokeTestMethods(TestMethodWorker.java:146)
	at org.testng.internal.TestMethodWorker.run(TestMethodWorker.java:128)
	at java.base/java.util.ArrayList.forEach(ArrayList.java:1511)
	at org.testng.TestRunner.privateRun(TestRunner.java:794)
	at org.testng.TestRunner.run(TestRunner.java:596)
	at org.testng.SuiteRunner.runTest(SuiteRunner.java:377)
	at org.testng.SuiteRunner.runSequentially(SuiteRunner.java:371)
	at org.testng.SuiteRunner.privateRun(SuiteRunner.java:332)
	at org.testng.SuiteRunner.run(SuiteRunner.java:276)
	at org.testng.SuiteRunnerWorker.runSuite(SuiteRunnerWorker.java:53)
	at org.testng.SuiteRunnerWorker.run(SuiteRunnerWorker.java:96)
	at org.testng.TestNG.runSuitesSequentially(TestNG.java:1212)
	at org.testng.TestNG.runSuitesLocally(TestNG.java:1134)
	at org.testng.TestNG.runSuites(TestNG.java:1063)
	at org.testng.TestNG.run(TestNG.java:1031)
	at org.gradle.api.internal.tasks.testing.testng.TestNGTestClassProcessor.runTests(TestNGTestClassProcessor.java:141)
	at org.gradle.api.internal.tasks.testing.testng.TestNGTestClassProcessor.stop(TestNGTestClassProcessor.java:90)
	at org.gradle.api.internal.tasks.testing.SuiteTestClassProcessor.stop(SuiteTestClassProcessor.java:61)
	at java.base/jdk.internal.reflect.NativeMethodAccessorImpl.invoke0(Native Method)
	at java.base/jdk.internal.reflect.NativeMethodAccessorImpl.invoke(NativeMethodAccessorImpl.java:64)
	at java.base/jdk.internal.reflect.DelegatingMethodAccessorImpl.invoke(DelegatingMethodAccessorImpl.java:43)
	at java.base/java.lang.reflect.Method.invoke(Method.java:564)
	at org.gradle.internal.dispatch.ReflectionDispatch.dispatch(ReflectionDispatch.java:36)
	at org.gradle.internal.dispatch.ReflectionDispatch.dispatch(ReflectionDispatch.java:24)
	at org.gradle.internal.dispatch.ContextClassLoaderDispatch.dispatch(ContextClassLoaderDispatch.java:33)
	at org.gradle.internal.dispatch.ProxyDispatchAdapter$DispatchingInvocationHandler.invoke(ProxyDispatchAdapter.java:94)
	at com.sun.proxy.$Proxy5.stop(Unknown Source)
	at org.gradle.api.internal.tasks.testing.worker.TestWorker$3.run(TestWorker.java:193)
	at org.gradle.api.internal.tasks.testing.worker.TestWorker.executeAndMaintainThreadName(TestWorker.java:129)
	at org.gradle.api.internal.tasks.testing.worker.TestWorker.execute(TestWorker.java:100)
	at org.gradle.api.internal.tasks.testing.worker.TestWorker.execute(TestWorker.java:60)
	at org.gradle.process.internal.worker.child.ActionExecutionWorker.execute(ActionExecutionWorker.java:56)
	at org.gradle.process.internal.worker.child.SystemApplicationClassLoaderWorker.call(SystemApplicationClassLoaderWorker.java:133)
	at org.gradle.process.internal.worker.child.SystemApplicationClassLoaderWorker.call(SystemApplicationClassLoaderWorker.java:71)
	at worker.org.gradle.process.internal.worker.GradleWorkerMain.run(GradleWorkerMain.java:69)
	at worker.org.gradle.process.internal.worker.GradleWorkerMain.main(GradleWorkerMain.java:74)
</pre></div></td>
<td>0</td>
<td>api.client.CreateClientTests@a53bb6f</td></tr>
<tr>
<td title='api.vehicle.CreateVehicleTests.createVehicleInvalidYearTest()'><b>createVehicleInvalidYearTest</b><br>Test class: api.vehicle.CreateVehicleTests<br>Test method: check if vehicle year is correctly validated<br>Parameters: -1</td>
<td><div><pre>java.lang.AssertionError: Expected response code to be [400] but was [201]
Expected: is &lt;400&gt;
     but: was &lt;201&gt;
	at org.hamcrest.MatcherAssert.assertThat(MatcherAssert.java:20)
	at api.validators.ResponseHttpCodeValidator.assertBadRequest(ResponseHttpCodeValidator.java:47)
	at api.vehicle.CreateVehicleTests.validateCreateVehicleBadRequest(CreateVehicleTests.java:71)
	at api.vehicle.CreateVehicleTests.createVehicleInvalidYearTest(CreateVehicleTests.java:126)
	at java.base/java.util.ArrayList.forEach(ArrayList.java:1511)
	at com.sun.proxy.$Proxy5.stop(Unknown Source)
... Removed 44 stack frames</pre></div><a href='#' onClick='toggleBox("stack-trace715027790", this, "Click to show all stack frames", "Click to hide stack frames")'>Click to show all stack frames</a>
<div class='stack-trace' id='stack-trace715027790'><pre>java.lang.AssertionError: Expected response code to be [400] but was [201]
Expected: is &lt;400&gt;
     but: was &lt;201&gt;
	at org.hamcrest.MatcherAssert.assertThat(MatcherAssert.java:20)
	at api.validators.ResponseHttpCodeValidator.assertBadRequest(ResponseHttpCodeValidator.java:47)
	at api.vehicle.CreateVehicleTests.validateCreateVehicleBadRequest(CreateVehicleTests.java:71)
	at api.vehicle.CreateVehicleTests.createVehicleInvalidYearTest(CreateVehicleTests.java:126)
	at java.base/jdk.internal.reflect.NativeMethodAccessorImpl.invoke0(Native Method)
	at java.base/jdk.internal.reflect.NativeMethodAccessorImpl.invoke(NativeMethodAccessorImpl.java:64)
	at java.base/jdk.internal.reflect.DelegatingMethodAccessorImpl.invoke(DelegatingMethodAccessorImpl.java:43)
	at java.base/java.lang.reflect.Method.invoke(Method.java:564)
	at org.testng.internal.MethodInvocationHelper.invokeMethod(MethodInvocationHelper.java:133)
	at org.testng.internal.TestInvoker.invokeMethod(TestInvoker.java:598)
	at org.testng.internal.TestInvoker.invokeTestMethod(TestInvoker.java:173)
	at org.testng.internal.MethodRunner.runInSequence(MethodRunner.java:46)
	at org.testng.internal.TestInvoker$MethodInvocationAgent.invoke(TestInvoker.java:824)
	at org.testng.internal.TestInvoker.invokeTestMethods(TestInvoker.java:146)
	at org.testng.internal.TestMethodWorker.invokeTestMethods(TestMethodWorker.java:146)
	at org.testng.internal.TestMethodWorker.run(TestMethodWorker.java:128)
	at java.base/java.util.ArrayList.forEach(ArrayList.java:1511)
	at org.testng.TestRunner.privateRun(TestRunner.java:794)
	at org.testng.TestRunner.run(TestRunner.java:596)
	at org.testng.SuiteRunner.runTest(SuiteRunner.java:377)
	at org.testng.SuiteRunner.runSequentially(SuiteRunner.java:371)
	at org.testng.SuiteRunner.privateRun(SuiteRunner.java:332)
	at org.testng.SuiteRunner.run(SuiteRunner.java:276)
	at org.testng.SuiteRunnerWorker.runSuite(SuiteRunnerWorker.java:53)
	at org.testng.SuiteRunnerWorker.run(SuiteRunnerWorker.java:96)
	at org.testng.TestNG.runSuitesSequentially(TestNG.java:1212)
	at org.testng.TestNG.runSuitesLocally(TestNG.java:1134)
	at org.testng.TestNG.runSuites(TestNG.java:1063)
	at org.testng.TestNG.run(TestNG.java:1031)
	at org.gradle.api.internal.tasks.testing.testng.TestNGTestClassProcessor.runTests(TestNGTestClassProcessor.java:141)
	at org.gradle.api.internal.tasks.testing.testng.TestNGTestClassProcessor.stop(TestNGTestClassProcessor.java:90)
	at org.gradle.api.internal.tasks.testing.SuiteTestClassProcessor.stop(SuiteTestClassProcessor.java:61)
	at java.base/jdk.internal.reflect.NativeMethodAccessorImpl.invoke0(Native Method)
	at java.base/jdk.internal.reflect.NativeMethodAccessorImpl.invoke(NativeMethodAccessorImpl.java:64)
	at java.base/jdk.internal.reflect.DelegatingMethodAccessorImpl.invoke(DelegatingMethodAccessorImpl.java:43)
	at java.base/java.lang.reflect.Method.invoke(Method.java:564)
	at org.gradle.internal.dispatch.ReflectionDispatch.dispatch(ReflectionDispatch.java:36)
	at org.gradle.internal.dispatch.ReflectionDispatch.dispatch(ReflectionDispatch.java:24)
	at org.gradle.internal.dispatch.ContextClassLoaderDispatch.dispatch(ContextClassLoaderDispatch.java:33)
	at org.gradle.internal.dispatch.ProxyDispatchAdapter$DispatchingInvocationHandler.invoke(ProxyDispatchAdapter.java:94)
	at com.sun.proxy.$Proxy5.stop(Unknown Source)
	at org.gradle.api.internal.tasks.testing.worker.TestWorker$3.run(TestWorker.java:193)
	at org.gradle.api.internal.tasks.testing.worker.TestWorker.executeAndMaintainThreadName(TestWorker.java:129)
	at org.gradle.api.internal.tasks.testing.worker.TestWorker.execute(TestWorker.java:100)
	at org.gradle.api.internal.tasks.testing.worker.TestWorker.execute(TestWorker.java:60)
	at org.gradle.process.internal.worker.child.ActionExecutionWorker.execute(ActionExecutionWorker.java:56)
	at org.gradle.process.internal.worker.child.SystemApplicationClassLoaderWorker.call(SystemApplicationClassLoaderWorker.java:133)
	at org.gradle.process.internal.worker.child.SystemApplicationClassLoaderWorker.call(SystemApplicationClassLoaderWorker.java:71)
	at worker.org.gradle.process.internal.worker.GradleWorkerMain.run(GradleWorkerMain.java:69)
	at worker.org.gradle.process.internal.worker.GradleWorkerMain.main(GradleWorkerMain.java:74)
</pre></div></td>
<td>0</td>
<td>api.vehicle.CreateVehicleTests@6034e75d</td></tr>
<tr>
<td title='api.vehicle.UpdateVehicleTests.updateVehicleInvalidYearTest()'><b>updateVehicleInvalidYearTest</b><br>Test class: api.vehicle.UpdateVehicleTests<br>Test method: check if vehicle year is correctly validated<br>Parameters: -1</td>
<td><div><pre>java.lang.AssertionError: Expected response code to be [400] but was [200]
Expected: is &lt;400&gt;
     but: was &lt;200&gt;
	at org.hamcrest.MatcherAssert.assertThat(MatcherAssert.java:20)
	at api.validators.ResponseHttpCodeValidator.assertBadRequest(ResponseHttpCodeValidator.java:47)
	at api.vehicle.UpdateVehicleTests.validateUpdateVehicleBadRequest(UpdateVehicleTests.java:31)
	at api.vehicle.UpdateVehicleTests.updateVehicleInvalidYearTest(UpdateVehicleTests.java:133)
	at java.base/java.util.ArrayList.forEach(ArrayList.java:1511)
	at com.sun.proxy.$Proxy5.stop(Unknown Source)
... Removed 44 stack frames</pre></div><a href='#' onClick='toggleBox("stack-trace821725803", this, "Click to show all stack frames", "Click to hide stack frames")'>Click to show all stack frames</a>
<div class='stack-trace' id='stack-trace821725803'><pre>java.lang.AssertionError: Expected response code to be [400] but was [200]
Expected: is &lt;400&gt;
     but: was &lt;200&gt;
	at org.hamcrest.MatcherAssert.assertThat(MatcherAssert.java:20)
	at api.validators.ResponseHttpCodeValidator.assertBadRequest(ResponseHttpCodeValidator.java:47)
	at api.vehicle.UpdateVehicleTests.validateUpdateVehicleBadRequest(UpdateVehicleTests.java:31)
	at api.vehicle.UpdateVehicleTests.updateVehicleInvalidYearTest(UpdateVehicleTests.java:133)
	at java.base/jdk.internal.reflect.NativeMethodAccessorImpl.invoke0(Native Method)
	at java.base/jdk.internal.reflect.NativeMethodAccessorImpl.invoke(NativeMethodAccessorImpl.java:64)
	at java.base/jdk.internal.reflect.DelegatingMethodAccessorImpl.invoke(DelegatingMethodAccessorImpl.java:43)
	at java.base/java.lang.reflect.Method.invoke(Method.java:564)
	at org.testng.internal.MethodInvocationHelper.invokeMethod(MethodInvocationHelper.java:133)
	at org.testng.internal.TestInvoker.invokeMethod(TestInvoker.java:598)
	at org.testng.internal.TestInvoker.invokeTestMethod(TestInvoker.java:173)
	at org.testng.internal.MethodRunner.runInSequence(MethodRunner.java:46)
	at org.testng.internal.TestInvoker$MethodInvocationAgent.invoke(TestInvoker.java:824)
	at org.testng.internal.TestInvoker.invokeTestMethods(TestInvoker.java:146)
	at org.testng.internal.TestMethodWorker.invokeTestMethods(TestMethodWorker.java:146)
	at org.testng.internal.TestMethodWorker.run(TestMethodWorker.java:128)
	at java.base/java.util.ArrayList.forEach(ArrayList.java:1511)
	at org.testng.TestRunner.privateRun(TestRunner.java:794)
	at org.testng.TestRunner.run(TestRunner.java:596)
	at org.testng.SuiteRunner.runTest(SuiteRunner.java:377)
	at org.testng.SuiteRunner.runSequentially(SuiteRunner.java:371)
	at org.testng.SuiteRunner.privateRun(SuiteRunner.java:332)
	at org.testng.SuiteRunner.run(SuiteRunner.java:276)
	at org.testng.SuiteRunnerWorker.runSuite(SuiteRunnerWorker.java:53)
	at org.testng.SuiteRunnerWorker.run(SuiteRunnerWorker.java:96)
	at org.testng.TestNG.runSuitesSequentially(TestNG.java:1212)
	at org.testng.TestNG.runSuitesLocally(TestNG.java:1134)
	at org.testng.TestNG.runSuites(TestNG.java:1063)
	at org.testng.TestNG.run(TestNG.java:1031)
	at org.gradle.api.internal.tasks.testing.testng.TestNGTestClassProcessor.runTests(TestNGTestClassProcessor.java:141)
	at org.gradle.api.internal.tasks.testing.testng.TestNGTestClassProcessor.stop(TestNGTestClassProcessor.java:90)
	at org.gradle.api.internal.tasks.testing.SuiteTestClassProcessor.stop(SuiteTestClassProcessor.java:61)
	at java.base/jdk.internal.reflect.NativeMethodAccessorImpl.invoke0(Native Method)
	at java.base/jdk.internal.reflect.NativeMethodAccessorImpl.invoke(NativeMethodAccessorImpl.java:64)
	at java.base/jdk.internal.reflect.DelegatingMethodAccessorImpl.invoke(DelegatingMethodAccessorImpl.java:43)
	at java.base/java.lang.reflect.Method.invoke(Method.java:564)
	at org.gradle.internal.dispatch.ReflectionDispatch.dispatch(ReflectionDispatch.java:36)
	at org.gradle.internal.dispatch.ReflectionDispatch.dispatch(ReflectionDispatch.java:24)
	at org.gradle.internal.dispatch.ContextClassLoaderDispatch.dispatch(ContextClassLoaderDispatch.java:33)
	at org.gradle.internal.dispatch.ProxyDispatchAdapter$DispatchingInvocationHandler.invoke(ProxyDispatchAdapter.java:94)
	at com.sun.proxy.$Proxy5.stop(Unknown Source)
	at org.gradle.api.internal.tasks.testing.worker.TestWorker$3.run(TestWorker.java:193)
	at org.gradle.api.internal.tasks.testing.worker.TestWorker.executeAndMaintainThreadName(TestWorker.java:129)
	at org.gradle.api.internal.tasks.testing.worker.TestWorker.execute(TestWorker.java:100)
	at org.gradle.api.internal.tasks.testing.worker.TestWorker.execute(TestWorker.java:60)
	at org.gradle.process.internal.worker.child.ActionExecutionWorker.execute(ActionExecutionWorker.java:56)
	at org.gradle.process.internal.worker.child.SystemApplicationClassLoaderWorker.call(SystemApplicationClassLoaderWorker.java:133)
	at org.gradle.process.internal.worker.child.SystemApplicationClassLoaderWorker.call(SystemApplicationClassLoaderWorker.java:71)
	at worker.org.gradle.process.internal.worker.GradleWorkerMain.run(GradleWorkerMain.java:69)
	at worker.org.gradle.process.internal.worker.GradleWorkerMain.main(GradleWorkerMain.java:74)
</pre></div></td>
<td>0</td>
<td>api.vehicle.UpdateVehicleTests@408613cc</td></tr>
<tr>
<td title='api.client.CreateClientTests.createClientInvalidBirthDateTest()'><b>createClientInvalidBirthDateTest</b><br>Test class: api.client.CreateClientTests<br>Test method: check if client birth Date is correctly validated<br>Parameters: 2022-06-32</td>
<td><div><pre>java.lang.AssertionError: Message should be Invalid Birth Date when using 2022-06-32
Expected: is &quot;Invalid Birth Date&quot;
     but: was &quot;JSON parse error: Cannot deserialize value of type `java.time.LocalDate` from String \&quot;2022-06-32\&quot;: Failed to deserialize java.time.LocalDate: (java.time.format.DateTimeParseException) Text &apos;2022-06-32&apos; could not be parsed: Invalid value for DayOfMonth (valid values 1 - 28/31): 32; nested exception is com.fasterxml.jackson.databind.exc.InvalidFormatException: Cannot deserialize value of type `java.time.LocalDate` from String \&quot;2022-06-32\&quot;: Failed to deserialize java.time.LocalDate: (java.time.format.DateTimeParseException) Text &apos;2022-06-32&apos; could not be parsed: Invalid value for DayOfMonth (valid values 1 - 28/31): 32\n at [Source: (PushbackInputStream); line: 1, column: 190] (through reference chain: pt.ua.garage.model.Client[\&quot;birthDate\&quot;])&quot;
	at org.hamcrest.MatcherAssert.assertThat(MatcherAssert.java:20)
	at api.validators.ErrorResponseValidator.assertErrorResponse(ErrorResponseValidator.java:24)
	at api.client.CreateClientTests.validateCreateClientBadRequest(CreateClientTests.java:99)
	at api.client.CreateClientTests.createClientInvalidBirthDateTest(CreateClientTests.java:110)
	at java.base/java.util.ArrayList.forEach(ArrayList.java:1511)
	at com.sun.proxy.$Proxy5.stop(Unknown Source)
... Removed 44 stack frames</pre></div><a href='#' onClick='toggleBox("stack-trace501254005", this, "Click to show all stack frames", "Click to hide stack frames")'>Click to show all stack frames</a>
<div class='stack-trace' id='stack-trace501254005'><pre>java.lang.AssertionError: Message should be Invalid Birth Date when using 2022-06-32
Expected: is &quot;Invalid Birth Date&quot;
     but: was &quot;JSON parse error: Cannot deserialize value of type `java.time.LocalDate` from String \&quot;2022-06-32\&quot;: Failed to deserialize java.time.LocalDate: (java.time.format.DateTimeParseException) Text &apos;2022-06-32&apos; could not be parsed: Invalid value for DayOfMonth (valid values 1 - 28/31): 32; nested exception is com.fasterxml.jackson.databind.exc.InvalidFormatException: Cannot deserialize value of type `java.time.LocalDate` from String \&quot;2022-06-32\&quot;: Failed to deserialize java.time.LocalDate: (java.time.format.DateTimeParseException) Text &apos;2022-06-32&apos; could not be parsed: Invalid value for DayOfMonth (valid values 1 - 28/31): 32\n at [Source: (PushbackInputStream); line: 1, column: 190] (through reference chain: pt.ua.garage.model.Client[\&quot;birthDate\&quot;])&quot;
	at org.hamcrest.MatcherAssert.assertThat(MatcherAssert.java:20)
	at api.validators.ErrorResponseValidator.assertErrorResponse(ErrorResponseValidator.java:24)
	at api.client.CreateClientTests.validateCreateClientBadRequest(CreateClientTests.java:99)
	at api.client.CreateClientTests.createClientInvalidBirthDateTest(CreateClientTests.java:110)
	at java.base/jdk.internal.reflect.NativeMethodAccessorImpl.invoke0(Native Method)
	at java.base/jdk.internal.reflect.NativeMethodAccessorImpl.invoke(NativeMethodAccessorImpl.java:64)
	at java.base/jdk.internal.reflect.DelegatingMethodAccessorImpl.invoke(DelegatingMethodAccessorImpl.java:43)
	at java.base/java.lang.reflect.Method.invoke(Method.java:564)
	at org.testng.internal.MethodInvocationHelper.invokeMethod(MethodInvocationHelper.java:133)
	at org.testng.internal.TestInvoker.invokeMethod(TestInvoker.java:598)
	at org.testng.internal.TestInvoker.invokeTestMethod(TestInvoker.java:173)
	at org.testng.internal.MethodRunner.runInSequence(MethodRunner.java:46)
	at org.testng.internal.TestInvoker$MethodInvocationAgent.invoke(TestInvoker.java:824)
	at org.testng.internal.TestInvoker.invokeTestMethods(TestInvoker.java:146)
	at org.testng.internal.TestMethodWorker.invokeTestMethods(TestMethodWorker.java:146)
	at org.testng.internal.TestMethodWorker.run(TestMethodWorker.java:128)
	at java.base/java.util.ArrayList.forEach(ArrayList.java:1511)
	at org.testng.TestRunner.privateRun(TestRunner.java:794)
	at org.testng.TestRunner.run(TestRunner.java:596)
	at org.testng.SuiteRunner.runTest(SuiteRunner.java:377)
	at org.testng.SuiteRunner.runSequentially(SuiteRunner.java:371)
	at org.testng.SuiteRunner.privateRun(SuiteRunner.java:332)
	at org.testng.SuiteRunner.run(SuiteRunner.java:276)
	at org.testng.SuiteRunnerWorker.runSuite(SuiteRunnerWorker.java:53)
	at org.testng.SuiteRunnerWorker.run(SuiteRunnerWorker.java:96)
	at org.testng.TestNG.runSuitesSequentially(TestNG.java:1212)
	at org.testng.TestNG.runSuitesLocally(TestNG.java:1134)
	at org.testng.TestNG.runSuites(TestNG.java:1063)
	at org.testng.TestNG.run(TestNG.java:1031)
	at org.gradle.api.internal.tasks.testing.testng.TestNGTestClassProcessor.runTests(TestNGTestClassProcessor.java:141)
	at org.gradle.api.internal.tasks.testing.testng.TestNGTestClassProcessor.stop(TestNGTestClassProcessor.java:90)
	at org.gradle.api.internal.tasks.testing.SuiteTestClassProcessor.stop(SuiteTestClassProcessor.java:61)
	at java.base/jdk.internal.reflect.NativeMethodAccessorImpl.invoke0(Native Method)
	at java.base/jdk.internal.reflect.NativeMethodAccessorImpl.invoke(NativeMethodAccessorImpl.java:64)
	at java.base/jdk.internal.reflect.DelegatingMethodAccessorImpl.invoke(DelegatingMethodAccessorImpl.java:43)
	at java.base/java.lang.reflect.Method.invoke(Method.java:564)
	at org.gradle.internal.dispatch.ReflectionDispatch.dispatch(ReflectionDispatch.java:36)
	at org.gradle.internal.dispatch.ReflectionDispatch.dispatch(ReflectionDispatch.java:24)
	at org.gradle.internal.dispatch.ContextClassLoaderDispatch.dispatch(ContextClassLoaderDispatch.java:33)
	at org.gradle.internal.dispatch.ProxyDispatchAdapter$DispatchingInvocationHandler.invoke(ProxyDispatchAdapter.java:94)
	at com.sun.proxy.$Proxy5.stop(Unknown Source)
	at org.gradle.api.internal.tasks.testing.worker.TestWorker$3.run(TestWorker.java:193)
	at org.gradle.api.internal.tasks.testing.worker.TestWorker.executeAndMaintainThreadName(TestWorker.java:129)
	at org.gradle.api.internal.tasks.testing.worker.TestWorker.execute(TestWorker.java:100)
	at org.gradle.api.internal.tasks.testing.worker.TestWorker.execute(TestWorker.java:60)
	at org.gradle.process.internal.worker.child.ActionExecutionWorker.execute(ActionExecutionWorker.java:56)
	at org.gradle.process.internal.worker.child.SystemApplicationClassLoaderWorker.call(SystemApplicationClassLoaderWorker.java:133)
	at org.gradle.process.internal.worker.child.SystemApplicationClassLoaderWorker.call(SystemApplicationClassLoaderWorker.java:71)
	at worker.org.gradle.process.internal.worker.GradleWorkerMain.run(GradleWorkerMain.java:69)
	at worker.org.gradle.process.internal.worker.GradleWorkerMain.main(GradleWorkerMain.java:74)
</pre></div></td>
<td>0</td>
<td>api.client.CreateClientTests@a53bb6f</td></tr>
<tr>
<td title='api.vehicle.CreateVehicleTests.createVehicleValidPlateTest()'><b>createVehicleValidPlateTest</b><br>Test class: api.vehicle.CreateVehicleTests<br>Test method: check if vehicle plate is correctly validated<br>Parameters: AA-AA-22</td>
<td><div><pre>java.lang.AssertionError: Expected response code to be [201] but was [400]
Expected: is &lt;201&gt;
     but: was &lt;400&gt;
	at org.hamcrest.MatcherAssert.assertThat(MatcherAssert.java:20)
	at api.validators.ResponseHttpCodeValidator.assertCreated(ResponseHttpCodeValidator.java:31)
	at api.vehicle.CreateVehicleTests.createVehicleValidPlateTest(CreateVehicleTests.java:106)
	at java.base/java.util.ArrayList.forEach(ArrayList.java:1511)
	at com.sun.proxy.$Proxy5.stop(Unknown Source)
... Removed 44 stack frames</pre></div><a href='#' onClick='toggleBox("stack-trace1817288263", this, "Click to show all stack frames", "Click to hide stack frames")'>Click to show all stack frames</a>
<div class='stack-trace' id='stack-trace1817288263'><pre>java.lang.AssertionError: Expected response code to be [201] but was [400]
Expected: is &lt;201&gt;
     but: was &lt;400&gt;
	at org.hamcrest.MatcherAssert.assertThat(MatcherAssert.java:20)
	at api.validators.ResponseHttpCodeValidator.assertCreated(ResponseHttpCodeValidator.java:31)
	at api.vehicle.CreateVehicleTests.createVehicleValidPlateTest(CreateVehicleTests.java:106)
	at java.base/jdk.internal.reflect.NativeMethodAccessorImpl.invoke0(Native Method)
	at java.base/jdk.internal.reflect.NativeMethodAccessorImpl.invoke(NativeMethodAccessorImpl.java:64)
	at java.base/jdk.internal.reflect.DelegatingMethodAccessorImpl.invoke(DelegatingMethodAccessorImpl.java:43)
	at java.base/java.lang.reflect.Method.invoke(Method.java:564)
	at org.testng.internal.MethodInvocationHelper.invokeMethod(MethodInvocationHelper.java:133)
	at org.testng.internal.TestInvoker.invokeMethod(TestInvoker.java:598)
	at org.testng.internal.TestInvoker.invokeTestMethod(TestInvoker.java:173)
	at org.testng.internal.MethodRunner.runInSequence(MethodRunner.java:46)
	at org.testng.internal.TestInvoker$MethodInvocationAgent.invoke(TestInvoker.java:824)
	at org.testng.internal.TestInvoker.invokeTestMethods(TestInvoker.java:146)
	at org.testng.internal.TestMethodWorker.invokeTestMethods(TestMethodWorker.java:146)
	at org.testng.internal.TestMethodWorker.run(TestMethodWorker.java:128)
	at java.base/java.util.ArrayList.forEach(ArrayList.java:1511)
	at org.testng.TestRunner.privateRun(TestRunner.java:794)
	at org.testng.TestRunner.run(TestRunner.java:596)
	at org.testng.SuiteRunner.runTest(SuiteRunner.java:377)
	at org.testng.SuiteRunner.runSequentially(SuiteRunner.java:371)
	at org.testng.SuiteRunner.privateRun(SuiteRunner.java:332)
	at org.testng.SuiteRunner.run(SuiteRunner.java:276)
	at org.testng.SuiteRunnerWorker.runSuite(SuiteRunnerWorker.java:53)
	at org.testng.SuiteRunnerWorker.run(SuiteRunnerWorker.java:96)
	at org.testng.TestNG.runSuitesSequentially(TestNG.java:1212)
	at org.testng.TestNG.runSuitesLocally(TestNG.java:1134)
	at org.testng.TestNG.runSuites(TestNG.java:1063)
	at org.testng.TestNG.run(TestNG.java:1031)
	at org.gradle.api.internal.tasks.testing.testng.TestNGTestClassProcessor.runTests(TestNGTestClassProcessor.java:141)
	at org.gradle.api.internal.tasks.testing.testng.TestNGTestClassProcessor.stop(TestNGTestClassProcessor.java:90)
	at org.gradle.api.internal.tasks.testing.SuiteTestClassProcessor.stop(SuiteTestClassProcessor.java:61)
	at java.base/jdk.internal.reflect.NativeMethodAccessorImpl.invoke0(Native Method)
	at java.base/jdk.internal.reflect.NativeMethodAccessorImpl.invoke(NativeMethodAccessorImpl.java:64)
	at java.base/jdk.internal.reflect.DelegatingMethodAccessorImpl.invoke(DelegatingMethodAccessorImpl.java:43)
	at java.base/java.lang.reflect.Method.invoke(Method.java:564)
	at org.gradle.internal.dispatch.ReflectionDispatch.dispatch(ReflectionDispatch.java:36)
	at org.gradle.internal.dispatch.ReflectionDispatch.dispatch(ReflectionDispatch.java:24)
	at org.gradle.internal.dispatch.ContextClassLoaderDispatch.dispatch(ContextClassLoaderDispatch.java:33)
	at org.gradle.internal.dispatch.ProxyDispatchAdapter$DispatchingInvocationHandler.invoke(ProxyDispatchAdapter.java:94)
	at com.sun.proxy.$Proxy5.stop(Unknown Source)
	at org.gradle.api.internal.tasks.testing.worker.TestWorker$3.run(TestWorker.java:193)
	at org.gradle.api.internal.tasks.testing.worker.TestWorker.executeAndMaintainThreadName(TestWorker.java:129)
	at org.gradle.api.internal.tasks.testing.worker.TestWorker.execute(TestWorker.java:100)
	at org.gradle.api.internal.tasks.testing.worker.TestWorker.execute(TestWorker.java:60)
	at org.gradle.process.internal.worker.child.ActionExecutionWorker.execute(ActionExecutionWorker.java:56)
	at org.gradle.process.internal.worker.child.SystemApplicationClassLoaderWorker.call(SystemApplicationClassLoaderWorker.java:133)
	at org.gradle.process.internal.worker.child.SystemApplicationClassLoaderWorker.call(SystemApplicationClassLoaderWorker.java:71)
	at worker.org.gradle.process.internal.worker.GradleWorkerMain.run(GradleWorkerMain.java:69)
	at worker.org.gradle.process.internal.worker.GradleWorkerMain.main(GradleWorkerMain.java:74)
</pre></div></td>
<td>0</td>
<td>api.vehicle.CreateVehicleTests@6034e75d</td></tr>
<tr>
<td title='api.client.CreateClientTests.createClientInvalidClientDateTest()'><b>createClientInvalidClientDateTest</b><br>Test class: api.client.CreateClientTests<br>Test method: check if client Client Date is correctly validated<br>Parameters: 2022</td>
<td><div><pre>java.lang.AssertionError: Message should be Invalid Client Date when using 2022
Expected: is &quot;Invalid Client Date&quot;
     but: was &quot;JSON parse error: Cannot deserialize value of type `java.time.LocalDate` from String \&quot;2022\&quot;: Failed to deserialize java.time.LocalDate: (java.time.format.DateTimeParseException) Text &apos;2022&apos; could not be parsed at index 4; nested exception is com.fasterxml.jackson.databind.exc.InvalidFormatException: Cannot deserialize value of type `java.time.LocalDate` from String \&quot;2022\&quot;: Failed to deserialize java.time.LocalDate: (java.time.format.DateTimeParseException) Text &apos;2022&apos; could not be parsed at index 4\n at [Source: (PushbackInputStream); line: 1, column: 216] (through reference chain: pt.ua.garage.model.Client[\&quot;clientDate\&quot;])&quot;
	at org.hamcrest.MatcherAssert.assertThat(MatcherAssert.java:20)
	at api.validators.ErrorResponseValidator.assertErrorResponse(ErrorResponseValidator.java:24)
	at api.client.CreateClientTests.validateCreateClientBadRequest(CreateClientTests.java:99)
	at api.client.CreateClientTests.createClientInvalidClientDateTest(CreateClientTests.java:121)
	at java.base/java.util.ArrayList.forEach(ArrayList.java:1511)
	at com.sun.proxy.$Proxy5.stop(Unknown Source)
... Removed 44 stack frames</pre></div><a href='#' onClick='toggleBox("stack-trace385889431", this, "Click to show all stack frames", "Click to hide stack frames")'>Click to show all stack frames</a>
<div class='stack-trace' id='stack-trace385889431'><pre>java.lang.AssertionError: Message should be Invalid Client Date when using 2022
Expected: is &quot;Invalid Client Date&quot;
     but: was &quot;JSON parse error: Cannot deserialize value of type `java.time.LocalDate` from String \&quot;2022\&quot;: Failed to deserialize java.time.LocalDate: (java.time.format.DateTimeParseException) Text &apos;2022&apos; could not be parsed at index 4; nested exception is com.fasterxml.jackson.databind.exc.InvalidFormatException: Cannot deserialize value of type `java.time.LocalDate` from String \&quot;2022\&quot;: Failed to deserialize java.time.LocalDate: (java.time.format.DateTimeParseException) Text &apos;2022&apos; could not be parsed at index 4\n at [Source: (PushbackInputStream); line: 1, column: 216] (through reference chain: pt.ua.garage.model.Client[\&quot;clientDate\&quot;])&quot;
	at org.hamcrest.MatcherAssert.assertThat(MatcherAssert.java:20)
	at api.validators.ErrorResponseValidator.assertErrorResponse(ErrorResponseValidator.java:24)
	at api.client.CreateClientTests.validateCreateClientBadRequest(CreateClientTests.java:99)
	at api.client.CreateClientTests.createClientInvalidClientDateTest(CreateClientTests.java:121)
	at java.base/jdk.internal.reflect.NativeMethodAccessorImpl.invoke0(Native Method)
	at java.base/jdk.internal.reflect.NativeMethodAccessorImpl.invoke(NativeMethodAccessorImpl.java:64)
	at java.base/jdk.internal.reflect.DelegatingMethodAccessorImpl.invoke(DelegatingMethodAccessorImpl.java:43)
	at java.base/java.lang.reflect.Method.invoke(Method.java:564)
	at org.testng.internal.MethodInvocationHelper.invokeMethod(MethodInvocationHelper.java:133)
	at org.testng.internal.TestInvoker.invokeMethod(TestInvoker.java:598)
	at org.testng.internal.TestInvoker.invokeTestMethod(TestInvoker.java:173)
	at org.testng.internal.MethodRunner.runInSequence(MethodRunner.java:46)
	at org.testng.internal.TestInvoker$MethodInvocationAgent.invoke(TestInvoker.java:824)
	at org.testng.internal.TestInvoker.invokeTestMethods(TestInvoker.java:146)
	at org.testng.internal.TestMethodWorker.invokeTestMethods(TestMethodWorker.java:146)
	at org.testng.internal.TestMethodWorker.run(TestMethodWorker.java:128)
	at java.base/java.util.ArrayList.forEach(ArrayList.java:1511)
	at org.testng.TestRunner.privateRun(TestRunner.java:794)
	at org.testng.TestRunner.run(TestRunner.java:596)
	at org.testng.SuiteRunner.runTest(SuiteRunner.java:377)
	at org.testng.SuiteRunner.runSequentially(SuiteRunner.java:371)
	at org.testng.SuiteRunner.privateRun(SuiteRunner.java:332)
	at org.testng.SuiteRunner.run(SuiteRunner.java:276)
	at org.testng.SuiteRunnerWorker.runSuite(SuiteRunnerWorker.java:53)
	at org.testng.SuiteRunnerWorker.run(SuiteRunnerWorker.java:96)
	at org.testng.TestNG.runSuitesSequentially(TestNG.java:1212)
	at org.testng.TestNG.runSuitesLocally(TestNG.java:1134)
	at org.testng.TestNG.runSuites(TestNG.java:1063)
	at org.testng.TestNG.run(TestNG.java:1031)
	at org.gradle.api.internal.tasks.testing.testng.TestNGTestClassProcessor.runTests(TestNGTestClassProcessor.java:141)
	at org.gradle.api.internal.tasks.testing.testng.TestNGTestClassProcessor.stop(TestNGTestClassProcessor.java:90)
	at org.gradle.api.internal.tasks.testing.SuiteTestClassProcessor.stop(SuiteTestClassProcessor.java:61)
	at java.base/jdk.internal.reflect.NativeMethodAccessorImpl.invoke0(Native Method)
	at java.base/jdk.internal.reflect.NativeMethodAccessorImpl.invoke(NativeMethodAccessorImpl.java:64)
	at java.base/jdk.internal.reflect.DelegatingMethodAccessorImpl.invoke(DelegatingMethodAccessorImpl.java:43)
	at java.base/java.lang.reflect.Method.invoke(Method.java:564)
	at org.gradle.internal.dispatch.ReflectionDispatch.dispatch(ReflectionDispatch.java:36)
	at org.gradle.internal.dispatch.ReflectionDispatch.dispatch(ReflectionDispatch.java:24)
	at org.gradle.internal.dispatch.ContextClassLoaderDispatch.dispatch(ContextClassLoaderDispatch.java:33)
	at org.gradle.internal.dispatch.ProxyDispatchAdapter$DispatchingInvocationHandler.invoke(ProxyDispatchAdapter.java:94)
	at com.sun.proxy.$Proxy5.stop(Unknown Source)
	at org.gradle.api.internal.tasks.testing.worker.TestWorker$3.run(TestWorker.java:193)
	at org.gradle.api.internal.tasks.testing.worker.TestWorker.executeAndMaintainThreadName(TestWorker.java:129)
	at org.gradle.api.internal.tasks.testing.worker.TestWorker.execute(TestWorker.java:100)
	at org.gradle.api.internal.tasks.testing.worker.TestWorker.execute(TestWorker.java:60)
	at org.gradle.process.internal.worker.child.ActionExecutionWorker.execute(ActionExecutionWorker.java:56)
	at org.gradle.process.internal.worker.child.SystemApplicationClassLoaderWorker.call(SystemApplicationClassLoaderWorker.java:133)
	at org.gradle.process.internal.worker.child.SystemApplicationClassLoaderWorker.call(SystemApplicationClassLoaderWorker.java:71)
	at worker.org.gradle.process.internal.worker.GradleWorkerMain.run(GradleWorkerMain.java:69)
	at worker.org.gradle.process.internal.worker.GradleWorkerMain.main(GradleWorkerMain.java:74)
</pre></div></td>
<td>0</td>
<td>api.client.CreateClientTests@a53bb6f</td></tr>
<tr>
<td title='api.vehicle.UpdateVehicleTests.updateVehicleValidPlateTest()'><b>updateVehicleValidPlateTest</b><br>Test class: api.vehicle.UpdateVehicleTests<br>Test method: check if vehicle plate is correctly validated<br>Parameters: AA-AA-22</td>
<td><div><pre>java.lang.AssertionError: Expected response code to be [200] but was [400]
Expected: is &lt;200&gt;
     but: was &lt;400&gt;
	at org.hamcrest.MatcherAssert.assertThat(MatcherAssert.java:20)
	at api.validators.ResponseHttpCodeValidator.assertOk(ResponseHttpCodeValidator.java:27)
	at api.vehicle.UpdateVehicleTests.updateVehicleValidPlateTest(UpdateVehicleTests.java:112)
	at java.base/java.util.ArrayList.forEach(ArrayList.java:1511)
	at com.sun.proxy.$Proxy5.stop(Unknown Source)
... Removed 44 stack frames</pre></div><a href='#' onClick='toggleBox("stack-trace255358703", this, "Click to show all stack frames", "Click to hide stack frames")'>Click to show all stack frames</a>
<div class='stack-trace' id='stack-trace255358703'><pre>java.lang.AssertionError: Expected response code to be [200] but was [400]
Expected: is &lt;200&gt;
     but: was &lt;400&gt;
	at org.hamcrest.MatcherAssert.assertThat(MatcherAssert.java:20)
	at api.validators.ResponseHttpCodeValidator.assertOk(ResponseHttpCodeValidator.java:27)
	at api.vehicle.UpdateVehicleTests.updateVehicleValidPlateTest(UpdateVehicleTests.java:112)
	at java.base/jdk.internal.reflect.NativeMethodAccessorImpl.invoke0(Native Method)
	at java.base/jdk.internal.reflect.NativeMethodAccessorImpl.invoke(NativeMethodAccessorImpl.java:64)
	at java.base/jdk.internal.reflect.DelegatingMethodAccessorImpl.invoke(DelegatingMethodAccessorImpl.java:43)
	at java.base/java.lang.reflect.Method.invoke(Method.java:564)
	at org.testng.internal.MethodInvocationHelper.invokeMethod(MethodInvocationHelper.java:133)
	at org.testng.internal.TestInvoker.invokeMethod(TestInvoker.java:598)
	at org.testng.internal.TestInvoker.invokeTestMethod(TestInvoker.java:173)
	at org.testng.internal.MethodRunner.runInSequence(MethodRunner.java:46)
	at org.testng.internal.TestInvoker$MethodInvocationAgent.invoke(TestInvoker.java:824)
	at org.testng.internal.TestInvoker.invokeTestMethods(TestInvoker.java:146)
	at org.testng.internal.TestMethodWorker.invokeTestMethods(TestMethodWorker.java:146)
	at org.testng.internal.TestMethodWorker.run(TestMethodWorker.java:128)
	at java.base/java.util.ArrayList.forEach(ArrayList.java:1511)
	at org.testng.TestRunner.privateRun(TestRunner.java:794)
	at org.testng.TestRunner.run(TestRunner.java:596)
	at org.testng.SuiteRunner.runTest(SuiteRunner.java:377)
	at org.testng.SuiteRunner.runSequentially(SuiteRunner.java:371)
	at org.testng.SuiteRunner.privateRun(SuiteRunner.java:332)
	at org.testng.SuiteRunner.run(SuiteRunner.java:276)
	at org.testng.SuiteRunnerWorker.runSuite(SuiteRunnerWorker.java:53)
	at org.testng.SuiteRunnerWorker.run(SuiteRunnerWorker.java:96)
	at org.testng.TestNG.runSuitesSequentially(TestNG.java:1212)
	at org.testng.TestNG.runSuitesLocally(TestNG.java:1134)
	at org.testng.TestNG.runSuites(TestNG.java:1063)
	at org.testng.TestNG.run(TestNG.java:1031)
	at org.gradle.api.internal.tasks.testing.testng.TestNGTestClassProcessor.runTests(TestNGTestClassProcessor.java:141)
	at org.gradle.api.internal.tasks.testing.testng.TestNGTestClassProcessor.stop(TestNGTestClassProcessor.java:90)
	at org.gradle.api.internal.tasks.testing.SuiteTestClassProcessor.stop(SuiteTestClassProcessor.java:61)
	at java.base/jdk.internal.reflect.NativeMethodAccessorImpl.invoke0(Native Method)
	at java.base/jdk.internal.reflect.NativeMethodAccessorImpl.invoke(NativeMethodAccessorImpl.java:64)
	at java.base/jdk.internal.reflect.DelegatingMethodAccessorImpl.invoke(DelegatingMethodAccessorImpl.java:43)
	at java.base/java.lang.reflect.Method.invoke(Method.java:564)
	at org.gradle.internal.dispatch.ReflectionDispatch.dispatch(ReflectionDispatch.java:36)
	at org.gradle.internal.dispatch.ReflectionDispatch.dispatch(ReflectionDispatch.java:24)
	at org.gradle.internal.dispatch.ContextClassLoaderDispatch.dispatch(ContextClassLoaderDispatch.java:33)
	at org.gradle.internal.dispatch.ProxyDispatchAdapter$DispatchingInvocationHandler.invoke(ProxyDispatchAdapter.java:94)
	at com.sun.proxy.$Proxy5.stop(Unknown Source)
	at org.gradle.api.internal.tasks.testing.worker.TestWorker$3.run(TestWorker.java:193)
	at org.gradle.api.internal.tasks.testing.worker.TestWorker.executeAndMaintainThreadName(TestWorker.java:129)
	at org.gradle.api.internal.tasks.testing.worker.TestWorker.execute(TestWorker.java:100)
	at org.gradle.api.internal.tasks.testing.worker.TestWorker.execute(TestWorker.java:60)
	at org.gradle.process.internal.worker.child.ActionExecutionWorker.execute(ActionExecutionWorker.java:56)
	at org.gradle.process.internal.worker.child.SystemApplicationClassLoaderWorker.call(SystemApplicationClassLoaderWorker.java:133)
	at org.gradle.process.internal.worker.child.SystemApplicationClassLoaderWorker.call(SystemApplicationClassLoaderWorker.java:71)
	at worker.org.gradle.process.internal.worker.GradleWorkerMain.run(GradleWorkerMain.java:69)
	at worker.org.gradle.process.internal.worker.GradleWorkerMain.main(GradleWorkerMain.java:74)
</pre></div></td>
<td>0</td>
<td>api.vehicle.UpdateVehicleTests@408613cc</td></tr>
<tr>
<td title='api.vehicle.UpdateVehicleTests.updateVehicleClientNotNullTest()'><b>updateVehicleClientNotNullTest</b><br>Test class: api.vehicle.UpdateVehicleTests<br>Test method: check if vehicle client is correctly validated</td>
<td><div><pre>java.lang.AssertionError: Message should be Client on body should be null on Update when using client is not null
Expected: is &quot;Client on body should be null on Update&quot;
     but: was &quot;JSON parse error: Unresolved forward references for: ; nested exception is com.fasterxml.jackson.databind.deser.UnresolvedForwardReference: Unresolved forward references for: \n at [Source: (PushbackInputStream); line: 1, column: 112]Object id [1] (for `pt.ua.garage.model.Client`) at [Source: (PushbackInputStream); line: 1, column: 22].&quot;
	at org.hamcrest.MatcherAssert.assertThat(MatcherAssert.java:20)
	at api.validators.ErrorResponseValidator.assertErrorResponse(ErrorResponseValidator.java:24)
	at api.vehicle.UpdateVehicleTests.validateUpdateVehicleBadRequest(UpdateVehicleTests.java:56)
	at api.vehicle.UpdateVehicleTests.updateVehicleClientNotNullTest(UpdateVehicleTests.java:153)
	at java.base/java.util.ArrayList.forEach(ArrayList.java:1511)
	at com.sun.proxy.$Proxy5.stop(Unknown Source)
... Removed 44 stack frames</pre></div><a href='#' onClick='toggleBox("stack-trace708968858", this, "Click to show all stack frames", "Click to hide stack frames")'>Click to show all stack frames</a>
<div class='stack-trace' id='stack-trace708968858'><pre>java.lang.AssertionError: Message should be Client on body should be null on Update when using client is not null
Expected: is &quot;Client on body should be null on Update&quot;
     but: was &quot;JSON parse error: Unresolved forward references for: ; nested exception is com.fasterxml.jackson.databind.deser.UnresolvedForwardReference: Unresolved forward references for: \n at [Source: (PushbackInputStream); line: 1, column: 112]Object id [1] (for `pt.ua.garage.model.Client`) at [Source: (PushbackInputStream); line: 1, column: 22].&quot;
	at org.hamcrest.MatcherAssert.assertThat(MatcherAssert.java:20)
	at api.validators.ErrorResponseValidator.assertErrorResponse(ErrorResponseValidator.java:24)
	at api.vehicle.UpdateVehicleTests.validateUpdateVehicleBadRequest(UpdateVehicleTests.java:56)
	at api.vehicle.UpdateVehicleTests.updateVehicleClientNotNullTest(UpdateVehicleTests.java:153)
	at java.base/jdk.internal.reflect.NativeMethodAccessorImpl.invoke0(Native Method)
	at java.base/jdk.internal.reflect.NativeMethodAccessorImpl.invoke(NativeMethodAccessorImpl.java:64)
	at java.base/jdk.internal.reflect.DelegatingMethodAccessorImpl.invoke(DelegatingMethodAccessorImpl.java:43)
	at java.base/java.lang.reflect.Method.invoke(Method.java:564)
	at org.testng.internal.MethodInvocationHelper.invokeMethod(MethodInvocationHelper.java:133)
	at org.testng.internal.TestInvoker.invokeMethod(TestInvoker.java:598)
	at org.testng.internal.TestInvoker.invokeTestMethod(TestInvoker.java:173)
	at org.testng.internal.MethodRunner.runInSequence(MethodRunner.java:46)
	at org.testng.internal.TestInvoker$MethodInvocationAgent.invoke(TestInvoker.java:824)
	at org.testng.internal.TestInvoker.invokeTestMethods(TestInvoker.java:146)
	at org.testng.internal.TestMethodWorker.invokeTestMethods(TestMethodWorker.java:146)
	at org.testng.internal.TestMethodWorker.run(TestMethodWorker.java:128)
	at java.base/java.util.ArrayList.forEach(ArrayList.java:1511)
	at org.testng.TestRunner.privateRun(TestRunner.java:794)
	at org.testng.TestRunner.run(TestRunner.java:596)
	at org.testng.SuiteRunner.runTest(SuiteRunner.java:377)
	at org.testng.SuiteRunner.runSequentially(SuiteRunner.java:371)
	at org.testng.SuiteRunner.privateRun(SuiteRunner.java:332)
	at org.testng.SuiteRunner.run(SuiteRunner.java:276)
	at org.testng.SuiteRunnerWorker.runSuite(SuiteRunnerWorker.java:53)
	at org.testng.SuiteRunnerWorker.run(SuiteRunnerWorker.java:96)
	at org.testng.TestNG.runSuitesSequentially(TestNG.java:1212)
	at org.testng.TestNG.runSuitesLocally(TestNG.java:1134)
	at org.testng.TestNG.runSuites(TestNG.java:1063)
	at org.testng.TestNG.run(TestNG.java:1031)
	at org.gradle.api.internal.tasks.testing.testng.TestNGTestClassProcessor.runTests(TestNGTestClassProcessor.java:141)
	at org.gradle.api.internal.tasks.testing.testng.TestNGTestClassProcessor.stop(TestNGTestClassProcessor.java:90)
	at org.gradle.api.internal.tasks.testing.SuiteTestClassProcessor.stop(SuiteTestClassProcessor.java:61)
	at java.base/jdk.internal.reflect.NativeMethodAccessorImpl.invoke0(Native Method)
	at java.base/jdk.internal.reflect.NativeMethodAccessorImpl.invoke(NativeMethodAccessorImpl.java:64)
	at java.base/jdk.internal.reflect.DelegatingMethodAccessorImpl.invoke(DelegatingMethodAccessorImpl.java:43)
	at java.base/java.lang.reflect.Method.invoke(Method.java:564)
	at org.gradle.internal.dispatch.ReflectionDispatch.dispatch(ReflectionDispatch.java:36)
	at org.gradle.internal.dispatch.ReflectionDispatch.dispatch(ReflectionDispatch.java:24)
	at org.gradle.internal.dispatch.ContextClassLoaderDispatch.dispatch(ContextClassLoaderDispatch.java:33)
	at org.gradle.internal.dispatch.ProxyDispatchAdapter$DispatchingInvocationHandler.invoke(ProxyDispatchAdapter.java:94)
	at com.sun.proxy.$Proxy5.stop(Unknown Source)
	at org.gradle.api.internal.tasks.testing.worker.TestWorker$3.run(TestWorker.java:193)
	at org.gradle.api.internal.tasks.testing.worker.TestWorker.executeAndMaintainThreadName(TestWorker.java:129)
	at org.gradle.api.internal.tasks.testing.worker.TestWorker.execute(TestWorker.java:100)
	at org.gradle.api.internal.tasks.testing.worker.TestWorker.execute(TestWorker.java:60)
	at org.gradle.process.internal.worker.child.ActionExecutionWorker.execute(ActionExecutionWorker.java:56)
	at org.gradle.process.internal.worker.child.SystemApplicationClassLoaderWorker.call(SystemApplicationClassLoaderWorker.java:133)
	at org.gradle.process.internal.worker.child.SystemApplicationClassLoaderWorker.call(SystemApplicationClassLoaderWorker.java:71)
	at worker.org.gradle.process.internal.worker.GradleWorkerMain.run(GradleWorkerMain.java:69)
	at worker.org.gradle.process.internal.worker.GradleWorkerMain.main(GradleWorkerMain.java:74)
</pre></div></td>
<td>0</td>
<td>api.vehicle.UpdateVehicleTests@408613cc</td></tr>
<tr>
<td title='api.client.CreateClientTests.createClientInvalidPostalCodeTest()'><b>createClientInvalidPostalCodeTest</b><br>Test class: api.client.CreateClientTests<br>Test method: check if client postal code is correctly validated<br>Parameters: 300-3500</td>
<td><div><pre>java.lang.AssertionError: Expected response code to be [400] but was [201]
Expected: is &lt;400&gt;
     but: was &lt;201&gt;
	at org.hamcrest.MatcherAssert.assertThat(MatcherAssert.java:20)
	at api.validators.ResponseHttpCodeValidator.assertBadRequest(ResponseHttpCodeValidator.java:47)
	at api.client.CreateClientTests.validateCreateClientBadRequest(CreateClientTests.java:68)
	at api.client.CreateClientTests.createClientInvalidPostalCodeTest(CreateClientTests.java:155)
	at java.base/java.util.ArrayList.forEach(ArrayList.java:1511)
	at com.sun.proxy.$Proxy5.stop(Unknown Source)
... Removed 44 stack frames</pre></div><a href='#' onClick='toggleBox("stack-trace596300305", this, "Click to show all stack frames", "Click to hide stack frames")'>Click to show all stack frames</a>
<div class='stack-trace' id='stack-trace596300305'><pre>java.lang.AssertionError: Expected response code to be [400] but was [201]
Expected: is &lt;400&gt;
     but: was &lt;201&gt;
	at org.hamcrest.MatcherAssert.assertThat(MatcherAssert.java:20)
	at api.validators.ResponseHttpCodeValidator.assertBadRequest(ResponseHttpCodeValidator.java:47)
	at api.client.CreateClientTests.validateCreateClientBadRequest(CreateClientTests.java:68)
	at api.client.CreateClientTests.createClientInvalidPostalCodeTest(CreateClientTests.java:155)
	at java.base/jdk.internal.reflect.NativeMethodAccessorImpl.invoke0(Native Method)
	at java.base/jdk.internal.reflect.NativeMethodAccessorImpl.invoke(NativeMethodAccessorImpl.java:64)
	at java.base/jdk.internal.reflect.DelegatingMethodAccessorImpl.invoke(DelegatingMethodAccessorImpl.java:43)
	at java.base/java.lang.reflect.Method.invoke(Method.java:564)
	at org.testng.internal.MethodInvocationHelper.invokeMethod(MethodInvocationHelper.java:133)
	at org.testng.internal.TestInvoker.invokeMethod(TestInvoker.java:598)
	at org.testng.internal.TestInvoker.invokeTestMethod(TestInvoker.java:173)
	at org.testng.internal.MethodRunner.runInSequence(MethodRunner.java:46)
	at org.testng.internal.TestInvoker$MethodInvocationAgent.invoke(TestInvoker.java:824)
	at org.testng.internal.TestInvoker.invokeTestMethods(TestInvoker.java:146)
	at org.testng.internal.TestMethodWorker.invokeTestMethods(TestMethodWorker.java:146)
	at org.testng.internal.TestMethodWorker.run(TestMethodWorker.java:128)
	at java.base/java.util.ArrayList.forEach(ArrayList.java:1511)
	at org.testng.TestRunner.privateRun(TestRunner.java:794)
	at org.testng.TestRunner.run(TestRunner.java:596)
	at org.testng.SuiteRunner.runTest(SuiteRunner.java:377)
	at org.testng.SuiteRunner.runSequentially(SuiteRunner.java:371)
	at org.testng.SuiteRunner.privateRun(SuiteRunner.java:332)
	at org.testng.SuiteRunner.run(SuiteRunner.java:276)
	at org.testng.SuiteRunnerWorker.runSuite(SuiteRunnerWorker.java:53)
	at org.testng.SuiteRunnerWorker.run(SuiteRunnerWorker.java:96)
	at org.testng.TestNG.runSuitesSequentially(TestNG.java:1212)
	at org.testng.TestNG.runSuitesLocally(TestNG.java:1134)
	at org.testng.TestNG.runSuites(TestNG.java:1063)
	at org.testng.TestNG.run(TestNG.java:1031)
	at org.gradle.api.internal.tasks.testing.testng.TestNGTestClassProcessor.runTests(TestNGTestClassProcessor.java:141)
	at org.gradle.api.internal.tasks.testing.testng.TestNGTestClassProcessor.stop(TestNGTestClassProcessor.java:90)
	at org.gradle.api.internal.tasks.testing.SuiteTestClassProcessor.stop(SuiteTestClassProcessor.java:61)
	at java.base/jdk.internal.reflect.NativeMethodAccessorImpl.invoke0(Native Method)
	at java.base/jdk.internal.reflect.NativeMethodAccessorImpl.invoke(NativeMethodAccessorImpl.java:64)
	at java.base/jdk.internal.reflect.DelegatingMethodAccessorImpl.invoke(DelegatingMethodAccessorImpl.java:43)
	at java.base/java.lang.reflect.Method.invoke(Method.java:564)
	at org.gradle.internal.dispatch.ReflectionDispatch.dispatch(ReflectionDispatch.java:36)
	at org.gradle.internal.dispatch.ReflectionDispatch.dispatch(ReflectionDispatch.java:24)
	at org.gradle.internal.dispatch.ContextClassLoaderDispatch.dispatch(ContextClassLoaderDispatch.java:33)
	at org.gradle.internal.dispatch.ProxyDispatchAdapter$DispatchingInvocationHandler.invoke(ProxyDispatchAdapter.java:94)
	at com.sun.proxy.$Proxy5.stop(Unknown Source)
	at org.gradle.api.internal.tasks.testing.worker.TestWorker$3.run(TestWorker.java:193)
	at org.gradle.api.internal.tasks.testing.worker.TestWorker.executeAndMaintainThreadName(TestWorker.java:129)
	at org.gradle.api.internal.tasks.testing.worker.TestWorker.execute(TestWorker.java:100)
	at org.gradle.api.internal.tasks.testing.worker.TestWorker.execute(TestWorker.java:60)
	at org.gradle.process.internal.worker.child.ActionExecutionWorker.execute(ActionExecutionWorker.java:56)
	at org.gradle.process.internal.worker.child.SystemApplicationClassLoaderWorker.call(SystemApplicationClassLoaderWorker.java:133)
	at org.gradle.process.internal.worker.child.SystemApplicationClassLoaderWorker.call(SystemApplicationClassLoaderWorker.java:71)
	at worker.org.gradle.process.internal.worker.GradleWorkerMain.run(GradleWorkerMain.java:69)
	at worker.org.gradle.process.internal.worker.GradleWorkerMain.main(GradleWorkerMain.java:74)
</pre></div></td>
<td>0</td>
<td>api.client.CreateClientTests@a53bb6f</td></tr>
<tr>
<td title='api.client.CreateClientTests.createClientInvalidPostalCodeTest()'><b>createClientInvalidPostalCodeTest</b><br>Test class: api.client.CreateClientTests<br>Test method: check if client postal code is correctly validated<br>Parameters: 3500 300</td>
<td><div><pre>java.lang.AssertionError: Expected response code to be [400] but was [201]
Expected: is &lt;400&gt;
     but: was &lt;201&gt;
	at org.hamcrest.MatcherAssert.assertThat(MatcherAssert.java:20)
	at api.validators.ResponseHttpCodeValidator.assertBadRequest(ResponseHttpCodeValidator.java:47)
	at api.client.CreateClientTests.validateCreateClientBadRequest(CreateClientTests.java:68)
	at api.client.CreateClientTests.createClientInvalidPostalCodeTest(CreateClientTests.java:155)
	at java.base/java.util.ArrayList.forEach(ArrayList.java:1511)
	at com.sun.proxy.$Proxy5.stop(Unknown Source)
... Removed 44 stack frames</pre></div><a href='#' onClick='toggleBox("stack-trace1622047986", this, "Click to show all stack frames", "Click to hide stack frames")'>Click to show all stack frames</a>
<div class='stack-trace' id='stack-trace1622047986'><pre>java.lang.AssertionError: Expected response code to be [400] but was [201]
Expected: is &lt;400&gt;
     but: was &lt;201&gt;
	at org.hamcrest.MatcherAssert.assertThat(MatcherAssert.java:20)
	at api.validators.ResponseHttpCodeValidator.assertBadRequest(ResponseHttpCodeValidator.java:47)
	at api.client.CreateClientTests.validateCreateClientBadRequest(CreateClientTests.java:68)
	at api.client.CreateClientTests.createClientInvalidPostalCodeTest(CreateClientTests.java:155)
	at java.base/jdk.internal.reflect.NativeMethodAccessorImpl.invoke0(Native Method)
	at java.base/jdk.internal.reflect.NativeMethodAccessorImpl.invoke(NativeMethodAccessorImpl.java:64)
	at java.base/jdk.internal.reflect.DelegatingMethodAccessorImpl.invoke(DelegatingMethodAccessorImpl.java:43)
	at java.base/java.lang.reflect.Method.invoke(Method.java:564)
	at org.testng.internal.MethodInvocationHelper.invokeMethod(MethodInvocationHelper.java:133)
	at org.testng.internal.TestInvoker.invokeMethod(TestInvoker.java:598)
	at org.testng.internal.TestInvoker.invokeTestMethod(TestInvoker.java:173)
	at org.testng.internal.MethodRunner.runInSequence(MethodRunner.java:46)
	at org.testng.internal.TestInvoker$MethodInvocationAgent.invoke(TestInvoker.java:824)
	at org.testng.internal.TestInvoker.invokeTestMethods(TestInvoker.java:146)
	at org.testng.internal.TestMethodWorker.invokeTestMethods(TestMethodWorker.java:146)
	at org.testng.internal.TestMethodWorker.run(TestMethodWorker.java:128)
	at java.base/java.util.ArrayList.forEach(ArrayList.java:1511)
	at org.testng.TestRunner.privateRun(TestRunner.java:794)
	at org.testng.TestRunner.run(TestRunner.java:596)
	at org.testng.SuiteRunner.runTest(SuiteRunner.java:377)
	at org.testng.SuiteRunner.runSequentially(SuiteRunner.java:371)
	at org.testng.SuiteRunner.privateRun(SuiteRunner.java:332)
	at org.testng.SuiteRunner.run(SuiteRunner.java:276)
	at org.testng.SuiteRunnerWorker.runSuite(SuiteRunnerWorker.java:53)
	at org.testng.SuiteRunnerWorker.run(SuiteRunnerWorker.java:96)
	at org.testng.TestNG.runSuitesSequentially(TestNG.java:1212)
	at org.testng.TestNG.runSuitesLocally(TestNG.java:1134)
	at org.testng.TestNG.runSuites(TestNG.java:1063)
	at org.testng.TestNG.run(TestNG.java:1031)
	at org.gradle.api.internal.tasks.testing.testng.TestNGTestClassProcessor.runTests(TestNGTestClassProcessor.java:141)
	at org.gradle.api.internal.tasks.testing.testng.TestNGTestClassProcessor.stop(TestNGTestClassProcessor.java:90)
	at org.gradle.api.internal.tasks.testing.SuiteTestClassProcessor.stop(SuiteTestClassProcessor.java:61)
	at java.base/jdk.internal.reflect.NativeMethodAccessorImpl.invoke0(Native Method)
	at java.base/jdk.internal.reflect.NativeMethodAccessorImpl.invoke(NativeMethodAccessorImpl.java:64)
	at java.base/jdk.internal.reflect.DelegatingMethodAccessorImpl.invoke(DelegatingMethodAccessorImpl.java:43)
	at java.base/java.lang.reflect.Method.invoke(Method.java:564)
	at org.gradle.internal.dispatch.ReflectionDispatch.dispatch(ReflectionDispatch.java:36)
	at org.gradle.internal.dispatch.ReflectionDispatch.dispatch(ReflectionDispatch.java:24)
	at org.gradle.internal.dispatch.ContextClassLoaderDispatch.dispatch(ContextClassLoaderDispatch.java:33)
	at org.gradle.internal.dispatch.ProxyDispatchAdapter$DispatchingInvocationHandler.invoke(ProxyDispatchAdapter.java:94)
	at com.sun.proxy.$Proxy5.stop(Unknown Source)
	at org.gradle.api.internal.tasks.testing.worker.TestWorker$3.run(TestWorker.java:193)
	at org.gradle.api.internal.tasks.testing.worker.TestWorker.executeAndMaintainThreadName(TestWorker.java:129)
	at org.gradle.api.internal.tasks.testing.worker.TestWorker.execute(TestWorker.java:100)
	at org.gradle.api.internal.tasks.testing.worker.TestWorker.execute(TestWorker.java:60)
	at org.gradle.process.internal.worker.child.ActionExecutionWorker.execute(ActionExecutionWorker.java:56)
	at org.gradle.process.internal.worker.child.SystemApplicationClassLoaderWorker.call(SystemApplicationClassLoaderWorker.java:133)
	at org.gradle.process.internal.worker.child.SystemApplicationClassLoaderWorker.call(SystemApplicationClassLoaderWorker.java:71)
	at worker.org.gradle.process.internal.worker.GradleWorkerMain.run(GradleWorkerMain.java:69)
	at worker.org.gradle.process.internal.worker.GradleWorkerMain.main(GradleWorkerMain.java:74)
</pre></div></td>
<td>0</td>
<td>api.client.CreateClientTests@a53bb6f</td></tr>
<tr>
<td title='api.client.CreateClientTests.createClientVehiclesFromNoOneNotNullTest()'><b>createClientVehiclesFromNoOneNotNullTest</b><br>Test class: api.client.CreateClientTests<br>Test method: check if client vehicles is correctly validated when vehicles does not belong to anyone</td>
<td><div><pre>java.lang.AssertionError: Expected response code to be [400] but was [201]
Expected: is &lt;400&gt;
     but: was &lt;201&gt;
	at org.hamcrest.MatcherAssert.assertThat(MatcherAssert.java:20)
	at api.validators.ResponseHttpCodeValidator.assertBadRequest(ResponseHttpCodeValidator.java:47)
	at api.client.CreateClientTests.validateCreateClientBadRequest(CreateClientTests.java:68)
	at api.client.CreateClientTests.createClientVehiclesFromNoOneNotNullTest(CreateClientTests.java:197)
	at java.base/java.util.ArrayList.forEach(ArrayList.java:1511)
	at com.sun.proxy.$Proxy5.stop(Unknown Source)
... Removed 44 stack frames</pre></div><a href='#' onClick='toggleBox("stack-trace808297264", this, "Click to show all stack frames", "Click to hide stack frames")'>Click to show all stack frames</a>
<div class='stack-trace' id='stack-trace808297264'><pre>java.lang.AssertionError: Expected response code to be [400] but was [201]
Expected: is &lt;400&gt;
     but: was &lt;201&gt;
	at org.hamcrest.MatcherAssert.assertThat(MatcherAssert.java:20)
	at api.validators.ResponseHttpCodeValidator.assertBadRequest(ResponseHttpCodeValidator.java:47)
	at api.client.CreateClientTests.validateCreateClientBadRequest(CreateClientTests.java:68)
	at api.client.CreateClientTests.createClientVehiclesFromNoOneNotNullTest(CreateClientTests.java:197)
	at java.base/jdk.internal.reflect.NativeMethodAccessorImpl.invoke0(Native Method)
	at java.base/jdk.internal.reflect.NativeMethodAccessorImpl.invoke(NativeMethodAccessorImpl.java:64)
	at java.base/jdk.internal.reflect.DelegatingMethodAccessorImpl.invoke(DelegatingMethodAccessorImpl.java:43)
	at java.base/java.lang.reflect.Method.invoke(Method.java:564)
	at org.testng.internal.MethodInvocationHelper.invokeMethod(MethodInvocationHelper.java:133)
	at org.testng.internal.TestInvoker.invokeMethod(TestInvoker.java:598)
	at org.testng.internal.TestInvoker.invokeTestMethod(TestInvoker.java:173)
	at org.testng.internal.MethodRunner.runInSequence(MethodRunner.java:46)
	at org.testng.internal.TestInvoker$MethodInvocationAgent.invoke(TestInvoker.java:824)
	at org.testng.internal.TestInvoker.invokeTestMethods(TestInvoker.java:146)
	at org.testng.internal.TestMethodWorker.invokeTestMethods(TestMethodWorker.java:146)
	at org.testng.internal.TestMethodWorker.run(TestMethodWorker.java:128)
	at java.base/java.util.ArrayList.forEach(ArrayList.java:1511)
	at org.testng.TestRunner.privateRun(TestRunner.java:794)
	at org.testng.TestRunner.run(TestRunner.java:596)
	at org.testng.SuiteRunner.runTest(SuiteRunner.java:377)
	at org.testng.SuiteRunner.runSequentially(SuiteRunner.java:371)
	at org.testng.SuiteRunner.privateRun(SuiteRunner.java:332)
	at org.testng.SuiteRunner.run(SuiteRunner.java:276)
	at org.testng.SuiteRunnerWorker.runSuite(SuiteRunnerWorker.java:53)
	at org.testng.SuiteRunnerWorker.run(SuiteRunnerWorker.java:96)
	at org.testng.TestNG.runSuitesSequentially(TestNG.java:1212)
	at org.testng.TestNG.runSuitesLocally(TestNG.java:1134)
	at org.testng.TestNG.runSuites(TestNG.java:1063)
	at org.testng.TestNG.run(TestNG.java:1031)
	at org.gradle.api.internal.tasks.testing.testng.TestNGTestClassProcessor.runTests(TestNGTestClassProcessor.java:141)
	at org.gradle.api.internal.tasks.testing.testng.TestNGTestClassProcessor.stop(TestNGTestClassProcessor.java:90)
	at org.gradle.api.internal.tasks.testing.SuiteTestClassProcessor.stop(SuiteTestClassProcessor.java:61)
	at java.base/jdk.internal.reflect.NativeMethodAccessorImpl.invoke0(Native Method)
	at java.base/jdk.internal.reflect.NativeMethodAccessorImpl.invoke(NativeMethodAccessorImpl.java:64)
	at java.base/jdk.internal.reflect.DelegatingMethodAccessorImpl.invoke(DelegatingMethodAccessorImpl.java:43)
	at java.base/java.lang.reflect.Method.invoke(Method.java:564)
	at org.gradle.internal.dispatch.ReflectionDispatch.dispatch(ReflectionDispatch.java:36)
	at org.gradle.internal.dispatch.ReflectionDispatch.dispatch(ReflectionDispatch.java:24)
	at org.gradle.internal.dispatch.ContextClassLoaderDispatch.dispatch(ContextClassLoaderDispatch.java:33)
	at org.gradle.internal.dispatch.ProxyDispatchAdapter$DispatchingInvocationHandler.invoke(ProxyDispatchAdapter.java:94)
	at com.sun.proxy.$Proxy5.stop(Unknown Source)
	at org.gradle.api.internal.tasks.testing.worker.TestWorker$3.run(TestWorker.java:193)
	at org.gradle.api.internal.tasks.testing.worker.TestWorker.executeAndMaintainThreadName(TestWorker.java:129)
	at org.gradle.api.internal.tasks.testing.worker.TestWorker.execute(TestWorker.java:100)
	at org.gradle.api.internal.tasks.testing.worker.TestWorker.execute(TestWorker.java:60)
	at org.gradle.process.internal.worker.child.ActionExecutionWorker.execute(ActionExecutionWorker.java:56)
	at org.gradle.process.internal.worker.child.SystemApplicationClassLoaderWorker.call(SystemApplicationClassLoaderWorker.java:133)
	at org.gradle.process.internal.worker.child.SystemApplicationClassLoaderWorker.call(SystemApplicationClassLoaderWorker.java:71)
	at worker.org.gradle.process.internal.worker.GradleWorkerMain.run(GradleWorkerMain.java:69)
	at worker.org.gradle.process.internal.worker.GradleWorkerMain.main(GradleWorkerMain.java:74)
</pre></div></td>
<td>0</td>
<td>api.client.CreateClientTests@a53bb6f</td></tr>
<tr>
<td title='api.client.CreateClientTests.createClientInvalidBirthDateTest()'><b>createClientInvalidBirthDateTest</b><br>Test class: api.client.CreateClientTests<br>Test method: check if client birth Date is correctly validated<br>Parameters: 2022-13-06</td>
<td><div><pre>java.lang.AssertionError: Message should be Invalid Birth Date when using 2022-13-06
Expected: is &quot;Invalid Birth Date&quot;
     but: was &quot;JSON parse error: Cannot deserialize value of type `java.time.LocalDate` from String \&quot;2022-13-06\&quot;: Failed to deserialize java.time.LocalDate: (java.time.format.DateTimeParseException) Text &apos;2022-13-06&apos; could not be parsed: Invalid value for MonthOfYear (valid values 1 - 12): 13; nested exception is com.fasterxml.jackson.databind.exc.InvalidFormatException: Cannot deserialize value of type `java.time.LocalDate` from String \&quot;2022-13-06\&quot;: Failed to deserialize java.time.LocalDate: (java.time.format.DateTimeParseException) Text &apos;2022-13-06&apos; could not be parsed: Invalid value for MonthOfYear (valid values 1 - 12): 13\n at [Source: (PushbackInputStream); line: 1, column: 190] (through reference chain: pt.ua.garage.model.Client[\&quot;birthDate\&quot;])&quot;
	at org.hamcrest.MatcherAssert.assertThat(MatcherAssert.java:20)
	at api.validators.ErrorResponseValidator.assertErrorResponse(ErrorResponseValidator.java:24)
	at api.client.CreateClientTests.validateCreateClientBadRequest(CreateClientTests.java:99)
	at api.client.CreateClientTests.createClientInvalidBirthDateTest(CreateClientTests.java:110)
	at java.base/java.util.ArrayList.forEach(ArrayList.java:1511)
	at com.sun.proxy.$Proxy5.stop(Unknown Source)
... Removed 44 stack frames</pre></div><a href='#' onClick='toggleBox("stack-trace2106614863", this, "Click to show all stack frames", "Click to hide stack frames")'>Click to show all stack frames</a>
<div class='stack-trace' id='stack-trace2106614863'><pre>java.lang.AssertionError: Message should be Invalid Birth Date when using 2022-13-06
Expected: is &quot;Invalid Birth Date&quot;
     but: was &quot;JSON parse error: Cannot deserialize value of type `java.time.LocalDate` from String \&quot;2022-13-06\&quot;: Failed to deserialize java.time.LocalDate: (java.time.format.DateTimeParseException) Text &apos;2022-13-06&apos; could not be parsed: Invalid value for MonthOfYear (valid values 1 - 12): 13; nested exception is com.fasterxml.jackson.databind.exc.InvalidFormatException: Cannot deserialize value of type `java.time.LocalDate` from String \&quot;2022-13-06\&quot;: Failed to deserialize java.time.LocalDate: (java.time.format.DateTimeParseException) Text &apos;2022-13-06&apos; could not be parsed: Invalid value for MonthOfYear (valid values 1 - 12): 13\n at [Source: (PushbackInputStream); line: 1, column: 190] (through reference chain: pt.ua.garage.model.Client[\&quot;birthDate\&quot;])&quot;
	at org.hamcrest.MatcherAssert.assertThat(MatcherAssert.java:20)
	at api.validators.ErrorResponseValidator.assertErrorResponse(ErrorResponseValidator.java:24)
	at api.client.CreateClientTests.validateCreateClientBadRequest(CreateClientTests.java:99)
	at api.client.CreateClientTests.createClientInvalidBirthDateTest(CreateClientTests.java:110)
	at java.base/jdk.internal.reflect.NativeMethodAccessorImpl.invoke0(Native Method)
	at java.base/jdk.internal.reflect.NativeMethodAccessorImpl.invoke(NativeMethodAccessorImpl.java:64)
	at java.base/jdk.internal.reflect.DelegatingMethodAccessorImpl.invoke(DelegatingMethodAccessorImpl.java:43)
	at java.base/java.lang.reflect.Method.invoke(Method.java:564)
	at org.testng.internal.MethodInvocationHelper.invokeMethod(MethodInvocationHelper.java:133)
	at org.testng.internal.TestInvoker.invokeMethod(TestInvoker.java:598)
	at org.testng.internal.TestInvoker.invokeTestMethod(TestInvoker.java:173)
	at org.testng.internal.MethodRunner.runInSequence(MethodRunner.java:46)
	at org.testng.internal.TestInvoker$MethodInvocationAgent.invoke(TestInvoker.java:824)
	at org.testng.internal.TestInvoker.invokeTestMethods(TestInvoker.java:146)
	at org.testng.internal.TestMethodWorker.invokeTestMethods(TestMethodWorker.java:146)
	at org.testng.internal.TestMethodWorker.run(TestMethodWorker.java:128)
	at java.base/java.util.ArrayList.forEach(ArrayList.java:1511)
	at org.testng.TestRunner.privateRun(TestRunner.java:794)
	at org.testng.TestRunner.run(TestRunner.java:596)
	at org.testng.SuiteRunner.runTest(SuiteRunner.java:377)
	at org.testng.SuiteRunner.runSequentially(SuiteRunner.java:371)
	at org.testng.SuiteRunner.privateRun(SuiteRunner.java:332)
	at org.testng.SuiteRunner.run(SuiteRunner.java:276)
	at org.testng.SuiteRunnerWorker.runSuite(SuiteRunnerWorker.java:53)
	at org.testng.SuiteRunnerWorker.run(SuiteRunnerWorker.java:96)
	at org.testng.TestNG.runSuitesSequentially(TestNG.java:1212)
	at org.testng.TestNG.runSuitesLocally(TestNG.java:1134)
	at org.testng.TestNG.runSuites(TestNG.java:1063)
	at org.testng.TestNG.run(TestNG.java:1031)
	at org.gradle.api.internal.tasks.testing.testng.TestNGTestClassProcessor.runTests(TestNGTestClassProcessor.java:141)
	at org.gradle.api.internal.tasks.testing.testng.TestNGTestClassProcessor.stop(TestNGTestClassProcessor.java:90)
	at org.gradle.api.internal.tasks.testing.SuiteTestClassProcessor.stop(SuiteTestClassProcessor.java:61)
	at java.base/jdk.internal.reflect.NativeMethodAccessorImpl.invoke0(Native Method)
	at java.base/jdk.internal.reflect.NativeMethodAccessorImpl.invoke(NativeMethodAccessorImpl.java:64)
	at java.base/jdk.internal.reflect.DelegatingMethodAccessorImpl.invoke(DelegatingMethodAccessorImpl.java:43)
	at java.base/java.lang.reflect.Method.invoke(Method.java:564)
	at org.gradle.internal.dispatch.ReflectionDispatch.dispatch(ReflectionDispatch.java:36)
	at org.gradle.internal.dispatch.ReflectionDispatch.dispatch(ReflectionDispatch.java:24)
	at org.gradle.internal.dispatch.ContextClassLoaderDispatch.dispatch(ContextClassLoaderDispatch.java:33)
	at org.gradle.internal.dispatch.ProxyDispatchAdapter$DispatchingInvocationHandler.invoke(ProxyDispatchAdapter.java:94)
	at com.sun.proxy.$Proxy5.stop(Unknown Source)
	at org.gradle.api.internal.tasks.testing.worker.TestWorker$3.run(TestWorker.java:193)
	at org.gradle.api.internal.tasks.testing.worker.TestWorker.executeAndMaintainThreadName(TestWorker.java:129)
	at org.gradle.api.internal.tasks.testing.worker.TestWorker.execute(TestWorker.java:100)
	at org.gradle.api.internal.tasks.testing.worker.TestWorker.execute(TestWorker.java:60)
	at org.gradle.process.internal.worker.child.ActionExecutionWorker.execute(ActionExecutionWorker.java:56)
	at org.gradle.process.internal.worker.child.SystemApplicationClassLoaderWorker.call(SystemApplicationClassLoaderWorker.java:133)
	at org.gradle.process.internal.worker.child.SystemApplicationClassLoaderWorker.call(SystemApplicationClassLoaderWorker.java:71)
	at worker.org.gradle.process.internal.worker.GradleWorkerMain.run(GradleWorkerMain.java:69)
	at worker.org.gradle.process.internal.worker.GradleWorkerMain.main(GradleWorkerMain.java:74)
</pre></div></td>
<td>0</td>
<td>api.client.CreateClientTests@a53bb6f</td></tr>
<tr>
<td title='api.vehicle.DisjoinVehicleWithClientTests.desassociateVehicleFromClientErrorTest()'><b>desassociateVehicleFromClientErrorTest</b><br>Test class: api.vehicle.DisjoinVehicleWithClientTests<br>Test method: check if vehicle desassociation error is correct</td>
<td><div><pre>java.lang.AssertionError: Message should be Vehicle not found when using 
Expected: is &quot;Vehicle not found&quot;
     but: was &quot;Not found&quot;
	at org.hamcrest.MatcherAssert.assertThat(MatcherAssert.java:20)
	at api.validators.ErrorResponseValidator.assertErrorResponse(ErrorResponseValidator.java:24)
	at api.validators.ErrorResponseValidator.assertErrorResponse(ErrorResponseValidator.java:31)
	at api.vehicle.DisjoinVehicleWithClientTests.desassociateVehicleFromClientErrorTest(DisjoinVehicleWithClientTests.java:103)
	at java.base/java.util.ArrayList.forEach(ArrayList.java:1511)
	at com.sun.proxy.$Proxy5.stop(Unknown Source)
... Removed 44 stack frames</pre></div><a href='#' onClick='toggleBox("stack-trace978609035", this, "Click to show all stack frames", "Click to hide stack frames")'>Click to show all stack frames</a>
<div class='stack-trace' id='stack-trace978609035'><pre>java.lang.AssertionError: Message should be Vehicle not found when using 
Expected: is &quot;Vehicle not found&quot;
     but: was &quot;Not found&quot;
	at org.hamcrest.MatcherAssert.assertThat(MatcherAssert.java:20)
	at api.validators.ErrorResponseValidator.assertErrorResponse(ErrorResponseValidator.java:24)
	at api.validators.ErrorResponseValidator.assertErrorResponse(ErrorResponseValidator.java:31)
	at api.vehicle.DisjoinVehicleWithClientTests.desassociateVehicleFromClientErrorTest(DisjoinVehicleWithClientTests.java:103)
	at java.base/jdk.internal.reflect.NativeMethodAccessorImpl.invoke0(Native Method)
	at java.base/jdk.internal.reflect.NativeMethodAccessorImpl.invoke(NativeMethodAccessorImpl.java:64)
	at java.base/jdk.internal.reflect.DelegatingMethodAccessorImpl.invoke(DelegatingMethodAccessorImpl.java:43)
	at java.base/java.lang.reflect.Method.invoke(Method.java:564)
	at org.testng.internal.MethodInvocationHelper.invokeMethod(MethodInvocationHelper.java:133)
	at org.testng.internal.TestInvoker.invokeMethod(TestInvoker.java:598)
	at org.testng.internal.TestInvoker.invokeTestMethod(TestInvoker.java:173)
	at org.testng.internal.MethodRunner.runInSequence(MethodRunner.java:46)
	at org.testng.internal.TestInvoker$MethodInvocationAgent.invoke(TestInvoker.java:824)
	at org.testng.internal.TestInvoker.invokeTestMethods(TestInvoker.java:146)
	at org.testng.internal.TestMethodWorker.invokeTestMethods(TestMethodWorker.java:146)
	at org.testng.internal.TestMethodWorker.run(TestMethodWorker.java:128)
	at java.base/java.util.ArrayList.forEach(ArrayList.java:1511)
	at org.testng.TestRunner.privateRun(TestRunner.java:794)
	at org.testng.TestRunner.run(TestRunner.java:596)
	at org.testng.SuiteRunner.runTest(SuiteRunner.java:377)
	at org.testng.SuiteRunner.runSequentially(SuiteRunner.java:371)
	at org.testng.SuiteRunner.privateRun(SuiteRunner.java:332)
	at org.testng.SuiteRunner.run(SuiteRunner.java:276)
	at org.testng.SuiteRunnerWorker.runSuite(SuiteRunnerWorker.java:53)
	at org.testng.SuiteRunnerWorker.run(SuiteRunnerWorker.java:96)
	at org.testng.TestNG.runSuitesSequentially(TestNG.java:1212)
	at org.testng.TestNG.runSuitesLocally(TestNG.java:1134)
	at org.testng.TestNG.runSuites(TestNG.java:1063)
	at org.testng.TestNG.run(TestNG.java:1031)
	at org.gradle.api.internal.tasks.testing.testng.TestNGTestClassProcessor.runTests(TestNGTestClassProcessor.java:141)
	at org.gradle.api.internal.tasks.testing.testng.TestNGTestClassProcessor.stop(TestNGTestClassProcessor.java:90)
	at org.gradle.api.internal.tasks.testing.SuiteTestClassProcessor.stop(SuiteTestClassProcessor.java:61)
	at java.base/jdk.internal.reflect.NativeMethodAccessorImpl.invoke0(Native Method)
	at java.base/jdk.internal.reflect.NativeMethodAccessorImpl.invoke(NativeMethodAccessorImpl.java:64)
	at java.base/jdk.internal.reflect.DelegatingMethodAccessorImpl.invoke(DelegatingMethodAccessorImpl.java:43)
	at java.base/java.lang.reflect.Method.invoke(Method.java:564)
	at org.gradle.internal.dispatch.ReflectionDispatch.dispatch(ReflectionDispatch.java:36)
	at org.gradle.internal.dispatch.ReflectionDispatch.dispatch(ReflectionDispatch.java:24)
	at org.gradle.internal.dispatch.ContextClassLoaderDispatch.dispatch(ContextClassLoaderDispatch.java:33)
	at org.gradle.internal.dispatch.ProxyDispatchAdapter$DispatchingInvocationHandler.invoke(ProxyDispatchAdapter.java:94)
	at com.sun.proxy.$Proxy5.stop(Unknown Source)
	at org.gradle.api.internal.tasks.testing.worker.TestWorker$3.run(TestWorker.java:193)
	at org.gradle.api.internal.tasks.testing.worker.TestWorker.executeAndMaintainThreadName(TestWorker.java:129)
	at org.gradle.api.internal.tasks.testing.worker.TestWorker.execute(TestWorker.java:100)
	at org.gradle.api.internal.tasks.testing.worker.TestWorker.execute(TestWorker.java:60)
	at org.gradle.process.internal.worker.child.ActionExecutionWorker.execute(ActionExecutionWorker.java:56)
	at org.gradle.process.internal.worker.child.SystemApplicationClassLoaderWorker.call(SystemApplicationClassLoaderWorker.java:133)
	at org.gradle.process.internal.worker.child.SystemApplicationClassLoaderWorker.call(SystemApplicationClassLoaderWorker.java:71)
	at worker.org.gradle.process.internal.worker.GradleWorkerMain.run(GradleWorkerMain.java:69)
	at worker.org.gradle.process.internal.worker.GradleWorkerMain.main(GradleWorkerMain.java:74)
</pre></div></td>
<td>0</td>
<td>api.vehicle.DisjoinVehicleWithClientTests@46b695ec</td></tr>
<tr>
<td title='api.vehicle.DeleteVehicleTests.deleteVehicleErrorTest()'><b>deleteVehicleErrorTest</b><br>Test class: api.vehicle.DeleteVehicleTests<br>Test method: check if vehicle delete error is correct</td>
<td><div><pre>java.lang.AssertionError: Expected response code to be [404] but was [500]
Expected: is &lt;404&gt;
     but: was &lt;500&gt;
	at org.hamcrest.MatcherAssert.assertThat(MatcherAssert.java:20)
	at api.validators.ResponseHttpCodeValidator.assertNotFound(ResponseHttpCodeValidator.java:59)
	at api.vehicle.DeleteVehicleTests.deleteVehicleErrorTest(DeleteVehicleTests.java:38)
	at java.base/java.util.ArrayList.forEach(ArrayList.java:1511)
	at com.sun.proxy.$Proxy5.stop(Unknown Source)
... Removed 44 stack frames</pre></div><a href='#' onClick='toggleBox("stack-trace1316928159", this, "Click to show all stack frames", "Click to hide stack frames")'>Click to show all stack frames</a>
<div class='stack-trace' id='stack-trace1316928159'><pre>java.lang.AssertionError: Expected response code to be [404] but was [500]
Expected: is &lt;404&gt;
     but: was &lt;500&gt;
	at org.hamcrest.MatcherAssert.assertThat(MatcherAssert.java:20)
	at api.validators.ResponseHttpCodeValidator.assertNotFound(ResponseHttpCodeValidator.java:59)
	at api.vehicle.DeleteVehicleTests.deleteVehicleErrorTest(DeleteVehicleTests.java:38)
	at java.base/jdk.internal.reflect.NativeMethodAccessorImpl.invoke0(Native Method)
	at java.base/jdk.internal.reflect.NativeMethodAccessorImpl.invoke(NativeMethodAccessorImpl.java:64)
	at java.base/jdk.internal.reflect.DelegatingMethodAccessorImpl.invoke(DelegatingMethodAccessorImpl.java:43)
	at java.base/java.lang.reflect.Method.invoke(Method.java:564)
	at org.testng.internal.MethodInvocationHelper.invokeMethod(MethodInvocationHelper.java:133)
	at org.testng.internal.TestInvoker.invokeMethod(TestInvoker.java:598)
	at org.testng.internal.TestInvoker.invokeTestMethod(TestInvoker.java:173)
	at org.testng.internal.MethodRunner.runInSequence(MethodRunner.java:46)
	at org.testng.internal.TestInvoker$MethodInvocationAgent.invoke(TestInvoker.java:824)
	at org.testng.internal.TestInvoker.invokeTestMethods(TestInvoker.java:146)
	at org.testng.internal.TestMethodWorker.invokeTestMethods(TestMethodWorker.java:146)
	at org.testng.internal.TestMethodWorker.run(TestMethodWorker.java:128)
	at java.base/java.util.ArrayList.forEach(ArrayList.java:1511)
	at org.testng.TestRunner.privateRun(TestRunner.java:794)
	at org.testng.TestRunner.run(TestRunner.java:596)
	at org.testng.SuiteRunner.runTest(SuiteRunner.java:377)
	at org.testng.SuiteRunner.runSequentially(SuiteRunner.java:371)
	at org.testng.SuiteRunner.privateRun(SuiteRunner.java:332)
	at org.testng.SuiteRunner.run(SuiteRunner.java:276)
	at org.testng.SuiteRunnerWorker.runSuite(SuiteRunnerWorker.java:53)
	at org.testng.SuiteRunnerWorker.run(SuiteRunnerWorker.java:96)
	at org.testng.TestNG.runSuitesSequentially(TestNG.java:1212)
	at org.testng.TestNG.runSuitesLocally(TestNG.java:1134)
	at org.testng.TestNG.runSuites(TestNG.java:1063)
	at org.testng.TestNG.run(TestNG.java:1031)
	at org.gradle.api.internal.tasks.testing.testng.TestNGTestClassProcessor.runTests(TestNGTestClassProcessor.java:141)
	at org.gradle.api.internal.tasks.testing.testng.TestNGTestClassProcessor.stop(TestNGTestClassProcessor.java:90)
	at org.gradle.api.internal.tasks.testing.SuiteTestClassProcessor.stop(SuiteTestClassProcessor.java:61)
	at java.base/jdk.internal.reflect.NativeMethodAccessorImpl.invoke0(Native Method)
	at java.base/jdk.internal.reflect.NativeMethodAccessorImpl.invoke(NativeMethodAccessorImpl.java:64)
	at java.base/jdk.internal.reflect.DelegatingMethodAccessorImpl.invoke(DelegatingMethodAccessorImpl.java:43)
	at java.base/java.lang.reflect.Method.invoke(Method.java:564)
	at org.gradle.internal.dispatch.ReflectionDispatch.dispatch(ReflectionDispatch.java:36)
	at org.gradle.internal.dispatch.ReflectionDispatch.dispatch(ReflectionDispatch.java:24)
	at org.gradle.internal.dispatch.ContextClassLoaderDispatch.dispatch(ContextClassLoaderDispatch.java:33)
	at org.gradle.internal.dispatch.ProxyDispatchAdapter$DispatchingInvocationHandler.invoke(ProxyDispatchAdapter.java:94)
	at com.sun.proxy.$Proxy5.stop(Unknown Source)
	at org.gradle.api.internal.tasks.testing.worker.TestWorker$3.run(TestWorker.java:193)
	at org.gradle.api.internal.tasks.testing.worker.TestWorker.executeAndMaintainThreadName(TestWorker.java:129)
	at org.gradle.api.internal.tasks.testing.worker.TestWorker.execute(TestWorker.java:100)
	at org.gradle.api.internal.tasks.testing.worker.TestWorker.execute(TestWorker.java:60)
	at org.gradle.process.internal.worker.child.ActionExecutionWorker.execute(ActionExecutionWorker.java:56)
	at org.gradle.process.internal.worker.child.SystemApplicationClassLoaderWorker.call(SystemApplicationClassLoaderWorker.java:133)
	at org.gradle.process.internal.worker.child.SystemApplicationClassLoaderWorker.call(SystemApplicationClassLoaderWorker.java:71)
	at worker.org.gradle.process.internal.worker.GradleWorkerMain.run(GradleWorkerMain.java:69)
	at worker.org.gradle.process.internal.worker.GradleWorkerMain.main(GradleWorkerMain.java:74)
</pre></div></td>
<td>0</td>
<td>api.vehicle.DeleteVehicleTests@15fc442</td></tr>
<tr>
<td title='api.vehicle.UpdateVehicleTests.updateVehicleValidPlateTest()'><b>updateVehicleValidPlateTest</b><br>Test class: api.vehicle.UpdateVehicleTests<br>Test method: check if vehicle plate is correctly validated<br>Parameters: 22-22-22</td>
<td><div><pre>java.lang.AssertionError: Expected response code to be [200] but was [400]
Expected: is &lt;200&gt;
     but: was &lt;400&gt;
	at org.hamcrest.MatcherAssert.assertThat(MatcherAssert.java:20)
	at api.validators.ResponseHttpCodeValidator.assertOk(ResponseHttpCodeValidator.java:27)
	at api.vehicle.UpdateVehicleTests.updateVehicleValidPlateTest(UpdateVehicleTests.java:112)
	at java.base/java.util.ArrayList.forEach(ArrayList.java:1511)
	at com.sun.proxy.$Proxy5.stop(Unknown Source)
... Removed 44 stack frames</pre></div><a href='#' onClick='toggleBox("stack-trace1863397232", this, "Click to show all stack frames", "Click to hide stack frames")'>Click to show all stack frames</a>
<div class='stack-trace' id='stack-trace1863397232'><pre>java.lang.AssertionError: Expected response code to be [200] but was [400]
Expected: is &lt;200&gt;
     but: was &lt;400&gt;
	at org.hamcrest.MatcherAssert.assertThat(MatcherAssert.java:20)
	at api.validators.ResponseHttpCodeValidator.assertOk(ResponseHttpCodeValidator.java:27)
	at api.vehicle.UpdateVehicleTests.updateVehicleValidPlateTest(UpdateVehicleTests.java:112)
	at java.base/jdk.internal.reflect.NativeMethodAccessorImpl.invoke0(Native Method)
	at java.base/jdk.internal.reflect.NativeMethodAccessorImpl.invoke(NativeMethodAccessorImpl.java:64)
	at java.base/jdk.internal.reflect.DelegatingMethodAccessorImpl.invoke(DelegatingMethodAccessorImpl.java:43)
	at java.base/java.lang.reflect.Method.invoke(Method.java:564)
	at org.testng.internal.MethodInvocationHelper.invokeMethod(MethodInvocationHelper.java:133)
	at org.testng.internal.TestInvoker.invokeMethod(TestInvoker.java:598)
	at org.testng.internal.TestInvoker.invokeTestMethod(TestInvoker.java:173)
	at org.testng.internal.MethodRunner.runInSequence(MethodRunner.java:46)
	at org.testng.internal.TestInvoker$MethodInvocationAgent.invoke(TestInvoker.java:824)
	at org.testng.internal.TestInvoker.invokeTestMethods(TestInvoker.java:146)
	at org.testng.internal.TestMethodWorker.invokeTestMethods(TestMethodWorker.java:146)
	at org.testng.internal.TestMethodWorker.run(TestMethodWorker.java:128)
	at java.base/java.util.ArrayList.forEach(ArrayList.java:1511)
	at org.testng.TestRunner.privateRun(TestRunner.java:794)
	at org.testng.TestRunner.run(TestRunner.java:596)
	at org.testng.SuiteRunner.runTest(SuiteRunner.java:377)
	at org.testng.SuiteRunner.runSequentially(SuiteRunner.java:371)
	at org.testng.SuiteRunner.privateRun(SuiteRunner.java:332)
	at org.testng.SuiteRunner.run(SuiteRunner.java:276)
	at org.testng.SuiteRunnerWorker.runSuite(SuiteRunnerWorker.java:53)
	at org.testng.SuiteRunnerWorker.run(SuiteRunnerWorker.java:96)
	at org.testng.TestNG.runSuitesSequentially(TestNG.java:1212)
	at org.testng.TestNG.runSuitesLocally(TestNG.java:1134)
	at org.testng.TestNG.runSuites(TestNG.java:1063)
	at org.testng.TestNG.run(TestNG.java:1031)
	at org.gradle.api.internal.tasks.testing.testng.TestNGTestClassProcessor.runTests(TestNGTestClassProcessor.java:141)
	at org.gradle.api.internal.tasks.testing.testng.TestNGTestClassProcessor.stop(TestNGTestClassProcessor.java:90)
	at org.gradle.api.internal.tasks.testing.SuiteTestClassProcessor.stop(SuiteTestClassProcessor.java:61)
	at java.base/jdk.internal.reflect.NativeMethodAccessorImpl.invoke0(Native Method)
	at java.base/jdk.internal.reflect.NativeMethodAccessorImpl.invoke(NativeMethodAccessorImpl.java:64)
	at java.base/jdk.internal.reflect.DelegatingMethodAccessorImpl.invoke(DelegatingMethodAccessorImpl.java:43)
	at java.base/java.lang.reflect.Method.invoke(Method.java:564)
	at org.gradle.internal.dispatch.ReflectionDispatch.dispatch(ReflectionDispatch.java:36)
	at org.gradle.internal.dispatch.ReflectionDispatch.dispatch(ReflectionDispatch.java:24)
	at org.gradle.internal.dispatch.ContextClassLoaderDispatch.dispatch(ContextClassLoaderDispatch.java:33)
	at org.gradle.internal.dispatch.ProxyDispatchAdapter$DispatchingInvocationHandler.invoke(ProxyDispatchAdapter.java:94)
	at com.sun.proxy.$Proxy5.stop(Unknown Source)
	at org.gradle.api.internal.tasks.testing.worker.TestWorker$3.run(TestWorker.java:193)
	at org.gradle.api.internal.tasks.testing.worker.TestWorker.executeAndMaintainThreadName(TestWorker.java:129)
	at org.gradle.api.internal.tasks.testing.worker.TestWorker.execute(TestWorker.java:100)
	at org.gradle.api.internal.tasks.testing.worker.TestWorker.execute(TestWorker.java:60)
	at org.gradle.process.internal.worker.child.ActionExecutionWorker.execute(ActionExecutionWorker.java:56)
	at org.gradle.process.internal.worker.child.SystemApplicationClassLoaderWorker.call(SystemApplicationClassLoaderWorker.java:133)
	at org.gradle.process.internal.worker.child.SystemApplicationClassLoaderWorker.call(SystemApplicationClassLoaderWorker.java:71)
	at worker.org.gradle.process.internal.worker.GradleWorkerMain.run(GradleWorkerMain.java:69)
	at worker.org.gradle.process.internal.worker.GradleWorkerMain.main(GradleWorkerMain.java:74)
</pre></div></td>
<td>0</td>
<td>api.vehicle.UpdateVehicleTests@408613cc</td></tr>
<tr>
<td title='api.vehicle.CreateVehicleTests.createVehicleValidPlateTest()'><b>createVehicleValidPlateTest</b><br>Test class: api.vehicle.CreateVehicleTests<br>Test method: check if vehicle plate is correctly validated<br>Parameters: 22-22-22</td>
<td><div><pre>java.lang.AssertionError: Expected response code to be [201] but was [400]
Expected: is &lt;201&gt;
     but: was &lt;400&gt;
	at org.hamcrest.MatcherAssert.assertThat(MatcherAssert.java:20)
	at api.validators.ResponseHttpCodeValidator.assertCreated(ResponseHttpCodeValidator.java:31)
	at api.vehicle.CreateVehicleTests.createVehicleValidPlateTest(CreateVehicleTests.java:106)
	at java.base/java.util.ArrayList.forEach(ArrayList.java:1511)
	at com.sun.proxy.$Proxy5.stop(Unknown Source)
... Removed 44 stack frames</pre></div><a href='#' onClick='toggleBox("stack-trace1192632691", this, "Click to show all stack frames", "Click to hide stack frames")'>Click to show all stack frames</a>
<div class='stack-trace' id='stack-trace1192632691'><pre>java.lang.AssertionError: Expected response code to be [201] but was [400]
Expected: is &lt;201&gt;
     but: was &lt;400&gt;
	at org.hamcrest.MatcherAssert.assertThat(MatcherAssert.java:20)
	at api.validators.ResponseHttpCodeValidator.assertCreated(ResponseHttpCodeValidator.java:31)
	at api.vehicle.CreateVehicleTests.createVehicleValidPlateTest(CreateVehicleTests.java:106)
	at java.base/jdk.internal.reflect.NativeMethodAccessorImpl.invoke0(Native Method)
	at java.base/jdk.internal.reflect.NativeMethodAccessorImpl.invoke(NativeMethodAccessorImpl.java:64)
	at java.base/jdk.internal.reflect.DelegatingMethodAccessorImpl.invoke(DelegatingMethodAccessorImpl.java:43)
	at java.base/java.lang.reflect.Method.invoke(Method.java:564)
	at org.testng.internal.MethodInvocationHelper.invokeMethod(MethodInvocationHelper.java:133)
	at org.testng.internal.TestInvoker.invokeMethod(TestInvoker.java:598)
	at org.testng.internal.TestInvoker.invokeTestMethod(TestInvoker.java:173)
	at org.testng.internal.MethodRunner.runInSequence(MethodRunner.java:46)
	at org.testng.internal.TestInvoker$MethodInvocationAgent.invoke(TestInvoker.java:824)
	at org.testng.internal.TestInvoker.invokeTestMethods(TestInvoker.java:146)
	at org.testng.internal.TestMethodWorker.invokeTestMethods(TestMethodWorker.java:146)
	at org.testng.internal.TestMethodWorker.run(TestMethodWorker.java:128)
	at java.base/java.util.ArrayList.forEach(ArrayList.java:1511)
	at org.testng.TestRunner.privateRun(TestRunner.java:794)
	at org.testng.TestRunner.run(TestRunner.java:596)
	at org.testng.SuiteRunner.runTest(SuiteRunner.java:377)
	at org.testng.SuiteRunner.runSequentially(SuiteRunner.java:371)
	at org.testng.SuiteRunner.privateRun(SuiteRunner.java:332)
	at org.testng.SuiteRunner.run(SuiteRunner.java:276)
	at org.testng.SuiteRunnerWorker.runSuite(SuiteRunnerWorker.java:53)
	at org.testng.SuiteRunnerWorker.run(SuiteRunnerWorker.java:96)
	at org.testng.TestNG.runSuitesSequentially(TestNG.java:1212)
	at org.testng.TestNG.runSuitesLocally(TestNG.java:1134)
	at org.testng.TestNG.runSuites(TestNG.java:1063)
	at org.testng.TestNG.run(TestNG.java:1031)
	at org.gradle.api.internal.tasks.testing.testng.TestNGTestClassProcessor.runTests(TestNGTestClassProcessor.java:141)
	at org.gradle.api.internal.tasks.testing.testng.TestNGTestClassProcessor.stop(TestNGTestClassProcessor.java:90)
	at org.gradle.api.internal.tasks.testing.SuiteTestClassProcessor.stop(SuiteTestClassProcessor.java:61)
	at java.base/jdk.internal.reflect.NativeMethodAccessorImpl.invoke0(Native Method)
	at java.base/jdk.internal.reflect.NativeMethodAccessorImpl.invoke(NativeMethodAccessorImpl.java:64)
	at java.base/jdk.internal.reflect.DelegatingMethodAccessorImpl.invoke(DelegatingMethodAccessorImpl.java:43)
	at java.base/java.lang.reflect.Method.invoke(Method.java:564)
	at org.gradle.internal.dispatch.ReflectionDispatch.dispatch(ReflectionDispatch.java:36)
	at org.gradle.internal.dispatch.ReflectionDispatch.dispatch(ReflectionDispatch.java:24)
	at org.gradle.internal.dispatch.ContextClassLoaderDispatch.dispatch(ContextClassLoaderDispatch.java:33)
	at org.gradle.internal.dispatch.ProxyDispatchAdapter$DispatchingInvocationHandler.invoke(ProxyDispatchAdapter.java:94)
	at com.sun.proxy.$Proxy5.stop(Unknown Source)
	at org.gradle.api.internal.tasks.testing.worker.TestWorker$3.run(TestWorker.java:193)
	at org.gradle.api.internal.tasks.testing.worker.TestWorker.executeAndMaintainThreadName(TestWorker.java:129)
	at org.gradle.api.internal.tasks.testing.worker.TestWorker.execute(TestWorker.java:100)
	at org.gradle.api.internal.tasks.testing.worker.TestWorker.execute(TestWorker.java:60)
	at org.gradle.process.internal.worker.child.ActionExecutionWorker.execute(ActionExecutionWorker.java:56)
	at org.gradle.process.internal.worker.child.SystemApplicationClassLoaderWorker.call(SystemApplicationClassLoaderWorker.java:133)
	at org.gradle.process.internal.worker.child.SystemApplicationClassLoaderWorker.call(SystemApplicationClassLoaderWorker.java:71)
	at worker.org.gradle.process.internal.worker.GradleWorkerMain.run(GradleWorkerMain.java:69)
	at worker.org.gradle.process.internal.worker.GradleWorkerMain.main(GradleWorkerMain.java:74)
</pre></div></td>
<td>0</td>
<td>api.vehicle.CreateVehicleTests@6034e75d</td></tr>
<tr>
<td title='api.client.CreateClientTests.createClientInvalidBirthDateTest()'><b>createClientInvalidBirthDateTest</b><br>Test class: api.client.CreateClientTests<br>Test method: check if client birth Date is correctly validated<br>Parameters: 06-06-2022</td>
<td><div><pre>java.lang.AssertionError: Message should be Invalid Birth Date when using 06-06-2022
Expected: is &quot;Invalid Birth Date&quot;
     but: was &quot;JSON parse error: Cannot deserialize value of type `java.time.LocalDate` from String \&quot;06-06-2022\&quot;: Failed to deserialize java.time.LocalDate: (java.time.format.DateTimeParseException) Text &apos;06-06-2022&apos; could not be parsed at index 0; nested exception is com.fasterxml.jackson.databind.exc.InvalidFormatException: Cannot deserialize value of type `java.time.LocalDate` from String \&quot;06-06-2022\&quot;: Failed to deserialize java.time.LocalDate: (java.time.format.DateTimeParseException) Text &apos;06-06-2022&apos; could not be parsed at index 0\n at [Source: (PushbackInputStream); line: 1, column: 190] (through reference chain: pt.ua.garage.model.Client[\&quot;birthDate\&quot;])&quot;
	at org.hamcrest.MatcherAssert.assertThat(MatcherAssert.java:20)
	at api.validators.ErrorResponseValidator.assertErrorResponse(ErrorResponseValidator.java:24)
	at api.client.CreateClientTests.validateCreateClientBadRequest(CreateClientTests.java:99)
	at api.client.CreateClientTests.createClientInvalidBirthDateTest(CreateClientTests.java:110)
	at java.base/java.util.ArrayList.forEach(ArrayList.java:1511)
	at com.sun.proxy.$Proxy5.stop(Unknown Source)
... Removed 44 stack frames</pre></div><a href='#' onClick='toggleBox("stack-trace1005949213", this, "Click to show all stack frames", "Click to hide stack frames")'>Click to show all stack frames</a>
<div class='stack-trace' id='stack-trace1005949213'><pre>java.lang.AssertionError: Message should be Invalid Birth Date when using 06-06-2022
Expected: is &quot;Invalid Birth Date&quot;
     but: was &quot;JSON parse error: Cannot deserialize value of type `java.time.LocalDate` from String \&quot;06-06-2022\&quot;: Failed to deserialize java.time.LocalDate: (java.time.format.DateTimeParseException) Text &apos;06-06-2022&apos; could not be parsed at index 0; nested exception is com.fasterxml.jackson.databind.exc.InvalidFormatException: Cannot deserialize value of type `java.time.LocalDate` from String \&quot;06-06-2022\&quot;: Failed to deserialize java.time.LocalDate: (java.time.format.DateTimeParseException) Text &apos;06-06-2022&apos; could not be parsed at index 0\n at [Source: (PushbackInputStream); line: 1, column: 190] (through reference chain: pt.ua.garage.model.Client[\&quot;birthDate\&quot;])&quot;
	at org.hamcrest.MatcherAssert.assertThat(MatcherAssert.java:20)
	at api.validators.ErrorResponseValidator.assertErrorResponse(ErrorResponseValidator.java:24)
	at api.client.CreateClientTests.validateCreateClientBadRequest(CreateClientTests.java:99)
	at api.client.CreateClientTests.createClientInvalidBirthDateTest(CreateClientTests.java:110)
	at java.base/jdk.internal.reflect.NativeMethodAccessorImpl.invoke0(Native Method)
	at java.base/jdk.internal.reflect.NativeMethodAccessorImpl.invoke(NativeMethodAccessorImpl.java:64)
	at java.base/jdk.internal.reflect.DelegatingMethodAccessorImpl.invoke(DelegatingMethodAccessorImpl.java:43)
	at java.base/java.lang.reflect.Method.invoke(Method.java:564)
	at org.testng.internal.MethodInvocationHelper.invokeMethod(MethodInvocationHelper.java:133)
	at org.testng.internal.TestInvoker.invokeMethod(TestInvoker.java:598)
	at org.testng.internal.TestInvoker.invokeTestMethod(TestInvoker.java:173)
	at org.testng.internal.MethodRunner.runInSequence(MethodRunner.java:46)
	at org.testng.internal.TestInvoker$MethodInvocationAgent.invoke(TestInvoker.java:824)
	at org.testng.internal.TestInvoker.invokeTestMethods(TestInvoker.java:146)
	at org.testng.internal.TestMethodWorker.invokeTestMethods(TestMethodWorker.java:146)
	at org.testng.internal.TestMethodWorker.run(TestMethodWorker.java:128)
	at java.base/java.util.ArrayList.forEach(ArrayList.java:1511)
	at org.testng.TestRunner.privateRun(TestRunner.java:794)
	at org.testng.TestRunner.run(TestRunner.java:596)
	at org.testng.SuiteRunner.runTest(SuiteRunner.java:377)
	at org.testng.SuiteRunner.runSequentially(SuiteRunner.java:371)
	at org.testng.SuiteRunner.privateRun(SuiteRunner.java:332)
	at org.testng.SuiteRunner.run(SuiteRunner.java:276)
	at org.testng.SuiteRunnerWorker.runSuite(SuiteRunnerWorker.java:53)
	at org.testng.SuiteRunnerWorker.run(SuiteRunnerWorker.java:96)
	at org.testng.TestNG.runSuitesSequentially(TestNG.java:1212)
	at org.testng.TestNG.runSuitesLocally(TestNG.java:1134)
	at org.testng.TestNG.runSuites(TestNG.java:1063)
	at org.testng.TestNG.run(TestNG.java:1031)
	at org.gradle.api.internal.tasks.testing.testng.TestNGTestClassProcessor.runTests(TestNGTestClassProcessor.java:141)
	at org.gradle.api.internal.tasks.testing.testng.TestNGTestClassProcessor.stop(TestNGTestClassProcessor.java:90)
	at org.gradle.api.internal.tasks.testing.SuiteTestClassProcessor.stop(SuiteTestClassProcessor.java:61)
	at java.base/jdk.internal.reflect.NativeMethodAccessorImpl.invoke0(Native Method)
	at java.base/jdk.internal.reflect.NativeMethodAccessorImpl.invoke(NativeMethodAccessorImpl.java:64)
	at java.base/jdk.internal.reflect.DelegatingMethodAccessorImpl.invoke(DelegatingMethodAccessorImpl.java:43)
	at java.base/java.lang.reflect.Method.invoke(Method.java:564)
	at org.gradle.internal.dispatch.ReflectionDispatch.dispatch(ReflectionDispatch.java:36)
	at org.gradle.internal.dispatch.ReflectionDispatch.dispatch(ReflectionDispatch.java:24)
	at org.gradle.internal.dispatch.ContextClassLoaderDispatch.dispatch(ContextClassLoaderDispatch.java:33)
	at org.gradle.internal.dispatch.ProxyDispatchAdapter$DispatchingInvocationHandler.invoke(ProxyDispatchAdapter.java:94)
	at com.sun.proxy.$Proxy5.stop(Unknown Source)
	at org.gradle.api.internal.tasks.testing.worker.TestWorker$3.run(TestWorker.java:193)
	at org.gradle.api.internal.tasks.testing.worker.TestWorker.executeAndMaintainThreadName(TestWorker.java:129)
	at org.gradle.api.internal.tasks.testing.worker.TestWorker.execute(TestWorker.java:100)
	at org.gradle.api.internal.tasks.testing.worker.TestWorker.execute(TestWorker.java:60)
	at org.gradle.process.internal.worker.child.ActionExecutionWorker.execute(ActionExecutionWorker.java:56)
	at org.gradle.process.internal.worker.child.SystemApplicationClassLoaderWorker.call(SystemApplicationClassLoaderWorker.java:133)
	at org.gradle.process.internal.worker.child.SystemApplicationClassLoaderWorker.call(SystemApplicationClassLoaderWorker.java:71)
	at worker.org.gradle.process.internal.worker.GradleWorkerMain.run(GradleWorkerMain.java:69)
	at worker.org.gradle.process.internal.worker.GradleWorkerMain.main(GradleWorkerMain.java:74)
</pre></div></td>
<td>0</td>
<td>api.client.CreateClientTests@a53bb6f</td></tr>
<tr>
<td title='api.client.CreateClientTests.createClientInvalidClientDateTest()'><b>createClientInvalidClientDateTest</b><br>Test class: api.client.CreateClientTests<br>Test method: check if client Client Date is correctly validated<br>Parameters: 2022/06/06</td>
<td><div><pre>java.lang.AssertionError: Message should be Invalid Client Date when using 2022/06/06
Expected: is &quot;Invalid Client Date&quot;
     but: was &quot;JSON parse error: Cannot deserialize value of type `java.time.LocalDate` from String \&quot;2022/06/06\&quot;: Failed to deserialize java.time.LocalDate: (java.time.format.DateTimeParseException) Text &apos;2022/06/06&apos; could not be parsed at index 4; nested exception is com.fasterxml.jackson.databind.exc.InvalidFormatException: Cannot deserialize value of type `java.time.LocalDate` from String \&quot;2022/06/06\&quot;: Failed to deserialize java.time.LocalDate: (java.time.format.DateTimeParseException) Text &apos;2022/06/06&apos; could not be parsed at index 4\n at [Source: (PushbackInputStream); line: 1, column: 216] (through reference chain: pt.ua.garage.model.Client[\&quot;clientDate\&quot;])&quot;
	at org.hamcrest.MatcherAssert.assertThat(MatcherAssert.java:20)
	at api.validators.ErrorResponseValidator.assertErrorResponse(ErrorResponseValidator.java:24)
	at api.client.CreateClientTests.validateCreateClientBadRequest(CreateClientTests.java:99)
	at api.client.CreateClientTests.createClientInvalidClientDateTest(CreateClientTests.java:121)
	at java.base/java.util.ArrayList.forEach(ArrayList.java:1511)
	at com.sun.proxy.$Proxy5.stop(Unknown Source)
... Removed 44 stack frames</pre></div><a href='#' onClick='toggleBox("stack-trace1772686209", this, "Click to show all stack frames", "Click to hide stack frames")'>Click to show all stack frames</a>
<div class='stack-trace' id='stack-trace1772686209'><pre>java.lang.AssertionError: Message should be Invalid Client Date when using 2022/06/06
Expected: is &quot;Invalid Client Date&quot;
     but: was &quot;JSON parse error: Cannot deserialize value of type `java.time.LocalDate` from String \&quot;2022/06/06\&quot;: Failed to deserialize java.time.LocalDate: (java.time.format.DateTimeParseException) Text &apos;2022/06/06&apos; could not be parsed at index 4; nested exception is com.fasterxml.jackson.databind.exc.InvalidFormatException: Cannot deserialize value of type `java.time.LocalDate` from String \&quot;2022/06/06\&quot;: Failed to deserialize java.time.LocalDate: (java.time.format.DateTimeParseException) Text &apos;2022/06/06&apos; could not be parsed at index 4\n at [Source: (PushbackInputStream); line: 1, column: 216] (through reference chain: pt.ua.garage.model.Client[\&quot;clientDate\&quot;])&quot;
	at org.hamcrest.MatcherAssert.assertThat(MatcherAssert.java:20)
	at api.validators.ErrorResponseValidator.assertErrorResponse(ErrorResponseValidator.java:24)
	at api.client.CreateClientTests.validateCreateClientBadRequest(CreateClientTests.java:99)
	at api.client.CreateClientTests.createClientInvalidClientDateTest(CreateClientTests.java:121)
	at java.base/jdk.internal.reflect.NativeMethodAccessorImpl.invoke0(Native Method)
	at java.base/jdk.internal.reflect.NativeMethodAccessorImpl.invoke(NativeMethodAccessorImpl.java:64)
	at java.base/jdk.internal.reflect.DelegatingMethodAccessorImpl.invoke(DelegatingMethodAccessorImpl.java:43)
	at java.base/java.lang.reflect.Method.invoke(Method.java:564)
	at org.testng.internal.MethodInvocationHelper.invokeMethod(MethodInvocationHelper.java:133)
	at org.testng.internal.TestInvoker.invokeMethod(TestInvoker.java:598)
	at org.testng.internal.TestInvoker.invokeTestMethod(TestInvoker.java:173)
	at org.testng.internal.MethodRunner.runInSequence(MethodRunner.java:46)
	at org.testng.internal.TestInvoker$MethodInvocationAgent.invoke(TestInvoker.java:824)
	at org.testng.internal.TestInvoker.invokeTestMethods(TestInvoker.java:146)
	at org.testng.internal.TestMethodWorker.invokeTestMethods(TestMethodWorker.java:146)
	at org.testng.internal.TestMethodWorker.run(TestMethodWorker.java:128)
	at java.base/java.util.ArrayList.forEach(ArrayList.java:1511)
	at org.testng.TestRunner.privateRun(TestRunner.java:794)
	at org.testng.TestRunner.run(TestRunner.java:596)
	at org.testng.SuiteRunner.runTest(SuiteRunner.java:377)
	at org.testng.SuiteRunner.runSequentially(SuiteRunner.java:371)
	at org.testng.SuiteRunner.privateRun(SuiteRunner.java:332)
	at org.testng.SuiteRunner.run(SuiteRunner.java:276)
	at org.testng.SuiteRunnerWorker.runSuite(SuiteRunnerWorker.java:53)
	at org.testng.SuiteRunnerWorker.run(SuiteRunnerWorker.java:96)
	at org.testng.TestNG.runSuitesSequentially(TestNG.java:1212)
	at org.testng.TestNG.runSuitesLocally(TestNG.java:1134)
	at org.testng.TestNG.runSuites(TestNG.java:1063)
	at org.testng.TestNG.run(TestNG.java:1031)
	at org.gradle.api.internal.tasks.testing.testng.TestNGTestClassProcessor.runTests(TestNGTestClassProcessor.java:141)
	at org.gradle.api.internal.tasks.testing.testng.TestNGTestClassProcessor.stop(TestNGTestClassProcessor.java:90)
	at org.gradle.api.internal.tasks.testing.SuiteTestClassProcessor.stop(SuiteTestClassProcessor.java:61)
	at java.base/jdk.internal.reflect.NativeMethodAccessorImpl.invoke0(Native Method)
	at java.base/jdk.internal.reflect.NativeMethodAccessorImpl.invoke(NativeMethodAccessorImpl.java:64)
	at java.base/jdk.internal.reflect.DelegatingMethodAccessorImpl.invoke(DelegatingMethodAccessorImpl.java:43)
	at java.base/java.lang.reflect.Method.invoke(Method.java:564)
	at org.gradle.internal.dispatch.ReflectionDispatch.dispatch(ReflectionDispatch.java:36)
	at org.gradle.internal.dispatch.ReflectionDispatch.dispatch(ReflectionDispatch.java:24)
	at org.gradle.internal.dispatch.ContextClassLoaderDispatch.dispatch(ContextClassLoaderDispatch.java:33)
	at org.gradle.internal.dispatch.ProxyDispatchAdapter$DispatchingInvocationHandler.invoke(ProxyDispatchAdapter.java:94)
	at com.sun.proxy.$Proxy5.stop(Unknown Source)
	at org.gradle.api.internal.tasks.testing.worker.TestWorker$3.run(TestWorker.java:193)
	at org.gradle.api.internal.tasks.testing.worker.TestWorker.executeAndMaintainThreadName(TestWorker.java:129)
	at org.gradle.api.internal.tasks.testing.worker.TestWorker.execute(TestWorker.java:100)
	at org.gradle.api.internal.tasks.testing.worker.TestWorker.execute(TestWorker.java:60)
	at org.gradle.process.internal.worker.child.ActionExecutionWorker.execute(ActionExecutionWorker.java:56)
	at org.gradle.process.internal.worker.child.SystemApplicationClassLoaderWorker.call(SystemApplicationClassLoaderWorker.java:133)
	at org.gradle.process.internal.worker.child.SystemApplicationClassLoaderWorker.call(SystemApplicationClassLoaderWorker.java:71)
	at worker.org.gradle.process.internal.worker.GradleWorkerMain.run(GradleWorkerMain.java:69)
	at worker.org.gradle.process.internal.worker.GradleWorkerMain.main(GradleWorkerMain.java:74)
</pre></div></td>
<td>0</td>
<td>api.client.CreateClientTests@a53bb6f</td></tr>
<tr>
<td title='api.client.CreateClientTests.createClientInvalidClientDateTest()'><b>createClientInvalidClientDateTest</b><br>Test class: api.client.CreateClientTests<br>Test method: check if client Client Date is correctly validated<br>Parameters: 2022-06-06T12:02:56Z</td>
<td><div><pre>java.lang.AssertionError: Message should be Invalid Client Date when using 2022-06-06T12:02:56Z
Expected: is &quot;Invalid Client Date&quot;
     but: was &quot;JSON parse error: Cannot deserialize value of type `java.time.LocalDate` from String \&quot;2022-06-06T12:02:56Z\&quot;: Failed to deserialize java.time.LocalDate: (java.time.format.DateTimeParseException) Text &apos;2022-06-06T12:02:56Z&apos; could not be parsed, unparsed text found at index 10; nested exception is com.fasterxml.jackson.databind.exc.InvalidFormatException: Cannot deserialize value of type `java.time.LocalDate` from String \&quot;2022-06-06T12:02:56Z\&quot;: Failed to deserialize java.time.LocalDate: (java.time.format.DateTimeParseException) Text &apos;2022-06-06T12:02:56Z&apos; could not be parsed, unparsed text found at index 10\n at [Source: (PushbackInputStream); line: 1, column: 216] (through reference chain: pt.ua.garage.model.Client[\&quot;clientDate\&quot;])&quot;
	at org.hamcrest.MatcherAssert.assertThat(MatcherAssert.java:20)
	at api.validators.ErrorResponseValidator.assertErrorResponse(ErrorResponseValidator.java:24)
	at api.client.CreateClientTests.validateCreateClientBadRequest(CreateClientTests.java:99)
	at api.client.CreateClientTests.createClientInvalidClientDateTest(CreateClientTests.java:121)
	at java.base/java.util.ArrayList.forEach(ArrayList.java:1511)
	at com.sun.proxy.$Proxy5.stop(Unknown Source)
... Removed 44 stack frames</pre></div><a href='#' onClick='toggleBox("stack-trace349961649", this, "Click to show all stack frames", "Click to hide stack frames")'>Click to show all stack frames</a>
<div class='stack-trace' id='stack-trace349961649'><pre>java.lang.AssertionError: Message should be Invalid Client Date when using 2022-06-06T12:02:56Z
Expected: is &quot;Invalid Client Date&quot;
     but: was &quot;JSON parse error: Cannot deserialize value of type `java.time.LocalDate` from String \&quot;2022-06-06T12:02:56Z\&quot;: Failed to deserialize java.time.LocalDate: (java.time.format.DateTimeParseException) Text &apos;2022-06-06T12:02:56Z&apos; could not be parsed, unparsed text found at index 10; nested exception is com.fasterxml.jackson.databind.exc.InvalidFormatException: Cannot deserialize value of type `java.time.LocalDate` from String \&quot;2022-06-06T12:02:56Z\&quot;: Failed to deserialize java.time.LocalDate: (java.time.format.DateTimeParseException) Text &apos;2022-06-06T12:02:56Z&apos; could not be parsed, unparsed text found at index 10\n at [Source: (PushbackInputStream); line: 1, column: 216] (through reference chain: pt.ua.garage.model.Client[\&quot;clientDate\&quot;])&quot;
	at org.hamcrest.MatcherAssert.assertThat(MatcherAssert.java:20)
	at api.validators.ErrorResponseValidator.assertErrorResponse(ErrorResponseValidator.java:24)
	at api.client.CreateClientTests.validateCreateClientBadRequest(CreateClientTests.java:99)
	at api.client.CreateClientTests.createClientInvalidClientDateTest(CreateClientTests.java:121)
	at java.base/jdk.internal.reflect.NativeMethodAccessorImpl.invoke0(Native Method)
	at java.base/jdk.internal.reflect.NativeMethodAccessorImpl.invoke(NativeMethodAccessorImpl.java:64)
	at java.base/jdk.internal.reflect.DelegatingMethodAccessorImpl.invoke(DelegatingMethodAccessorImpl.java:43)
	at java.base/java.lang.reflect.Method.invoke(Method.java:564)
	at org.testng.internal.MethodInvocationHelper.invokeMethod(MethodInvocationHelper.java:133)
	at org.testng.internal.TestInvoker.invokeMethod(TestInvoker.java:598)
	at org.testng.internal.TestInvoker.invokeTestMethod(TestInvoker.java:173)
	at org.testng.internal.MethodRunner.runInSequence(MethodRunner.java:46)
	at org.testng.internal.TestInvoker$MethodInvocationAgent.invoke(TestInvoker.java:824)
	at org.testng.internal.TestInvoker.invokeTestMethods(TestInvoker.java:146)
	at org.testng.internal.TestMethodWorker.invokeTestMethods(TestMethodWorker.java:146)
	at org.testng.internal.TestMethodWorker.run(TestMethodWorker.java:128)
	at java.base/java.util.ArrayList.forEach(ArrayList.java:1511)
	at org.testng.TestRunner.privateRun(TestRunner.java:794)
	at org.testng.TestRunner.run(TestRunner.java:596)
	at org.testng.SuiteRunner.runTest(SuiteRunner.java:377)
	at org.testng.SuiteRunner.runSequentially(SuiteRunner.java:371)
	at org.testng.SuiteRunner.privateRun(SuiteRunner.java:332)
	at org.testng.SuiteRunner.run(SuiteRunner.java:276)
	at org.testng.SuiteRunnerWorker.runSuite(SuiteRunnerWorker.java:53)
	at org.testng.SuiteRunnerWorker.run(SuiteRunnerWorker.java:96)
	at org.testng.TestNG.runSuitesSequentially(TestNG.java:1212)
	at org.testng.TestNG.runSuitesLocally(TestNG.java:1134)
	at org.testng.TestNG.runSuites(TestNG.java:1063)
	at org.testng.TestNG.run(TestNG.java:1031)
	at org.gradle.api.internal.tasks.testing.testng.TestNGTestClassProcessor.runTests(TestNGTestClassProcessor.java:141)
	at org.gradle.api.internal.tasks.testing.testng.TestNGTestClassProcessor.stop(TestNGTestClassProcessor.java:90)
	at org.gradle.api.internal.tasks.testing.SuiteTestClassProcessor.stop(SuiteTestClassProcessor.java:61)
	at java.base/jdk.internal.reflect.NativeMethodAccessorImpl.invoke0(Native Method)
	at java.base/jdk.internal.reflect.NativeMethodAccessorImpl.invoke(NativeMethodAccessorImpl.java:64)
	at java.base/jdk.internal.reflect.DelegatingMethodAccessorImpl.invoke(DelegatingMethodAccessorImpl.java:43)
	at java.base/java.lang.reflect.Method.invoke(Method.java:564)
	at org.gradle.internal.dispatch.ReflectionDispatch.dispatch(ReflectionDispatch.java:36)
	at org.gradle.internal.dispatch.ReflectionDispatch.dispatch(ReflectionDispatch.java:24)
	at org.gradle.internal.dispatch.ContextClassLoaderDispatch.dispatch(ContextClassLoaderDispatch.java:33)
	at org.gradle.internal.dispatch.ProxyDispatchAdapter$DispatchingInvocationHandler.invoke(ProxyDispatchAdapter.java:94)
	at com.sun.proxy.$Proxy5.stop(Unknown Source)
	at org.gradle.api.internal.tasks.testing.worker.TestWorker$3.run(TestWorker.java:193)
	at org.gradle.api.internal.tasks.testing.worker.TestWorker.executeAndMaintainThreadName(TestWorker.java:129)
	at org.gradle.api.internal.tasks.testing.worker.TestWorker.execute(TestWorker.java:100)
	at org.gradle.api.internal.tasks.testing.worker.TestWorker.execute(TestWorker.java:60)
	at org.gradle.process.internal.worker.child.ActionExecutionWorker.execute(ActionExecutionWorker.java:56)
	at org.gradle.process.internal.worker.child.SystemApplicationClassLoaderWorker.call(SystemApplicationClassLoaderWorker.java:133)
	at org.gradle.process.internal.worker.child.SystemApplicationClassLoaderWorker.call(SystemApplicationClassLoaderWorker.java:71)
	at worker.org.gradle.process.internal.worker.GradleWorkerMain.run(GradleWorkerMain.java:69)
	at worker.org.gradle.process.internal.worker.GradleWorkerMain.main(GradleWorkerMain.java:74)
</pre></div></td>
<td>0</td>
<td>api.client.CreateClientTests@a53bb6f</td></tr>
<tr>
<td title='api.client.CreateClientTests.createClientInvalidClientDateTest()'><b>createClientInvalidClientDateTest</b><br>Test class: api.client.CreateClientTests<br>Test method: check if client Client Date is correctly validated<br>Parameters: 2022-13-06</td>
<td><div><pre>java.lang.AssertionError: Message should be Invalid Client Date when using 2022-13-06
Expected: is &quot;Invalid Client Date&quot;
     but: was &quot;JSON parse error: Cannot deserialize value of type `java.time.LocalDate` from String \&quot;2022-13-06\&quot;: Failed to deserialize java.time.LocalDate: (java.time.format.DateTimeParseException) Text &apos;2022-13-06&apos; could not be parsed: Invalid value for MonthOfYear (valid values 1 - 12): 13; nested exception is com.fasterxml.jackson.databind.exc.InvalidFormatException: Cannot deserialize value of type `java.time.LocalDate` from String \&quot;2022-13-06\&quot;: Failed to deserialize java.time.LocalDate: (java.time.format.DateTimeParseException) Text &apos;2022-13-06&apos; could not be parsed: Invalid value for MonthOfYear (valid values 1 - 12): 13\n at [Source: (PushbackInputStream); line: 1, column: 216] (through reference chain: pt.ua.garage.model.Client[\&quot;clientDate\&quot;])&quot;
	at org.hamcrest.MatcherAssert.assertThat(MatcherAssert.java:20)
	at api.validators.ErrorResponseValidator.assertErrorResponse(ErrorResponseValidator.java:24)
	at api.client.CreateClientTests.validateCreateClientBadRequest(CreateClientTests.java:99)
	at api.client.CreateClientTests.createClientInvalidClientDateTest(CreateClientTests.java:121)
	at java.base/java.util.ArrayList.forEach(ArrayList.java:1511)
	at com.sun.proxy.$Proxy5.stop(Unknown Source)
... Removed 44 stack frames</pre></div><a href='#' onClick='toggleBox("stack-trace2117657172", this, "Click to show all stack frames", "Click to hide stack frames")'>Click to show all stack frames</a>
<div class='stack-trace' id='stack-trace2117657172'><pre>java.lang.AssertionError: Message should be Invalid Client Date when using 2022-13-06
Expected: is &quot;Invalid Client Date&quot;
     but: was &quot;JSON parse error: Cannot deserialize value of type `java.time.LocalDate` from String \&quot;2022-13-06\&quot;: Failed to deserialize java.time.LocalDate: (java.time.format.DateTimeParseException) Text &apos;2022-13-06&apos; could not be parsed: Invalid value for MonthOfYear (valid values 1 - 12): 13; nested exception is com.fasterxml.jackson.databind.exc.InvalidFormatException: Cannot deserialize value of type `java.time.LocalDate` from String \&quot;2022-13-06\&quot;: Failed to deserialize java.time.LocalDate: (java.time.format.DateTimeParseException) Text &apos;2022-13-06&apos; could not be parsed: Invalid value for MonthOfYear (valid values 1 - 12): 13\n at [Source: (PushbackInputStream); line: 1, column: 216] (through reference chain: pt.ua.garage.model.Client[\&quot;clientDate\&quot;])&quot;
	at org.hamcrest.MatcherAssert.assertThat(MatcherAssert.java:20)
	at api.validators.ErrorResponseValidator.assertErrorResponse(ErrorResponseValidator.java:24)
	at api.client.CreateClientTests.validateCreateClientBadRequest(CreateClientTests.java:99)
	at api.client.CreateClientTests.createClientInvalidClientDateTest(CreateClientTests.java:121)
	at java.base/jdk.internal.reflect.NativeMethodAccessorImpl.invoke0(Native Method)
	at java.base/jdk.internal.reflect.NativeMethodAccessorImpl.invoke(NativeMethodAccessorImpl.java:64)
	at java.base/jdk.internal.reflect.DelegatingMethodAccessorImpl.invoke(DelegatingMethodAccessorImpl.java:43)
	at java.base/java.lang.reflect.Method.invoke(Method.java:564)
	at org.testng.internal.MethodInvocationHelper.invokeMethod(MethodInvocationHelper.java:133)
	at org.testng.internal.TestInvoker.invokeMethod(TestInvoker.java:598)
	at org.testng.internal.TestInvoker.invokeTestMethod(TestInvoker.java:173)
	at org.testng.internal.MethodRunner.runInSequence(MethodRunner.java:46)
	at org.testng.internal.TestInvoker$MethodInvocationAgent.invoke(TestInvoker.java:824)
	at org.testng.internal.TestInvoker.invokeTestMethods(TestInvoker.java:146)
	at org.testng.internal.TestMethodWorker.invokeTestMethods(TestMethodWorker.java:146)
	at org.testng.internal.TestMethodWorker.run(TestMethodWorker.java:128)
	at java.base/java.util.ArrayList.forEach(ArrayList.java:1511)
	at org.testng.TestRunner.privateRun(TestRunner.java:794)
	at org.testng.TestRunner.run(TestRunner.java:596)
	at org.testng.SuiteRunner.runTest(SuiteRunner.java:377)
	at org.testng.SuiteRunner.runSequentially(SuiteRunner.java:371)
	at org.testng.SuiteRunner.privateRun(SuiteRunner.java:332)
	at org.testng.SuiteRunner.run(SuiteRunner.java:276)
	at org.testng.SuiteRunnerWorker.runSuite(SuiteRunnerWorker.java:53)
	at org.testng.SuiteRunnerWorker.run(SuiteRunnerWorker.java:96)
	at org.testng.TestNG.runSuitesSequentially(TestNG.java:1212)
	at org.testng.TestNG.runSuitesLocally(TestNG.java:1134)
	at org.testng.TestNG.runSuites(TestNG.java:1063)
	at org.testng.TestNG.run(TestNG.java:1031)
	at org.gradle.api.internal.tasks.testing.testng.TestNGTestClassProcessor.runTests(TestNGTestClassProcessor.java:141)
	at org.gradle.api.internal.tasks.testing.testng.TestNGTestClassProcessor.stop(TestNGTestClassProcessor.java:90)
	at org.gradle.api.internal.tasks.testing.SuiteTestClassProcessor.stop(SuiteTestClassProcessor.java:61)
	at java.base/jdk.internal.reflect.NativeMethodAccessorImpl.invoke0(Native Method)
	at java.base/jdk.internal.reflect.NativeMethodAccessorImpl.invoke(NativeMethodAccessorImpl.java:64)
	at java.base/jdk.internal.reflect.DelegatingMethodAccessorImpl.invoke(DelegatingMethodAccessorImpl.java:43)
	at java.base/java.lang.reflect.Method.invoke(Method.java:564)
	at org.gradle.internal.dispatch.ReflectionDispatch.dispatch(ReflectionDispatch.java:36)
	at org.gradle.internal.dispatch.ReflectionDispatch.dispatch(ReflectionDispatch.java:24)
	at org.gradle.internal.dispatch.ContextClassLoaderDispatch.dispatch(ContextClassLoaderDispatch.java:33)
	at org.gradle.internal.dispatch.ProxyDispatchAdapter$DispatchingInvocationHandler.invoke(ProxyDispatchAdapter.java:94)
	at com.sun.proxy.$Proxy5.stop(Unknown Source)
	at org.gradle.api.internal.tasks.testing.worker.TestWorker$3.run(TestWorker.java:193)
	at org.gradle.api.internal.tasks.testing.worker.TestWorker.executeAndMaintainThreadName(TestWorker.java:129)
	at org.gradle.api.internal.tasks.testing.worker.TestWorker.execute(TestWorker.java:100)
	at org.gradle.api.internal.tasks.testing.worker.TestWorker.execute(TestWorker.java:60)
	at org.gradle.process.internal.worker.child.ActionExecutionWorker.execute(ActionExecutionWorker.java:56)
	at org.gradle.process.internal.worker.child.SystemApplicationClassLoaderWorker.call(SystemApplicationClassLoaderWorker.java:133)
	at org.gradle.process.internal.worker.child.SystemApplicationClassLoaderWorker.call(SystemApplicationClassLoaderWorker.java:71)
	at worker.org.gradle.process.internal.worker.GradleWorkerMain.run(GradleWorkerMain.java:69)
	at worker.org.gradle.process.internal.worker.GradleWorkerMain.main(GradleWorkerMain.java:74)
</pre></div></td>
<td>0</td>
<td>api.client.CreateClientTests@a53bb6f</td></tr>
<tr>
<td title='api.client.CreateClientTests.createClientInvalidBirthDateTest()'><b>createClientInvalidBirthDateTest</b><br>Test class: api.client.CreateClientTests<br>Test method: check if client birth Date is correctly validated<br>Parameters: 2022-06-06T12:02:56Z</td>
<td><div><pre>java.lang.AssertionError: Message should be Invalid Birth Date when using 2022-06-06T12:02:56Z
Expected: is &quot;Invalid Birth Date&quot;
     but: was &quot;JSON parse error: Cannot deserialize value of type `java.time.LocalDate` from String \&quot;2022-06-06T12:02:56Z\&quot;: Failed to deserialize java.time.LocalDate: (java.time.format.DateTimeParseException) Text &apos;2022-06-06T12:02:56Z&apos; could not be parsed, unparsed text found at index 10; nested exception is com.fasterxml.jackson.databind.exc.InvalidFormatException: Cannot deserialize value of type `java.time.LocalDate` from String \&quot;2022-06-06T12:02:56Z\&quot;: Failed to deserialize java.time.LocalDate: (java.time.format.DateTimeParseException) Text &apos;2022-06-06T12:02:56Z&apos; could not be parsed, unparsed text found at index 10\n at [Source: (PushbackInputStream); line: 1, column: 190] (through reference chain: pt.ua.garage.model.Client[\&quot;birthDate\&quot;])&quot;
	at org.hamcrest.MatcherAssert.assertThat(MatcherAssert.java:20)
	at api.validators.ErrorResponseValidator.assertErrorResponse(ErrorResponseValidator.java:24)
	at api.client.CreateClientTests.validateCreateClientBadRequest(CreateClientTests.java:99)
	at api.client.CreateClientTests.createClientInvalidBirthDateTest(CreateClientTests.java:110)
	at java.base/java.util.ArrayList.forEach(ArrayList.java:1511)
	at com.sun.proxy.$Proxy5.stop(Unknown Source)
... Removed 44 stack frames</pre></div><a href='#' onClick='toggleBox("stack-trace482950564", this, "Click to show all stack frames", "Click to hide stack frames")'>Click to show all stack frames</a>
<div class='stack-trace' id='stack-trace482950564'><pre>java.lang.AssertionError: Message should be Invalid Birth Date when using 2022-06-06T12:02:56Z
Expected: is &quot;Invalid Birth Date&quot;
     but: was &quot;JSON parse error: Cannot deserialize value of type `java.time.LocalDate` from String \&quot;2022-06-06T12:02:56Z\&quot;: Failed to deserialize java.time.LocalDate: (java.time.format.DateTimeParseException) Text &apos;2022-06-06T12:02:56Z&apos; could not be parsed, unparsed text found at index 10; nested exception is com.fasterxml.jackson.databind.exc.InvalidFormatException: Cannot deserialize value of type `java.time.LocalDate` from String \&quot;2022-06-06T12:02:56Z\&quot;: Failed to deserialize java.time.LocalDate: (java.time.format.DateTimeParseException) Text &apos;2022-06-06T12:02:56Z&apos; could not be parsed, unparsed text found at index 10\n at [Source: (PushbackInputStream); line: 1, column: 190] (through reference chain: pt.ua.garage.model.Client[\&quot;birthDate\&quot;])&quot;
	at org.hamcrest.MatcherAssert.assertThat(MatcherAssert.java:20)
	at api.validators.ErrorResponseValidator.assertErrorResponse(ErrorResponseValidator.java:24)
	at api.client.CreateClientTests.validateCreateClientBadRequest(CreateClientTests.java:99)
	at api.client.CreateClientTests.createClientInvalidBirthDateTest(CreateClientTests.java:110)
	at java.base/jdk.internal.reflect.NativeMethodAccessorImpl.invoke0(Native Method)
	at java.base/jdk.internal.reflect.NativeMethodAccessorImpl.invoke(NativeMethodAccessorImpl.java:64)
	at java.base/jdk.internal.reflect.DelegatingMethodAccessorImpl.invoke(DelegatingMethodAccessorImpl.java:43)
	at java.base/java.lang.reflect.Method.invoke(Method.java:564)
	at org.testng.internal.MethodInvocationHelper.invokeMethod(MethodInvocationHelper.java:133)
	at org.testng.internal.TestInvoker.invokeMethod(TestInvoker.java:598)
	at org.testng.internal.TestInvoker.invokeTestMethod(TestInvoker.java:173)
	at org.testng.internal.MethodRunner.runInSequence(MethodRunner.java:46)
	at org.testng.internal.TestInvoker$MethodInvocationAgent.invoke(TestInvoker.java:824)
	at org.testng.internal.TestInvoker.invokeTestMethods(TestInvoker.java:146)
	at org.testng.internal.TestMethodWorker.invokeTestMethods(TestMethodWorker.java:146)
	at org.testng.internal.TestMethodWorker.run(TestMethodWorker.java:128)
	at java.base/java.util.ArrayList.forEach(ArrayList.java:1511)
	at org.testng.TestRunner.privateRun(TestRunner.java:794)
	at org.testng.TestRunner.run(TestRunner.java:596)
	at org.testng.SuiteRunner.runTest(SuiteRunner.java:377)
	at org.testng.SuiteRunner.runSequentially(SuiteRunner.java:371)
	at org.testng.SuiteRunner.privateRun(SuiteRunner.java:332)
	at org.testng.SuiteRunner.run(SuiteRunner.java:276)
	at org.testng.SuiteRunnerWorker.runSuite(SuiteRunnerWorker.java:53)
	at org.testng.SuiteRunnerWorker.run(SuiteRunnerWorker.java:96)
	at org.testng.TestNG.runSuitesSequentially(TestNG.java:1212)
	at org.testng.TestNG.runSuitesLocally(TestNG.java:1134)
	at org.testng.TestNG.runSuites(TestNG.java:1063)
	at org.testng.TestNG.run(TestNG.java:1031)
	at org.gradle.api.internal.tasks.testing.testng.TestNGTestClassProcessor.runTests(TestNGTestClassProcessor.java:141)
	at org.gradle.api.internal.tasks.testing.testng.TestNGTestClassProcessor.stop(TestNGTestClassProcessor.java:90)
	at org.gradle.api.internal.tasks.testing.SuiteTestClassProcessor.stop(SuiteTestClassProcessor.java:61)
	at java.base/jdk.internal.reflect.NativeMethodAccessorImpl.invoke0(Native Method)
	at java.base/jdk.internal.reflect.NativeMethodAccessorImpl.invoke(NativeMethodAccessorImpl.java:64)
	at java.base/jdk.internal.reflect.DelegatingMethodAccessorImpl.invoke(DelegatingMethodAccessorImpl.java:43)
	at java.base/java.lang.reflect.Method.invoke(Method.java:564)
	at org.gradle.internal.dispatch.ReflectionDispatch.dispatch(ReflectionDispatch.java:36)
	at org.gradle.internal.dispatch.ReflectionDispatch.dispatch(ReflectionDispatch.java:24)
	at org.gradle.internal.dispatch.ContextClassLoaderDispatch.dispatch(ContextClassLoaderDispatch.java:33)
	at org.gradle.internal.dispatch.ProxyDispatchAdapter$DispatchingInvocationHandler.invoke(ProxyDispatchAdapter.java:94)
	at com.sun.proxy.$Proxy5.stop(Unknown Source)
	at org.gradle.api.internal.tasks.testing.worker.TestWorker$3.run(TestWorker.java:193)
	at org.gradle.api.internal.tasks.testing.worker.TestWorker.executeAndMaintainThreadName(TestWorker.java:129)
	at org.gradle.api.internal.tasks.testing.worker.TestWorker.execute(TestWorker.java:100)
	at org.gradle.api.internal.tasks.testing.worker.TestWorker.execute(TestWorker.java:60)
	at org.gradle.process.internal.worker.child.ActionExecutionWorker.execute(ActionExecutionWorker.java:56)
	at org.gradle.process.internal.worker.child.SystemApplicationClassLoaderWorker.call(SystemApplicationClassLoaderWorker.java:133)
	at org.gradle.process.internal.worker.child.SystemApplicationClassLoaderWorker.call(SystemApplicationClassLoaderWorker.java:71)
	at worker.org.gradle.process.internal.worker.GradleWorkerMain.run(GradleWorkerMain.java:69)
	at worker.org.gradle.process.internal.worker.GradleWorkerMain.main(GradleWorkerMain.java:74)
</pre></div></td>
<td>0</td>
<td>api.client.CreateClientTests@a53bb6f</td></tr>
<tr>
<td title='api.client.CreateClientTests.createClientInvalidBirthDateTest()'><b>createClientInvalidBirthDateTest</b><br>Test class: api.client.CreateClientTests<br>Test method: check if client birth Date is correctly validated<br>Parameters: 2022 06 06</td>
<td><div><pre>java.lang.AssertionError: Message should be Invalid Birth Date when using 2022 06 06
Expected: is &quot;Invalid Birth Date&quot;
     but: was &quot;JSON parse error: Cannot deserialize value of type `java.time.LocalDate` from String \&quot;2022 06 06\&quot;: Failed to deserialize java.time.LocalDate: (java.time.format.DateTimeParseException) Text &apos;2022 06 06&apos; could not be parsed at index 4; nested exception is com.fasterxml.jackson.databind.exc.InvalidFormatException: Cannot deserialize value of type `java.time.LocalDate` from String \&quot;2022 06 06\&quot;: Failed to deserialize java.time.LocalDate: (java.time.format.DateTimeParseException) Text &apos;2022 06 06&apos; could not be parsed at index 4\n at [Source: (PushbackInputStream); line: 1, column: 190] (through reference chain: pt.ua.garage.model.Client[\&quot;birthDate\&quot;])&quot;
	at org.hamcrest.MatcherAssert.assertThat(MatcherAssert.java:20)
	at api.validators.ErrorResponseValidator.assertErrorResponse(ErrorResponseValidator.java:24)
	at api.client.CreateClientTests.validateCreateClientBadRequest(CreateClientTests.java:99)
	at api.client.CreateClientTests.createClientInvalidBirthDateTest(CreateClientTests.java:110)
	at java.base/java.util.ArrayList.forEach(ArrayList.java:1511)
	at com.sun.proxy.$Proxy5.stop(Unknown Source)
... Removed 44 stack frames</pre></div><a href='#' onClick='toggleBox("stack-trace1693686046", this, "Click to show all stack frames", "Click to hide stack frames")'>Click to show all stack frames</a>
<div class='stack-trace' id='stack-trace1693686046'><pre>java.lang.AssertionError: Message should be Invalid Birth Date when using 2022 06 06
Expected: is &quot;Invalid Birth Date&quot;
     but: was &quot;JSON parse error: Cannot deserialize value of type `java.time.LocalDate` from String \&quot;2022 06 06\&quot;: Failed to deserialize java.time.LocalDate: (java.time.format.DateTimeParseException) Text &apos;2022 06 06&apos; could not be parsed at index 4; nested exception is com.fasterxml.jackson.databind.exc.InvalidFormatException: Cannot deserialize value of type `java.time.LocalDate` from String \&quot;2022 06 06\&quot;: Failed to deserialize java.time.LocalDate: (java.time.format.DateTimeParseException) Text &apos;2022 06 06&apos; could not be parsed at index 4\n at [Source: (PushbackInputStream); line: 1, column: 190] (through reference chain: pt.ua.garage.model.Client[\&quot;birthDate\&quot;])&quot;
	at org.hamcrest.MatcherAssert.assertThat(MatcherAssert.java:20)
	at api.validators.ErrorResponseValidator.assertErrorResponse(ErrorResponseValidator.java:24)
	at api.client.CreateClientTests.validateCreateClientBadRequest(CreateClientTests.java:99)
	at api.client.CreateClientTests.createClientInvalidBirthDateTest(CreateClientTests.java:110)
	at java.base/jdk.internal.reflect.NativeMethodAccessorImpl.invoke0(Native Method)
	at java.base/jdk.internal.reflect.NativeMethodAccessorImpl.invoke(NativeMethodAccessorImpl.java:64)
	at java.base/jdk.internal.reflect.DelegatingMethodAccessorImpl.invoke(DelegatingMethodAccessorImpl.java:43)
	at java.base/java.lang.reflect.Method.invoke(Method.java:564)
	at org.testng.internal.MethodInvocationHelper.invokeMethod(MethodInvocationHelper.java:133)
	at org.testng.internal.TestInvoker.invokeMethod(TestInvoker.java:598)
	at org.testng.internal.TestInvoker.invokeTestMethod(TestInvoker.java:173)
	at org.testng.internal.MethodRunner.runInSequence(MethodRunner.java:46)
	at org.testng.internal.TestInvoker$MethodInvocationAgent.invoke(TestInvoker.java:824)
	at org.testng.internal.TestInvoker.invokeTestMethods(TestInvoker.java:146)
	at org.testng.internal.TestMethodWorker.invokeTestMethods(TestMethodWorker.java:146)
	at org.testng.internal.TestMethodWorker.run(TestMethodWorker.java:128)
	at java.base/java.util.ArrayList.forEach(ArrayList.java:1511)
	at org.testng.TestRunner.privateRun(TestRunner.java:794)
	at org.testng.TestRunner.run(TestRunner.java:596)
	at org.testng.SuiteRunner.runTest(SuiteRunner.java:377)
	at org.testng.SuiteRunner.runSequentially(SuiteRunner.java:371)
	at org.testng.SuiteRunner.privateRun(SuiteRunner.java:332)
	at org.testng.SuiteRunner.run(SuiteRunner.java:276)
	at org.testng.SuiteRunnerWorker.runSuite(SuiteRunnerWorker.java:53)
	at org.testng.SuiteRunnerWorker.run(SuiteRunnerWorker.java:96)
	at org.testng.TestNG.runSuitesSequentially(TestNG.java:1212)
	at org.testng.TestNG.runSuitesLocally(TestNG.java:1134)
	at org.testng.TestNG.runSuites(TestNG.java:1063)
	at org.testng.TestNG.run(TestNG.java:1031)
	at org.gradle.api.internal.tasks.testing.testng.TestNGTestClassProcessor.runTests(TestNGTestClassProcessor.java:141)
	at org.gradle.api.internal.tasks.testing.testng.TestNGTestClassProcessor.stop(TestNGTestClassProcessor.java:90)
	at org.gradle.api.internal.tasks.testing.SuiteTestClassProcessor.stop(SuiteTestClassProcessor.java:61)
	at java.base/jdk.internal.reflect.NativeMethodAccessorImpl.invoke0(Native Method)
	at java.base/jdk.internal.reflect.NativeMethodAccessorImpl.invoke(NativeMethodAccessorImpl.java:64)
	at java.base/jdk.internal.reflect.DelegatingMethodAccessorImpl.invoke(DelegatingMethodAccessorImpl.java:43)
	at java.base/java.lang.reflect.Method.invoke(Method.java:564)
	at org.gradle.internal.dispatch.ReflectionDispatch.dispatch(ReflectionDispatch.java:36)
	at org.gradle.internal.dispatch.ReflectionDispatch.dispatch(ReflectionDispatch.java:24)
	at org.gradle.internal.dispatch.ContextClassLoaderDispatch.dispatch(ContextClassLoaderDispatch.java:33)
	at org.gradle.internal.dispatch.ProxyDispatchAdapter$DispatchingInvocationHandler.invoke(ProxyDispatchAdapter.java:94)
	at com.sun.proxy.$Proxy5.stop(Unknown Source)
	at org.gradle.api.internal.tasks.testing.worker.TestWorker$3.run(TestWorker.java:193)
	at org.gradle.api.internal.tasks.testing.worker.TestWorker.executeAndMaintainThreadName(TestWorker.java:129)
	at org.gradle.api.internal.tasks.testing.worker.TestWorker.execute(TestWorker.java:100)
	at org.gradle.api.internal.tasks.testing.worker.TestWorker.execute(TestWorker.java:60)
	at org.gradle.process.internal.worker.child.ActionExecutionWorker.execute(ActionExecutionWorker.java:56)
	at org.gradle.process.internal.worker.child.SystemApplicationClassLoaderWorker.call(SystemApplicationClassLoaderWorker.java:133)
	at org.gradle.process.internal.worker.child.SystemApplicationClassLoaderWorker.call(SystemApplicationClassLoaderWorker.java:71)
	at worker.org.gradle.process.internal.worker.GradleWorkerMain.run(GradleWorkerMain.java:69)
	at worker.org.gradle.process.internal.worker.GradleWorkerMain.main(GradleWorkerMain.java:74)
</pre></div></td>
<td>0</td>
<td>api.client.CreateClientTests@a53bb6f</td></tr>
<tr>
<td title='api.vehicle.CreateVehicleTests.createVehicleClientNotNullTest()'><b>createVehicleClientNotNullTest</b><br>Test class: api.vehicle.CreateVehicleTests<br>Test method: check if vehicle client is correctly validated</td>
<td><div><pre>java.lang.AssertionError: Message should be Client should be null on creation when using client is not null
Expected: is &quot;Client should be null on creation&quot;
     but: was &quot;JSON parse error: Unresolved forward references for: ; nested exception is com.fasterxml.jackson.databind.deser.UnresolvedForwardReference: Unresolved forward references for: \n at [Source: (PushbackInputStream); line: 1, column: 112]Object id [1] (for `pt.ua.garage.model.Client`) at [Source: (PushbackInputStream); line: 1, column: 22].&quot;
	at org.hamcrest.MatcherAssert.assertThat(MatcherAssert.java:20)
	at api.validators.ErrorResponseValidator.assertErrorResponse(ErrorResponseValidator.java:24)
	at api.vehicle.CreateVehicleTests.validateCreateVehicleBadRequest(CreateVehicleTests.java:96)
	at api.vehicle.CreateVehicleTests.createVehicleClientNotNullTest(CreateVehicleTests.java:144)
	at java.base/java.util.ArrayList.forEach(ArrayList.java:1511)
	at com.sun.proxy.$Proxy5.stop(Unknown Source)
... Removed 44 stack frames</pre></div><a href='#' onClick='toggleBox("stack-trace163537874", this, "Click to show all stack frames", "Click to hide stack frames")'>Click to show all stack frames</a>
<div class='stack-trace' id='stack-trace163537874'><pre>java.lang.AssertionError: Message should be Client should be null on creation when using client is not null
Expected: is &quot;Client should be null on creation&quot;
     but: was &quot;JSON parse error: Unresolved forward references for: ; nested exception is com.fasterxml.jackson.databind.deser.UnresolvedForwardReference: Unresolved forward references for: \n at [Source: (PushbackInputStream); line: 1, column: 112]Object id [1] (for `pt.ua.garage.model.Client`) at [Source: (PushbackInputStream); line: 1, column: 22].&quot;
	at org.hamcrest.MatcherAssert.assertThat(MatcherAssert.java:20)
	at api.validators.ErrorResponseValidator.assertErrorResponse(ErrorResponseValidator.java:24)
	at api.vehicle.CreateVehicleTests.validateCreateVehicleBadRequest(CreateVehicleTests.java:96)
	at api.vehicle.CreateVehicleTests.createVehicleClientNotNullTest(CreateVehicleTests.java:144)
	at java.base/jdk.internal.reflect.NativeMethodAccessorImpl.invoke0(Native Method)
	at java.base/jdk.internal.reflect.NativeMethodAccessorImpl.invoke(NativeMethodAccessorImpl.java:64)
	at java.base/jdk.internal.reflect.DelegatingMethodAccessorImpl.invoke(DelegatingMethodAccessorImpl.java:43)
	at java.base/java.lang.reflect.Method.invoke(Method.java:564)
	at org.testng.internal.MethodInvocationHelper.invokeMethod(MethodInvocationHelper.java:133)
	at org.testng.internal.TestInvoker.invokeMethod(TestInvoker.java:598)
	at org.testng.internal.TestInvoker.invokeTestMethod(TestInvoker.java:173)
	at org.testng.internal.MethodRunner.runInSequence(MethodRunner.java:46)
	at org.testng.internal.TestInvoker$MethodInvocationAgent.invoke(TestInvoker.java:824)
	at org.testng.internal.TestInvoker.invokeTestMethods(TestInvoker.java:146)
	at org.testng.internal.TestMethodWorker.invokeTestMethods(TestMethodWorker.java:146)
	at org.testng.internal.TestMethodWorker.run(TestMethodWorker.java:128)
	at java.base/java.util.ArrayList.forEach(ArrayList.java:1511)
	at org.testng.TestRunner.privateRun(TestRunner.java:794)
	at org.testng.TestRunner.run(TestRunner.java:596)
	at org.testng.SuiteRunner.runTest(SuiteRunner.java:377)
	at org.testng.SuiteRunner.runSequentially(SuiteRunner.java:371)
	at org.testng.SuiteRunner.privateRun(SuiteRunner.java:332)
	at org.testng.SuiteRunner.run(SuiteRunner.java:276)
	at org.testng.SuiteRunnerWorker.runSuite(SuiteRunnerWorker.java:53)
	at org.testng.SuiteRunnerWorker.run(SuiteRunnerWorker.java:96)
	at org.testng.TestNG.runSuitesSequentially(TestNG.java:1212)
	at org.testng.TestNG.runSuitesLocally(TestNG.java:1134)
	at org.testng.TestNG.runSuites(TestNG.java:1063)
	at org.testng.TestNG.run(TestNG.java:1031)
	at org.gradle.api.internal.tasks.testing.testng.TestNGTestClassProcessor.runTests(TestNGTestClassProcessor.java:141)
	at org.gradle.api.internal.tasks.testing.testng.TestNGTestClassProcessor.stop(TestNGTestClassProcessor.java:90)
	at org.gradle.api.internal.tasks.testing.SuiteTestClassProcessor.stop(SuiteTestClassProcessor.java:61)
	at java.base/jdk.internal.reflect.NativeMethodAccessorImpl.invoke0(Native Method)
	at java.base/jdk.internal.reflect.NativeMethodAccessorImpl.invoke(NativeMethodAccessorImpl.java:64)
	at java.base/jdk.internal.reflect.DelegatingMethodAccessorImpl.invoke(DelegatingMethodAccessorImpl.java:43)
	at java.base/java.lang.reflect.Method.invoke(Method.java:564)
	at org.gradle.internal.dispatch.ReflectionDispatch.dispatch(ReflectionDispatch.java:36)
	at org.gradle.internal.dispatch.ReflectionDispatch.dispatch(ReflectionDispatch.java:24)
	at org.gradle.internal.dispatch.ContextClassLoaderDispatch.dispatch(ContextClassLoaderDispatch.java:33)
	at org.gradle.internal.dispatch.ProxyDispatchAdapter$DispatchingInvocationHandler.invoke(ProxyDispatchAdapter.java:94)
	at com.sun.proxy.$Proxy5.stop(Unknown Source)
	at org.gradle.api.internal.tasks.testing.worker.TestWorker$3.run(TestWorker.java:193)
	at org.gradle.api.internal.tasks.testing.worker.TestWorker.executeAndMaintainThreadName(TestWorker.java:129)
	at org.gradle.api.internal.tasks.testing.worker.TestWorker.execute(TestWorker.java:100)
	at org.gradle.api.internal.tasks.testing.worker.TestWorker.execute(TestWorker.java:60)
	at org.gradle.process.internal.worker.child.ActionExecutionWorker.execute(ActionExecutionWorker.java:56)
	at org.gradle.process.internal.worker.child.SystemApplicationClassLoaderWorker.call(SystemApplicationClassLoaderWorker.java:133)
	at org.gradle.process.internal.worker.child.SystemApplicationClassLoaderWorker.call(SystemApplicationClassLoaderWorker.java:71)
	at worker.org.gradle.process.internal.worker.GradleWorkerMain.run(GradleWorkerMain.java:69)
	at worker.org.gradle.process.internal.worker.GradleWorkerMain.main(GradleWorkerMain.java:74)
</pre></div></td>
<td>0</td>
<td>api.vehicle.CreateVehicleTests@6034e75d</td></tr>
<tr>
<td title='api.client.CreateClientTests.createClientVehiclesFromClientsNotNullTest()'><b>createClientVehiclesFromClientsNotNullTest</b><br>Test class: api.client.CreateClientTests<br>Test method: check if client vehicles is correctly validated when vehicle belongs to someone else</td>
<td><div><pre>java.lang.AssertionError: Message should be Vehicles should be null on creation when using client at vehicles is not null
Expected: is &quot;Vehicles should be null on creation&quot;
     but: was &quot;JSON parse error: Unresolved forward references for: ; nested exception is com.fasterxml.jackson.databind.deser.UnresolvedForwardReference: Unresolved forward references for: \n at [Source: (PushbackInputStream); line: 1, column: 355]Object id [723] (for `pt.ua.garage.model.Client`) at [Source: (PushbackInputStream); line: 1, column: 263].&quot;
	at org.hamcrest.MatcherAssert.assertThat(MatcherAssert.java:20)
	at api.validators.ErrorResponseValidator.assertErrorResponse(ErrorResponseValidator.java:24)
	at api.client.CreateClientTests.validateCreateClientBadRequest(CreateClientTests.java:99)
	at api.client.CreateClientTests.createClientVehiclesFromClientsNotNullTest(CreateClientTests.java:181)
	at java.base/java.util.ArrayList.forEach(ArrayList.java:1511)
	at com.sun.proxy.$Proxy5.stop(Unknown Source)
... Removed 44 stack frames</pre></div><a href='#' onClick='toggleBox("stack-trace1407352983", this, "Click to show all stack frames", "Click to hide stack frames")'>Click to show all stack frames</a>
<div class='stack-trace' id='stack-trace1407352983'><pre>java.lang.AssertionError: Message should be Vehicles should be null on creation when using client at vehicles is not null
Expected: is &quot;Vehicles should be null on creation&quot;
     but: was &quot;JSON parse error: Unresolved forward references for: ; nested exception is com.fasterxml.jackson.databind.deser.UnresolvedForwardReference: Unresolved forward references for: \n at [Source: (PushbackInputStream); line: 1, column: 355]Object id [723] (for `pt.ua.garage.model.Client`) at [Source: (PushbackInputStream); line: 1, column: 263].&quot;
	at org.hamcrest.MatcherAssert.assertThat(MatcherAssert.java:20)
	at api.validators.ErrorResponseValidator.assertErrorResponse(ErrorResponseValidator.java:24)
	at api.client.CreateClientTests.validateCreateClientBadRequest(CreateClientTests.java:99)
	at api.client.CreateClientTests.createClientVehiclesFromClientsNotNullTest(CreateClientTests.java:181)
	at java.base/jdk.internal.reflect.NativeMethodAccessorImpl.invoke0(Native Method)
	at java.base/jdk.internal.reflect.NativeMethodAccessorImpl.invoke(NativeMethodAccessorImpl.java:64)
	at java.base/jdk.internal.reflect.DelegatingMethodAccessorImpl.invoke(DelegatingMethodAccessorImpl.java:43)
	at java.base/java.lang.reflect.Method.invoke(Method.java:564)
	at org.testng.internal.MethodInvocationHelper.invokeMethod(MethodInvocationHelper.java:133)
	at org.testng.internal.TestInvoker.invokeMethod(TestInvoker.java:598)
	at org.testng.internal.TestInvoker.invokeTestMethod(TestInvoker.java:173)
	at org.testng.internal.MethodRunner.runInSequence(MethodRunner.java:46)
	at org.testng.internal.TestInvoker$MethodInvocationAgent.invoke(TestInvoker.java:824)
	at org.testng.internal.TestInvoker.invokeTestMethods(TestInvoker.java:146)
	at org.testng.internal.TestMethodWorker.invokeTestMethods(TestMethodWorker.java:146)
	at org.testng.internal.TestMethodWorker.run(TestMethodWorker.java:128)
	at java.base/java.util.ArrayList.forEach(ArrayList.java:1511)
	at org.testng.TestRunner.privateRun(TestRunner.java:794)
	at org.testng.TestRunner.run(TestRunner.java:596)
	at org.testng.SuiteRunner.runTest(SuiteRunner.java:377)
	at org.testng.SuiteRunner.runSequentially(SuiteRunner.java:371)
	at org.testng.SuiteRunner.privateRun(SuiteRunner.java:332)
	at org.testng.SuiteRunner.run(SuiteRunner.java:276)
	at org.testng.SuiteRunnerWorker.runSuite(SuiteRunnerWorker.java:53)
	at org.testng.SuiteRunnerWorker.run(SuiteRunnerWorker.java:96)
	at org.testng.TestNG.runSuitesSequentially(TestNG.java:1212)
	at org.testng.TestNG.runSuitesLocally(TestNG.java:1134)
	at org.testng.TestNG.runSuites(TestNG.java:1063)
	at org.testng.TestNG.run(TestNG.java:1031)
	at org.gradle.api.internal.tasks.testing.testng.TestNGTestClassProcessor.runTests(TestNGTestClassProcessor.java:141)
	at org.gradle.api.internal.tasks.testing.testng.TestNGTestClassProcessor.stop(TestNGTestClassProcessor.java:90)
	at org.gradle.api.internal.tasks.testing.SuiteTestClassProcessor.stop(SuiteTestClassProcessor.java:61)
	at java.base/jdk.internal.reflect.NativeMethodAccessorImpl.invoke0(Native Method)
	at java.base/jdk.internal.reflect.NativeMethodAccessorImpl.invoke(NativeMethodAccessorImpl.java:64)
	at java.base/jdk.internal.reflect.DelegatingMethodAccessorImpl.invoke(DelegatingMethodAccessorImpl.java:43)
	at java.base/java.lang.reflect.Method.invoke(Method.java:564)
	at org.gradle.internal.dispatch.ReflectionDispatch.dispatch(ReflectionDispatch.java:36)
	at org.gradle.internal.dispatch.ReflectionDispatch.dispatch(ReflectionDispatch.java:24)
	at org.gradle.internal.dispatch.ContextClassLoaderDispatch.dispatch(ContextClassLoaderDispatch.java:33)
	at org.gradle.internal.dispatch.ProxyDispatchAdapter$DispatchingInvocationHandler.invoke(ProxyDispatchAdapter.java:94)
	at com.sun.proxy.$Proxy5.stop(Unknown Source)
	at org.gradle.api.internal.tasks.testing.worker.TestWorker$3.run(TestWorker.java:193)
	at org.gradle.api.internal.tasks.testing.worker.TestWorker.executeAndMaintainThreadName(TestWorker.java:129)
	at org.gradle.api.internal.tasks.testing.worker.TestWorker.execute(TestWorker.java:100)
	at org.gradle.api.internal.tasks.testing.worker.TestWorker.execute(TestWorker.java:60)
	at org.gradle.process.internal.worker.child.ActionExecutionWorker.execute(ActionExecutionWorker.java:56)
	at org.gradle.process.internal.worker.child.SystemApplicationClassLoaderWorker.call(SystemApplicationClassLoaderWorker.java:133)
	at org.gradle.process.internal.worker.child.SystemApplicationClassLoaderWorker.call(SystemApplicationClassLoaderWorker.java:71)
	at worker.org.gradle.process.internal.worker.GradleWorkerMain.run(GradleWorkerMain.java:69)
	at worker.org.gradle.process.internal.worker.GradleWorkerMain.main(GradleWorkerMain.java:74)
</pre></div></td>
<td>0</td>
<td>api.client.CreateClientTests@a53bb6f</td></tr>
<tr>
<td title='api.client.DeleteClientTests.deleteClientErrorTest()'><b>deleteClientErrorTest</b><br>Test class: api.client.DeleteClientTests<br>Test method: check if client delete error is correct</td>
<td><div><pre>java.lang.AssertionError: Expected response code to be [404] but was [204]
Expected: is &lt;404&gt;
     but: was &lt;204&gt;
	at org.hamcrest.MatcherAssert.assertThat(MatcherAssert.java:20)
	at api.validators.ResponseHttpCodeValidator.assertNotFound(ResponseHttpCodeValidator.java:59)
	at api.client.DeleteClientTests.deleteClientErrorTest(DeleteClientTests.java:39)
	at java.base/java.util.ArrayList.forEach(ArrayList.java:1511)
	at com.sun.proxy.$Proxy5.stop(Unknown Source)
... Removed 44 stack frames</pre></div><a href='#' onClick='toggleBox("stack-trace1658745835", this, "Click to show all stack frames", "Click to hide stack frames")'>Click to show all stack frames</a>
<div class='stack-trace' id='stack-trace1658745835'><pre>java.lang.AssertionError: Expected response code to be [404] but was [204]
Expected: is &lt;404&gt;
     but: was &lt;204&gt;
	at org.hamcrest.MatcherAssert.assertThat(MatcherAssert.java:20)
	at api.validators.ResponseHttpCodeValidator.assertNotFound(ResponseHttpCodeValidator.java:59)
	at api.client.DeleteClientTests.deleteClientErrorTest(DeleteClientTests.java:39)
	at java.base/jdk.internal.reflect.NativeMethodAccessorImpl.invoke0(Native Method)
	at java.base/jdk.internal.reflect.NativeMethodAccessorImpl.invoke(NativeMethodAccessorImpl.java:64)
	at java.base/jdk.internal.reflect.DelegatingMethodAccessorImpl.invoke(DelegatingMethodAccessorImpl.java:43)
	at java.base/java.lang.reflect.Method.invoke(Method.java:564)
	at org.testng.internal.MethodInvocationHelper.invokeMethod(MethodInvocationHelper.java:133)
	at org.testng.internal.TestInvoker.invokeMethod(TestInvoker.java:598)
	at org.testng.internal.TestInvoker.invokeTestMethod(TestInvoker.java:173)
	at org.testng.internal.MethodRunner.runInSequence(MethodRunner.java:46)
	at org.testng.internal.TestInvoker$MethodInvocationAgent.invoke(TestInvoker.java:824)
	at org.testng.internal.TestInvoker.invokeTestMethods(TestInvoker.java:146)
	at org.testng.internal.TestMethodWorker.invokeTestMethods(TestMethodWorker.java:146)
	at org.testng.internal.TestMethodWorker.run(TestMethodWorker.java:128)
	at java.base/java.util.ArrayList.forEach(ArrayList.java:1511)
	at org.testng.TestRunner.privateRun(TestRunner.java:794)
	at org.testng.TestRunner.run(TestRunner.java:596)
	at org.testng.SuiteRunner.runTest(SuiteRunner.java:377)
	at org.testng.SuiteRunner.runSequentially(SuiteRunner.java:371)
	at org.testng.SuiteRunner.privateRun(SuiteRunner.java:332)
	at org.testng.SuiteRunner.run(SuiteRunner.java:276)
	at org.testng.SuiteRunnerWorker.runSuite(SuiteRunnerWorker.java:53)
	at org.testng.SuiteRunnerWorker.run(SuiteRunnerWorker.java:96)
	at org.testng.TestNG.runSuitesSequentially(TestNG.java:1212)
	at org.testng.TestNG.runSuitesLocally(TestNG.java:1134)
	at org.testng.TestNG.runSuites(TestNG.java:1063)
	at org.testng.TestNG.run(TestNG.java:1031)
	at org.gradle.api.internal.tasks.testing.testng.TestNGTestClassProcessor.runTests(TestNGTestClassProcessor.java:141)
	at org.gradle.api.internal.tasks.testing.testng.TestNGTestClassProcessor.stop(TestNGTestClassProcessor.java:90)
	at org.gradle.api.internal.tasks.testing.SuiteTestClassProcessor.stop(SuiteTestClassProcessor.java:61)
	at java.base/jdk.internal.reflect.NativeMethodAccessorImpl.invoke0(Native Method)
	at java.base/jdk.internal.reflect.NativeMethodAccessorImpl.invoke(NativeMethodAccessorImpl.java:64)
	at java.base/jdk.internal.reflect.DelegatingMethodAccessorImpl.invoke(DelegatingMethodAccessorImpl.java:43)
	at java.base/java.lang.reflect.Method.invoke(Method.java:564)
	at org.gradle.internal.dispatch.ReflectionDispatch.dispatch(ReflectionDispatch.java:36)
	at org.gradle.internal.dispatch.ReflectionDispatch.dispatch(ReflectionDispatch.java:24)
	at org.gradle.internal.dispatch.ContextClassLoaderDispatch.dispatch(ContextClassLoaderDispatch.java:33)
	at org.gradle.internal.dispatch.ProxyDispatchAdapter$DispatchingInvocationHandler.invoke(ProxyDispatchAdapter.java:94)
	at com.sun.proxy.$Proxy5.stop(Unknown Source)
	at org.gradle.api.internal.tasks.testing.worker.TestWorker$3.run(TestWorker.java:193)
	at org.gradle.api.internal.tasks.testing.worker.TestWorker.executeAndMaintainThreadName(TestWorker.java:129)
	at org.gradle.api.internal.tasks.testing.worker.TestWorker.execute(TestWorker.java:100)
	at org.gradle.api.internal.tasks.testing.worker.TestWorker.execute(TestWorker.java:60)
	at org.gradle.process.internal.worker.child.ActionExecutionWorker.execute(ActionExecutionWorker.java:56)
	at org.gradle.process.internal.worker.child.SystemApplicationClassLoaderWorker.call(SystemApplicationClassLoaderWorker.java:133)
	at org.gradle.process.internal.worker.child.SystemApplicationClassLoaderWorker.call(SystemApplicationClassLoaderWorker.java:71)
	at worker.org.gradle.process.internal.worker.GradleWorkerMain.run(GradleWorkerMain.java:69)
	at worker.org.gradle.process.internal.worker.GradleWorkerMain.main(GradleWorkerMain.java:74)
</pre></div></td>
<td>0</td>
<td>api.client.DeleteClientTests@55b5e331</td></tr>
<tr>
<td title='api.client.CreateClientTests.createClientInvalidClientDateTest()'><b>createClientInvalidClientDateTest</b><br>Test class: api.client.CreateClientTests<br>Test method: check if client Client Date is correctly validated<br>Parameters: 2022-06-32</td>
<td><div><pre>java.lang.AssertionError: Message should be Invalid Client Date when using 2022-06-32
Expected: is &quot;Invalid Client Date&quot;
     but: was &quot;JSON parse error: Cannot deserialize value of type `java.time.LocalDate` from String \&quot;2022-06-32\&quot;: Failed to deserialize java.time.LocalDate: (java.time.format.DateTimeParseException) Text &apos;2022-06-32&apos; could not be parsed: Invalid value for DayOfMonth (valid values 1 - 28/31): 32; nested exception is com.fasterxml.jackson.databind.exc.InvalidFormatException: Cannot deserialize value of type `java.time.LocalDate` from String \&quot;2022-06-32\&quot;: Failed to deserialize java.time.LocalDate: (java.time.format.DateTimeParseException) Text &apos;2022-06-32&apos; could not be parsed: Invalid value for DayOfMonth (valid values 1 - 28/31): 32\n at [Source: (PushbackInputStream); line: 1, column: 216] (through reference chain: pt.ua.garage.model.Client[\&quot;clientDate\&quot;])&quot;
	at org.hamcrest.MatcherAssert.assertThat(MatcherAssert.java:20)
	at api.validators.ErrorResponseValidator.assertErrorResponse(ErrorResponseValidator.java:24)
	at api.client.CreateClientTests.validateCreateClientBadRequest(CreateClientTests.java:99)
	at api.client.CreateClientTests.createClientInvalidClientDateTest(CreateClientTests.java:121)
	at java.base/java.util.ArrayList.forEach(ArrayList.java:1511)
	at com.sun.proxy.$Proxy5.stop(Unknown Source)
... Removed 44 stack frames</pre></div><a href='#' onClick='toggleBox("stack-trace776916472", this, "Click to show all stack frames", "Click to hide stack frames")'>Click to show all stack frames</a>
<div class='stack-trace' id='stack-trace776916472'><pre>java.lang.AssertionError: Message should be Invalid Client Date when using 2022-06-32
Expected: is &quot;Invalid Client Date&quot;
     but: was &quot;JSON parse error: Cannot deserialize value of type `java.time.LocalDate` from String \&quot;2022-06-32\&quot;: Failed to deserialize java.time.LocalDate: (java.time.format.DateTimeParseException) Text &apos;2022-06-32&apos; could not be parsed: Invalid value for DayOfMonth (valid values 1 - 28/31): 32; nested exception is com.fasterxml.jackson.databind.exc.InvalidFormatException: Cannot deserialize value of type `java.time.LocalDate` from String \&quot;2022-06-32\&quot;: Failed to deserialize java.time.LocalDate: (java.time.format.DateTimeParseException) Text &apos;2022-06-32&apos; could not be parsed: Invalid value for DayOfMonth (valid values 1 - 28/31): 32\n at [Source: (PushbackInputStream); line: 1, column: 216] (through reference chain: pt.ua.garage.model.Client[\&quot;clientDate\&quot;])&quot;
	at org.hamcrest.MatcherAssert.assertThat(MatcherAssert.java:20)
	at api.validators.ErrorResponseValidator.assertErrorResponse(ErrorResponseValidator.java:24)
	at api.client.CreateClientTests.validateCreateClientBadRequest(CreateClientTests.java:99)
	at api.client.CreateClientTests.createClientInvalidClientDateTest(CreateClientTests.java:121)
	at java.base/jdk.internal.reflect.NativeMethodAccessorImpl.invoke0(Native Method)
	at java.base/jdk.internal.reflect.NativeMethodAccessorImpl.invoke(NativeMethodAccessorImpl.java:64)
	at java.base/jdk.internal.reflect.DelegatingMethodAccessorImpl.invoke(DelegatingMethodAccessorImpl.java:43)
	at java.base/java.lang.reflect.Method.invoke(Method.java:564)
	at org.testng.internal.MethodInvocationHelper.invokeMethod(MethodInvocationHelper.java:133)
	at org.testng.internal.TestInvoker.invokeMethod(TestInvoker.java:598)
	at org.testng.internal.TestInvoker.invokeTestMethod(TestInvoker.java:173)
	at org.testng.internal.MethodRunner.runInSequence(MethodRunner.java:46)
	at org.testng.internal.TestInvoker$MethodInvocationAgent.invoke(TestInvoker.java:824)
	at org.testng.internal.TestInvoker.invokeTestMethods(TestInvoker.java:146)
	at org.testng.internal.TestMethodWorker.invokeTestMethods(TestMethodWorker.java:146)
	at org.testng.internal.TestMethodWorker.run(TestMethodWorker.java:128)
	at java.base/java.util.ArrayList.forEach(ArrayList.java:1511)
	at org.testng.TestRunner.privateRun(TestRunner.java:794)
	at org.testng.TestRunner.run(TestRunner.java:596)
	at org.testng.SuiteRunner.runTest(SuiteRunner.java:377)
	at org.testng.SuiteRunner.runSequentially(SuiteRunner.java:371)
	at org.testng.SuiteRunner.privateRun(SuiteRunner.java:332)
	at org.testng.SuiteRunner.run(SuiteRunner.java:276)
	at org.testng.SuiteRunnerWorker.runSuite(SuiteRunnerWorker.java:53)
	at org.testng.SuiteRunnerWorker.run(SuiteRunnerWorker.java:96)
	at org.testng.TestNG.runSuitesSequentially(TestNG.java:1212)
	at org.testng.TestNG.runSuitesLocally(TestNG.java:1134)
	at org.testng.TestNG.runSuites(TestNG.java:1063)
	at org.testng.TestNG.run(TestNG.java:1031)
	at org.gradle.api.internal.tasks.testing.testng.TestNGTestClassProcessor.runTests(TestNGTestClassProcessor.java:141)
	at org.gradle.api.internal.tasks.testing.testng.TestNGTestClassProcessor.stop(TestNGTestClassProcessor.java:90)
	at org.gradle.api.internal.tasks.testing.SuiteTestClassProcessor.stop(SuiteTestClassProcessor.java:61)
	at java.base/jdk.internal.reflect.NativeMethodAccessorImpl.invoke0(Native Method)
	at java.base/jdk.internal.reflect.NativeMethodAccessorImpl.invoke(NativeMethodAccessorImpl.java:64)
	at java.base/jdk.internal.reflect.DelegatingMethodAccessorImpl.invoke(DelegatingMethodAccessorImpl.java:43)
	at java.base/java.lang.reflect.Method.invoke(Method.java:564)
	at org.gradle.internal.dispatch.ReflectionDispatch.dispatch(ReflectionDispatch.java:36)
	at org.gradle.internal.dispatch.ReflectionDispatch.dispatch(ReflectionDispatch.java:24)
	at org.gradle.internal.dispatch.ContextClassLoaderDispatch.dispatch(ContextClassLoaderDispatch.java:33)
	at org.gradle.internal.dispatch.ProxyDispatchAdapter$DispatchingInvocationHandler.invoke(ProxyDispatchAdapter.java:94)
	at com.sun.proxy.$Proxy5.stop(Unknown Source)
	at org.gradle.api.internal.tasks.testing.worker.TestWorker$3.run(TestWorker.java:193)
	at org.gradle.api.internal.tasks.testing.worker.TestWorker.executeAndMaintainThreadName(TestWorker.java:129)
	at org.gradle.api.internal.tasks.testing.worker.TestWorker.execute(TestWorker.java:100)
	at org.gradle.api.internal.tasks.testing.worker.TestWorker.execute(TestWorker.java:60)
	at org.gradle.process.internal.worker.child.ActionExecutionWorker.execute(ActionExecutionWorker.java:56)
	at org.gradle.process.internal.worker.child.SystemApplicationClassLoaderWorker.call(SystemApplicationClassLoaderWorker.java:133)
	at org.gradle.process.internal.worker.child.SystemApplicationClassLoaderWorker.call(SystemApplicationClassLoaderWorker.java:71)
	at worker.org.gradle.process.internal.worker.GradleWorkerMain.run(GradleWorkerMain.java:69)
	at worker.org.gradle.process.internal.worker.GradleWorkerMain.main(GradleWorkerMain.java:74)
</pre></div></td>
<td>0</td>
<td>api.client.CreateClientTests@a53bb6f</td></tr>
<tr>
<td title='api.client.CreateClientTests.createClientInvalidClientDateTest()'><b>createClientInvalidClientDateTest</b><br>Test class: api.client.CreateClientTests<br>Test method: check if client Client Date is correctly validated<br>Parameters: 2022 06 06</td>
<td><div><pre>java.lang.AssertionError: Message should be Invalid Client Date when using 2022 06 06
Expected: is &quot;Invalid Client Date&quot;
     but: was &quot;JSON parse error: Cannot deserialize value of type `java.time.LocalDate` from String \&quot;2022 06 06\&quot;: Failed to deserialize java.time.LocalDate: (java.time.format.DateTimeParseException) Text &apos;2022 06 06&apos; could not be parsed at index 4; nested exception is com.fasterxml.jackson.databind.exc.InvalidFormatException: Cannot deserialize value of type `java.time.LocalDate` from String \&quot;2022 06 06\&quot;: Failed to deserialize java.time.LocalDate: (java.time.format.DateTimeParseException) Text &apos;2022 06 06&apos; could not be parsed at index 4\n at [Source: (PushbackInputStream); line: 1, column: 216] (through reference chain: pt.ua.garage.model.Client[\&quot;clientDate\&quot;])&quot;
	at org.hamcrest.MatcherAssert.assertThat(MatcherAssert.java:20)
	at api.validators.ErrorResponseValidator.assertErrorResponse(ErrorResponseValidator.java:24)
	at api.client.CreateClientTests.validateCreateClientBadRequest(CreateClientTests.java:99)
	at api.client.CreateClientTests.createClientInvalidClientDateTest(CreateClientTests.java:121)
	at java.base/java.util.ArrayList.forEach(ArrayList.java:1511)
	at com.sun.proxy.$Proxy5.stop(Unknown Source)
... Removed 44 stack frames</pre></div><a href='#' onClick='toggleBox("stack-trace892508677", this, "Click to show all stack frames", "Click to hide stack frames")'>Click to show all stack frames</a>
<div class='stack-trace' id='stack-trace892508677'><pre>java.lang.AssertionError: Message should be Invalid Client Date when using 2022 06 06
Expected: is &quot;Invalid Client Date&quot;
     but: was &quot;JSON parse error: Cannot deserialize value of type `java.time.LocalDate` from String \&quot;2022 06 06\&quot;: Failed to deserialize java.time.LocalDate: (java.time.format.DateTimeParseException) Text &apos;2022 06 06&apos; could not be parsed at index 4; nested exception is com.fasterxml.jackson.databind.exc.InvalidFormatException: Cannot deserialize value of type `java.time.LocalDate` from String \&quot;2022 06 06\&quot;: Failed to deserialize java.time.LocalDate: (java.time.format.DateTimeParseException) Text &apos;2022 06 06&apos; could not be parsed at index 4\n at [Source: (PushbackInputStream); line: 1, column: 216] (through reference chain: pt.ua.garage.model.Client[\&quot;clientDate\&quot;])&quot;
	at org.hamcrest.MatcherAssert.assertThat(MatcherAssert.java:20)
	at api.validators.ErrorResponseValidator.assertErrorResponse(ErrorResponseValidator.java:24)
	at api.client.CreateClientTests.validateCreateClientBadRequest(CreateClientTests.java:99)
	at api.client.CreateClientTests.createClientInvalidClientDateTest(CreateClientTests.java:121)
	at java.base/jdk.internal.reflect.NativeMethodAccessorImpl.invoke0(Native Method)
	at java.base/jdk.internal.reflect.NativeMethodAccessorImpl.invoke(NativeMethodAccessorImpl.java:64)
	at java.base/jdk.internal.reflect.DelegatingMethodAccessorImpl.invoke(DelegatingMethodAccessorImpl.java:43)
	at java.base/java.lang.reflect.Method.invoke(Method.java:564)
	at org.testng.internal.MethodInvocationHelper.invokeMethod(MethodInvocationHelper.java:133)
	at org.testng.internal.TestInvoker.invokeMethod(TestInvoker.java:598)
	at org.testng.internal.TestInvoker.invokeTestMethod(TestInvoker.java:173)
	at org.testng.internal.MethodRunner.runInSequence(MethodRunner.java:46)
	at org.testng.internal.TestInvoker$MethodInvocationAgent.invoke(TestInvoker.java:824)
	at org.testng.internal.TestInvoker.invokeTestMethods(TestInvoker.java:146)
	at org.testng.internal.TestMethodWorker.invokeTestMethods(TestMethodWorker.java:146)
	at org.testng.internal.TestMethodWorker.run(TestMethodWorker.java:128)
	at java.base/java.util.ArrayList.forEach(ArrayList.java:1511)
	at org.testng.TestRunner.privateRun(TestRunner.java:794)
	at org.testng.TestRunner.run(TestRunner.java:596)
	at org.testng.SuiteRunner.runTest(SuiteRunner.java:377)
	at org.testng.SuiteRunner.runSequentially(SuiteRunner.java:371)
	at org.testng.SuiteRunner.privateRun(SuiteRunner.java:332)
	at org.testng.SuiteRunner.run(SuiteRunner.java:276)
	at org.testng.SuiteRunnerWorker.runSuite(SuiteRunnerWorker.java:53)
	at org.testng.SuiteRunnerWorker.run(SuiteRunnerWorker.java:96)
	at org.testng.TestNG.runSuitesSequentially(TestNG.java:1212)
	at org.testng.TestNG.runSuitesLocally(TestNG.java:1134)
	at org.testng.TestNG.runSuites(TestNG.java:1063)
	at org.testng.TestNG.run(TestNG.java:1031)
	at org.gradle.api.internal.tasks.testing.testng.TestNGTestClassProcessor.runTests(TestNGTestClassProcessor.java:141)
	at org.gradle.api.internal.tasks.testing.testng.TestNGTestClassProcessor.stop(TestNGTestClassProcessor.java:90)
	at org.gradle.api.internal.tasks.testing.SuiteTestClassProcessor.stop(SuiteTestClassProcessor.java:61)
	at java.base/jdk.internal.reflect.NativeMethodAccessorImpl.invoke0(Native Method)
	at java.base/jdk.internal.reflect.NativeMethodAccessorImpl.invoke(NativeMethodAccessorImpl.java:64)
	at java.base/jdk.internal.reflect.DelegatingMethodAccessorImpl.invoke(DelegatingMethodAccessorImpl.java:43)
	at java.base/java.lang.reflect.Method.invoke(Method.java:564)
	at org.gradle.internal.dispatch.ReflectionDispatch.dispatch(ReflectionDispatch.java:36)
	at org.gradle.internal.dispatch.ReflectionDispatch.dispatch(ReflectionDispatch.java:24)
	at org.gradle.internal.dispatch.ContextClassLoaderDispatch.dispatch(ContextClassLoaderDispatch.java:33)
	at org.gradle.internal.dispatch.ProxyDispatchAdapter$DispatchingInvocationHandler.invoke(ProxyDispatchAdapter.java:94)
	at com.sun.proxy.$Proxy5.stop(Unknown Source)
	at org.gradle.api.internal.tasks.testing.worker.TestWorker$3.run(TestWorker.java:193)
	at org.gradle.api.internal.tasks.testing.worker.TestWorker.executeAndMaintainThreadName(TestWorker.java:129)
	at org.gradle.api.internal.tasks.testing.worker.TestWorker.execute(TestWorker.java:100)
	at org.gradle.api.internal.tasks.testing.worker.TestWorker.execute(TestWorker.java:60)
	at org.gradle.process.internal.worker.child.ActionExecutionWorker.execute(ActionExecutionWorker.java:56)
	at org.gradle.process.internal.worker.child.SystemApplicationClassLoaderWorker.call(SystemApplicationClassLoaderWorker.java:133)
	at org.gradle.process.internal.worker.child.SystemApplicationClassLoaderWorker.call(SystemApplicationClassLoaderWorker.java:71)
	at worker.org.gradle.process.internal.worker.GradleWorkerMain.run(GradleWorkerMain.java:69)
	at worker.org.gradle.process.internal.worker.GradleWorkerMain.main(GradleWorkerMain.java:74)
</pre></div></td>
<td>0</td>
<td>api.client.CreateClientTests@a53bb6f</td></tr>
<tr>
<td title='api.client.CreateClientTests.createClientInvalidPostalCodeTest()'><b>createClientInvalidPostalCodeTest</b><br>Test class: api.client.CreateClientTests<br>Test method: check if client postal code is correctly validated<br>Parameters: 3500-abc</td>
<td><div><pre>java.lang.AssertionError: Expected response code to be [400] but was [201]
Expected: is &lt;400&gt;
     but: was &lt;201&gt;
	at org.hamcrest.MatcherAssert.assertThat(MatcherAssert.java:20)
	at api.validators.ResponseHttpCodeValidator.assertBadRequest(ResponseHttpCodeValidator.java:47)
	at api.client.CreateClientTests.validateCreateClientBadRequest(CreateClientTests.java:68)
	at api.client.CreateClientTests.createClientInvalidPostalCodeTest(CreateClientTests.java:155)
	at java.base/java.util.ArrayList.forEach(ArrayList.java:1511)
	at com.sun.proxy.$Proxy5.stop(Unknown Source)
... Removed 44 stack frames</pre></div><a href='#' onClick='toggleBox("stack-trace1704065258", this, "Click to show all stack frames", "Click to hide stack frames")'>Click to show all stack frames</a>
<div class='stack-trace' id='stack-trace1704065258'><pre>java.lang.AssertionError: Expected response code to be [400] but was [201]
Expected: is &lt;400&gt;
     but: was &lt;201&gt;
	at org.hamcrest.MatcherAssert.assertThat(MatcherAssert.java:20)
	at api.validators.ResponseHttpCodeValidator.assertBadRequest(ResponseHttpCodeValidator.java:47)
	at api.client.CreateClientTests.validateCreateClientBadRequest(CreateClientTests.java:68)
	at api.client.CreateClientTests.createClientInvalidPostalCodeTest(CreateClientTests.java:155)
	at java.base/jdk.internal.reflect.NativeMethodAccessorImpl.invoke0(Native Method)
	at java.base/jdk.internal.reflect.NativeMethodAccessorImpl.invoke(NativeMethodAccessorImpl.java:64)
	at java.base/jdk.internal.reflect.DelegatingMethodAccessorImpl.invoke(DelegatingMethodAccessorImpl.java:43)
	at java.base/java.lang.reflect.Method.invoke(Method.java:564)
	at org.testng.internal.MethodInvocationHelper.invokeMethod(MethodInvocationHelper.java:133)
	at org.testng.internal.TestInvoker.invokeMethod(TestInvoker.java:598)
	at org.testng.internal.TestInvoker.invokeTestMethod(TestInvoker.java:173)
	at org.testng.internal.MethodRunner.runInSequence(MethodRunner.java:46)
	at org.testng.internal.TestInvoker$MethodInvocationAgent.invoke(TestInvoker.java:824)
	at org.testng.internal.TestInvoker.invokeTestMethods(TestInvoker.java:146)
	at org.testng.internal.TestMethodWorker.invokeTestMethods(TestMethodWorker.java:146)
	at org.testng.internal.TestMethodWorker.run(TestMethodWorker.java:128)
	at java.base/java.util.ArrayList.forEach(ArrayList.java:1511)
	at org.testng.TestRunner.privateRun(TestRunner.java:794)
	at org.testng.TestRunner.run(TestRunner.java:596)
	at org.testng.SuiteRunner.runTest(SuiteRunner.java:377)
	at org.testng.SuiteRunner.runSequentially(SuiteRunner.java:371)
	at org.testng.SuiteRunner.privateRun(SuiteRunner.java:332)
	at org.testng.SuiteRunner.run(SuiteRunner.java:276)
	at org.testng.SuiteRunnerWorker.runSuite(SuiteRunnerWorker.java:53)
	at org.testng.SuiteRunnerWorker.run(SuiteRunnerWorker.java:96)
	at org.testng.TestNG.runSuitesSequentially(TestNG.java:1212)
	at org.testng.TestNG.runSuitesLocally(TestNG.java:1134)
	at org.testng.TestNG.runSuites(TestNG.java:1063)
	at org.testng.TestNG.run(TestNG.java:1031)
	at org.gradle.api.internal.tasks.testing.testng.TestNGTestClassProcessor.runTests(TestNGTestClassProcessor.java:141)
	at org.gradle.api.internal.tasks.testing.testng.TestNGTestClassProcessor.stop(TestNGTestClassProcessor.java:90)
	at org.gradle.api.internal.tasks.testing.SuiteTestClassProcessor.stop(SuiteTestClassProcessor.java:61)
	at java.base/jdk.internal.reflect.NativeMethodAccessorImpl.invoke0(Native Method)
	at java.base/jdk.internal.reflect.NativeMethodAccessorImpl.invoke(NativeMethodAccessorImpl.java:64)
	at java.base/jdk.internal.reflect.DelegatingMethodAccessorImpl.invoke(DelegatingMethodAccessorImpl.java:43)
	at java.base/java.lang.reflect.Method.invoke(Method.java:564)
	at org.gradle.internal.dispatch.ReflectionDispatch.dispatch(ReflectionDispatch.java:36)
	at org.gradle.internal.dispatch.ReflectionDispatch.dispatch(ReflectionDispatch.java:24)
	at org.gradle.internal.dispatch.ContextClassLoaderDispatch.dispatch(ContextClassLoaderDispatch.java:33)
	at org.gradle.internal.dispatch.ProxyDispatchAdapter$DispatchingInvocationHandler.invoke(ProxyDispatchAdapter.java:94)
	at com.sun.proxy.$Proxy5.stop(Unknown Source)
	at org.gradle.api.internal.tasks.testing.worker.TestWorker$3.run(TestWorker.java:193)
	at org.gradle.api.internal.tasks.testing.worker.TestWorker.executeAndMaintainThreadName(TestWorker.java:129)
	at org.gradle.api.internal.tasks.testing.worker.TestWorker.execute(TestWorker.java:100)
	at org.gradle.api.internal.tasks.testing.worker.TestWorker.execute(TestWorker.java:60)
	at org.gradle.process.internal.worker.child.ActionExecutionWorker.execute(ActionExecutionWorker.java:56)
	at org.gradle.process.internal.worker.child.SystemApplicationClassLoaderWorker.call(SystemApplicationClassLoaderWorker.java:133)
	at org.gradle.process.internal.worker.child.SystemApplicationClassLoaderWorker.call(SystemApplicationClassLoaderWorker.java:71)
	at worker.org.gradle.process.internal.worker.GradleWorkerMain.run(GradleWorkerMain.java:69)
	at worker.org.gradle.process.internal.worker.GradleWorkerMain.main(GradleWorkerMain.java:74)
</pre></div></td>
<td>0</td>
<td>api.client.CreateClientTests@a53bb6f</td></tr>
<tr>
<td title='api.client.CreateClientTests.createClientInvalidBirthDateTest()'><b>createClientInvalidBirthDateTest</b><br>Test class: api.client.CreateClientTests<br>Test method: check if client birth Date is correctly validated<br>Parameters: 2022/06/06</td>
<td><div><pre>java.lang.AssertionError: Message should be Invalid Birth Date when using 2022/06/06
Expected: is &quot;Invalid Birth Date&quot;
     but: was &quot;JSON parse error: Cannot deserialize value of type `java.time.LocalDate` from String \&quot;2022/06/06\&quot;: Failed to deserialize java.time.LocalDate: (java.time.format.DateTimeParseException) Text &apos;2022/06/06&apos; could not be parsed at index 4; nested exception is com.fasterxml.jackson.databind.exc.InvalidFormatException: Cannot deserialize value of type `java.time.LocalDate` from String \&quot;2022/06/06\&quot;: Failed to deserialize java.time.LocalDate: (java.time.format.DateTimeParseException) Text &apos;2022/06/06&apos; could not be parsed at index 4\n at [Source: (PushbackInputStream); line: 1, column: 190] (through reference chain: pt.ua.garage.model.Client[\&quot;birthDate\&quot;])&quot;
	at org.hamcrest.MatcherAssert.assertThat(MatcherAssert.java:20)
	at api.validators.ErrorResponseValidator.assertErrorResponse(ErrorResponseValidator.java:24)
	at api.client.CreateClientTests.validateCreateClientBadRequest(CreateClientTests.java:99)
	at api.client.CreateClientTests.createClientInvalidBirthDateTest(CreateClientTests.java:110)
	at java.base/java.util.ArrayList.forEach(ArrayList.java:1511)
	at com.sun.proxy.$Proxy5.stop(Unknown Source)
... Removed 44 stack frames</pre></div><a href='#' onClick='toggleBox("stack-trace564508057", this, "Click to show all stack frames", "Click to hide stack frames")'>Click to show all stack frames</a>
<div class='stack-trace' id='stack-trace564508057'><pre>java.lang.AssertionError: Message should be Invalid Birth Date when using 2022/06/06
Expected: is &quot;Invalid Birth Date&quot;
     but: was &quot;JSON parse error: Cannot deserialize value of type `java.time.LocalDate` from String \&quot;2022/06/06\&quot;: Failed to deserialize java.time.LocalDate: (java.time.format.DateTimeParseException) Text &apos;2022/06/06&apos; could not be parsed at index 4; nested exception is com.fasterxml.jackson.databind.exc.InvalidFormatException: Cannot deserialize value of type `java.time.LocalDate` from String \&quot;2022/06/06\&quot;: Failed to deserialize java.time.LocalDate: (java.time.format.DateTimeParseException) Text &apos;2022/06/06&apos; could not be parsed at index 4\n at [Source: (PushbackInputStream); line: 1, column: 190] (through reference chain: pt.ua.garage.model.Client[\&quot;birthDate\&quot;])&quot;
	at org.hamcrest.MatcherAssert.assertThat(MatcherAssert.java:20)
	at api.validators.ErrorResponseValidator.assertErrorResponse(ErrorResponseValidator.java:24)
	at api.client.CreateClientTests.validateCreateClientBadRequest(CreateClientTests.java:99)
	at api.client.CreateClientTests.createClientInvalidBirthDateTest(CreateClientTests.java:110)
	at java.base/jdk.internal.reflect.NativeMethodAccessorImpl.invoke0(Native Method)
	at java.base/jdk.internal.reflect.NativeMethodAccessorImpl.invoke(NativeMethodAccessorImpl.java:64)
	at java.base/jdk.internal.reflect.DelegatingMethodAccessorImpl.invoke(DelegatingMethodAccessorImpl.java:43)
	at java.base/java.lang.reflect.Method.invoke(Method.java:564)
	at org.testng.internal.MethodInvocationHelper.invokeMethod(MethodInvocationHelper.java:133)
	at org.testng.internal.TestInvoker.invokeMethod(TestInvoker.java:598)
	at org.testng.internal.TestInvoker.invokeTestMethod(TestInvoker.java:173)
	at org.testng.internal.MethodRunner.runInSequence(MethodRunner.java:46)
	at org.testng.internal.TestInvoker$MethodInvocationAgent.invoke(TestInvoker.java:824)
	at org.testng.internal.TestInvoker.invokeTestMethods(TestInvoker.java:146)
	at org.testng.internal.TestMethodWorker.invokeTestMethods(TestMethodWorker.java:146)
	at org.testng.internal.TestMethodWorker.run(TestMethodWorker.java:128)
	at java.base/java.util.ArrayList.forEach(ArrayList.java:1511)
	at org.testng.TestRunner.privateRun(TestRunner.java:794)
	at org.testng.TestRunner.run(TestRunner.java:596)
	at org.testng.SuiteRunner.runTest(SuiteRunner.java:377)
	at org.testng.SuiteRunner.runSequentially(SuiteRunner.java:371)
	at org.testng.SuiteRunner.privateRun(SuiteRunner.java:332)
	at org.testng.SuiteRunner.run(SuiteRunner.java:276)
	at org.testng.SuiteRunnerWorker.runSuite(SuiteRunnerWorker.java:53)
	at org.testng.SuiteRunnerWorker.run(SuiteRunnerWorker.java:96)
	at org.testng.TestNG.runSuitesSequentially(TestNG.java:1212)
	at org.testng.TestNG.runSuitesLocally(TestNG.java:1134)
	at org.testng.TestNG.runSuites(TestNG.java:1063)
	at org.testng.TestNG.run(TestNG.java:1031)
	at org.gradle.api.internal.tasks.testing.testng.TestNGTestClassProcessor.runTests(TestNGTestClassProcessor.java:141)
	at org.gradle.api.internal.tasks.testing.testng.TestNGTestClassProcessor.stop(TestNGTestClassProcessor.java:90)
	at org.gradle.api.internal.tasks.testing.SuiteTestClassProcessor.stop(SuiteTestClassProcessor.java:61)
	at java.base/jdk.internal.reflect.NativeMethodAccessorImpl.invoke0(Native Method)
	at java.base/jdk.internal.reflect.NativeMethodAccessorImpl.invoke(NativeMethodAccessorImpl.java:64)
	at java.base/jdk.internal.reflect.DelegatingMethodAccessorImpl.invoke(DelegatingMethodAccessorImpl.java:43)
	at java.base/java.lang.reflect.Method.invoke(Method.java:564)
	at org.gradle.internal.dispatch.ReflectionDispatch.dispatch(ReflectionDispatch.java:36)
	at org.gradle.internal.dispatch.ReflectionDispatch.dispatch(ReflectionDispatch.java:24)
	at org.gradle.internal.dispatch.ContextClassLoaderDispatch.dispatch(ContextClassLoaderDispatch.java:33)
	at org.gradle.internal.dispatch.ProxyDispatchAdapter$DispatchingInvocationHandler.invoke(ProxyDispatchAdapter.java:94)
	at com.sun.proxy.$Proxy5.stop(Unknown Source)
	at org.gradle.api.internal.tasks.testing.worker.TestWorker$3.run(TestWorker.java:193)
	at org.gradle.api.internal.tasks.testing.worker.TestWorker.executeAndMaintainThreadName(TestWorker.java:129)
	at org.gradle.api.internal.tasks.testing.worker.TestWorker.execute(TestWorker.java:100)
	at org.gradle.api.internal.tasks.testing.worker.TestWorker.execute(TestWorker.java:60)
	at org.gradle.process.internal.worker.child.ActionExecutionWorker.execute(ActionExecutionWorker.java:56)
	at org.gradle.process.internal.worker.child.SystemApplicationClassLoaderWorker.call(SystemApplicationClassLoaderWorker.java:133)
	at org.gradle.process.internal.worker.child.SystemApplicationClassLoaderWorker.call(SystemApplicationClassLoaderWorker.java:71)
	at worker.org.gradle.process.internal.worker.GradleWorkerMain.run(GradleWorkerMain.java:69)
	at worker.org.gradle.process.internal.worker.GradleWorkerMain.main(GradleWorkerMain.java:74)
</pre></div></td>
<td>0</td>
<td>api.client.CreateClientTests@a53bb6f</td></tr>
</table><p>
<table width='100%' border='1' class='invocation-passed'>
<tr><td colspan='4' align='center'><b>PASSED TESTS</b></td></tr>
<tr><td><b>Test method</b></td>
<td width="30%"><b>Exception</b></td>
<td width="10%"><b>Time (seconds)</b></td>
<td><b>Instance</b></td>
</tr>
<tr>
<td title='api.vehicle.UpdateVehicleTests.updateVehicleDataTest()'><b>updateVehicleDataTest</b><br>Test class: api.vehicle.UpdateVehicleTests<br>Test method: check if vehicle update updates all data</td>
<td></td>
<td>0</td>
<td>api.vehicle.UpdateVehicleTests@408613cc</td></tr>
<tr>
<td title='api.vehicle.DisjoinVehicleWithClientTests.desassociateVehicleFromNoOneTest()'><b>desassociateVehicleFromNoOneTest</b><br>Test class: api.vehicle.DisjoinVehicleWithClientTests<br>Test method: check if vehicle is correctly desassociated from no one (is not associated to a client already)</td>
<td></td>
<td>0</td>
<td>api.vehicle.DisjoinVehicleWithClientTests@46b695ec</td></tr>
<tr>
<td title='api.vehicle.UpdateVehicleTests.updateVehicleValidPlateTest()'><b>updateVehicleValidPlateTest</b><br>Test class: api.vehicle.UpdateVehicleTests<br>Test method: check if vehicle plate is correctly validated<br>Parameters: AA-22-22</td>
<td></td>
<td>0</td>
<td>api.vehicle.UpdateVehicleTests@408613cc</td></tr>
<tr>
<td title='api.vehicle.CreateVehicleTests.createVehicleInvalidPlateTest()'><b>createVehicleInvalidPlateTest</b><br>Test class: api.vehicle.CreateVehicleTests<br>Test method: check if vehicle plate is correctly validated<br>Parameters: 22 AA 22</td>
<td></td>
<td>0</td>
<td>api.vehicle.CreateVehicleTests@6034e75d</td></tr>
<tr>
<td title='api.client.GetClientTests.clientValuesTest()'><b>clientValuesTest</b><br>Test class: api.client.GetClientTests<br>Test method: return client values correctly</td>
<td></td>
<td>0</td>
<td>api.client.GetClientTests@5aa6202e</td></tr>
<tr>
<td title='api.vehicle.GetVehicleTests.vehicleValuesTest()'><b>vehicleValuesTest</b><br>Test class: api.vehicle.GetVehicleTests<br>Test method: return vehicle values correctly</td>
<td></td>
<td>0</td>
<td>api.vehicle.GetVehicleTests@3af9aa66</td></tr>
<tr>
<td title='api.vehicle.UpdateVehicleTests.updateVehicleInvalidPlateTest()'><b>updateVehicleInvalidPlateTest</b><br>Test class: api.vehicle.UpdateVehicleTests<br>Test method: check if vehicle plate is correctly validated<br>Parameters: A2-AA-22</td>
<td></td>
<td>0</td>
<td>api.vehicle.UpdateVehicleTests@408613cc</td></tr>
<tr>
<td title='api.client.CreateClientTests.createClientIdNotNullTest()'><b>createClientIdNotNullTest</b><br>Test class: api.client.CreateClientTests<br>Test method: check if client id is correctly validated</td>
<td></td>
<td>0</td>
<td>api.client.CreateClientTests@a53bb6f</td></tr>
<tr>
<td title='api.vehicle.CreateVehicleTests.createVehicleInvalidPlateTest()'><b>createVehicleInvalidPlateTest</b><br>Test class: api.vehicle.CreateVehicleTests<br>Test method: check if vehicle plate is correctly validated<br>Parameters: A2-AA-22</td>
<td></td>
<td>0</td>
<td>api.vehicle.CreateVehicleTests@6034e75d</td></tr>
<tr>
<td title='api.vehicle.JoinVehicleWithClientTests.associateVehicleToOtherClientTest()'><b>associateVehicleToOtherClientTest</b><br>Test class: api.vehicle.JoinVehicleWithClientTests<br>Test method: check if change of owner is correctly done</td>
<td></td>
<td>0</td>
<td>api.vehicle.JoinVehicleWithClientTests@771158fb</td></tr>
<tr>
<td title='api.client.DeleteClientTests.deleteClientTest()'><b>deleteClientTest</b><br>Test class: api.client.DeleteClientTests<br>Test method: check if client is correctly deleted</td>
<td></td>
<td>0</td>
<td>api.client.DeleteClientTests@55b5e331</td></tr>
<tr>
<td title='api.vehicle.UpdateVehicleTests.updateVehicleInvalidPlateTest()'><b>updateVehicleInvalidPlateTest</b><br>Test class: api.vehicle.UpdateVehicleTests<br>Test method: check if vehicle plate is correctly validated<br>Parameters: 22_AA_22</td>
<td></td>
<td>0</td>
<td>api.vehicle.UpdateVehicleTests@408613cc</td></tr>
<tr>
<td title='api.vehicle.DeleteVehicleTests.deleteVehicleTest()'><b>deleteVehicleTest</b><br>Test class: api.vehicle.DeleteVehicleTests<br>Test method: check if vehicle is correctly deleted</td>
<td></td>
<td>0</td>
<td>api.vehicle.DeleteVehicleTests@15fc442</td></tr>
<tr>
<td title='api.vehicle.JoinVehicleWithClientTests.reassociateVehicleToClientTest()'><b>reassociateVehicleToClientTest</b><br>Test class: api.vehicle.JoinVehicleWithClientTests<br>Test method: check if vehicle is correctly associated to same client</td>
<td></td>
<td>0</td>
<td>api.vehicle.JoinVehicleWithClientTests@771158fb</td></tr>
<tr>
<td title='api.vehicle.CreateVehicleTests.createVehicleInvalidPlateTest()'><b>createVehicleInvalidPlateTest</b><br>Test class: api.vehicle.CreateVehicleTests<br>Test method: check if vehicle plate is correctly validated<br>Parameters: 22.AA.22</td>
<td></td>
<td>0</td>
<td>api.vehicle.CreateVehicleTests@6034e75d</td></tr>
<tr>
<td title='api.vehicle.UpdateVehicleTests.updateVehicleInvalidPlateTest()'><b>updateVehicleInvalidPlateTest</b><br>Test class: api.vehicle.UpdateVehicleTests<br>Test method: check if vehicle plate is correctly validated<br>Parameters: 22.AA.22</td>
<td></td>
<td>0</td>
<td>api.vehicle.UpdateVehicleTests@408613cc</td></tr>
<tr>
<td title='api.client.CreateClientTests.createClientInvalidPhoneNumberTest()'><b>createClientInvalidPhoneNumberTest</b><br>Test class: api.client.CreateClientTests<br>Test method: check if client phone number is correctly validated<br>Parameters: 12345678</td>
<td></td>
<td>0</td>
<td>api.client.CreateClientTests@a53bb6f</td></tr>
<tr>
<td title='api.vehicle.GetVehicleTests.numberOfVehiclesTest()'><b>numberOfVehiclesTest</b><br>Test class: api.vehicle.GetVehicleTests<br>Test method: validate number of vehicles</td>
<td></td>
<td>0</td>
<td>api.vehicle.GetVehicleTests@3af9aa66</td></tr>
<tr>
<td title='api.vehicle.CreateVehicleTests.createVehicleInvalidPlateTest()'><b>createVehicleInvalidPlateTest</b><br>Test class: api.vehicle.CreateVehicleTests<br>Test method: check if vehicle plate is correctly validated<br>Parameters: 22AA22</td>
<td></td>
<td>0</td>
<td>api.vehicle.CreateVehicleTests@6034e75d</td></tr>
<tr>
<td title='api.client.CreateClientTests.createClientInvalidNIFTest()'><b>createClientInvalidNIFTest</b><br>Test class: api.client.CreateClientTests<br>Test method: check if client nif is correctly validated<br>Parameters: 12345678</td>
<td></td>
<td>0</td>
<td>api.client.CreateClientTests@a53bb6f</td></tr>
<tr>
<td title='api.vehicle.CreateVehicleTests.createVehicleTest()'><b>createVehicleTest</b><br>Test class: api.vehicle.CreateVehicleTests<br>Test method: check if vehicle is correctly created</td>
<td></td>
<td>0</td>
<td>api.vehicle.CreateVehicleTests@6034e75d</td></tr>
<tr>
<td title='api.client.CreateClientTests.createClientTest()'><b>createClientTest</b><br>Test class: api.client.CreateClientTests<br>Test method: check if client is correctly created</td>
<td></td>
<td>0</td>
<td>api.client.CreateClientTests@a53bb6f</td></tr>
<tr>
<td title='api.vehicle.DisjoinVehicleWithClientTests.desassociateVehicleFromClientTest()'><b>desassociateVehicleFromClientTest</b><br>Test class: api.vehicle.DisjoinVehicleWithClientTests<br>Test method: check if vehicle is correctly desassociated from client</td>
<td></td>
<td>0</td>
<td>api.vehicle.DisjoinVehicleWithClientTests@46b695ec</td></tr>
<tr>
<td title='api.vehicle.UpdateVehicleTests.updateVehicleIdNotNullTest()'><b>updateVehicleIdNotNullTest</b><br>Test class: api.vehicle.UpdateVehicleTests<br>Test method: check if vehicle id is correctly validated</td>
<td></td>
<td>0</td>
<td>api.vehicle.UpdateVehicleTests@408613cc</td></tr>
<tr>
<td title='api.vehicle.GetVehicleTests.vehicleNotFoundTest()'><b>vehicleNotFoundTest</b><br>Test class: api.vehicle.GetVehicleTests<br>Test method: check error if vehicle does not exist</td>
<td></td>
<td>0</td>
<td>api.vehicle.GetVehicleTests@3af9aa66</td></tr>
<tr>
<td title='api.vehicle.JoinVehicleWithClientTests.associateVehicleToClientTest()'><b>associateVehicleToClientTest</b><br>Test class: api.vehicle.JoinVehicleWithClientTests<br>Test method: check if vehicle is correctly associated to client</td>
<td></td>
<td>0</td>
<td>api.vehicle.JoinVehicleWithClientTests@771158fb</td></tr>
<tr>
<td title='api.vehicle.UpdateVehicleTests.updateVehicleInvalidPlateTest()'><b>updateVehicleInvalidPlateTest</b><br>Test class: api.vehicle.UpdateVehicleTests<br>Test method: check if vehicle plate is correctly validated<br>Parameters: 22 AA 22</td>
<td></td>
<td>0</td>
<td>api.vehicle.UpdateVehicleTests@408613cc</td></tr>
<tr>
<td title='api.client.CreateClientTests.createClientInvalidPhoneNumberTest()'><b>createClientInvalidPhoneNumberTest</b><br>Test class: api.client.CreateClientTests<br>Test method: check if client phone number is correctly validated<br>Parameters: 1234567890</td>
<td></td>
<td>0</td>
<td>api.client.CreateClientTests@a53bb6f</td></tr>
<tr>
<td title='api.vehicle.CreateVehicleTests.createVehicleInvalidPlateTest()'><b>createVehicleInvalidPlateTest</b><br>Test class: api.vehicle.CreateVehicleTests<br>Test method: check if vehicle plate is correctly validated<br>Parameters: 22_AA_22</td>
<td></td>
<td>0</td>
<td>api.vehicle.CreateVehicleTests@6034e75d</td></tr>
<tr>
<td title='api.client.GetClientTests.numberOfClientsTest()'><b>numberOfClientsTest</b><br>Test class: api.client.GetClientTests<br>Test method: validate number of clients</td>
<td></td>
<td>0</td>
<td>api.client.GetClientTests@5aa6202e</td></tr>
<tr>
<td title='api.vehicle.CreateVehicleTests.createVehicleIdNotNullTest()'><b>createVehicleIdNotNullTest</b><br>Test class: api.vehicle.CreateVehicleTests<br>Test method: check if vehicle id is correctly validated</td>
<td></td>
<td>0</td>
<td>api.vehicle.CreateVehicleTests@6034e75d</td></tr>
<tr>
<td title='api.vehicle.JoinVehicleWithClientTests.associateVehicleToClientErrorTest()'><b>associateVehicleToClientErrorTest</b><br>Test class: api.vehicle.JoinVehicleWithClientTests<br>Test method: check if error is correct when association vehicle to client</td>
<td></td>
<td>0</td>
<td>api.vehicle.JoinVehicleWithClientTests@771158fb</td></tr>
<tr>
<td title='api.vehicle.UpdateVehicleTests.updateVehicleInvalidPlateTest()'><b>updateVehicleInvalidPlateTest</b><br>Test class: api.vehicle.UpdateVehicleTests<br>Test method: check if vehicle plate is correctly validated<br>Parameters: 22AA22</td>
<td></td>
<td>0</td>
<td>api.vehicle.UpdateVehicleTests@408613cc</td></tr>
<tr>
<td title='api.client.CreateClientTests.createClientInvalidNIFTest()'><b>createClientInvalidNIFTest</b><br>Test class: api.client.CreateClientTests<br>Test method: check if client nif is correctly validated<br>Parameters: 1234567890</td>
<td></td>
<td>0</td>
<td>api.client.CreateClientTests@a53bb6f</td></tr>
<tr>
<td title='api.vehicle.UpdateVehicleTests.vehicleNotFoundTest()'><b>vehicleNotFoundTest</b><br>Test class: api.vehicle.UpdateVehicleTests<br>Test method: check if vehicle update error is correct when vehicle does not exist</td>
<td></td>
<td>0</td>
<td>api.vehicle.UpdateVehicleTests@408613cc</td></tr>
<tr>
<td title='api.vehicle.CreateVehicleTests.createVehicleValidPlateTest()'><b>createVehicleValidPlateTest</b><br>Test class: api.vehicle.CreateVehicleTests<br>Test method: check if vehicle plate is correctly validated<br>Parameters: AA-22-22</td>
<td></td>
<td>0</td>
<td>api.vehicle.CreateVehicleTests@6034e75d</td></tr>
<tr>
<td title='api.client.GetClientTests.clientNotFoundTest()'><b>clientNotFoundTest</b><br>Test class: api.client.GetClientTests<br>Test method: check error if client does not exist</td>
<td></td>
<td>0</td>
<td>api.client.GetClientTests@5aa6202e</td></tr>
</table><p>
</body>
</html>